2021-03-16 23:19:45,501 ----------------------------------------------------------------------------------------------------
2021-03-16 23:19:45,502 Model: "SequenceTagger(
  (embeddings): StackedEmbeddings(
    (list_embedding_0): WordEmbeddings('glove')
    (list_embedding_1): FlairEmbeddings(
      (lm): LanguageModel(
        (drop): Dropout(p=0.25, inplace=False)
        (encoder): Embedding(275, 100)
        (rnn): LSTM(100, 1024)
        (decoder): Linear(in_features=1024, out_features=275, bias=True)
      )
    )
    (list_embedding_2): FlairEmbeddings(
      (lm): LanguageModel(
        (drop): Dropout(p=0.25, inplace=False)
        (encoder): Embedding(275, 100)
        (rnn): LSTM(100, 1024)
        (decoder): Linear(in_features=1024, out_features=275, bias=True)
      )
    )
  )
  (word_dropout): WordDropout(p=0.05)
  (locked_dropout): LockedDropout(p=0.5)
  (embedding2nn): Linear(in_features=2148, out_features=2148, bias=True)
  (rnn): LSTM(2148, 128, num_layers=2, batch_first=True, dropout=0.5, bidirectional=True)
  (linear): Linear(in_features=256, out_features=12, bias=True)
  (beta): 1.0
  (weights): None
  (weight_tensor) None
)"
2021-03-16 23:19:45,503 ----------------------------------------------------------------------------------------------------
2021-03-16 23:19:45,504 Corpus: "Corpus: 1000 train + 111 dev + 289 test sentences"
2021-03-16 23:19:45,505 ----------------------------------------------------------------------------------------------------
2021-03-16 23:19:45,506 Parameters:
2021-03-16 23:19:45,508  - learning_rate: "0.15"
2021-03-16 23:19:45,509  - mini_batch_size: "8"
2021-03-16 23:19:45,510  - patience: "3"
2021-03-16 23:19:45,511  - anneal_factor: "0.5"
2021-03-16 23:19:45,512  - max_epochs: "15"
2021-03-16 23:19:45,513  - shuffle: "True"
2021-03-16 23:19:45,514  - train_with_dev: "False"
2021-03-16 23:19:45,515  - batch_growth_annealing: "False"
2021-03-16 23:19:45,516 ----------------------------------------------------------------------------------------------------
2021-03-16 23:19:45,516 Model training base path: "resources/taggers/iso_flair"
2021-03-16 23:19:45,517 ----------------------------------------------------------------------------------------------------
2021-03-16 23:19:45,518 Device: cpu
2021-03-16 23:19:45,519 ----------------------------------------------------------------------------------------------------
2021-03-16 23:19:45,519 Embeddings storage mode: cpu
2021-03-16 23:19:45,521 ----------------------------------------------------------------------------------------------------
2021-03-16 23:20:12,091 epoch 1 - iter 12/125 - loss 41.85579920 - samples/sec: 3.61 - lr: 0.150000
2021-03-16 23:20:33,261 epoch 1 - iter 24/125 - loss 36.08860381 - samples/sec: 4.54 - lr: 0.150000
2021-03-16 23:20:57,545 epoch 1 - iter 36/125 - loss 34.07621924 - samples/sec: 3.96 - lr: 0.150000
2021-03-16 23:21:15,633 epoch 1 - iter 48/125 - loss 31.32623913 - samples/sec: 5.31 - lr: 0.150000
2021-03-16 23:21:37,596 epoch 1 - iter 60/125 - loss 29.14281243 - samples/sec: 4.37 - lr: 0.150000
2021-03-16 23:21:58,520 epoch 1 - iter 72/125 - loss 27.72592096 - samples/sec: 4.59 - lr: 0.150000
2021-03-16 23:22:17,736 epoch 1 - iter 84/125 - loss 26.25230245 - samples/sec: 5.00 - lr: 0.150000
2021-03-16 23:22:38,058 epoch 1 - iter 96/125 - loss 25.33353983 - samples/sec: 4.73 - lr: 0.150000
2021-03-16 23:22:57,632 epoch 1 - iter 108/125 - loss 24.39080380 - samples/sec: 4.91 - lr: 0.150000
2021-03-16 23:23:19,079 epoch 1 - iter 120/125 - loss 23.50125493 - samples/sec: 4.48 - lr: 0.150000
2021-03-16 23:23:30,290 ----------------------------------------------------------------------------------------------------
2021-03-16 23:23:30,291 EPOCH 1 done: loss 23.0973 - lr 0.1500000
2021-03-16 23:23:51,957 DEV : loss 13.486967086791992 - score 0.8349
2021-03-16 23:23:51,974 BAD EPOCHS (no improvement): 0
2021-03-16 23:24:01,209 ----------------------------------------------------------------------------------------------------
2021-03-16 23:24:04,979 epoch 2 - iter 12/125 - loss 16.18306271 - samples/sec: 26.73 - lr: 0.150000
2021-03-16 23:24:08,312 epoch 2 - iter 24/125 - loss 15.32259043 - samples/sec: 28.95 - lr: 0.150000
2021-03-16 23:24:11,692 epoch 2 - iter 36/125 - loss 15.59888572 - samples/sec: 28.54 - lr: 0.150000
2021-03-16 23:24:14,815 epoch 2 - iter 48/125 - loss 14.94732787 - samples/sec: 30.89 - lr: 0.150000
2021-03-16 23:24:17,716 epoch 2 - iter 60/125 - loss 14.41174494 - samples/sec: 33.28 - lr: 0.150000
2021-03-16 23:24:21,209 epoch 2 - iter 72/125 - loss 14.15084721 - samples/sec: 27.62 - lr: 0.150000
2021-03-16 23:24:24,863 epoch 2 - iter 84/125 - loss 14.37037319 - samples/sec: 26.39 - lr: 0.150000
2021-03-16 23:24:27,790 epoch 2 - iter 96/125 - loss 13.99831812 - samples/sec: 33.02 - lr: 0.150000
2021-03-16 23:24:31,043 epoch 2 - iter 108/125 - loss 13.99137006 - samples/sec: 29.67 - lr: 0.150000
2021-03-16 23:24:34,039 epoch 2 - iter 120/125 - loss 13.82773260 - samples/sec: 32.21 - lr: 0.150000
2021-03-16 23:24:35,489 ----------------------------------------------------------------------------------------------------
2021-03-16 23:24:35,490 EPOCH 2 done: loss 13.8071 - lr 0.1500000
2021-03-16 23:24:36,603 DEV : loss 12.116348266601562 - score 0.8398
2021-03-16 23:24:36,618 BAD EPOCHS (no improvement): 0
2021-03-16 23:24:43,448 ----------------------------------------------------------------------------------------------------
2021-03-16 23:24:46,790 epoch 3 - iter 12/125 - loss 10.68059305 - samples/sec: 28.93 - lr: 0.150000
2021-03-16 23:24:49,801 epoch 3 - iter 24/125 - loss 11.19456047 - samples/sec: 32.07 - lr: 0.150000
2021-03-16 23:24:52,862 epoch 3 - iter 36/125 - loss 11.23162439 - samples/sec: 31.56 - lr: 0.150000
2021-03-16 23:24:56,605 epoch 3 - iter 48/125 - loss 11.94286613 - samples/sec: 25.77 - lr: 0.150000
2021-03-16 23:25:00,005 epoch 3 - iter 60/125 - loss 12.13609996 - samples/sec: 28.37 - lr: 0.150000
2021-03-16 23:25:02,958 epoch 3 - iter 72/125 - loss 11.90466611 - samples/sec: 32.69 - lr: 0.150000
2021-03-16 23:25:06,395 epoch 3 - iter 84/125 - loss 11.86545977 - samples/sec: 28.10 - lr: 0.150000
2021-03-16 23:25:09,584 epoch 3 - iter 96/125 - loss 11.69014783 - samples/sec: 30.26 - lr: 0.150000
2021-03-16 23:25:12,711 epoch 3 - iter 108/125 - loss 11.69634623 - samples/sec: 30.87 - lr: 0.150000
2021-03-16 23:25:16,501 epoch 3 - iter 120/125 - loss 11.79646646 - samples/sec: 25.44 - lr: 0.150000
2021-03-16 23:25:17,848 ----------------------------------------------------------------------------------------------------
2021-03-16 23:25:17,848 EPOCH 3 done: loss 11.7626 - lr 0.1500000
2021-03-16 23:25:18,906 DEV : loss 10.22269344329834 - score 0.8597
2021-03-16 23:25:18,923 BAD EPOCHS (no improvement): 0
2021-03-16 23:25:25,460 ----------------------------------------------------------------------------------------------------
2021-03-16 23:25:28,861 epoch 4 - iter 12/125 - loss 10.30348388 - samples/sec: 28.34 - lr: 0.150000
2021-03-16 23:25:32,584 epoch 4 - iter 24/125 - loss 10.88745379 - samples/sec: 25.92 - lr: 0.150000
2021-03-16 23:25:35,649 epoch 4 - iter 36/125 - loss 11.09247642 - samples/sec: 31.49 - lr: 0.150000
2021-03-16 23:25:39,001 epoch 4 - iter 48/125 - loss 10.86531300 - samples/sec: 28.78 - lr: 0.150000
2021-03-16 23:25:42,524 epoch 4 - iter 60/125 - loss 10.91832074 - samples/sec: 27.37 - lr: 0.150000
2021-03-16 23:25:45,927 epoch 4 - iter 72/125 - loss 11.01046892 - samples/sec: 28.35 - lr: 0.150000
2021-03-16 23:25:49,189 epoch 4 - iter 84/125 - loss 11.06528332 - samples/sec: 29.57 - lr: 0.150000
2021-03-16 23:25:53,020 epoch 4 - iter 96/125 - loss 10.93373604 - samples/sec: 25.18 - lr: 0.150000
2021-03-16 23:25:55,843 epoch 4 - iter 108/125 - loss 10.74116449 - samples/sec: 34.21 - lr: 0.150000
2021-03-16 23:25:59,176 epoch 4 - iter 120/125 - loss 10.71112747 - samples/sec: 28.94 - lr: 0.150000
2021-03-16 23:26:00,574 ----------------------------------------------------------------------------------------------------
2021-03-16 23:26:00,575 EPOCH 4 done: loss 10.7344 - lr 0.1500000
2021-03-16 23:26:01,639 DEV : loss 9.129132270812988 - score 0.8709
2021-03-16 23:26:01,657 BAD EPOCHS (no improvement): 0
2021-03-16 23:26:07,998 ----------------------------------------------------------------------------------------------------
2021-03-16 23:26:11,888 epoch 5 - iter 12/125 - loss 10.25266155 - samples/sec: 25.01 - lr: 0.150000
2021-03-16 23:26:14,981 epoch 5 - iter 24/125 - loss 9.79251311 - samples/sec: 31.25 - lr: 0.150000
2021-03-16 23:26:18,768 epoch 5 - iter 36/125 - loss 10.61881230 - samples/sec: 25.46 - lr: 0.150000
2021-03-16 23:26:21,910 epoch 5 - iter 48/125 - loss 10.42469019 - samples/sec: 30.74 - lr: 0.150000
2021-03-16 23:26:25,676 epoch 5 - iter 60/125 - loss 10.28627691 - samples/sec: 25.60 - lr: 0.150000
2021-03-16 23:26:29,094 epoch 5 - iter 72/125 - loss 10.02489440 - samples/sec: 28.23 - lr: 0.150000
2021-03-16 23:26:32,298 epoch 5 - iter 84/125 - loss 10.06168302 - samples/sec: 30.12 - lr: 0.150000
2021-03-16 23:26:35,572 epoch 5 - iter 96/125 - loss 9.93975686 - samples/sec: 29.50 - lr: 0.150000
2021-03-16 23:26:38,586 epoch 5 - iter 108/125 - loss 9.90641819 - samples/sec: 32.02 - lr: 0.150000
2021-03-16 23:26:41,649 epoch 5 - iter 120/125 - loss 9.85439684 - samples/sec: 31.50 - lr: 0.150000
2021-03-16 23:26:43,093 ----------------------------------------------------------------------------------------------------
2021-03-16 23:26:43,093 EPOCH 5 done: loss 9.8580 - lr 0.1500000
2021-03-16 23:26:44,201 DEV : loss 8.455279350280762 - score 0.8839
2021-03-16 23:26:44,217 BAD EPOCHS (no improvement): 0
2021-03-16 23:26:50,660 ----------------------------------------------------------------------------------------------------
2021-03-16 23:26:54,022 epoch 6 - iter 12/125 - loss 8.79824611 - samples/sec: 28.78 - lr: 0.150000
2021-03-16 23:26:57,050 epoch 6 - iter 24/125 - loss 9.67397515 - samples/sec: 31.93 - lr: 0.150000
2021-03-16 23:27:00,582 epoch 6 - iter 36/125 - loss 9.67437882 - samples/sec: 27.34 - lr: 0.150000
2021-03-16 23:27:03,926 epoch 6 - iter 48/125 - loss 9.52059385 - samples/sec: 28.85 - lr: 0.150000
2021-03-16 23:27:06,980 epoch 6 - iter 60/125 - loss 9.67019705 - samples/sec: 31.61 - lr: 0.150000
2021-03-16 23:27:10,040 epoch 6 - iter 72/125 - loss 9.46846824 - samples/sec: 31.53 - lr: 0.150000
2021-03-16 23:27:13,290 epoch 6 - iter 84/125 - loss 9.44983837 - samples/sec: 29.68 - lr: 0.150000
2021-03-16 23:27:16,400 epoch 6 - iter 96/125 - loss 9.55150392 - samples/sec: 31.03 - lr: 0.150000
2021-03-16 23:27:19,634 epoch 6 - iter 108/125 - loss 9.51741023 - samples/sec: 29.85 - lr: 0.150000
2021-03-16 23:27:22,839 epoch 6 - iter 120/125 - loss 9.48875680 - samples/sec: 30.11 - lr: 0.150000
2021-03-16 23:27:24,283 ----------------------------------------------------------------------------------------------------
2021-03-16 23:27:24,283 EPOCH 6 done: loss 9.4822 - lr 0.1500000
2021-03-16 23:27:25,402 DEV : loss 7.968974590301514 - score 0.8849
2021-03-16 23:27:25,420 BAD EPOCHS (no improvement): 0
2021-03-16 23:27:31,767 ----------------------------------------------------------------------------------------------------
2021-03-16 23:27:35,964 epoch 7 - iter 12/125 - loss 10.05611138 - samples/sec: 23.21 - lr: 0.150000
2021-03-16 23:27:39,019 epoch 7 - iter 24/125 - loss 9.89105340 - samples/sec: 31.59 - lr: 0.150000
2021-03-16 23:27:42,156 epoch 7 - iter 36/125 - loss 9.66167111 - samples/sec: 30.76 - lr: 0.150000
2021-03-16 23:27:44,952 epoch 7 - iter 48/125 - loss 9.40520693 - samples/sec: 34.55 - lr: 0.150000
2021-03-16 23:27:47,927 epoch 7 - iter 60/125 - loss 9.30195249 - samples/sec: 32.44 - lr: 0.150000
2021-03-16 23:27:50,835 epoch 7 - iter 72/125 - loss 9.32056476 - samples/sec: 33.22 - lr: 0.150000
2021-03-16 23:27:54,966 epoch 7 - iter 84/125 - loss 9.42399328 - samples/sec: 23.34 - lr: 0.150000
2021-03-16 23:27:58,277 epoch 7 - iter 96/125 - loss 9.56071513 - samples/sec: 29.13 - lr: 0.150000
2021-03-16 23:28:01,246 epoch 7 - iter 108/125 - loss 9.38673410 - samples/sec: 32.52 - lr: 0.150000
2021-03-16 23:28:04,511 epoch 7 - iter 120/125 - loss 9.30658552 - samples/sec: 29.55 - lr: 0.150000
2021-03-16 23:28:05,796 ----------------------------------------------------------------------------------------------------
2021-03-16 23:28:05,797 EPOCH 7 done: loss 9.2403 - lr 0.1500000
2021-03-16 23:28:07,030 DEV : loss 9.804109573364258 - score 0.8461
2021-03-16 23:28:07,045 BAD EPOCHS (no improvement): 1
2021-03-16 23:28:10,224 ----------------------------------------------------------------------------------------------------
2021-03-16 23:28:13,869 epoch 8 - iter 12/125 - loss 9.51500817 - samples/sec: 26.35 - lr: 0.150000
2021-03-16 23:28:16,913 epoch 8 - iter 24/125 - loss 8.99182187 - samples/sec: 31.70 - lr: 0.150000
2021-03-16 23:28:20,014 epoch 8 - iter 36/125 - loss 8.82408668 - samples/sec: 31.13 - lr: 0.150000
2021-03-16 23:28:23,019 epoch 8 - iter 48/125 - loss 9.11680996 - samples/sec: 32.13 - lr: 0.150000
2021-03-16 23:28:25,907 epoch 8 - iter 60/125 - loss 9.18164607 - samples/sec: 33.45 - lr: 0.150000
2021-03-16 23:28:28,953 epoch 8 - iter 72/125 - loss 9.17182189 - samples/sec: 31.69 - lr: 0.150000
2021-03-16 23:28:32,596 epoch 8 - iter 84/125 - loss 9.22290356 - samples/sec: 26.48 - lr: 0.150000
2021-03-16 23:28:36,191 epoch 8 - iter 96/125 - loss 9.19279066 - samples/sec: 26.82 - lr: 0.150000
2021-03-16 23:28:39,291 epoch 8 - iter 108/125 - loss 9.04044770 - samples/sec: 31.15 - lr: 0.150000
2021-03-16 23:28:42,767 epoch 8 - iter 120/125 - loss 8.92319460 - samples/sec: 27.75 - lr: 0.150000
2021-03-16 23:28:43,937 ----------------------------------------------------------------------------------------------------
2021-03-16 23:28:43,938 EPOCH 8 done: loss 8.8935 - lr 0.1500000
2021-03-16 23:28:45,109 DEV : loss 8.890894889831543 - score 0.8692
2021-03-16 23:28:45,123 BAD EPOCHS (no improvement): 2
2021-03-16 23:28:48,292 ----------------------------------------------------------------------------------------------------
2021-03-16 23:28:51,667 epoch 9 - iter 12/125 - loss 10.06274001 - samples/sec: 28.46 - lr: 0.150000
2021-03-16 23:28:54,825 epoch 9 - iter 24/125 - loss 10.00885995 - samples/sec: 30.57 - lr: 0.150000
2021-03-16 23:28:58,024 epoch 9 - iter 36/125 - loss 9.33654847 - samples/sec: 30.15 - lr: 0.150000
2021-03-16 23:29:01,396 epoch 9 - iter 48/125 - loss 9.08348891 - samples/sec: 28.60 - lr: 0.150000
2021-03-16 23:29:04,628 epoch 9 - iter 60/125 - loss 8.99950116 - samples/sec: 29.86 - lr: 0.150000
2021-03-16 23:29:07,937 epoch 9 - iter 72/125 - loss 8.77540629 - samples/sec: 29.15 - lr: 0.150000
2021-03-16 23:29:11,249 epoch 9 - iter 84/125 - loss 8.62785416 - samples/sec: 29.13 - lr: 0.150000
2021-03-16 23:29:14,488 epoch 9 - iter 96/125 - loss 8.54500644 - samples/sec: 29.79 - lr: 0.150000
2021-03-16 23:29:18,004 epoch 9 - iter 108/125 - loss 8.49876172 - samples/sec: 27.44 - lr: 0.150000
2021-03-16 23:29:21,222 epoch 9 - iter 120/125 - loss 8.48947148 - samples/sec: 29.99 - lr: 0.150000
2021-03-16 23:29:23,047 ----------------------------------------------------------------------------------------------------
2021-03-16 23:29:23,048 EPOCH 9 done: loss 8.4953 - lr 0.1500000
2021-03-16 23:29:24,204 DEV : loss 7.756044864654541 - score 0.8898
2021-03-16 23:29:24,220 BAD EPOCHS (no improvement): 0
2021-03-16 23:29:30,544 ----------------------------------------------------------------------------------------------------
2021-03-16 23:29:34,116 epoch 10 - iter 12/125 - loss 9.18229147 - samples/sec: 27.28 - lr: 0.150000
2021-03-16 23:29:37,486 epoch 10 - iter 24/125 - loss 8.24259492 - samples/sec: 28.62 - lr: 0.150000
2021-03-16 23:29:40,773 epoch 10 - iter 36/125 - loss 8.32222670 - samples/sec: 29.35 - lr: 0.150000
2021-03-16 23:29:44,553 epoch 10 - iter 48/125 - loss 8.71984486 - samples/sec: 25.53 - lr: 0.150000
2021-03-16 23:29:47,880 epoch 10 - iter 60/125 - loss 8.73274218 - samples/sec: 29.01 - lr: 0.150000
2021-03-16 23:29:50,975 epoch 10 - iter 72/125 - loss 8.75803255 - samples/sec: 31.19 - lr: 0.150000
2021-03-16 23:29:53,911 epoch 10 - iter 84/125 - loss 8.60313177 - samples/sec: 32.89 - lr: 0.150000
2021-03-16 23:29:57,023 epoch 10 - iter 96/125 - loss 8.54628881 - samples/sec: 31.01 - lr: 0.150000
2021-03-16 23:30:00,197 epoch 10 - iter 108/125 - loss 8.37667955 - samples/sec: 30.41 - lr: 0.150000
2021-03-16 23:30:03,111 epoch 10 - iter 120/125 - loss 8.36657337 - samples/sec: 33.15 - lr: 0.150000
2021-03-16 23:30:04,225 ----------------------------------------------------------------------------------------------------
2021-03-16 23:30:04,225 EPOCH 10 done: loss 8.3610 - lr 0.1500000
2021-03-16 23:30:05,355 DEV : loss 7.302405834197998 - score 0.8958
2021-03-16 23:30:05,374 BAD EPOCHS (no improvement): 0
2021-03-16 23:30:11,679 ----------------------------------------------------------------------------------------------------
2021-03-16 23:30:15,566 epoch 11 - iter 12/125 - loss 9.19841548 - samples/sec: 24.96 - lr: 0.150000
2021-03-16 23:30:19,095 epoch 11 - iter 24/125 - loss 8.41050774 - samples/sec: 27.34 - lr: 0.150000
2021-03-16 23:30:22,411 epoch 11 - iter 36/125 - loss 8.46067784 - samples/sec: 29.10 - lr: 0.150000
2021-03-16 23:30:25,536 epoch 11 - iter 48/125 - loss 8.29138291 - samples/sec: 30.89 - lr: 0.150000
2021-03-16 23:30:28,482 epoch 11 - iter 60/125 - loss 8.14213537 - samples/sec: 32.76 - lr: 0.150000
2021-03-16 23:30:31,960 epoch 11 - iter 72/125 - loss 8.11639309 - samples/sec: 27.73 - lr: 0.150000
2021-03-16 23:30:34,836 epoch 11 - iter 84/125 - loss 7.99597082 - samples/sec: 33.58 - lr: 0.150000
2021-03-16 23:30:37,935 epoch 11 - iter 96/125 - loss 7.79861111 - samples/sec: 31.14 - lr: 0.150000
2021-03-16 23:30:41,233 epoch 11 - iter 108/125 - loss 7.96106020 - samples/sec: 29.26 - lr: 0.150000
2021-03-16 23:30:44,481 epoch 11 - iter 120/125 - loss 7.99075291 - samples/sec: 29.72 - lr: 0.150000
2021-03-16 23:30:45,629 ----------------------------------------------------------------------------------------------------
2021-03-16 23:30:45,630 EPOCH 11 done: loss 8.0011 - lr 0.1500000
2021-03-16 23:30:46,870 DEV : loss 8.137338638305664 - score 0.8923
2021-03-16 23:30:46,888 BAD EPOCHS (no improvement): 1
2021-03-16 23:30:49,967 ----------------------------------------------------------------------------------------------------
2021-03-16 23:30:53,448 epoch 12 - iter 12/125 - loss 8.53024785 - samples/sec: 27.60 - lr: 0.150000
2021-03-16 23:30:56,660 epoch 12 - iter 24/125 - loss 7.72030765 - samples/sec: 30.04 - lr: 0.150000
2021-03-16 23:30:59,955 epoch 12 - iter 36/125 - loss 8.18950038 - samples/sec: 29.29 - lr: 0.150000
2021-03-16 23:31:03,065 epoch 12 - iter 48/125 - loss 7.89818417 - samples/sec: 31.05 - lr: 0.150000
2021-03-16 23:31:06,303 epoch 12 - iter 60/125 - loss 7.77873752 - samples/sec: 29.84 - lr: 0.150000
2021-03-16 23:31:09,107 epoch 12 - iter 72/125 - loss 7.65334164 - samples/sec: 34.45 - lr: 0.150000
2021-03-16 23:31:12,942 epoch 12 - iter 84/125 - loss 7.89550786 - samples/sec: 25.14 - lr: 0.150000
2021-03-16 23:31:16,044 epoch 12 - iter 96/125 - loss 8.01406961 - samples/sec: 31.12 - lr: 0.150000
2021-03-16 23:31:19,017 epoch 12 - iter 108/125 - loss 7.96584665 - samples/sec: 32.47 - lr: 0.150000
2021-03-16 23:31:22,210 epoch 12 - iter 120/125 - loss 7.97097423 - samples/sec: 30.23 - lr: 0.150000
2021-03-16 23:31:23,897 ----------------------------------------------------------------------------------------------------
2021-03-16 23:31:23,898 EPOCH 12 done: loss 7.9365 - lr 0.1500000
2021-03-16 23:31:25,276 DEV : loss 7.415431022644043 - score 0.9003
2021-03-16 23:31:25,291 BAD EPOCHS (no improvement): 0
2021-03-16 23:31:31,677 ----------------------------------------------------------------------------------------------------
2021-03-16 23:31:34,909 epoch 13 - iter 12/125 - loss 7.23887511 - samples/sec: 30.02 - lr: 0.150000
2021-03-16 23:31:38,294 epoch 13 - iter 24/125 - loss 7.65131430 - samples/sec: 28.51 - lr: 0.150000
2021-03-16 23:31:41,717 epoch 13 - iter 36/125 - loss 7.81518614 - samples/sec: 28.19 - lr: 0.150000
2021-03-16 23:31:44,725 epoch 13 - iter 48/125 - loss 7.53030476 - samples/sec: 32.09 - lr: 0.150000
2021-03-16 23:31:47,728 epoch 13 - iter 60/125 - loss 7.57353866 - samples/sec: 32.14 - lr: 0.150000
2021-03-16 23:31:51,415 epoch 13 - iter 72/125 - loss 7.63923336 - samples/sec: 26.15 - lr: 0.150000
2021-03-16 23:31:54,829 epoch 13 - iter 84/125 - loss 7.65606987 - samples/sec: 28.24 - lr: 0.150000
2021-03-16 23:31:58,162 epoch 13 - iter 96/125 - loss 7.55143785 - samples/sec: 28.95 - lr: 0.150000
2021-03-16 23:32:01,384 epoch 13 - iter 108/125 - loss 7.60038644 - samples/sec: 29.97 - lr: 0.150000
2021-03-16 23:32:04,736 epoch 13 - iter 120/125 - loss 7.61880731 - samples/sec: 28.76 - lr: 0.150000
2021-03-16 23:32:05,923 ----------------------------------------------------------------------------------------------------
2021-03-16 23:32:05,924 EPOCH 13 done: loss 7.6511 - lr 0.1500000
2021-03-16 23:32:06,982 DEV : loss 7.270323753356934 - score 0.8947
2021-03-16 23:32:07,001 BAD EPOCHS (no improvement): 1
2021-03-16 23:32:10,205 ----------------------------------------------------------------------------------------------------
2021-03-16 23:32:13,414 epoch 14 - iter 12/125 - loss 7.46307842 - samples/sec: 29.94 - lr: 0.150000
2021-03-16 23:32:16,700 epoch 14 - iter 24/125 - loss 7.89070515 - samples/sec: 29.36 - lr: 0.150000
2021-03-16 23:32:19,914 epoch 14 - iter 36/125 - loss 7.94510955 - samples/sec: 30.02 - lr: 0.150000
2021-03-16 23:32:23,175 epoch 14 - iter 48/125 - loss 7.58759236 - samples/sec: 29.59 - lr: 0.150000
2021-03-16 23:32:26,318 epoch 14 - iter 60/125 - loss 7.69552446 - samples/sec: 30.70 - lr: 0.150000
2021-03-16 23:32:29,419 epoch 14 - iter 72/125 - loss 7.58595237 - samples/sec: 31.11 - lr: 0.150000
2021-03-16 23:32:33,033 epoch 14 - iter 84/125 - loss 7.70314630 - samples/sec: 26.68 - lr: 0.150000
2021-03-16 23:32:35,958 epoch 14 - iter 96/125 - loss 7.61522326 - samples/sec: 33.00 - lr: 0.150000
2021-03-16 23:32:39,293 epoch 14 - iter 108/125 - loss 7.58097914 - samples/sec: 28.93 - lr: 0.150000
2021-03-16 23:32:42,274 epoch 14 - iter 120/125 - loss 7.56014641 - samples/sec: 32.42 - lr: 0.150000
2021-03-16 23:32:43,874 ----------------------------------------------------------------------------------------------------
2021-03-16 23:32:43,875 EPOCH 14 done: loss 7.5777 - lr 0.1500000
2021-03-16 23:32:44,994 DEV : loss 7.112114429473877 - score 0.9017
2021-03-16 23:32:45,010 BAD EPOCHS (no improvement): 0
2021-03-16 23:32:51,394 ----------------------------------------------------------------------------------------------------
2021-03-16 23:32:54,420 epoch 15 - iter 12/125 - loss 6.82569259 - samples/sec: 32.21 - lr: 0.150000
2021-03-16 23:32:58,010 epoch 15 - iter 24/125 - loss 7.64567627 - samples/sec: 26.87 - lr: 0.150000
2021-03-16 23:33:01,396 epoch 15 - iter 36/125 - loss 7.72109308 - samples/sec: 28.50 - lr: 0.150000
2021-03-16 23:33:04,998 epoch 15 - iter 48/125 - loss 7.69861075 - samples/sec: 26.78 - lr: 0.150000
2021-03-16 23:33:08,458 epoch 15 - iter 60/125 - loss 7.47168688 - samples/sec: 27.87 - lr: 0.150000
2021-03-16 23:33:11,742 epoch 15 - iter 72/125 - loss 7.56210334 - samples/sec: 29.41 - lr: 0.150000
2021-03-16 23:33:14,730 epoch 15 - iter 84/125 - loss 7.47214133 - samples/sec: 32.30 - lr: 0.150000
2021-03-16 23:33:17,691 epoch 15 - iter 96/125 - loss 7.47303348 - samples/sec: 32.59 - lr: 0.150000
2021-03-16 23:33:21,699 epoch 15 - iter 108/125 - loss 7.51171925 - samples/sec: 24.05 - lr: 0.150000
2021-03-16 23:33:24,618 epoch 15 - iter 120/125 - loss 7.39222698 - samples/sec: 33.07 - lr: 0.150000
2021-03-16 23:33:26,116 ----------------------------------------------------------------------------------------------------
2021-03-16 23:33:26,117 EPOCH 15 done: loss 7.4369 - lr 0.1500000
2021-03-16 23:33:27,255 DEV : loss 8.321462631225586 - score 0.8863
2021-03-16 23:33:27,273 BAD EPOCHS (no improvement): 1
2021-03-16 23:33:33,335 ----------------------------------------------------------------------------------------------------
2021-03-16 23:33:33,399 Testing using best model ...
2021-03-16 23:33:33,402 loading file resources/taggers/iso_flair/best-model.pt
2021-03-16 23:34:31,794 	0.9062
2021-03-16 23:34:31,795 
Results:
- F-score (micro): 0.9062
- F-score (macro): 0.7592
- Accuracy (incl. no class): 0.9062

By class:
                 precision    recall  f1-score   support

              O     0.9465    0.9518    0.9492      5561
           PATH     0.8037    0.5443    0.6491       158
          PLACE     0.7100    0.8508    0.7741       449
NONMOTION_EVENT     0.6957    0.4638    0.5565        69
        MEASURE     0.7838    0.7945    0.7891        73
 SPATIAL_SIGNAL     0.7222    0.7606    0.7409       188
 SPATIAL_ENTITY     0.8248    0.7521    0.7867       363
         MOTION     0.8497    0.8119    0.8304       202
  MOTION_SIGNAL     0.7973    0.7195    0.7564       164

       accuracy                         0.9062      7227
      macro avg     0.7926    0.7388    0.7592      7227
   weighted avg     0.9066    0.9062    0.9051      7227

2021-03-16 23:34:31,796 ----------------------------------------------------------------------------------------------------
