2021-03-10 00:14:42,622 ----------------------------------------------------------------------------------------------------
2021-03-10 00:14:42,623 Model: "SequenceTagger(
  (embeddings): WordEmbeddings('glove')
  (word_dropout): WordDropout(p=0.05)
  (locked_dropout): LockedDropout(p=0.5)
  (embedding2nn): Linear(in_features=100, out_features=100, bias=True)
  (rnn): LSTM(100, 128, batch_first=True, bidirectional=True)
  (linear): Linear(in_features=256, out_features=12, bias=True)
  (beta): 1.0
  (weights): None
  (weight_tensor) None
)"
2021-03-10 00:14:42,623 ----------------------------------------------------------------------------------------------------
2021-03-10 00:14:42,624 Corpus: "Corpus: 1000 train + 111 dev + 289 test sentences"
2021-03-10 00:14:42,624 ----------------------------------------------------------------------------------------------------
2021-03-10 00:14:42,625 Parameters:
2021-03-10 00:14:42,625  - learning_rate: "0.2"
2021-03-10 00:14:42,626  - mini_batch_size: "8"
2021-03-10 00:14:42,627  - patience: "3"
2021-03-10 00:14:42,628  - anneal_factor: "0.5"
2021-03-10 00:14:42,629  - max_epochs: "15"
2021-03-10 00:14:42,630  - shuffle: "True"
2021-03-10 00:14:42,631  - train_with_dev: "False"
2021-03-10 00:14:42,631  - batch_growth_annealing: "False"
2021-03-10 00:14:42,632 ----------------------------------------------------------------------------------------------------
2021-03-10 00:14:42,633 Model training base path: "resources_param_selector/results"
2021-03-10 00:14:42,634 ----------------------------------------------------------------------------------------------------
2021-03-10 00:14:42,634 Device: cpu
2021-03-10 00:14:42,636 ----------------------------------------------------------------------------------------------------
2021-03-10 00:14:42,636 Embeddings storage mode: cpu
2021-03-10 00:14:42,638 ----------------------------------------------------------------------------------------------------
2021-03-10 00:14:43,619 epoch 1 - iter 12/125 - loss 38.30224991 - samples/sec: 97.99 - lr: 0.200000
2021-03-10 00:14:44,815 epoch 1 - iter 24/125 - loss 33.97291819 - samples/sec: 80.36 - lr: 0.200000
2021-03-10 00:14:45,959 epoch 1 - iter 36/125 - loss 30.04799487 - samples/sec: 84.03 - lr: 0.200000
2021-03-10 00:14:47,079 epoch 1 - iter 48/125 - loss 29.76837654 - samples/sec: 85.83 - lr: 0.200000
2021-03-10 00:14:48,408 epoch 1 - iter 60/125 - loss 28.45896898 - samples/sec: 72.29 - lr: 0.200000
2021-03-10 00:14:49,637 epoch 1 - iter 72/125 - loss 27.41753621 - samples/sec: 78.20 - lr: 0.200000
2021-03-10 00:14:50,939 epoch 1 - iter 84/125 - loss 26.61964950 - samples/sec: 73.79 - lr: 0.200000
2021-03-10 00:14:52,107 epoch 1 - iter 96/125 - loss 25.80629687 - samples/sec: 82.33 - lr: 0.200000
2021-03-10 00:14:53,273 epoch 1 - iter 108/125 - loss 24.90547484 - samples/sec: 82.41 - lr: 0.200000
2021-03-10 00:14:54,508 epoch 1 - iter 120/125 - loss 24.32329933 - samples/sec: 77.83 - lr: 0.200000
2021-03-10 00:14:54,934 ----------------------------------------------------------------------------------------------------
2021-03-10 00:14:54,934 EPOCH 1 done: loss 23.9617 - lr 0.2000000
2021-03-10 00:14:55,312 DEV : loss 15.65876293182373 - score 0.7638
2021-03-10 00:14:55,319 BAD EPOCHS (no improvement): 0
2021-03-10 00:14:55,320 ----------------------------------------------------------------------------------------------------
2021-03-10 00:14:56,606 epoch 2 - iter 12/125 - loss 18.63644735 - samples/sec: 74.75 - lr: 0.200000
2021-03-10 00:14:57,709 epoch 2 - iter 24/125 - loss 16.80639849 - samples/sec: 87.16 - lr: 0.200000
2021-03-10 00:14:59,246 epoch 2 - iter 36/125 - loss 17.70818706 - samples/sec: 62.52 - lr: 0.200000
2021-03-10 00:15:00,336 epoch 2 - iter 48/125 - loss 17.55194485 - samples/sec: 88.20 - lr: 0.200000
2021-03-10 00:15:01,560 epoch 2 - iter 60/125 - loss 17.60010646 - samples/sec: 78.47 - lr: 0.200000
2021-03-10 00:15:02,693 epoch 2 - iter 72/125 - loss 17.50605496 - samples/sec: 84.83 - lr: 0.200000
2021-03-10 00:15:03,810 epoch 2 - iter 84/125 - loss 17.20479511 - samples/sec: 86.08 - lr: 0.200000
2021-03-10 00:15:04,904 epoch 2 - iter 96/125 - loss 16.95620350 - samples/sec: 87.85 - lr: 0.200000
2021-03-10 00:15:05,966 epoch 2 - iter 108/125 - loss 16.86266937 - samples/sec: 90.54 - lr: 0.200000
2021-03-10 00:15:07,339 epoch 2 - iter 120/125 - loss 16.89299664 - samples/sec: 69.97 - lr: 0.200000
2021-03-10 00:15:07,816 ----------------------------------------------------------------------------------------------------
2021-03-10 00:15:07,817 EPOCH 2 done: loss 16.8521 - lr 0.2000000
2021-03-10 00:15:08,148 DEV : loss 12.391709327697754 - score 0.8116
2021-03-10 00:15:08,155 BAD EPOCHS (no improvement): 0
2021-03-10 00:15:08,156 ----------------------------------------------------------------------------------------------------
2021-03-10 00:15:09,489 epoch 3 - iter 12/125 - loss 17.09955541 - samples/sec: 72.10 - lr: 0.200000
2021-03-10 00:15:10,557 epoch 3 - iter 24/125 - loss 16.02635757 - samples/sec: 90.00 - lr: 0.200000
2021-03-10 00:15:11,868 epoch 3 - iter 36/125 - loss 15.26162558 - samples/sec: 73.33 - lr: 0.200000
2021-03-10 00:15:13,141 epoch 3 - iter 48/125 - loss 15.28029533 - samples/sec: 75.47 - lr: 0.200000
2021-03-10 00:15:14,280 epoch 3 - iter 60/125 - loss 15.42761504 - samples/sec: 84.38 - lr: 0.200000
2021-03-10 00:15:15,500 epoch 3 - iter 72/125 - loss 15.30688793 - samples/sec: 78.82 - lr: 0.200000
2021-03-10 00:15:16,729 epoch 3 - iter 84/125 - loss 15.37484866 - samples/sec: 78.16 - lr: 0.200000
2021-03-10 00:15:17,719 epoch 3 - iter 96/125 - loss 15.38113047 - samples/sec: 97.09 - lr: 0.200000
2021-03-10 00:15:18,930 epoch 3 - iter 108/125 - loss 15.53658193 - samples/sec: 79.37 - lr: 0.200000
2021-03-10 00:15:20,157 epoch 3 - iter 120/125 - loss 15.51449574 - samples/sec: 78.34 - lr: 0.200000
2021-03-10 00:15:20,625 ----------------------------------------------------------------------------------------------------
2021-03-10 00:15:20,625 EPOCH 3 done: loss 15.4093 - lr 0.2000000
2021-03-10 00:15:20,971 DEV : loss 12.00988483428955 - score 0.8067
2021-03-10 00:15:20,977 BAD EPOCHS (no improvement): 1
2021-03-10 00:15:20,979 ----------------------------------------------------------------------------------------------------
2021-03-10 00:15:22,162 epoch 4 - iter 12/125 - loss 17.32189616 - samples/sec: 81.24 - lr: 0.200000
2021-03-10 00:15:23,259 epoch 4 - iter 24/125 - loss 14.82399579 - samples/sec: 87.61 - lr: 0.200000
2021-03-10 00:15:24,592 epoch 4 - iter 36/125 - loss 15.32437666 - samples/sec: 72.11 - lr: 0.200000
2021-03-10 00:15:25,770 epoch 4 - iter 48/125 - loss 15.43824077 - samples/sec: 81.54 - lr: 0.200000
2021-03-10 00:15:26,920 epoch 4 - iter 60/125 - loss 15.47991188 - samples/sec: 83.58 - lr: 0.200000
2021-03-10 00:15:27,975 epoch 4 - iter 72/125 - loss 15.18160741 - samples/sec: 91.12 - lr: 0.200000
2021-03-10 00:15:29,323 epoch 4 - iter 84/125 - loss 14.99343387 - samples/sec: 71.33 - lr: 0.200000
2021-03-10 00:15:30,595 epoch 4 - iter 96/125 - loss 14.89520650 - samples/sec: 75.56 - lr: 0.200000
2021-03-10 00:15:31,698 epoch 4 - iter 108/125 - loss 14.62688311 - samples/sec: 87.14 - lr: 0.200000
2021-03-10 00:15:32,880 epoch 4 - iter 120/125 - loss 14.59647781 - samples/sec: 81.28 - lr: 0.200000
2021-03-10 00:15:33,260 ----------------------------------------------------------------------------------------------------
2021-03-10 00:15:33,261 EPOCH 4 done: loss 14.4819 - lr 0.2000000
2021-03-10 00:15:33,621 DEV : loss 11.140202522277832 - score 0.8369
2021-03-10 00:15:33,628 BAD EPOCHS (no improvement): 0
2021-03-10 00:15:33,629 ----------------------------------------------------------------------------------------------------
2021-03-10 00:15:34,796 epoch 5 - iter 12/125 - loss 13.73682646 - samples/sec: 82.46 - lr: 0.200000
2021-03-10 00:15:35,984 epoch 5 - iter 24/125 - loss 13.98821553 - samples/sec: 80.86 - lr: 0.200000
2021-03-10 00:15:37,241 epoch 5 - iter 36/125 - loss 14.00001343 - samples/sec: 76.51 - lr: 0.200000
2021-03-10 00:15:38,391 epoch 5 - iter 48/125 - loss 13.92403001 - samples/sec: 83.58 - lr: 0.200000
2021-03-10 00:15:39,684 epoch 5 - iter 60/125 - loss 14.10064270 - samples/sec: 74.34 - lr: 0.200000
2021-03-10 00:15:40,814 epoch 5 - iter 72/125 - loss 14.30542178 - samples/sec: 85.07 - lr: 0.200000
2021-03-10 00:15:41,926 epoch 5 - iter 84/125 - loss 14.28971060 - samples/sec: 86.49 - lr: 0.200000
2021-03-10 00:15:42,969 epoch 5 - iter 96/125 - loss 14.12760674 - samples/sec: 92.16 - lr: 0.200000
2021-03-10 00:15:44,143 epoch 5 - iter 108/125 - loss 14.07069388 - samples/sec: 81.88 - lr: 0.200000
2021-03-10 00:15:45,416 epoch 5 - iter 120/125 - loss 14.18540266 - samples/sec: 75.45 - lr: 0.200000
2021-03-10 00:15:45,866 ----------------------------------------------------------------------------------------------------
2021-03-10 00:15:45,867 EPOCH 5 done: loss 14.2222 - lr 0.2000000
2021-03-10 00:15:46,196 DEV : loss 10.827240943908691 - score 0.8172
2021-03-10 00:15:46,203 BAD EPOCHS (no improvement): 1
2021-03-10 00:15:46,204 ----------------------------------------------------------------------------------------------------
2021-03-10 00:15:47,435 epoch 6 - iter 12/125 - loss 14.82723339 - samples/sec: 78.10 - lr: 0.200000
2021-03-10 00:15:48,601 epoch 6 - iter 24/125 - loss 14.17400416 - samples/sec: 82.44 - lr: 0.200000
2021-03-10 00:15:49,880 epoch 6 - iter 36/125 - loss 14.33314845 - samples/sec: 75.10 - lr: 0.200000
2021-03-10 00:15:51,216 epoch 6 - iter 48/125 - loss 14.21410543 - samples/sec: 71.92 - lr: 0.200000
2021-03-10 00:15:52,351 epoch 6 - iter 60/125 - loss 13.98434127 - samples/sec: 84.74 - lr: 0.200000
2021-03-10 00:15:53,609 epoch 6 - iter 72/125 - loss 13.88747993 - samples/sec: 76.35 - lr: 0.200000
2021-03-10 00:15:54,750 epoch 6 - iter 84/125 - loss 13.87493533 - samples/sec: 84.24 - lr: 0.200000
2021-03-10 00:15:55,725 epoch 6 - iter 96/125 - loss 13.70311517 - samples/sec: 98.56 - lr: 0.200000
2021-03-10 00:15:56,840 epoch 6 - iter 108/125 - loss 13.87834982 - samples/sec: 86.27 - lr: 0.200000
2021-03-10 00:15:58,286 epoch 6 - iter 120/125 - loss 13.85309208 - samples/sec: 66.42 - lr: 0.200000
2021-03-10 00:15:58,726 ----------------------------------------------------------------------------------------------------
2021-03-10 00:15:58,727 EPOCH 6 done: loss 13.7478 - lr 0.2000000
2021-03-10 00:15:59,102 DEV : loss 10.030125617980957 - score 0.8453
2021-03-10 00:15:59,108 BAD EPOCHS (no improvement): 0
2021-03-10 00:15:59,109 ----------------------------------------------------------------------------------------------------
2021-03-10 00:16:00,271 epoch 7 - iter 12/125 - loss 13.01173099 - samples/sec: 82.78 - lr: 0.200000
2021-03-10 00:16:01,468 epoch 7 - iter 24/125 - loss 12.96990577 - samples/sec: 80.29 - lr: 0.200000
2021-03-10 00:16:02,516 epoch 7 - iter 36/125 - loss 13.17611774 - samples/sec: 91.75 - lr: 0.200000
2021-03-10 00:16:03,777 epoch 7 - iter 48/125 - loss 13.51407657 - samples/sec: 76.17 - lr: 0.200000
2021-03-10 00:16:05,046 epoch 7 - iter 60/125 - loss 13.86507818 - samples/sec: 75.73 - lr: 0.200000
2021-03-10 00:16:06,211 epoch 7 - iter 72/125 - loss 13.74840242 - samples/sec: 82.53 - lr: 0.200000
2021-03-10 00:16:07,463 epoch 7 - iter 84/125 - loss 13.52914650 - samples/sec: 76.75 - lr: 0.200000
2021-03-10 00:16:08,769 epoch 7 - iter 96/125 - loss 13.32822275 - samples/sec: 73.58 - lr: 0.200000
2021-03-10 00:16:09,935 epoch 7 - iter 108/125 - loss 13.44037041 - samples/sec: 82.45 - lr: 0.200000
2021-03-10 00:16:11,037 epoch 7 - iter 120/125 - loss 13.34638536 - samples/sec: 87.22 - lr: 0.200000
2021-03-10 00:16:11,486 ----------------------------------------------------------------------------------------------------
2021-03-10 00:16:11,487 EPOCH 7 done: loss 13.3137 - lr 0.2000000
2021-03-10 00:16:11,811 DEV : loss 10.312812805175781 - score 0.8337
2021-03-10 00:16:11,818 BAD EPOCHS (no improvement): 1
2021-03-10 00:16:11,818 ----------------------------------------------------------------------------------------------------
2021-03-10 00:16:12,997 epoch 8 - iter 12/125 - loss 13.70448438 - samples/sec: 81.61 - lr: 0.200000
2021-03-10 00:16:14,116 epoch 8 - iter 24/125 - loss 13.45321008 - samples/sec: 85.88 - lr: 0.200000
2021-03-10 00:16:15,239 epoch 8 - iter 36/125 - loss 13.67336257 - samples/sec: 85.56 - lr: 0.200000
2021-03-10 00:16:16,294 epoch 8 - iter 48/125 - loss 13.17186097 - samples/sec: 91.15 - lr: 0.200000
2021-03-10 00:16:17,546 epoch 8 - iter 60/125 - loss 13.38979432 - samples/sec: 76.75 - lr: 0.200000
2021-03-10 00:16:18,780 epoch 8 - iter 72/125 - loss 13.20407144 - samples/sec: 77.90 - lr: 0.200000
2021-03-10 00:16:19,820 epoch 8 - iter 84/125 - loss 13.04872150 - samples/sec: 92.37 - lr: 0.200000
2021-03-10 00:16:21,241 epoch 8 - iter 96/125 - loss 12.97471998 - samples/sec: 67.61 - lr: 0.200000
2021-03-10 00:16:22,688 epoch 8 - iter 108/125 - loss 12.98806688 - samples/sec: 66.45 - lr: 0.200000
2021-03-10 00:16:24,049 epoch 8 - iter 120/125 - loss 13.19014499 - samples/sec: 70.59 - lr: 0.200000
2021-03-10 00:16:24,807 ----------------------------------------------------------------------------------------------------
2021-03-10 00:16:24,807 EPOCH 8 done: loss 13.2414 - lr 0.2000000
2021-03-10 00:16:25,175 DEV : loss 9.423596382141113 - score 0.8353
2021-03-10 00:16:25,182 BAD EPOCHS (no improvement): 2
2021-03-10 00:16:25,183 ----------------------------------------------------------------------------------------------------
2021-03-10 00:16:26,430 epoch 9 - iter 12/125 - loss 14.53017624 - samples/sec: 77.06 - lr: 0.200000
2021-03-10 00:16:27,805 epoch 9 - iter 24/125 - loss 15.26106501 - samples/sec: 69.93 - lr: 0.200000
2021-03-10 00:16:28,833 epoch 9 - iter 36/125 - loss 13.84095754 - samples/sec: 93.50 - lr: 0.200000
2021-03-10 00:16:29,959 epoch 9 - iter 48/125 - loss 13.60490867 - samples/sec: 85.32 - lr: 0.200000
2021-03-10 00:16:31,108 epoch 9 - iter 60/125 - loss 13.39329553 - samples/sec: 83.68 - lr: 0.200000
2021-03-10 00:16:32,335 epoch 9 - iter 72/125 - loss 13.17642020 - samples/sec: 78.36 - lr: 0.200000
2021-03-10 00:16:33,446 epoch 9 - iter 84/125 - loss 12.77709435 - samples/sec: 86.49 - lr: 0.200000
2021-03-10 00:16:34,460 epoch 9 - iter 96/125 - loss 12.52117487 - samples/sec: 94.76 - lr: 0.200000
2021-03-10 00:16:35,691 epoch 9 - iter 108/125 - loss 12.66741191 - samples/sec: 78.10 - lr: 0.200000
2021-03-10 00:16:36,875 epoch 9 - iter 120/125 - loss 12.69782128 - samples/sec: 81.17 - lr: 0.200000
2021-03-10 00:16:37,335 ----------------------------------------------------------------------------------------------------
2021-03-10 00:16:37,336 EPOCH 9 done: loss 12.7079 - lr 0.2000000
2021-03-10 00:16:37,667 DEV : loss 9.214361190795898 - score 0.8429
2021-03-10 00:16:37,674 BAD EPOCHS (no improvement): 3
2021-03-10 00:16:37,675 ----------------------------------------------------------------------------------------------------
2021-03-10 00:16:39,216 epoch 10 - iter 12/125 - loss 12.97123706 - samples/sec: 62.40 - lr: 0.200000
2021-03-10 00:16:40,421 epoch 10 - iter 24/125 - loss 12.27955854 - samples/sec: 79.77 - lr: 0.200000
2021-03-10 00:16:41,522 epoch 10 - iter 36/125 - loss 12.41654885 - samples/sec: 87.24 - lr: 0.200000
2021-03-10 00:16:42,589 epoch 10 - iter 48/125 - loss 12.62242781 - samples/sec: 90.11 - lr: 0.200000
2021-03-10 00:16:43,700 epoch 10 - iter 60/125 - loss 12.42588425 - samples/sec: 86.51 - lr: 0.200000
2021-03-10 00:16:44,774 epoch 10 - iter 72/125 - loss 12.39491691 - samples/sec: 89.47 - lr: 0.200000
2021-03-10 00:16:45,950 epoch 10 - iter 84/125 - loss 12.44771177 - samples/sec: 81.74 - lr: 0.200000
2021-03-10 00:16:47,489 epoch 10 - iter 96/125 - loss 12.43530701 - samples/sec: 62.44 - lr: 0.200000
2021-03-10 00:16:48,665 epoch 10 - iter 108/125 - loss 12.42898198 - samples/sec: 81.76 - lr: 0.200000
2021-03-10 00:16:50,006 epoch 10 - iter 120/125 - loss 12.57581208 - samples/sec: 71.65 - lr: 0.200000
2021-03-10 00:16:50,533 ----------------------------------------------------------------------------------------------------
2021-03-10 00:16:50,534 EPOCH 10 done: loss 12.6713 - lr 0.2000000
2021-03-10 00:16:50,878 DEV : loss 8.906875610351562 - score 0.8457
2021-03-10 00:16:50,885 BAD EPOCHS (no improvement): 0
2021-03-10 00:16:50,886 ----------------------------------------------------------------------------------------------------
2021-03-10 00:16:52,084 epoch 11 - iter 12/125 - loss 12.75354890 - samples/sec: 80.25 - lr: 0.200000
2021-03-10 00:16:53,070 epoch 11 - iter 24/125 - loss 11.95505283 - samples/sec: 97.49 - lr: 0.200000
2021-03-10 00:16:54,362 epoch 11 - iter 36/125 - loss 11.62953451 - samples/sec: 74.39 - lr: 0.200000
2021-03-10 00:16:55,595 epoch 11 - iter 48/125 - loss 12.00567904 - samples/sec: 77.94 - lr: 0.200000
2021-03-10 00:16:56,962 epoch 11 - iter 60/125 - loss 12.35043086 - samples/sec: 70.29 - lr: 0.200000
2021-03-10 00:16:58,061 epoch 11 - iter 72/125 - loss 12.11562567 - samples/sec: 87.48 - lr: 0.200000
2021-03-10 00:16:59,221 epoch 11 - iter 84/125 - loss 12.25193929 - samples/sec: 82.81 - lr: 0.200000
2021-03-10 00:17:00,445 epoch 11 - iter 96/125 - loss 12.44604962 - samples/sec: 78.54 - lr: 0.200000
2021-03-10 00:17:01,744 epoch 11 - iter 108/125 - loss 12.41525114 - samples/sec: 73.99 - lr: 0.200000
2021-03-10 00:17:03,014 epoch 11 - iter 120/125 - loss 12.59187295 - samples/sec: 75.67 - lr: 0.200000
2021-03-10 00:17:03,424 ----------------------------------------------------------------------------------------------------
2021-03-10 00:17:03,424 EPOCH 11 done: loss 12.6356 - lr 0.2000000
2021-03-10 00:17:03,775 DEV : loss 9.053628921508789 - score 0.8546
2021-03-10 00:17:03,781 BAD EPOCHS (no improvement): 0
2021-03-10 00:17:03,782 ----------------------------------------------------------------------------------------------------
2021-03-10 00:17:04,821 epoch 12 - iter 12/125 - loss 10.74506394 - samples/sec: 92.56 - lr: 0.200000
2021-03-10 00:17:05,947 epoch 12 - iter 24/125 - loss 11.28876303 - samples/sec: 85.38 - lr: 0.200000
2021-03-10 00:17:07,138 epoch 12 - iter 36/125 - loss 12.13217167 - samples/sec: 80.74 - lr: 0.200000
2021-03-10 00:17:08,280 epoch 12 - iter 48/125 - loss 11.91027117 - samples/sec: 84.18 - lr: 0.200000
2021-03-10 00:17:09,542 epoch 12 - iter 60/125 - loss 12.16747003 - samples/sec: 76.14 - lr: 0.200000
2021-03-10 00:17:10,742 epoch 12 - iter 72/125 - loss 12.25685820 - samples/sec: 80.06 - lr: 0.200000
2021-03-10 00:17:11,917 epoch 12 - iter 84/125 - loss 12.26069296 - samples/sec: 81.83 - lr: 0.200000
2021-03-10 00:17:13,050 epoch 12 - iter 96/125 - loss 12.14703403 - samples/sec: 84.85 - lr: 0.200000
2021-03-10 00:17:14,428 epoch 12 - iter 108/125 - loss 12.21600391 - samples/sec: 69.69 - lr: 0.200000
2021-03-10 00:17:15,617 epoch 12 - iter 120/125 - loss 12.13796804 - samples/sec: 80.85 - lr: 0.200000
2021-03-10 00:17:16,106 ----------------------------------------------------------------------------------------------------
2021-03-10 00:17:16,107 EPOCH 12 done: loss 12.1977 - lr 0.2000000
2021-03-10 00:17:16,432 DEV : loss 9.097182273864746 - score 0.8453
2021-03-10 00:17:16,438 BAD EPOCHS (no improvement): 1
2021-03-10 00:17:16,440 ----------------------------------------------------------------------------------------------------
2021-03-10 00:17:17,644 epoch 13 - iter 12/125 - loss 12.49786258 - samples/sec: 79.83 - lr: 0.200000
2021-03-10 00:17:19,131 epoch 13 - iter 24/125 - loss 12.48341691 - samples/sec: 64.64 - lr: 0.200000
2021-03-10 00:17:20,548 epoch 13 - iter 36/125 - loss 12.50684394 - samples/sec: 67.82 - lr: 0.200000
2021-03-10 00:17:21,700 epoch 13 - iter 48/125 - loss 12.09467485 - samples/sec: 83.43 - lr: 0.200000
2021-03-10 00:17:22,849 epoch 13 - iter 60/125 - loss 12.26991299 - samples/sec: 83.58 - lr: 0.200000
2021-03-10 00:17:23,940 epoch 13 - iter 72/125 - loss 12.18592113 - samples/sec: 88.16 - lr: 0.200000
2021-03-10 00:17:25,095 epoch 13 - iter 84/125 - loss 12.22442038 - samples/sec: 83.19 - lr: 0.200000
2021-03-10 00:17:26,150 epoch 13 - iter 96/125 - loss 12.01394256 - samples/sec: 91.14 - lr: 0.200000
2021-03-10 00:17:27,287 epoch 13 - iter 108/125 - loss 12.06004417 - samples/sec: 84.48 - lr: 0.200000
2021-03-10 00:17:28,410 epoch 13 - iter 120/125 - loss 11.90889941 - samples/sec: 85.63 - lr: 0.200000
2021-03-10 00:17:28,889 ----------------------------------------------------------------------------------------------------
2021-03-10 00:17:28,890 EPOCH 13 done: loss 11.8349 - lr 0.2000000
2021-03-10 00:17:29,216 DEV : loss 8.647521018981934 - score 0.853
2021-03-10 00:17:29,223 BAD EPOCHS (no improvement): 2
2021-03-10 00:17:29,225 ----------------------------------------------------------------------------------------------------
2021-03-10 00:17:30,471 epoch 14 - iter 12/125 - loss 12.01328381 - samples/sec: 77.11 - lr: 0.200000
2021-03-10 00:17:31,746 epoch 14 - iter 24/125 - loss 11.66433215 - samples/sec: 75.42 - lr: 0.200000
2021-03-10 00:17:32,998 epoch 14 - iter 36/125 - loss 11.84132851 - samples/sec: 76.76 - lr: 0.200000
2021-03-10 00:17:34,180 epoch 14 - iter 48/125 - loss 11.75083641 - samples/sec: 81.25 - lr: 0.200000
2021-03-10 00:17:35,334 epoch 14 - iter 60/125 - loss 11.87820071 - samples/sec: 83.29 - lr: 0.200000
2021-03-10 00:17:36,454 epoch 14 - iter 72/125 - loss 11.80979980 - samples/sec: 85.86 - lr: 0.200000
2021-03-10 00:17:37,474 epoch 14 - iter 84/125 - loss 11.74623972 - samples/sec: 94.25 - lr: 0.200000
2021-03-10 00:17:38,453 epoch 14 - iter 96/125 - loss 11.81947114 - samples/sec: 98.16 - lr: 0.200000
2021-03-10 00:17:39,741 epoch 14 - iter 108/125 - loss 12.00879512 - samples/sec: 74.67 - lr: 0.200000
2021-03-10 00:17:40,987 epoch 14 - iter 120/125 - loss 11.90766420 - samples/sec: 77.14 - lr: 0.200000
2021-03-10 00:17:41,803 ----------------------------------------------------------------------------------------------------
2021-03-10 00:17:41,804 EPOCH 14 done: loss 12.0501 - lr 0.2000000
2021-03-10 00:17:42,166 DEV : loss 8.926417350769043 - score 0.8401
2021-03-10 00:17:42,172 BAD EPOCHS (no improvement): 3
2021-03-10 00:17:42,174 ----------------------------------------------------------------------------------------------------
2021-03-10 00:17:43,453 epoch 15 - iter 12/125 - loss 11.32557710 - samples/sec: 75.18 - lr: 0.200000
2021-03-10 00:17:44,513 epoch 15 - iter 24/125 - loss 10.40048029 - samples/sec: 90.66 - lr: 0.200000
2021-03-10 00:17:45,533 epoch 15 - iter 36/125 - loss 10.33862918 - samples/sec: 94.23 - lr: 0.200000
2021-03-10 00:17:46,820 epoch 15 - iter 48/125 - loss 10.54557125 - samples/sec: 74.66 - lr: 0.200000
2021-03-10 00:17:47,917 epoch 15 - iter 60/125 - loss 10.82675821 - samples/sec: 87.68 - lr: 0.200000
2021-03-10 00:17:49,298 epoch 15 - iter 72/125 - loss 11.43226259 - samples/sec: 69.55 - lr: 0.200000
2021-03-10 00:17:50,375 epoch 15 - iter 84/125 - loss 11.40084297 - samples/sec: 89.25 - lr: 0.200000
2021-03-10 00:17:51,470 epoch 15 - iter 96/125 - loss 11.69590852 - samples/sec: 87.83 - lr: 0.200000
2021-03-10 00:17:52,772 epoch 15 - iter 108/125 - loss 11.89831248 - samples/sec: 73.80 - lr: 0.200000
2021-03-10 00:17:53,824 epoch 15 - iter 120/125 - loss 11.86594733 - samples/sec: 91.31 - lr: 0.200000
2021-03-10 00:17:54,350 ----------------------------------------------------------------------------------------------------
2021-03-10 00:17:54,350 EPOCH 15 done: loss 11.9161 - lr 0.2000000
2021-03-10 00:17:54,679 DEV : loss 8.858050346374512 - score 0.861
2021-03-10 00:17:54,686 BAD EPOCHS (no improvement): 0
2021-03-10 00:17:54,687 ----------------------------------------------------------------------------------------------------
2021-03-10 00:17:54,688 Testing using best model ...
2021-03-10 00:17:55,692 	0.8661
2021-03-10 00:17:55,693 
Results:
- F-score (micro): 0.8661
- F-score (macro): 0.6833
- Accuracy (incl. no class): 0.8661

By class:
                 precision    recall  f1-score   support

              O     0.9436    0.9108    0.9269      5561
 SPATIAL_SIGNAL     0.5077    0.7021    0.5893       188
           PATH     0.6528    0.5949    0.6225       158
          PLACE     0.5921    0.8664    0.7034       449
NONMOTION_EVENT     0.7027    0.3768    0.4906        69
        MEASURE     0.6598    0.8767    0.7529        73
  MOTION_SIGNAL     0.6788    0.5671    0.6179       164
 SPATIAL_ENTITY     0.7522    0.7107    0.7309       363
         MOTION     0.7500    0.6832    0.7150       202

       accuracy                         0.8661      7227
      macro avg     0.6933    0.6988    0.6833      7227
   weighted avg     0.8778    0.8661    0.8689      7227

2021-03-10 00:17:55,694 ----------------------------------------------------------------------------------------------------
