2021-01-28 18:08:33,857 ----------------------------------------------------------------------------------------------------
2021-01-28 18:08:33,868 Model: "SequenceTagger(
  (embeddings): StackedEmbeddings(
    (list_embedding_0): WordEmbeddings('glove')
  )
  (word_dropout): WordDropout(p=0.05)
  (locked_dropout): LockedDropout(p=0.5)
  (embedding2nn): Linear(in_features=100, out_features=100, bias=True)
  (rnn): LSTM(100, 256, batch_first=True, bidirectional=True)
  (linear): Linear(in_features=512, out_features=13, bias=True)
  (beta): 1.0
  (weights): None
  (weight_tensor) None
)"
2021-01-28 18:08:33,871 ----------------------------------------------------------------------------------------------------
2021-01-28 18:08:33,875 Corpus: "Corpus: 1116 train + 276 dev + 868 test sentences"
2021-01-28 18:08:33,876 ----------------------------------------------------------------------------------------------------
2021-01-28 18:08:33,878 Parameters:
2021-01-28 18:08:33,879  - learning_rate: "0.5"
2021-01-28 18:08:33,879  - mini_batch_size: "32"
2021-01-28 18:08:33,880  - patience: "3"
2021-01-28 18:08:33,881  - anneal_factor: "0.5"
2021-01-28 18:08:33,882  - max_epochs: "61"
2021-01-28 18:08:33,883  - shuffle: "True"
2021-01-28 18:08:33,884  - train_with_dev: "False"
2021-01-28 18:08:33,885  - batch_growth_annealing: "False"
2021-01-28 18:08:33,887 ----------------------------------------------------------------------------------------------------
2021-01-28 18:08:33,887 Model training base path: "/Users/nihat/Desktop/resources/taggers/example-iso21"
2021-01-28 18:08:33,888 ----------------------------------------------------------------------------------------------------
2021-01-28 18:08:33,889 Device: cpu
2021-01-28 18:08:33,889 ----------------------------------------------------------------------------------------------------
2021-01-28 18:08:33,890 Embeddings storage mode: cpu
2021-01-28 18:08:33,892 ----------------------------------------------------------------------------------------------------
2021-01-28 18:08:35,258 epoch 1 - iter 3/35 - loss 15.44717662 - samples/sec: 70.41 - lr: 0.500000
2021-01-28 18:08:36,153 epoch 1 - iter 6/35 - loss 18.28772767 - samples/sec: 107.48 - lr: 0.500000
2021-01-28 18:08:37,041 epoch 1 - iter 9/35 - loss 18.56067891 - samples/sec: 108.31 - lr: 0.500000
2021-01-28 18:08:38,009 epoch 1 - iter 12/35 - loss 19.24197698 - samples/sec: 99.31 - lr: 0.500000
2021-01-28 18:08:39,043 epoch 1 - iter 15/35 - loss 20.09092922 - samples/sec: 93.10 - lr: 0.500000
2021-01-28 18:08:40,161 epoch 1 - iter 18/35 - loss 19.52166499 - samples/sec: 85.98 - lr: 0.500000
2021-01-28 18:08:41,086 epoch 1 - iter 21/35 - loss 19.45858824 - samples/sec: 103.91 - lr: 0.500000
2021-01-28 18:08:42,788 epoch 1 - iter 24/35 - loss 19.48253707 - samples/sec: 56.44 - lr: 0.500000
2021-01-28 18:08:44,360 epoch 1 - iter 27/35 - loss 19.69819009 - samples/sec: 61.11 - lr: 0.500000
2021-01-28 18:08:45,215 epoch 1 - iter 30/35 - loss 19.63400691 - samples/sec: 112.67 - lr: 0.500000
2021-01-28 18:08:46,284 epoch 1 - iter 33/35 - loss 19.71714554 - samples/sec: 89.87 - lr: 0.500000
2021-01-28 18:08:46,934 ----------------------------------------------------------------------------------------------------
2021-01-28 18:08:46,934 EPOCH 1 done: loss 19.9161 - lr 0.5000000
2021-01-28 18:08:48,077 DEV : loss 252.56271362304688 - score 0.0
2021-01-28 18:08:48,085 BAD EPOCHS (no improvement): 0
2021-01-28 18:08:51,487 ----------------------------------------------------------------------------------------------------
2021-01-28 18:08:52,742 epoch 2 - iter 3/35 - loss 17.79913012 - samples/sec: 76.67 - lr: 0.500000
2021-01-28 18:08:54,064 epoch 2 - iter 6/35 - loss 18.13480552 - samples/sec: 72.67 - lr: 0.500000
2021-01-28 18:08:55,614 epoch 2 - iter 9/35 - loss 19.75420051 - samples/sec: 61.98 - lr: 0.500000
2021-01-28 18:08:56,567 epoch 2 - iter 12/35 - loss 19.14362915 - samples/sec: 100.80 - lr: 0.500000
2021-01-28 18:08:57,626 epoch 2 - iter 15/35 - loss 18.92567902 - samples/sec: 90.71 - lr: 0.500000
2021-01-28 18:08:58,910 epoch 2 - iter 18/35 - loss 18.59313085 - samples/sec: 74.86 - lr: 0.500000
2021-01-28 18:09:00,098 epoch 2 - iter 21/35 - loss 18.83848581 - samples/sec: 80.88 - lr: 0.500000
2021-01-28 18:09:01,305 epoch 2 - iter 24/35 - loss 19.47953971 - samples/sec: 79.66 - lr: 0.500000
2021-01-28 18:09:02,445 epoch 2 - iter 27/35 - loss 19.32477933 - samples/sec: 84.27 - lr: 0.500000
2021-01-28 18:09:03,905 epoch 2 - iter 30/35 - loss 19.16392940 - samples/sec: 65.81 - lr: 0.500000
2021-01-28 18:09:05,328 epoch 2 - iter 33/35 - loss 19.12924365 - samples/sec: 67.53 - lr: 0.500000
2021-01-28 18:09:05,817 ----------------------------------------------------------------------------------------------------
2021-01-28 18:09:05,817 EPOCH 2 done: loss 19.1237 - lr 0.5000000
2021-01-28 18:09:07,002 DEV : loss 216.01573181152344 - score 0.0
2021-01-28 18:09:07,012 BAD EPOCHS (no improvement): 0
2021-01-28 18:09:09,742 ----------------------------------------------------------------------------------------------------
2021-01-28 18:09:10,903 epoch 3 - iter 3/35 - loss 20.57893244 - samples/sec: 82.77 - lr: 0.500000
2021-01-28 18:09:11,856 epoch 3 - iter 6/35 - loss 19.70178318 - samples/sec: 100.82 - lr: 0.500000
2021-01-28 18:09:13,023 epoch 3 - iter 9/35 - loss 19.10177761 - samples/sec: 90.05 - lr: 0.500000
2021-01-28 18:09:13,802 epoch 3 - iter 12/35 - loss 18.40151342 - samples/sec: 123.40 - lr: 0.500000
2021-01-28 18:09:14,736 epoch 3 - iter 15/35 - loss 18.71556753 - samples/sec: 102.82 - lr: 0.500000
2021-01-28 18:09:15,716 epoch 3 - iter 18/35 - loss 18.84491147 - samples/sec: 98.03 - lr: 0.500000
2021-01-28 18:09:16,548 epoch 3 - iter 21/35 - loss 18.58738368 - samples/sec: 115.58 - lr: 0.500000
2021-01-28 18:09:17,601 epoch 3 - iter 24/35 - loss 18.74135077 - samples/sec: 91.19 - lr: 0.500000
2021-01-28 18:09:18,723 epoch 3 - iter 27/35 - loss 18.78778150 - samples/sec: 85.62 - lr: 0.500000
2021-01-28 18:09:19,740 epoch 3 - iter 30/35 - loss 18.62332198 - samples/sec: 94.46 - lr: 0.500000
2021-01-28 18:09:20,921 epoch 3 - iter 33/35 - loss 18.72692073 - samples/sec: 81.38 - lr: 0.500000
2021-01-28 18:09:22,011 ----------------------------------------------------------------------------------------------------
2021-01-28 18:09:22,012 EPOCH 3 done: loss 18.6505 - lr 0.5000000
2021-01-28 18:09:23,292 DEV : loss 266.0108642578125 - score 0.0
2021-01-28 18:09:23,302 BAD EPOCHS (no improvement): 1
2021-01-28 18:09:23,303 ----------------------------------------------------------------------------------------------------
2021-01-28 18:09:24,399 epoch 4 - iter 3/35 - loss 18.38021723 - samples/sec: 87.75 - lr: 0.500000
2021-01-28 18:09:25,780 epoch 4 - iter 6/35 - loss 19.40807120 - samples/sec: 69.54 - lr: 0.500000
2021-01-28 18:09:26,810 epoch 4 - iter 9/35 - loss 19.67003271 - samples/sec: 93.33 - lr: 0.500000
2021-01-28 18:09:27,966 epoch 4 - iter 12/35 - loss 19.40947215 - samples/sec: 83.10 - lr: 0.500000
2021-01-28 18:09:28,951 epoch 4 - iter 15/35 - loss 19.07880383 - samples/sec: 97.58 - lr: 0.500000
2021-01-28 18:09:29,942 epoch 4 - iter 18/35 - loss 18.88215907 - samples/sec: 96.98 - lr: 0.500000
2021-01-28 18:09:30,855 epoch 4 - iter 21/35 - loss 18.47994741 - samples/sec: 105.21 - lr: 0.500000
2021-01-28 18:09:31,925 epoch 4 - iter 24/35 - loss 18.63700287 - samples/sec: 89.82 - lr: 0.500000
2021-01-28 18:09:32,870 epoch 4 - iter 27/35 - loss 18.42594973 - samples/sec: 101.77 - lr: 0.500000
2021-01-28 18:09:33,794 epoch 4 - iter 30/35 - loss 18.09915377 - samples/sec: 103.97 - lr: 0.500000
2021-01-28 18:09:34,759 epoch 4 - iter 33/35 - loss 17.89968262 - samples/sec: 99.53 - lr: 0.500000
2021-01-28 18:09:35,541 ----------------------------------------------------------------------------------------------------
2021-01-28 18:09:35,541 EPOCH 4 done: loss 18.0579 - lr 0.5000000
2021-01-28 18:09:36,807 DEV : loss 232.1312713623047 - score 0.0
2021-01-28 18:09:36,816 BAD EPOCHS (no improvement): 2
2021-01-28 18:09:36,818 ----------------------------------------------------------------------------------------------------
2021-01-28 18:09:37,942 epoch 5 - iter 3/35 - loss 16.17934386 - samples/sec: 85.64 - lr: 0.500000
2021-01-28 18:09:39,025 epoch 5 - iter 6/35 - loss 17.51936579 - samples/sec: 88.73 - lr: 0.500000
2021-01-28 18:09:40,083 epoch 5 - iter 9/35 - loss 17.28639327 - samples/sec: 90.79 - lr: 0.500000
2021-01-28 18:09:41,073 epoch 5 - iter 12/35 - loss 17.56372905 - samples/sec: 97.21 - lr: 0.500000
2021-01-28 18:09:42,156 epoch 5 - iter 15/35 - loss 17.40787258 - samples/sec: 88.72 - lr: 0.500000
2021-01-28 18:09:43,127 epoch 5 - iter 18/35 - loss 17.37411812 - samples/sec: 98.90 - lr: 0.500000
2021-01-28 18:09:44,359 epoch 5 - iter 21/35 - loss 17.49209699 - samples/sec: 77.99 - lr: 0.500000
2021-01-28 18:09:45,350 epoch 5 - iter 24/35 - loss 17.67481093 - samples/sec: 96.92 - lr: 0.500000
2021-01-28 18:09:46,188 epoch 5 - iter 27/35 - loss 17.69981063 - samples/sec: 114.77 - lr: 0.500000
2021-01-28 18:09:47,340 epoch 5 - iter 30/35 - loss 17.36771173 - samples/sec: 83.39 - lr: 0.500000
2021-01-28 18:09:48,388 epoch 5 - iter 33/35 - loss 17.58727655 - samples/sec: 91.71 - lr: 0.500000
2021-01-28 18:09:49,096 ----------------------------------------------------------------------------------------------------
2021-01-28 18:09:49,097 EPOCH 5 done: loss 17.6644 - lr 0.5000000
2021-01-28 18:09:50,258 DEV : loss 267.9190368652344 - score 0.0
2021-01-28 18:09:50,267 BAD EPOCHS (no improvement): 3
2021-01-28 18:09:50,269 ----------------------------------------------------------------------------------------------------
2021-01-28 18:09:51,355 epoch 6 - iter 3/35 - loss 15.70055262 - samples/sec: 88.56 - lr: 0.500000
2021-01-28 18:09:52,438 epoch 6 - iter 6/35 - loss 15.10942698 - samples/sec: 88.71 - lr: 0.500000
2021-01-28 18:09:53,323 epoch 6 - iter 9/35 - loss 15.72717126 - samples/sec: 108.63 - lr: 0.500000
2021-01-28 18:09:54,494 epoch 6 - iter 12/35 - loss 16.62643814 - samples/sec: 82.11 - lr: 0.500000
2021-01-28 18:09:55,425 epoch 6 - iter 15/35 - loss 16.51005205 - samples/sec: 103.18 - lr: 0.500000
2021-01-28 18:09:56,602 epoch 6 - iter 18/35 - loss 16.90929164 - samples/sec: 81.67 - lr: 0.500000
2021-01-28 18:09:57,493 epoch 6 - iter 21/35 - loss 16.91857288 - samples/sec: 107.82 - lr: 0.500000
2021-01-28 18:09:58,563 epoch 6 - iter 24/35 - loss 17.01954297 - samples/sec: 89.81 - lr: 0.500000
2021-01-28 18:09:59,751 epoch 6 - iter 27/35 - loss 16.91306284 - samples/sec: 80.82 - lr: 0.500000
2021-01-28 18:10:01,329 epoch 6 - iter 30/35 - loss 16.93074354 - samples/sec: 60.89 - lr: 0.500000
2021-01-28 18:10:02,342 epoch 6 - iter 33/35 - loss 17.15179542 - samples/sec: 94.85 - lr: 0.500000
2021-01-28 18:10:02,952 ----------------------------------------------------------------------------------------------------
2021-01-28 18:10:02,953 EPOCH 6 done: loss 17.3151 - lr 0.5000000
2021-01-28 18:10:04,302 DEV : loss 221.9630584716797 - score 0.0
2021-01-28 18:10:04,312 BAD EPOCHS (no improvement): 4
2021-01-28 18:10:04,313 ----------------------------------------------------------------------------------------------------
2021-01-28 18:10:05,332 epoch 7 - iter 3/35 - loss 12.95426242 - samples/sec: 94.73 - lr: 0.250000
2021-01-28 18:10:06,319 epoch 7 - iter 6/35 - loss 12.66938305 - samples/sec: 97.34 - lr: 0.250000
2021-01-28 18:10:07,533 epoch 7 - iter 9/35 - loss 12.82305050 - samples/sec: 79.15 - lr: 0.250000
2021-01-28 18:10:08,571 epoch 7 - iter 12/35 - loss 12.64206696 - samples/sec: 92.54 - lr: 0.250000
2021-01-28 18:10:09,599 epoch 7 - iter 15/35 - loss 12.86307691 - samples/sec: 93.46 - lr: 0.250000
2021-01-28 18:10:10,983 epoch 7 - iter 18/35 - loss 12.72736062 - samples/sec: 69.43 - lr: 0.250000
2021-01-28 18:10:12,401 epoch 7 - iter 21/35 - loss 12.50523145 - samples/sec: 67.83 - lr: 0.250000
2021-01-28 18:10:13,683 epoch 7 - iter 24/35 - loss 12.48697968 - samples/sec: 74.97 - lr: 0.250000
2021-01-28 18:10:15,090 epoch 7 - iter 27/35 - loss 12.59659145 - samples/sec: 68.25 - lr: 0.250000
2021-01-28 18:10:16,084 epoch 7 - iter 30/35 - loss 12.57747231 - samples/sec: 96.74 - lr: 0.250000
2021-01-28 18:10:17,208 epoch 7 - iter 33/35 - loss 12.53322662 - samples/sec: 85.47 - lr: 0.250000
2021-01-28 18:10:17,775 ----------------------------------------------------------------------------------------------------
2021-01-28 18:10:17,775 EPOCH 7 done: loss 12.4237 - lr 0.2500000
2021-01-28 18:10:18,990 DEV : loss 249.24542236328125 - score 0.0
2021-01-28 18:10:18,999 BAD EPOCHS (no improvement): 1
2021-01-28 18:10:19,003 ----------------------------------------------------------------------------------------------------
2021-01-28 18:10:20,177 epoch 8 - iter 3/35 - loss 13.38868618 - samples/sec: 81.84 - lr: 0.250000
2021-01-28 18:10:21,473 epoch 8 - iter 6/35 - loss 12.61204720 - samples/sec: 74.14 - lr: 0.250000
2021-01-28 18:10:22,832 epoch 8 - iter 9/35 - loss 11.97287348 - samples/sec: 70.67 - lr: 0.250000
2021-01-28 18:10:23,834 epoch 8 - iter 12/35 - loss 11.84186522 - samples/sec: 95.99 - lr: 0.250000
2021-01-28 18:10:24,816 epoch 8 - iter 15/35 - loss 12.15284208 - samples/sec: 97.77 - lr: 0.250000
2021-01-28 18:10:25,921 epoch 8 - iter 18/35 - loss 12.51347786 - samples/sec: 86.99 - lr: 0.250000
2021-01-28 18:10:27,130 epoch 8 - iter 21/35 - loss 12.50289000 - samples/sec: 79.46 - lr: 0.250000
2021-01-28 18:10:27,992 epoch 8 - iter 24/35 - loss 12.45406214 - samples/sec: 111.47 - lr: 0.250000
2021-01-28 18:10:28,901 epoch 8 - iter 27/35 - loss 12.19328622 - samples/sec: 105.73 - lr: 0.250000
2021-01-28 18:10:29,913 epoch 8 - iter 30/35 - loss 12.04195175 - samples/sec: 94.95 - lr: 0.250000
2021-01-28 18:10:30,917 epoch 8 - iter 33/35 - loss 12.12390073 - samples/sec: 95.70 - lr: 0.250000
2021-01-28 18:10:31,797 ----------------------------------------------------------------------------------------------------
2021-01-28 18:10:31,798 EPOCH 8 done: loss 12.1662 - lr 0.2500000
2021-01-28 18:10:33,125 DEV : loss 252.55377197265625 - score 0.0
2021-01-28 18:10:33,134 BAD EPOCHS (no improvement): 2
2021-01-28 18:10:33,135 ----------------------------------------------------------------------------------------------------
2021-01-28 18:10:34,356 epoch 9 - iter 3/35 - loss 11.49582386 - samples/sec: 78.70 - lr: 0.250000
2021-01-28 18:10:35,759 epoch 9 - iter 6/35 - loss 11.57219950 - samples/sec: 68.46 - lr: 0.250000
2021-01-28 18:10:36,718 epoch 9 - iter 9/35 - loss 11.62394608 - samples/sec: 100.19 - lr: 0.250000
2021-01-28 18:10:37,500 epoch 9 - iter 12/35 - loss 11.38643233 - samples/sec: 122.91 - lr: 0.250000
2021-01-28 18:10:38,570 epoch 9 - iter 15/35 - loss 12.07516022 - samples/sec: 89.80 - lr: 0.250000
2021-01-28 18:10:39,542 epoch 9 - iter 18/35 - loss 12.21421062 - samples/sec: 98.86 - lr: 0.250000
2021-01-28 18:10:40,385 epoch 9 - iter 21/35 - loss 12.23312455 - samples/sec: 114.02 - lr: 0.250000
2021-01-28 18:10:41,483 epoch 9 - iter 24/35 - loss 12.15954387 - samples/sec: 87.51 - lr: 0.250000
2021-01-28 18:10:42,415 epoch 9 - iter 27/35 - loss 12.09781866 - samples/sec: 103.16 - lr: 0.250000
2021-01-28 18:10:43,397 epoch 9 - iter 30/35 - loss 12.14392071 - samples/sec: 97.88 - lr: 0.250000
2021-01-28 18:10:44,309 epoch 9 - iter 33/35 - loss 12.26739196 - samples/sec: 105.33 - lr: 0.250000
2021-01-28 18:10:44,883 ----------------------------------------------------------------------------------------------------
2021-01-28 18:10:44,884 EPOCH 9 done: loss 12.1525 - lr 0.2500000
2021-01-28 18:10:45,962 DEV : loss 247.19390869140625 - score 0.0
2021-01-28 18:10:45,974 BAD EPOCHS (no improvement): 3
2021-01-28 18:10:45,980 ----------------------------------------------------------------------------------------------------
2021-01-28 18:10:47,134 epoch 10 - iter 3/35 - loss 11.77397410 - samples/sec: 83.37 - lr: 0.250000
2021-01-28 18:10:47,936 epoch 10 - iter 6/35 - loss 11.00151650 - samples/sec: 119.91 - lr: 0.250000
2021-01-28 18:10:48,869 epoch 10 - iter 9/35 - loss 11.71188482 - samples/sec: 102.90 - lr: 0.250000
2021-01-28 18:10:49,878 epoch 10 - iter 12/35 - loss 11.82758745 - samples/sec: 95.25 - lr: 0.250000
2021-01-28 18:10:51,250 epoch 10 - iter 15/35 - loss 12.02693488 - samples/sec: 70.01 - lr: 0.250000
2021-01-28 18:10:52,066 epoch 10 - iter 18/35 - loss 12.03984902 - samples/sec: 117.78 - lr: 0.250000
2021-01-28 18:10:52,894 epoch 10 - iter 21/35 - loss 12.02421915 - samples/sec: 116.16 - lr: 0.250000
2021-01-28 18:10:53,710 epoch 10 - iter 24/35 - loss 11.97598104 - samples/sec: 117.75 - lr: 0.250000
2021-01-28 18:10:54,587 epoch 10 - iter 27/35 - loss 11.84681158 - samples/sec: 109.59 - lr: 0.250000
2021-01-28 18:10:55,745 epoch 10 - iter 30/35 - loss 11.85579093 - samples/sec: 82.95 - lr: 0.250000
2021-01-28 18:10:57,223 epoch 10 - iter 33/35 - loss 11.88290041 - samples/sec: 65.01 - lr: 0.250000
2021-01-28 18:10:57,889 ----------------------------------------------------------------------------------------------------
2021-01-28 18:10:57,890 EPOCH 10 done: loss 11.7739 - lr 0.2500000
2021-01-28 18:10:59,101 DEV : loss 234.6669158935547 - score 0.0
2021-01-28 18:10:59,110 BAD EPOCHS (no improvement): 4
2021-01-28 18:10:59,111 ----------------------------------------------------------------------------------------------------
2021-01-28 18:11:00,745 epoch 11 - iter 3/35 - loss 9.44105943 - samples/sec: 58.83 - lr: 0.125000
2021-01-28 18:11:02,209 epoch 11 - iter 6/35 - loss 11.35068766 - samples/sec: 65.67 - lr: 0.125000
2021-01-28 18:11:03,291 epoch 11 - iter 9/35 - loss 11.20282989 - samples/sec: 88.80 - lr: 0.125000
2021-01-28 18:11:04,308 epoch 11 - iter 12/35 - loss 10.85678752 - samples/sec: 94.46 - lr: 0.125000
2021-01-28 18:11:05,325 epoch 11 - iter 15/35 - loss 10.86163762 - samples/sec: 94.50 - lr: 0.125000
2021-01-28 18:11:06,342 epoch 11 - iter 18/35 - loss 10.86613480 - samples/sec: 94.51 - lr: 0.125000
2021-01-28 18:11:07,343 epoch 11 - iter 21/35 - loss 10.87079938 - samples/sec: 95.98 - lr: 0.125000
2021-01-28 18:11:08,663 epoch 11 - iter 24/35 - loss 10.75325251 - samples/sec: 72.77 - lr: 0.125000
2021-01-28 18:11:09,762 epoch 11 - iter 27/35 - loss 10.68621558 - samples/sec: 87.38 - lr: 0.125000
2021-01-28 18:11:10,735 epoch 11 - iter 30/35 - loss 10.79451939 - samples/sec: 98.78 - lr: 0.125000
2021-01-28 18:11:11,559 epoch 11 - iter 33/35 - loss 10.87826475 - samples/sec: 116.65 - lr: 0.125000
2021-01-28 18:11:12,203 ----------------------------------------------------------------------------------------------------
2021-01-28 18:11:12,204 EPOCH 11 done: loss 10.8056 - lr 0.1250000
2021-01-28 18:11:13,315 DEV : loss 246.82952880859375 - score 0.0
2021-01-28 18:11:13,323 BAD EPOCHS (no improvement): 1
2021-01-28 18:11:13,325 ----------------------------------------------------------------------------------------------------
2021-01-28 18:11:14,288 epoch 12 - iter 3/35 - loss 10.73916054 - samples/sec: 99.72 - lr: 0.125000
2021-01-28 18:11:15,471 epoch 12 - iter 6/35 - loss 10.94505994 - samples/sec: 81.21 - lr: 0.125000
2021-01-28 18:11:16,422 epoch 12 - iter 9/35 - loss 10.42875115 - samples/sec: 101.09 - lr: 0.125000
2021-01-28 18:11:17,233 epoch 12 - iter 12/35 - loss 10.35316082 - samples/sec: 118.46 - lr: 0.125000
2021-01-28 18:11:18,590 epoch 12 - iter 15/35 - loss 10.55715361 - samples/sec: 70.79 - lr: 0.125000
2021-01-28 18:11:19,728 epoch 12 - iter 18/35 - loss 10.58426605 - samples/sec: 84.53 - lr: 0.125000
2021-01-28 18:11:20,586 epoch 12 - iter 21/35 - loss 10.61014655 - samples/sec: 111.92 - lr: 0.125000
2021-01-28 18:11:21,584 epoch 12 - iter 24/35 - loss 10.58641412 - samples/sec: 96.33 - lr: 0.125000
2021-01-28 18:11:22,348 epoch 12 - iter 27/35 - loss 10.52121362 - samples/sec: 125.69 - lr: 0.125000
2021-01-28 18:11:23,233 epoch 12 - iter 30/35 - loss 10.48022167 - samples/sec: 108.67 - lr: 0.125000
2021-01-28 18:11:24,201 epoch 12 - iter 33/35 - loss 10.50781199 - samples/sec: 99.26 - lr: 0.125000
2021-01-28 18:11:24,896 ----------------------------------------------------------------------------------------------------
2021-01-28 18:11:24,897 EPOCH 12 done: loss 10.4521 - lr 0.1250000
2021-01-28 18:11:26,245 DEV : loss 247.45863342285156 - score 0.0
2021-01-28 18:11:26,253 BAD EPOCHS (no improvement): 2
2021-01-28 18:11:26,255 ----------------------------------------------------------------------------------------------------
2021-01-28 18:11:27,402 epoch 13 - iter 3/35 - loss 10.17118708 - samples/sec: 83.81 - lr: 0.125000
2021-01-28 18:11:28,252 epoch 13 - iter 6/35 - loss 9.98374033 - samples/sec: 113.05 - lr: 0.125000
2021-01-28 18:11:29,409 epoch 13 - iter 9/35 - loss 10.55380175 - samples/sec: 83.04 - lr: 0.125000
2021-01-28 18:11:30,354 epoch 13 - iter 12/35 - loss 10.05167802 - samples/sec: 101.65 - lr: 0.125000
2021-01-28 18:11:31,435 epoch 13 - iter 15/35 - loss 10.16964677 - samples/sec: 88.92 - lr: 0.125000
2021-01-28 18:11:32,348 epoch 13 - iter 18/35 - loss 10.08862988 - samples/sec: 105.24 - lr: 0.125000
2021-01-28 18:11:33,810 epoch 13 - iter 21/35 - loss 10.13049843 - samples/sec: 65.69 - lr: 0.125000
2021-01-28 18:11:34,880 epoch 13 - iter 24/35 - loss 10.07901788 - samples/sec: 89.78 - lr: 0.125000
2021-01-28 18:11:36,138 epoch 13 - iter 27/35 - loss 10.02621559 - samples/sec: 76.36 - lr: 0.125000
2021-01-28 18:11:37,181 epoch 13 - iter 30/35 - loss 10.32157739 - samples/sec: 92.16 - lr: 0.125000
2021-01-28 18:11:38,271 epoch 13 - iter 33/35 - loss 10.25209534 - samples/sec: 88.17 - lr: 0.125000
2021-01-28 18:11:38,971 ----------------------------------------------------------------------------------------------------
2021-01-28 18:11:38,972 EPOCH 13 done: loss 10.3795 - lr 0.1250000
2021-01-28 18:11:40,264 DEV : loss 245.67657470703125 - score 0.0
2021-01-28 18:11:40,273 BAD EPOCHS (no improvement): 3
2021-01-28 18:11:40,274 ----------------------------------------------------------------------------------------------------
2021-01-28 18:11:41,229 epoch 14 - iter 3/35 - loss 10.34296354 - samples/sec: 100.96 - lr: 0.125000
2021-01-28 18:11:42,060 epoch 14 - iter 6/35 - loss 10.19938699 - samples/sec: 115.60 - lr: 0.125000
2021-01-28 18:11:43,211 epoch 14 - iter 9/35 - loss 10.22045035 - samples/sec: 83.46 - lr: 0.125000
2021-01-28 18:11:44,067 epoch 14 - iter 12/35 - loss 10.19236823 - samples/sec: 112.39 - lr: 0.125000
2021-01-28 18:11:45,066 epoch 14 - iter 15/35 - loss 10.39748195 - samples/sec: 96.14 - lr: 0.125000
2021-01-28 18:11:46,081 epoch 14 - iter 18/35 - loss 10.43032040 - samples/sec: 94.70 - lr: 0.125000
2021-01-28 18:11:47,314 epoch 14 - iter 21/35 - loss 10.34228409 - samples/sec: 77.91 - lr: 0.125000
2021-01-28 18:11:48,645 epoch 14 - iter 24/35 - loss 10.37973863 - samples/sec: 72.18 - lr: 0.125000
2021-01-28 18:11:50,002 epoch 14 - iter 27/35 - loss 10.36383330 - samples/sec: 70.81 - lr: 0.125000
2021-01-28 18:11:51,072 epoch 14 - iter 30/35 - loss 10.30044688 - samples/sec: 89.79 - lr: 0.125000
2021-01-28 18:11:51,993 epoch 14 - iter 33/35 - loss 10.25782738 - samples/sec: 104.37 - lr: 0.125000
2021-01-28 18:11:52,619 ----------------------------------------------------------------------------------------------------
2021-01-28 18:11:52,620 EPOCH 14 done: loss 10.3020 - lr 0.1250000
2021-01-28 18:11:53,870 DEV : loss 252.37741088867188 - score 0.0
2021-01-28 18:11:53,879 BAD EPOCHS (no improvement): 4
2021-01-28 18:11:53,881 ----------------------------------------------------------------------------------------------------
2021-01-28 18:11:55,190 epoch 15 - iter 3/35 - loss 9.77474070 - samples/sec: 73.42 - lr: 0.062500
2021-01-28 18:11:56,344 epoch 15 - iter 6/35 - loss 9.31419396 - samples/sec: 83.26 - lr: 0.062500
2021-01-28 18:11:57,564 epoch 15 - iter 9/35 - loss 9.37476778 - samples/sec: 78.82 - lr: 0.062500
2021-01-28 18:11:58,517 epoch 15 - iter 12/35 - loss 9.37448315 - samples/sec: 100.76 - lr: 0.062500
2021-01-28 18:11:59,697 epoch 15 - iter 15/35 - loss 9.55783815 - samples/sec: 81.44 - lr: 0.062500
2021-01-28 18:12:01,182 epoch 15 - iter 18/35 - loss 9.82116527 - samples/sec: 64.67 - lr: 0.062500
2021-01-28 18:12:02,863 epoch 15 - iter 21/35 - loss 9.99081037 - samples/sec: 57.16 - lr: 0.062500
2021-01-28 18:12:04,098 epoch 15 - iter 24/35 - loss 9.87875193 - samples/sec: 77.82 - lr: 0.062500
2021-01-28 18:12:05,109 epoch 15 - iter 27/35 - loss 10.01131063 - samples/sec: 95.01 - lr: 0.062500
2021-01-28 18:12:06,179 epoch 15 - iter 30/35 - loss 9.99079293 - samples/sec: 89.83 - lr: 0.062500
2021-01-28 18:12:07,430 epoch 15 - iter 33/35 - loss 10.05968607 - samples/sec: 76.79 - lr: 0.062500
2021-01-28 18:12:08,056 ----------------------------------------------------------------------------------------------------
2021-01-28 18:12:08,057 EPOCH 15 done: loss 10.0035 - lr 0.0625000
2021-01-28 18:12:09,530 DEV : loss 250.77536010742188 - score 0.0
2021-01-28 18:12:09,539 BAD EPOCHS (no improvement): 1
2021-01-28 18:12:09,540 ----------------------------------------------------------------------------------------------------
2021-01-28 18:12:10,504 epoch 16 - iter 3/35 - loss 10.79738585 - samples/sec: 99.72 - lr: 0.062500
2021-01-28 18:12:11,327 epoch 16 - iter 6/35 - loss 9.75369064 - samples/sec: 116.77 - lr: 0.062500
2021-01-28 18:12:12,381 epoch 16 - iter 9/35 - loss 9.67145342 - samples/sec: 91.19 - lr: 0.062500
2021-01-28 18:12:13,162 epoch 16 - iter 12/35 - loss 9.79103021 - samples/sec: 122.96 - lr: 0.062500
2021-01-28 18:12:14,330 epoch 16 - iter 15/35 - loss 9.67876841 - samples/sec: 82.29 - lr: 0.062500
2021-01-28 18:12:15,256 epoch 16 - iter 18/35 - loss 9.98997217 - samples/sec: 103.74 - lr: 0.062500
2021-01-28 18:12:16,199 epoch 16 - iter 21/35 - loss 9.90423738 - samples/sec: 101.92 - lr: 0.062500
2021-01-28 18:12:17,248 epoch 16 - iter 24/35 - loss 9.89857246 - samples/sec: 91.58 - lr: 0.062500
2021-01-28 18:12:18,243 epoch 16 - iter 27/35 - loss 9.97228893 - samples/sec: 96.53 - lr: 0.062500
2021-01-28 18:12:19,369 epoch 16 - iter 30/35 - loss 9.91354038 - samples/sec: 85.33 - lr: 0.062500
2021-01-28 18:12:20,664 epoch 16 - iter 33/35 - loss 10.05087649 - samples/sec: 74.25 - lr: 0.062500
2021-01-28 18:12:22,065 ----------------------------------------------------------------------------------------------------
2021-01-28 18:12:22,066 EPOCH 16 done: loss 10.1142 - lr 0.0625000
2021-01-28 18:12:23,410 DEV : loss 251.6637420654297 - score 0.0
2021-01-28 18:12:23,419 BAD EPOCHS (no improvement): 2
2021-01-28 18:12:23,420 ----------------------------------------------------------------------------------------------------
2021-01-28 18:12:24,483 epoch 17 - iter 3/35 - loss 9.60437743 - samples/sec: 90.44 - lr: 0.062500
2021-01-28 18:12:25,291 epoch 17 - iter 6/35 - loss 9.37660996 - samples/sec: 119.03 - lr: 0.062500
2021-01-28 18:12:26,701 epoch 17 - iter 9/35 - loss 9.80477598 - samples/sec: 68.12 - lr: 0.062500
2021-01-28 18:12:27,803 epoch 17 - iter 12/35 - loss 9.61570394 - samples/sec: 87.17 - lr: 0.062500
2021-01-28 18:12:29,137 epoch 17 - iter 15/35 - loss 9.84825455 - samples/sec: 72.08 - lr: 0.062500
2021-01-28 18:12:30,495 epoch 17 - iter 18/35 - loss 9.82197547 - samples/sec: 70.72 - lr: 0.062500
2021-01-28 18:12:31,409 epoch 17 - iter 21/35 - loss 9.71274033 - samples/sec: 105.21 - lr: 0.062500
2021-01-28 18:12:32,342 epoch 17 - iter 24/35 - loss 9.71445845 - samples/sec: 102.96 - lr: 0.062500
2021-01-28 18:12:33,473 epoch 17 - iter 27/35 - loss 9.85817636 - samples/sec: 85.10 - lr: 0.062500
2021-01-28 18:12:34,738 epoch 17 - iter 30/35 - loss 9.71949646 - samples/sec: 75.93 - lr: 0.062500
2021-01-28 18:12:35,612 epoch 17 - iter 33/35 - loss 9.75080893 - samples/sec: 110.01 - lr: 0.062500
2021-01-28 18:12:36,276 ----------------------------------------------------------------------------------------------------
2021-01-28 18:12:36,278 EPOCH 17 done: loss 9.7884 - lr 0.0625000
2021-01-28 18:12:37,919 DEV : loss 253.48733520507812 - score 0.0
2021-01-28 18:12:37,927 BAD EPOCHS (no improvement): 3
2021-01-28 18:12:37,929 ----------------------------------------------------------------------------------------------------
2021-01-28 18:12:39,277 epoch 18 - iter 3/35 - loss 10.17992179 - samples/sec: 71.30 - lr: 0.062500
2021-01-28 18:12:40,266 epoch 18 - iter 6/35 - loss 10.31547181 - samples/sec: 97.16 - lr: 0.062500
2021-01-28 18:12:41,043 epoch 18 - iter 9/35 - loss 10.22844039 - samples/sec: 123.69 - lr: 0.062500
2021-01-28 18:12:42,149 epoch 18 - iter 12/35 - loss 10.15267237 - samples/sec: 86.83 - lr: 0.062500
2021-01-28 18:12:43,091 epoch 18 - iter 15/35 - loss 10.19137293 - samples/sec: 102.03 - lr: 0.062500
2021-01-28 18:12:44,061 epoch 18 - iter 18/35 - loss 10.01414728 - samples/sec: 99.10 - lr: 0.062500
2021-01-28 18:12:45,572 epoch 18 - iter 21/35 - loss 9.85269982 - samples/sec: 63.58 - lr: 0.062500
2021-01-28 18:12:47,023 epoch 18 - iter 24/35 - loss 9.92104896 - samples/sec: 66.21 - lr: 0.062500
2021-01-28 18:12:48,566 epoch 18 - iter 27/35 - loss 9.94670303 - samples/sec: 62.27 - lr: 0.062500
2021-01-28 18:12:49,627 epoch 18 - iter 30/35 - loss 9.89679817 - samples/sec: 90.64 - lr: 0.062500
2021-01-28 18:12:50,618 epoch 18 - iter 33/35 - loss 9.87631136 - samples/sec: 96.93 - lr: 0.062500
2021-01-28 18:12:51,467 ----------------------------------------------------------------------------------------------------
2021-01-28 18:12:51,469 EPOCH 18 done: loss 9.8860 - lr 0.0625000
2021-01-28 18:12:52,662 DEV : loss 253.08216857910156 - score 0.0
2021-01-28 18:12:52,671 BAD EPOCHS (no improvement): 4
2021-01-28 18:12:52,672 ----------------------------------------------------------------------------------------------------
2021-01-28 18:12:53,572 epoch 19 - iter 3/35 - loss 10.76395925 - samples/sec: 106.86 - lr: 0.031250
2021-01-28 18:12:54,549 epoch 19 - iter 6/35 - loss 10.24900786 - samples/sec: 98.38 - lr: 0.031250
2021-01-28 18:12:55,485 epoch 19 - iter 9/35 - loss 10.35502730 - samples/sec: 102.62 - lr: 0.031250
2021-01-28 18:12:56,433 epoch 19 - iter 12/35 - loss 10.07349435 - samples/sec: 101.41 - lr: 0.031250
2021-01-28 18:12:57,579 epoch 19 - iter 15/35 - loss 10.19010016 - samples/sec: 83.81 - lr: 0.031250
2021-01-28 18:12:58,607 epoch 19 - iter 18/35 - loss 10.08972783 - samples/sec: 93.50 - lr: 0.031250
2021-01-28 18:12:59,662 epoch 19 - iter 21/35 - loss 9.95745564 - samples/sec: 91.70 - lr: 0.031250
2021-01-28 18:13:00,744 epoch 19 - iter 24/35 - loss 9.90690128 - samples/sec: 88.85 - lr: 0.031250
2021-01-28 18:13:02,010 epoch 19 - iter 27/35 - loss 9.82664873 - samples/sec: 75.90 - lr: 0.031250
2021-01-28 18:13:02,967 epoch 19 - iter 30/35 - loss 9.68389942 - samples/sec: 100.38 - lr: 0.031250
2021-01-28 18:13:04,055 epoch 19 - iter 33/35 - loss 9.68661209 - samples/sec: 88.32 - lr: 0.031250
2021-01-28 18:13:05,507 ----------------------------------------------------------------------------------------------------
2021-01-28 18:13:05,508 EPOCH 19 done: loss 9.7175 - lr 0.0312500
2021-01-28 18:13:07,395 DEV : loss 251.27728271484375 - score 0.0
2021-01-28 18:13:07,460 BAD EPOCHS (no improvement): 1
2021-01-28 18:13:07,463 ----------------------------------------------------------------------------------------------------
2021-01-28 18:13:08,598 epoch 20 - iter 3/35 - loss 9.37828128 - samples/sec: 85.14 - lr: 0.031250
2021-01-28 18:13:09,749 epoch 20 - iter 6/35 - loss 9.85819801 - samples/sec: 83.46 - lr: 0.031250
2021-01-28 18:13:10,755 epoch 20 - iter 9/35 - loss 9.68668546 - samples/sec: 95.58 - lr: 0.031250
2021-01-28 18:13:11,783 epoch 20 - iter 12/35 - loss 9.70216235 - samples/sec: 93.53 - lr: 0.031250
2021-01-28 18:13:13,646 epoch 20 - iter 15/35 - loss 9.79261303 - samples/sec: 51.55 - lr: 0.031250
2021-01-28 18:13:14,912 epoch 20 - iter 18/35 - loss 9.77395778 - samples/sec: 75.91 - lr: 0.031250
2021-01-28 18:13:16,403 epoch 20 - iter 21/35 - loss 9.81109667 - samples/sec: 64.41 - lr: 0.031250
2021-01-28 18:13:17,752 epoch 20 - iter 24/35 - loss 9.60990554 - samples/sec: 71.29 - lr: 0.031250
2021-01-28 18:13:19,244 epoch 20 - iter 27/35 - loss 9.62713374 - samples/sec: 64.49 - lr: 0.031250
2021-01-28 18:13:20,289 epoch 20 - iter 30/35 - loss 9.54361752 - samples/sec: 91.89 - lr: 0.031250
2021-01-28 18:13:21,564 epoch 20 - iter 33/35 - loss 9.51383890 - samples/sec: 75.38 - lr: 0.031250
2021-01-28 18:13:22,202 ----------------------------------------------------------------------------------------------------
2021-01-28 18:13:22,203 EPOCH 20 done: loss 9.5372 - lr 0.0312500
2021-01-28 18:13:23,515 DEV : loss 255.90122985839844 - score 0.0
2021-01-28 18:13:23,525 BAD EPOCHS (no improvement): 2
2021-01-28 18:13:23,526 ----------------------------------------------------------------------------------------------------
2021-01-28 18:13:24,393 epoch 21 - iter 3/35 - loss 8.79420408 - samples/sec: 110.92 - lr: 0.031250
2021-01-28 18:13:25,602 epoch 21 - iter 6/35 - loss 9.14470196 - samples/sec: 79.43 - lr: 0.031250
2021-01-28 18:13:26,983 epoch 21 - iter 9/35 - loss 9.37584390 - samples/sec: 69.56 - lr: 0.031250
2021-01-28 18:13:28,053 epoch 21 - iter 12/35 - loss 9.63540141 - samples/sec: 89.82 - lr: 0.031250
2021-01-28 18:13:29,091 epoch 21 - iter 15/35 - loss 9.55735779 - samples/sec: 92.60 - lr: 0.031250
2021-01-28 18:13:29,987 epoch 21 - iter 18/35 - loss 9.57286612 - samples/sec: 107.24 - lr: 0.031250
2021-01-28 18:13:30,877 epoch 21 - iter 21/35 - loss 9.60093939 - samples/sec: 107.90 - lr: 0.031250
2021-01-28 18:13:31,729 epoch 21 - iter 24/35 - loss 9.43653146 - samples/sec: 112.86 - lr: 0.031250
2021-01-28 18:13:32,610 epoch 21 - iter 27/35 - loss 9.48664446 - samples/sec: 109.09 - lr: 0.031250
2021-01-28 18:13:33,617 epoch 21 - iter 30/35 - loss 9.40723130 - samples/sec: 95.42 - lr: 0.031250
2021-01-28 18:13:34,491 epoch 21 - iter 33/35 - loss 9.33115660 - samples/sec: 109.87 - lr: 0.031250
2021-01-28 18:13:35,014 ----------------------------------------------------------------------------------------------------
2021-01-28 18:13:35,015 EPOCH 21 done: loss 9.4118 - lr 0.0312500
2021-01-28 18:13:36,070 DEV : loss 256.78155517578125 - score 0.0
2021-01-28 18:13:36,079 BAD EPOCHS (no improvement): 3
2021-01-28 18:13:36,080 ----------------------------------------------------------------------------------------------------
2021-01-28 18:13:37,089 epoch 22 - iter 3/35 - loss 9.47601732 - samples/sec: 95.49 - lr: 0.031250
2021-01-28 18:13:37,984 epoch 22 - iter 6/35 - loss 9.17421802 - samples/sec: 107.33 - lr: 0.031250
2021-01-28 18:13:38,741 epoch 22 - iter 9/35 - loss 9.10833613 - samples/sec: 127.02 - lr: 0.031250
2021-01-28 18:13:39,624 epoch 22 - iter 12/35 - loss 8.96462707 - samples/sec: 108.82 - lr: 0.031250
2021-01-28 18:13:40,534 epoch 22 - iter 15/35 - loss 9.18827829 - samples/sec: 105.53 - lr: 0.031250
2021-01-28 18:13:41,749 epoch 22 - iter 18/35 - loss 9.19580094 - samples/sec: 79.07 - lr: 0.031250
2021-01-28 18:13:42,675 epoch 22 - iter 21/35 - loss 9.28333074 - samples/sec: 103.85 - lr: 0.031250
2021-01-28 18:13:43,619 epoch 22 - iter 24/35 - loss 9.37671836 - samples/sec: 101.80 - lr: 0.031250
2021-01-28 18:13:44,627 epoch 22 - iter 27/35 - loss 9.44947847 - samples/sec: 95.34 - lr: 0.031250
2021-01-28 18:13:45,595 epoch 22 - iter 30/35 - loss 9.46252766 - samples/sec: 99.27 - lr: 0.031250
2021-01-28 18:13:46,673 epoch 22 - iter 33/35 - loss 9.56907798 - samples/sec: 89.08 - lr: 0.031250
2021-01-28 18:13:47,544 ----------------------------------------------------------------------------------------------------
2021-01-28 18:13:47,545 EPOCH 22 done: loss 9.5021 - lr 0.0312500
2021-01-28 18:13:49,088 DEV : loss 255.82627868652344 - score 0.0
2021-01-28 18:13:49,105 BAD EPOCHS (no improvement): 4
2021-01-28 18:13:49,108 ----------------------------------------------------------------------------------------------------
2021-01-28 18:13:50,362 epoch 23 - iter 3/35 - loss 9.39696407 - samples/sec: 76.68 - lr: 0.015625
2021-01-28 18:13:51,184 epoch 23 - iter 6/35 - loss 9.58211406 - samples/sec: 116.82 - lr: 0.015625
2021-01-28 18:13:52,319 epoch 23 - iter 9/35 - loss 9.26209884 - samples/sec: 84.70 - lr: 0.015625
2021-01-28 18:13:53,639 epoch 23 - iter 12/35 - loss 9.54518739 - samples/sec: 72.79 - lr: 0.015625
2021-01-28 18:13:54,667 epoch 23 - iter 15/35 - loss 9.80221265 - samples/sec: 93.42 - lr: 0.015625
2021-01-28 18:13:55,618 epoch 23 - iter 18/35 - loss 9.59760650 - samples/sec: 101.25 - lr: 0.015625
2021-01-28 18:13:56,759 epoch 23 - iter 21/35 - loss 9.81454577 - samples/sec: 84.16 - lr: 0.015625
2021-01-28 18:13:58,171 epoch 23 - iter 24/35 - loss 9.68252657 - samples/sec: 68.11 - lr: 0.015625
2021-01-28 18:13:58,954 epoch 23 - iter 27/35 - loss 9.55857605 - samples/sec: 122.78 - lr: 0.015625
2021-01-28 18:13:59,895 epoch 23 - iter 30/35 - loss 9.62309732 - samples/sec: 102.12 - lr: 0.015625
2021-01-28 18:14:00,848 epoch 23 - iter 33/35 - loss 9.57043347 - samples/sec: 100.85 - lr: 0.015625
2021-01-28 18:14:01,642 ----------------------------------------------------------------------------------------------------
2021-01-28 18:14:01,643 EPOCH 23 done: loss 9.5520 - lr 0.0156250
2021-01-28 18:14:02,716 DEV : loss 254.76296997070312 - score 0.0
2021-01-28 18:14:02,725 BAD EPOCHS (no improvement): 1
2021-01-28 18:14:02,726 ----------------------------------------------------------------------------------------------------
2021-01-28 18:14:03,728 epoch 24 - iter 3/35 - loss 10.19455624 - samples/sec: 96.06 - lr: 0.015625
2021-01-28 18:14:04,703 epoch 24 - iter 6/35 - loss 10.37846851 - samples/sec: 98.61 - lr: 0.015625
2021-01-28 18:14:05,628 epoch 24 - iter 9/35 - loss 9.84780704 - samples/sec: 103.80 - lr: 0.015625
2021-01-28 18:14:06,530 epoch 24 - iter 12/35 - loss 9.45842044 - samples/sec: 106.63 - lr: 0.015625
2021-01-28 18:14:07,422 epoch 24 - iter 15/35 - loss 9.41381741 - samples/sec: 107.75 - lr: 0.015625
2021-01-28 18:14:08,291 epoch 24 - iter 18/35 - loss 9.45081838 - samples/sec: 110.51 - lr: 0.015625
2021-01-28 18:14:09,405 epoch 24 - iter 21/35 - loss 9.48319894 - samples/sec: 86.23 - lr: 0.015625
2021-01-28 18:14:10,588 epoch 24 - iter 24/35 - loss 9.40672453 - samples/sec: 81.23 - lr: 0.015625
2021-01-28 18:14:12,190 epoch 24 - iter 27/35 - loss 9.36318546 - samples/sec: 59.97 - lr: 0.015625
2021-01-28 18:14:13,413 epoch 24 - iter 30/35 - loss 9.50900949 - samples/sec: 78.56 - lr: 0.015625
2021-01-28 18:14:14,566 epoch 24 - iter 33/35 - loss 9.47223080 - samples/sec: 83.31 - lr: 0.015625
2021-01-28 18:14:15,606 ----------------------------------------------------------------------------------------------------
2021-01-28 18:14:15,606 EPOCH 24 done: loss 9.4418 - lr 0.0156250
2021-01-28 18:14:25,915 DEV : loss 255.4278106689453 - score 0.0
2021-01-28 18:14:25,954 BAD EPOCHS (no improvement): 2
2021-01-28 18:14:25,955 ----------------------------------------------------------------------------------------------------
2021-01-28 18:14:27,234 epoch 25 - iter 3/35 - loss 9.10004520 - samples/sec: 75.20 - lr: 0.015625
2021-01-28 18:14:28,413 epoch 25 - iter 6/35 - loss 8.76089525 - samples/sec: 81.45 - lr: 0.015625
2021-01-28 18:14:29,696 epoch 25 - iter 9/35 - loss 9.21927145 - samples/sec: 74.88 - lr: 0.015625
2021-01-28 18:14:31,082 epoch 25 - iter 12/35 - loss 9.52122211 - samples/sec: 69.34 - lr: 0.015625
2021-01-28 18:14:32,217 epoch 25 - iter 15/35 - loss 9.53381589 - samples/sec: 84.67 - lr: 0.015625
2021-01-28 18:14:33,278 epoch 25 - iter 18/35 - loss 9.54415152 - samples/sec: 90.58 - lr: 0.015625
2021-01-28 18:14:34,340 epoch 25 - iter 21/35 - loss 9.56986273 - samples/sec: 90.50 - lr: 0.015625
2021-01-28 18:14:35,852 epoch 25 - iter 24/35 - loss 9.64387635 - samples/sec: 63.52 - lr: 0.015625
2021-01-28 18:14:36,701 epoch 25 - iter 27/35 - loss 9.62515764 - samples/sec: 113.17 - lr: 0.015625
2021-01-28 18:14:37,624 epoch 25 - iter 30/35 - loss 9.48819160 - samples/sec: 104.17 - lr: 0.015625
2021-01-28 18:14:38,408 epoch 25 - iter 33/35 - loss 9.44804981 - samples/sec: 122.51 - lr: 0.015625
2021-01-28 18:14:38,884 ----------------------------------------------------------------------------------------------------
2021-01-28 18:14:38,885 EPOCH 25 done: loss 9.4500 - lr 0.0156250
2021-01-28 18:14:39,965 DEV : loss 255.1663360595703 - score 0.0
2021-01-28 18:14:39,973 BAD EPOCHS (no improvement): 3
2021-01-28 18:14:39,988 ----------------------------------------------------------------------------------------------------
2021-01-28 18:14:41,162 epoch 26 - iter 3/35 - loss 9.29740206 - samples/sec: 81.95 - lr: 0.015625
2021-01-28 18:14:42,087 epoch 26 - iter 6/35 - loss 9.61873039 - samples/sec: 103.89 - lr: 0.015625
2021-01-28 18:14:43,353 epoch 26 - iter 9/35 - loss 9.59354030 - samples/sec: 75.87 - lr: 0.015625
2021-01-28 18:14:44,331 epoch 26 - iter 12/35 - loss 9.59062537 - samples/sec: 98.22 - lr: 0.015625
2021-01-28 18:14:45,468 epoch 26 - iter 15/35 - loss 9.76556911 - samples/sec: 84.51 - lr: 0.015625
2021-01-28 18:14:46,442 epoch 26 - iter 18/35 - loss 9.63062361 - samples/sec: 98.66 - lr: 0.015625
2021-01-28 18:14:47,431 epoch 26 - iter 21/35 - loss 9.60495785 - samples/sec: 97.14 - lr: 0.015625
2021-01-28 18:14:48,410 epoch 26 - iter 24/35 - loss 9.59890882 - samples/sec: 98.12 - lr: 0.015625
2021-01-28 18:14:49,436 epoch 26 - iter 27/35 - loss 9.54489097 - samples/sec: 93.74 - lr: 0.015625
2021-01-28 18:14:50,358 epoch 26 - iter 30/35 - loss 9.43756305 - samples/sec: 104.36 - lr: 0.015625
2021-01-28 18:14:52,053 epoch 26 - iter 33/35 - loss 9.51553037 - samples/sec: 57.62 - lr: 0.015625
2021-01-28 18:14:52,608 ----------------------------------------------------------------------------------------------------
2021-01-28 18:14:52,608 EPOCH 26 done: loss 9.5248 - lr 0.0156250
2021-01-28 18:14:53,761 DEV : loss 254.77365112304688 - score 0.0
2021-01-28 18:14:53,771 BAD EPOCHS (no improvement): 4
2021-01-28 18:14:53,773 ----------------------------------------------------------------------------------------------------
2021-01-28 18:14:54,730 epoch 27 - iter 3/35 - loss 8.96501605 - samples/sec: 100.50 - lr: 0.007812
2021-01-28 18:14:55,815 epoch 27 - iter 6/35 - loss 8.82946014 - samples/sec: 88.56 - lr: 0.007812
2021-01-28 18:14:56,763 epoch 27 - iter 9/35 - loss 9.37862820 - samples/sec: 101.39 - lr: 0.007812
2021-01-28 18:14:57,622 epoch 27 - iter 12/35 - loss 9.12278910 - samples/sec: 111.87 - lr: 0.007812
2021-01-28 18:14:58,657 epoch 27 - iter 15/35 - loss 9.16349068 - samples/sec: 92.86 - lr: 0.007812
2021-01-28 18:14:59,604 epoch 27 - iter 18/35 - loss 9.26817571 - samples/sec: 101.50 - lr: 0.007812
2021-01-28 18:15:00,741 epoch 27 - iter 21/35 - loss 9.45453299 - samples/sec: 84.60 - lr: 0.007812
2021-01-28 18:15:02,050 epoch 27 - iter 24/35 - loss 9.44605172 - samples/sec: 73.40 - lr: 0.007812
2021-01-28 18:15:03,123 epoch 27 - iter 27/35 - loss 9.45929093 - samples/sec: 89.57 - lr: 0.007812
2021-01-28 18:15:04,225 epoch 27 - iter 30/35 - loss 9.41287408 - samples/sec: 87.18 - lr: 0.007812
2021-01-28 18:15:05,624 epoch 27 - iter 33/35 - loss 9.37890128 - samples/sec: 68.93 - lr: 0.007812
2021-01-28 18:15:06,251 ----------------------------------------------------------------------------------------------------
2021-01-28 18:15:06,252 EPOCH 27 done: loss 9.4440 - lr 0.0078125
2021-01-28 18:15:07,872 DEV : loss 255.948974609375 - score 0.0
2021-01-28 18:15:07,882 BAD EPOCHS (no improvement): 1
2021-01-28 18:15:07,883 ----------------------------------------------------------------------------------------------------
2021-01-28 18:15:08,963 epoch 28 - iter 3/35 - loss 9.97557259 - samples/sec: 89.03 - lr: 0.007812
2021-01-28 18:15:09,951 epoch 28 - iter 6/35 - loss 9.82379087 - samples/sec: 97.22 - lr: 0.007812
2021-01-28 18:15:10,805 epoch 28 - iter 9/35 - loss 9.39021847 - samples/sec: 112.56 - lr: 0.007812
2021-01-28 18:15:12,152 epoch 28 - iter 12/35 - loss 9.39260217 - samples/sec: 71.29 - lr: 0.007812
2021-01-28 18:15:13,258 epoch 28 - iter 15/35 - loss 9.45974124 - samples/sec: 86.89 - lr: 0.007812
2021-01-28 18:15:14,253 epoch 28 - iter 18/35 - loss 9.07609773 - samples/sec: 96.57 - lr: 0.007812
2021-01-28 18:15:15,183 epoch 28 - iter 21/35 - loss 9.05655525 - samples/sec: 103.64 - lr: 0.007812
2021-01-28 18:15:16,016 epoch 28 - iter 24/35 - loss 9.12630967 - samples/sec: 115.31 - lr: 0.007812
2021-01-28 18:15:17,031 epoch 28 - iter 27/35 - loss 9.16974836 - samples/sec: 94.70 - lr: 0.007812
2021-01-28 18:15:17,906 epoch 28 - iter 30/35 - loss 9.13199131 - samples/sec: 109.77 - lr: 0.007812
2021-01-28 18:15:19,084 epoch 28 - iter 33/35 - loss 9.28669148 - samples/sec: 81.56 - lr: 0.007812
2021-01-28 18:15:19,671 ----------------------------------------------------------------------------------------------------
2021-01-28 18:15:19,672 EPOCH 28 done: loss 9.2617 - lr 0.0078125
2021-01-28 18:15:20,817 DEV : loss 255.46343994140625 - score 0.0
2021-01-28 18:15:20,825 BAD EPOCHS (no improvement): 2
2021-01-28 18:15:20,826 ----------------------------------------------------------------------------------------------------
2021-01-28 18:15:22,006 epoch 29 - iter 3/35 - loss 8.68738079 - samples/sec: 81.45 - lr: 0.007812
2021-01-28 18:15:23,040 epoch 29 - iter 6/35 - loss 9.02817027 - samples/sec: 92.86 - lr: 0.007812
2021-01-28 18:15:24,052 epoch 29 - iter 9/35 - loss 9.34286499 - samples/sec: 95.02 - lr: 0.007812
2021-01-28 18:15:25,070 epoch 29 - iter 12/35 - loss 9.57751036 - samples/sec: 94.37 - lr: 0.007812
2021-01-28 18:15:25,951 epoch 29 - iter 15/35 - loss 9.46737429 - samples/sec: 109.11 - lr: 0.007812
2021-01-28 18:15:26,902 epoch 29 - iter 18/35 - loss 9.32148928 - samples/sec: 100.99 - lr: 0.007812
2021-01-28 18:15:28,358 epoch 29 - iter 21/35 - loss 9.24156698 - samples/sec: 66.01 - lr: 0.007812
2021-01-28 18:15:29,345 epoch 29 - iter 24/35 - loss 9.16738196 - samples/sec: 97.38 - lr: 0.007812
2021-01-28 18:15:30,400 epoch 29 - iter 27/35 - loss 9.37874896 - samples/sec: 90.99 - lr: 0.007812
2021-01-28 18:15:31,485 epoch 29 - iter 30/35 - loss 9.37638944 - samples/sec: 88.61 - lr: 0.007812
2021-01-28 18:15:32,361 epoch 29 - iter 33/35 - loss 9.32518202 - samples/sec: 109.61 - lr: 0.007812
2021-01-28 18:15:32,966 ----------------------------------------------------------------------------------------------------
2021-01-28 18:15:32,967 EPOCH 29 done: loss 9.2925 - lr 0.0078125
2021-01-28 18:15:34,216 DEV : loss 257.0426025390625 - score 0.0
2021-01-28 18:15:34,227 BAD EPOCHS (no improvement): 3
2021-01-28 18:15:34,228 ----------------------------------------------------------------------------------------------------
2021-01-28 18:15:35,474 epoch 30 - iter 3/35 - loss 9.31707795 - samples/sec: 77.15 - lr: 0.007812
2021-01-28 18:15:36,595 epoch 30 - iter 6/35 - loss 9.26469517 - samples/sec: 85.65 - lr: 0.007812
2021-01-28 18:15:38,011 epoch 30 - iter 9/35 - loss 9.05079471 - samples/sec: 67.89 - lr: 0.007812
2021-01-28 18:15:39,489 epoch 30 - iter 12/35 - loss 9.36177595 - samples/sec: 65.00 - lr: 0.007812
2021-01-28 18:15:40,808 epoch 30 - iter 15/35 - loss 9.19825611 - samples/sec: 72.82 - lr: 0.007812
2021-01-28 18:15:41,870 epoch 30 - iter 18/35 - loss 9.22144662 - samples/sec: 90.58 - lr: 0.007812
2021-01-28 18:15:42,847 epoch 30 - iter 21/35 - loss 9.21940004 - samples/sec: 98.29 - lr: 0.007812
2021-01-28 18:15:43,626 epoch 30 - iter 24/35 - loss 9.14357416 - samples/sec: 123.42 - lr: 0.007812
2021-01-28 18:15:44,879 epoch 30 - iter 27/35 - loss 9.19268760 - samples/sec: 76.68 - lr: 0.007812
2021-01-28 18:15:46,199 epoch 30 - iter 30/35 - loss 9.20538473 - samples/sec: 72.77 - lr: 0.007812
2021-01-28 18:15:47,019 epoch 30 - iter 33/35 - loss 9.24183531 - samples/sec: 117.18 - lr: 0.007812
2021-01-28 18:15:47,567 ----------------------------------------------------------------------------------------------------
2021-01-28 18:15:47,567 EPOCH 30 done: loss 9.2361 - lr 0.0078125
2021-01-28 18:15:48,661 DEV : loss 256.1182861328125 - score 0.0
2021-01-28 18:15:48,672 BAD EPOCHS (no improvement): 4
2021-01-28 18:15:48,674 ----------------------------------------------------------------------------------------------------
2021-01-28 18:15:49,635 epoch 31 - iter 3/35 - loss 8.85021305 - samples/sec: 99.94 - lr: 0.003906
2021-01-28 18:15:50,905 epoch 31 - iter 6/35 - loss 9.30218347 - samples/sec: 75.66 - lr: 0.003906
2021-01-28 18:15:52,154 epoch 31 - iter 9/35 - loss 9.36635855 - samples/sec: 76.91 - lr: 0.003906
2021-01-28 18:15:53,186 epoch 31 - iter 12/35 - loss 9.58184648 - samples/sec: 93.18 - lr: 0.003906
2021-01-28 18:15:54,054 epoch 31 - iter 15/35 - loss 9.34398088 - samples/sec: 110.66 - lr: 0.003906
2021-01-28 18:15:54,924 epoch 31 - iter 18/35 - loss 9.38448495 - samples/sec: 110.49 - lr: 0.003906
2021-01-28 18:15:55,749 epoch 31 - iter 21/35 - loss 9.43252152 - samples/sec: 116.50 - lr: 0.003906
2021-01-28 18:15:56,639 epoch 31 - iter 24/35 - loss 9.29276290 - samples/sec: 107.94 - lr: 0.003906
2021-01-28 18:15:57,819 epoch 31 - iter 27/35 - loss 9.35561592 - samples/sec: 81.41 - lr: 0.003906
2021-01-28 18:15:58,973 epoch 31 - iter 30/35 - loss 9.46553772 - samples/sec: 83.38 - lr: 0.003906
2021-01-28 18:16:00,122 epoch 31 - iter 33/35 - loss 9.41852546 - samples/sec: 83.65 - lr: 0.003906
2021-01-28 18:16:00,991 ----------------------------------------------------------------------------------------------------
2021-01-28 18:16:00,992 EPOCH 31 done: loss 9.3968 - lr 0.0039062
2021-01-28 18:16:02,562 DEV : loss 256.3721923828125 - score 0.0
2021-01-28 18:16:02,570 BAD EPOCHS (no improvement): 1
2021-01-28 18:16:02,573 ----------------------------------------------------------------------------------------------------
2021-01-28 18:16:03,878 epoch 32 - iter 3/35 - loss 9.32616742 - samples/sec: 73.62 - lr: 0.003906
2021-01-28 18:16:05,037 epoch 32 - iter 6/35 - loss 9.55028073 - samples/sec: 82.94 - lr: 0.003906
2021-01-28 18:16:06,030 epoch 32 - iter 9/35 - loss 9.89202245 - samples/sec: 96.79 - lr: 0.003906
2021-01-28 18:16:07,298 epoch 32 - iter 12/35 - loss 9.73926671 - samples/sec: 75.75 - lr: 0.003906
2021-01-28 18:16:08,034 epoch 32 - iter 15/35 - loss 9.35789782 - samples/sec: 130.57 - lr: 0.003906
2021-01-28 18:16:08,973 epoch 32 - iter 18/35 - loss 9.35574812 - samples/sec: 102.30 - lr: 0.003906
2021-01-28 18:16:10,022 epoch 32 - iter 21/35 - loss 9.27872417 - samples/sec: 91.62 - lr: 0.003906
2021-01-28 18:16:11,000 epoch 32 - iter 24/35 - loss 9.18358644 - samples/sec: 98.29 - lr: 0.003906
2021-01-28 18:16:11,896 epoch 32 - iter 27/35 - loss 9.16041604 - samples/sec: 107.22 - lr: 0.003906
2021-01-28 18:16:12,857 epoch 32 - iter 30/35 - loss 9.20711187 - samples/sec: 99.98 - lr: 0.003906
2021-01-28 18:16:13,810 epoch 32 - iter 33/35 - loss 9.29171262 - samples/sec: 100.82 - lr: 0.003906
2021-01-28 18:16:14,423 ----------------------------------------------------------------------------------------------------
2021-01-28 18:16:14,424 EPOCH 32 done: loss 9.2777 - lr 0.0039062
2021-01-28 18:16:15,482 DEV : loss 256.7003479003906 - score 0.0
2021-01-28 18:16:15,493 BAD EPOCHS (no improvement): 2
2021-01-28 18:16:15,494 ----------------------------------------------------------------------------------------------------
2021-01-28 18:16:16,683 epoch 33 - iter 3/35 - loss 8.42476368 - samples/sec: 80.84 - lr: 0.003906
2021-01-28 18:16:17,521 epoch 33 - iter 6/35 - loss 8.86442566 - samples/sec: 114.61 - lr: 0.003906
2021-01-28 18:16:18,398 epoch 33 - iter 9/35 - loss 9.24046389 - samples/sec: 109.68 - lr: 0.003906
2021-01-28 18:16:19,277 epoch 33 - iter 12/35 - loss 9.30946223 - samples/sec: 109.32 - lr: 0.003906
2021-01-28 18:16:20,146 epoch 33 - iter 15/35 - loss 9.34762052 - samples/sec: 110.56 - lr: 0.003906
2021-01-28 18:16:21,732 epoch 33 - iter 18/35 - loss 9.39660647 - samples/sec: 60.57 - lr: 0.003906
2021-01-28 18:16:22,732 epoch 33 - iter 21/35 - loss 9.36729415 - samples/sec: 96.16 - lr: 0.003906
2021-01-28 18:16:23,795 epoch 33 - iter 24/35 - loss 9.49996716 - samples/sec: 90.41 - lr: 0.003906
2021-01-28 18:16:24,800 epoch 33 - iter 27/35 - loss 9.54873825 - samples/sec: 95.57 - lr: 0.003906
2021-01-28 18:16:25,924 epoch 33 - iter 30/35 - loss 9.47371739 - samples/sec: 85.48 - lr: 0.003906
2021-01-28 18:16:27,162 epoch 33 - iter 33/35 - loss 9.32576250 - samples/sec: 77.61 - lr: 0.003906
2021-01-28 18:16:27,920 ----------------------------------------------------------------------------------------------------
2021-01-28 18:16:27,922 EPOCH 33 done: loss 9.2676 - lr 0.0039062
2021-01-28 18:16:29,425 DEV : loss 256.2030334472656 - score 0.0
2021-01-28 18:16:29,435 BAD EPOCHS (no improvement): 3
2021-01-28 18:16:29,440 ----------------------------------------------------------------------------------------------------
2021-01-28 18:16:30,481 epoch 34 - iter 3/35 - loss 8.49077336 - samples/sec: 92.46 - lr: 0.003906
2021-01-28 18:16:31,445 epoch 34 - iter 6/35 - loss 9.34063458 - samples/sec: 99.59 - lr: 0.003906
2021-01-28 18:16:32,385 epoch 34 - iter 9/35 - loss 9.29826233 - samples/sec: 102.22 - lr: 0.003906
2021-01-28 18:16:33,302 epoch 34 - iter 12/35 - loss 9.13636283 - samples/sec: 104.79 - lr: 0.003906
2021-01-28 18:16:34,143 epoch 34 - iter 15/35 - loss 9.07479811 - samples/sec: 114.28 - lr: 0.003906
2021-01-28 18:16:35,045 epoch 34 - iter 18/35 - loss 9.33134961 - samples/sec: 106.60 - lr: 0.003906
2021-01-28 18:16:36,123 epoch 34 - iter 21/35 - loss 9.37372124 - samples/sec: 89.15 - lr: 0.003906
2021-01-28 18:16:37,056 epoch 34 - iter 24/35 - loss 9.35050052 - samples/sec: 102.94 - lr: 0.003906
2021-01-28 18:16:38,411 epoch 34 - iter 27/35 - loss 9.43250870 - samples/sec: 70.87 - lr: 0.003906
2021-01-28 18:16:39,196 epoch 34 - iter 30/35 - loss 9.36196580 - samples/sec: 122.50 - lr: 0.003906
2021-01-28 18:16:40,025 epoch 34 - iter 33/35 - loss 9.30247759 - samples/sec: 115.95 - lr: 0.003906
2021-01-28 18:16:40,730 ----------------------------------------------------------------------------------------------------
2021-01-28 18:16:40,731 EPOCH 34 done: loss 9.3057 - lr 0.0039062
2021-01-28 18:16:41,910 DEV : loss 256.6121826171875 - score 0.0
2021-01-28 18:16:41,918 BAD EPOCHS (no improvement): 4
2021-01-28 18:16:41,920 ----------------------------------------------------------------------------------------------------
2021-01-28 18:16:42,883 epoch 35 - iter 3/35 - loss 9.61286926 - samples/sec: 99.75 - lr: 0.001953
2021-01-28 18:16:43,909 epoch 35 - iter 6/35 - loss 9.34086895 - samples/sec: 93.65 - lr: 0.001953
2021-01-28 18:16:44,731 epoch 35 - iter 9/35 - loss 8.96573416 - samples/sec: 117.01 - lr: 0.001953
2021-01-28 18:16:45,710 epoch 35 - iter 12/35 - loss 9.05726532 - samples/sec: 98.14 - lr: 0.001953
2021-01-28 18:16:46,682 epoch 35 - iter 15/35 - loss 9.31419783 - samples/sec: 98.90 - lr: 0.001953
2021-01-28 18:16:48,041 epoch 35 - iter 18/35 - loss 9.28201365 - samples/sec: 70.67 - lr: 0.001953
2021-01-28 18:16:49,145 epoch 35 - iter 21/35 - loss 9.26455495 - samples/sec: 87.04 - lr: 0.001953
2021-01-28 18:16:50,128 epoch 35 - iter 24/35 - loss 9.33023308 - samples/sec: 97.78 - lr: 0.001953
2021-01-28 18:16:51,054 epoch 35 - iter 27/35 - loss 9.37038791 - samples/sec: 103.81 - lr: 0.001953
2021-01-28 18:16:52,210 epoch 35 - iter 30/35 - loss 9.42048510 - samples/sec: 83.06 - lr: 0.001953
2021-01-28 18:16:53,224 epoch 35 - iter 33/35 - loss 9.25112022 - samples/sec: 94.80 - lr: 0.001953
2021-01-28 18:16:54,134 ----------------------------------------------------------------------------------------------------
2021-01-28 18:16:54,136 EPOCH 35 done: loss 9.3072 - lr 0.0019531
2021-01-28 18:16:55,534 DEV : loss 256.4658203125 - score 0.0
2021-01-28 18:16:55,544 BAD EPOCHS (no improvement): 1
2021-01-28 18:16:55,547 ----------------------------------------------------------------------------------------------------
2021-01-28 18:16:56,611 epoch 36 - iter 3/35 - loss 10.63652738 - samples/sec: 90.63 - lr: 0.001953
2021-01-28 18:16:57,547 epoch 36 - iter 6/35 - loss 10.00058826 - samples/sec: 102.61 - lr: 0.001953
2021-01-28 18:16:58,487 epoch 36 - iter 9/35 - loss 9.79612605 - samples/sec: 102.22 - lr: 0.001953
2021-01-28 18:16:59,436 epoch 36 - iter 12/35 - loss 10.07230075 - samples/sec: 101.28 - lr: 0.001953
2021-01-28 18:17:00,328 epoch 36 - iter 15/35 - loss 10.00886453 - samples/sec: 107.74 - lr: 0.001953
2021-01-28 18:17:01,172 epoch 36 - iter 18/35 - loss 9.73931808 - samples/sec: 114.01 - lr: 0.001953
2021-01-28 18:17:02,198 epoch 36 - iter 21/35 - loss 9.63270971 - samples/sec: 93.64 - lr: 0.001953
2021-01-28 18:17:03,842 epoch 36 - iter 24/35 - loss 9.50977176 - samples/sec: 58.43 - lr: 0.001953
2021-01-28 18:17:04,740 epoch 36 - iter 27/35 - loss 9.42185651 - samples/sec: 107.07 - lr: 0.001953
2021-01-28 18:17:05,644 epoch 36 - iter 30/35 - loss 9.32341771 - samples/sec: 106.27 - lr: 0.001953
2021-01-28 18:17:07,152 epoch 36 - iter 33/35 - loss 9.37679768 - samples/sec: 63.69 - lr: 0.001953
2021-01-28 18:17:07,707 ----------------------------------------------------------------------------------------------------
2021-01-28 18:17:07,708 EPOCH 36 done: loss 9.4097 - lr 0.0019531
2021-01-28 18:17:08,923 DEV : loss 256.4945068359375 - score 0.0
2021-01-28 18:17:08,933 BAD EPOCHS (no improvement): 2
2021-01-28 18:17:08,934 ----------------------------------------------------------------------------------------------------
2021-01-28 18:17:10,203 epoch 37 - iter 3/35 - loss 9.21629715 - samples/sec: 75.76 - lr: 0.001953
2021-01-28 18:17:11,844 epoch 37 - iter 6/35 - loss 9.38486218 - samples/sec: 58.54 - lr: 0.001953
2021-01-28 18:17:12,801 epoch 37 - iter 9/35 - loss 9.71316364 - samples/sec: 100.42 - lr: 0.001953
2021-01-28 18:17:14,020 epoch 37 - iter 12/35 - loss 9.52643971 - samples/sec: 78.78 - lr: 0.001953
2021-01-28 18:17:15,083 epoch 37 - iter 15/35 - loss 9.42971455 - samples/sec: 90.40 - lr: 0.001953
2021-01-28 18:17:16,026 epoch 37 - iter 18/35 - loss 9.42459411 - samples/sec: 101.87 - lr: 0.001953
2021-01-28 18:17:17,004 epoch 37 - iter 21/35 - loss 9.44564681 - samples/sec: 98.27 - lr: 0.001953
2021-01-28 18:17:18,549 epoch 37 - iter 24/35 - loss 9.54046911 - samples/sec: 62.18 - lr: 0.001953
2021-01-28 18:17:19,525 epoch 37 - iter 27/35 - loss 9.44532297 - samples/sec: 98.47 - lr: 0.001953
2021-01-28 18:17:20,497 epoch 37 - iter 30/35 - loss 9.37047127 - samples/sec: 98.86 - lr: 0.001953
2021-01-28 18:17:21,496 epoch 37 - iter 33/35 - loss 9.38992880 - samples/sec: 96.29 - lr: 0.001953
2021-01-28 18:17:22,158 ----------------------------------------------------------------------------------------------------
2021-01-28 18:17:22,159 EPOCH 37 done: loss 9.3921 - lr 0.0019531
2021-01-28 18:17:23,659 DEV : loss 256.4640197753906 - score 0.0
2021-01-28 18:17:23,667 BAD EPOCHS (no improvement): 3
2021-01-28 18:17:23,668 ----------------------------------------------------------------------------------------------------
2021-01-28 18:17:25,179 epoch 38 - iter 3/35 - loss 10.02065245 - samples/sec: 63.60 - lr: 0.001953
2021-01-28 18:17:26,318 epoch 38 - iter 6/35 - loss 9.48643128 - samples/sec: 84.33 - lr: 0.001953
2021-01-28 18:17:27,241 epoch 38 - iter 9/35 - loss 8.90818977 - samples/sec: 104.16 - lr: 0.001953
2021-01-28 18:17:28,478 epoch 38 - iter 12/35 - loss 8.85645620 - samples/sec: 77.63 - lr: 0.001953
2021-01-28 18:17:29,560 epoch 38 - iter 15/35 - loss 8.97701626 - samples/sec: 88.80 - lr: 0.001953
2021-01-28 18:17:30,691 epoch 38 - iter 18/35 - loss 8.98293569 - samples/sec: 84.94 - lr: 0.001953
2021-01-28 18:17:31,618 epoch 38 - iter 21/35 - loss 9.18554969 - samples/sec: 103.70 - lr: 0.001953
2021-01-28 18:17:32,599 epoch 38 - iter 24/35 - loss 9.22813491 - samples/sec: 97.92 - lr: 0.001953
2021-01-28 18:17:33,641 epoch 38 - iter 27/35 - loss 9.22397147 - samples/sec: 92.22 - lr: 0.001953
2021-01-28 18:17:34,739 epoch 38 - iter 30/35 - loss 9.30541636 - samples/sec: 87.52 - lr: 0.001953
2021-01-28 18:17:36,008 epoch 38 - iter 33/35 - loss 9.33711800 - samples/sec: 75.72 - lr: 0.001953
2021-01-28 18:17:36,835 ----------------------------------------------------------------------------------------------------
2021-01-28 18:17:36,835 EPOCH 38 done: loss 9.3378 - lr 0.0019531
2021-01-28 18:17:38,051 DEV : loss 256.4063415527344 - score 0.0
2021-01-28 18:17:38,060 BAD EPOCHS (no improvement): 4
2021-01-28 18:17:38,062 ----------------------------------------------------------------------------------------------------
2021-01-28 18:17:39,289 epoch 39 - iter 3/35 - loss 11.16468716 - samples/sec: 78.38 - lr: 0.000977
2021-01-28 18:17:40,247 epoch 39 - iter 6/35 - loss 10.62885046 - samples/sec: 100.29 - lr: 0.000977
2021-01-28 18:17:41,073 epoch 39 - iter 9/35 - loss 9.67246066 - samples/sec: 116.47 - lr: 0.000977
2021-01-28 18:17:41,953 epoch 39 - iter 12/35 - loss 9.36181378 - samples/sec: 109.14 - lr: 0.000977
2021-01-28 18:17:42,902 epoch 39 - iter 15/35 - loss 9.46052024 - samples/sec: 101.25 - lr: 0.000977
2021-01-28 18:17:43,824 epoch 39 - iter 18/35 - loss 9.52045266 - samples/sec: 104.21 - lr: 0.000977
2021-01-28 18:17:44,769 epoch 39 - iter 21/35 - loss 9.42929543 - samples/sec: 101.72 - lr: 0.000977
2021-01-28 18:17:46,031 epoch 39 - iter 24/35 - loss 9.42173304 - samples/sec: 76.14 - lr: 0.000977
2021-01-28 18:17:46,976 epoch 39 - iter 27/35 - loss 9.38135223 - samples/sec: 101.69 - lr: 0.000977
2021-01-28 18:17:48,028 epoch 39 - iter 30/35 - loss 9.40559684 - samples/sec: 91.37 - lr: 0.000977
2021-01-28 18:17:49,157 epoch 39 - iter 33/35 - loss 9.44047080 - samples/sec: 85.06 - lr: 0.000977
2021-01-28 18:17:49,746 ----------------------------------------------------------------------------------------------------
2021-01-28 18:17:49,747 EPOCH 39 done: loss 9.3530 - lr 0.0009766
2021-01-28 18:17:50,817 DEV : loss 256.4761047363281 - score 0.0
2021-01-28 18:17:50,826 BAD EPOCHS (no improvement): 1
2021-01-28 18:17:50,827 ----------------------------------------------------------------------------------------------------
2021-01-28 18:17:52,093 epoch 40 - iter 3/35 - loss 9.85650508 - samples/sec: 76.05 - lr: 0.000977
2021-01-28 18:17:53,044 epoch 40 - iter 6/35 - loss 9.00706943 - samples/sec: 101.05 - lr: 0.000977
2021-01-28 18:17:53,992 epoch 40 - iter 9/35 - loss 9.30001969 - samples/sec: 101.41 - lr: 0.000977
2021-01-28 18:17:54,994 epoch 40 - iter 12/35 - loss 9.41076128 - samples/sec: 95.88 - lr: 0.000977
2021-01-28 18:17:55,911 epoch 40 - iter 15/35 - loss 9.24292949 - samples/sec: 104.82 - lr: 0.000977
2021-01-28 18:17:57,240 epoch 40 - iter 18/35 - loss 9.22742266 - samples/sec: 72.27 - lr: 0.000977
2021-01-28 18:17:58,084 epoch 40 - iter 21/35 - loss 9.22570728 - samples/sec: 113.83 - lr: 0.000977
2021-01-28 18:17:59,063 epoch 40 - iter 24/35 - loss 9.32018963 - samples/sec: 98.22 - lr: 0.000977
2021-01-28 18:18:00,217 epoch 40 - iter 27/35 - loss 9.34096282 - samples/sec: 83.24 - lr: 0.000977
2021-01-28 18:18:01,563 epoch 40 - iter 30/35 - loss 9.30826495 - samples/sec: 71.35 - lr: 0.000977
2021-01-28 18:18:02,687 epoch 40 - iter 33/35 - loss 9.28650665 - samples/sec: 85.46 - lr: 0.000977
2021-01-28 18:18:03,235 ----------------------------------------------------------------------------------------------------
2021-01-28 18:18:03,236 EPOCH 40 done: loss 9.2659 - lr 0.0009766
2021-01-28 18:18:05,084 DEV : loss 256.6046142578125 - score 0.0
2021-01-28 18:18:05,092 BAD EPOCHS (no improvement): 2
2021-01-28 18:18:05,093 ----------------------------------------------------------------------------------------------------
2021-01-28 18:18:06,407 epoch 41 - iter 3/35 - loss 9.12367090 - samples/sec: 73.56 - lr: 0.000977
2021-01-28 18:18:07,614 epoch 41 - iter 6/35 - loss 8.62416093 - samples/sec: 79.64 - lr: 0.000977
2021-01-28 18:18:09,291 epoch 41 - iter 9/35 - loss 8.95511913 - samples/sec: 57.25 - lr: 0.000977
2021-01-28 18:18:10,736 epoch 41 - iter 12/35 - loss 9.09448624 - samples/sec: 66.77 - lr: 0.000977
2021-01-28 18:18:12,526 epoch 41 - iter 15/35 - loss 9.05047455 - samples/sec: 53.68 - lr: 0.000977
2021-01-28 18:18:14,054 epoch 41 - iter 18/35 - loss 9.08085632 - samples/sec: 62.86 - lr: 0.000977
2021-01-28 18:18:15,609 epoch 41 - iter 21/35 - loss 9.09253007 - samples/sec: 61.84 - lr: 0.000977
2021-01-28 18:18:17,310 epoch 41 - iter 24/35 - loss 9.23478051 - samples/sec: 56.54 - lr: 0.000977
2021-01-28 18:18:18,650 epoch 41 - iter 27/35 - loss 9.25796466 - samples/sec: 71.65 - lr: 0.000977
2021-01-28 18:18:19,623 epoch 41 - iter 30/35 - loss 9.22075030 - samples/sec: 98.77 - lr: 0.000977
2021-01-28 18:18:21,292 epoch 41 - iter 33/35 - loss 9.31134923 - samples/sec: 57.56 - lr: 0.000977
2021-01-28 18:18:22,071 ----------------------------------------------------------------------------------------------------
2021-01-28 18:18:22,073 EPOCH 41 done: loss 9.2502 - lr 0.0009766
2021-01-28 18:18:23,548 DEV : loss 256.648681640625 - score 0.0
2021-01-28 18:18:23,558 BAD EPOCHS (no improvement): 3
2021-01-28 18:18:23,562 ----------------------------------------------------------------------------------------------------
2021-01-28 18:18:24,518 epoch 42 - iter 3/35 - loss 8.84560808 - samples/sec: 100.88 - lr: 0.000977
2021-01-28 18:18:25,718 epoch 42 - iter 6/35 - loss 9.53970305 - samples/sec: 80.07 - lr: 0.000977
2021-01-28 18:18:26,972 epoch 42 - iter 9/35 - loss 9.40340641 - samples/sec: 76.93 - lr: 0.000977
2021-01-28 18:18:28,175 epoch 42 - iter 12/35 - loss 9.08831902 - samples/sec: 79.88 - lr: 0.000977
2021-01-28 18:18:29,701 epoch 42 - iter 15/35 - loss 9.13621880 - samples/sec: 62.96 - lr: 0.000977
2021-01-28 18:18:30,929 epoch 42 - iter 18/35 - loss 9.48038342 - samples/sec: 78.22 - lr: 0.000977
2021-01-28 18:18:31,950 epoch 42 - iter 21/35 - loss 9.59702925 - samples/sec: 94.10 - lr: 0.000977
2021-01-28 18:18:32,979 epoch 42 - iter 24/35 - loss 9.56411276 - samples/sec: 93.34 - lr: 0.000977
2021-01-28 18:18:33,852 epoch 42 - iter 27/35 - loss 9.48408701 - samples/sec: 110.18 - lr: 0.000977
2021-01-28 18:18:35,169 epoch 42 - iter 30/35 - loss 9.31116460 - samples/sec: 73.01 - lr: 0.000977
2021-01-28 18:18:36,054 epoch 42 - iter 33/35 - loss 9.34290247 - samples/sec: 108.61 - lr: 0.000977
2021-01-28 18:18:36,637 ----------------------------------------------------------------------------------------------------
2021-01-28 18:18:36,637 EPOCH 42 done: loss 9.3866 - lr 0.0009766
2021-01-28 18:18:37,715 DEV : loss 256.6268310546875 - score 0.0
2021-01-28 18:18:37,724 BAD EPOCHS (no improvement): 4
2021-01-28 18:18:37,727 ----------------------------------------------------------------------------------------------------
2021-01-28 18:18:38,720 epoch 43 - iter 3/35 - loss 8.83865261 - samples/sec: 97.19 - lr: 0.000488
2021-01-28 18:18:39,990 epoch 43 - iter 6/35 - loss 9.36256917 - samples/sec: 75.63 - lr: 0.000488
2021-01-28 18:18:40,935 epoch 43 - iter 9/35 - loss 9.13042906 - samples/sec: 101.68 - lr: 0.000488
2021-01-28 18:18:41,924 epoch 43 - iter 12/35 - loss 9.11372479 - samples/sec: 97.52 - lr: 0.000488
2021-01-28 18:18:43,022 epoch 43 - iter 15/35 - loss 9.45026716 - samples/sec: 87.51 - lr: 0.000488
2021-01-28 18:18:44,449 epoch 43 - iter 18/35 - loss 9.50235107 - samples/sec: 67.35 - lr: 0.000488
2021-01-28 18:18:45,615 epoch 43 - iter 21/35 - loss 9.48927484 - samples/sec: 82.38 - lr: 0.000488
2021-01-28 18:18:46,445 epoch 43 - iter 24/35 - loss 9.37659180 - samples/sec: 115.79 - lr: 0.000488
2021-01-28 18:18:47,310 epoch 43 - iter 27/35 - loss 9.31916611 - samples/sec: 111.15 - lr: 0.000488
2021-01-28 18:18:48,133 epoch 43 - iter 30/35 - loss 9.44328394 - samples/sec: 116.71 - lr: 0.000488
2021-01-28 18:18:49,009 epoch 43 - iter 33/35 - loss 9.41272608 - samples/sec: 109.69 - lr: 0.000488
2021-01-28 18:18:49,612 ----------------------------------------------------------------------------------------------------
2021-01-28 18:18:49,613 EPOCH 43 done: loss 9.4646 - lr 0.0004883
2021-01-28 18:18:50,642 DEV : loss 256.56231689453125 - score 0.0
2021-01-28 18:18:50,650 BAD EPOCHS (no improvement): 1
2021-01-28 18:18:50,652 ----------------------------------------------------------------------------------------------------
2021-01-28 18:18:51,603 epoch 44 - iter 3/35 - loss 7.73635769 - samples/sec: 101.20 - lr: 0.000488
2021-01-28 18:18:52,572 epoch 44 - iter 6/35 - loss 8.13566717 - samples/sec: 99.18 - lr: 0.000488
2021-01-28 18:18:53,499 epoch 44 - iter 9/35 - loss 8.61712874 - samples/sec: 103.64 - lr: 0.000488
2021-01-28 18:18:54,839 epoch 44 - iter 12/35 - loss 8.99271111 - samples/sec: 71.66 - lr: 0.000488
2021-01-28 18:18:56,027 epoch 44 - iter 15/35 - loss 9.06558078 - samples/sec: 80.91 - lr: 0.000488
2021-01-28 18:18:57,139 epoch 44 - iter 18/35 - loss 9.33004504 - samples/sec: 86.40 - lr: 0.000488
2021-01-28 18:18:58,190 epoch 44 - iter 21/35 - loss 9.35590619 - samples/sec: 91.39 - lr: 0.000488
2021-01-28 18:18:59,659 epoch 44 - iter 24/35 - loss 9.40538218 - samples/sec: 65.41 - lr: 0.000488
2021-01-28 18:19:00,805 epoch 44 - iter 27/35 - loss 9.52836303 - samples/sec: 83.81 - lr: 0.000488
2021-01-28 18:19:01,760 epoch 44 - iter 30/35 - loss 9.41542362 - samples/sec: 100.69 - lr: 0.000488
2021-01-28 18:19:02,950 epoch 44 - iter 33/35 - loss 9.42390347 - samples/sec: 80.71 - lr: 0.000488
2021-01-28 18:19:03,639 ----------------------------------------------------------------------------------------------------
2021-01-28 18:19:03,640 EPOCH 44 done: loss 9.4172 - lr 0.0004883
2021-01-28 18:19:04,985 DEV : loss 256.5310974121094 - score 0.0
2021-01-28 18:19:04,994 BAD EPOCHS (no improvement): 2
2021-01-28 18:19:04,996 ----------------------------------------------------------------------------------------------------
2021-01-28 18:19:05,914 epoch 45 - iter 3/35 - loss 9.72754033 - samples/sec: 105.11 - lr: 0.000488
2021-01-28 18:19:07,045 epoch 45 - iter 6/35 - loss 10.14975516 - samples/sec: 84.92 - lr: 0.000488
2021-01-28 18:19:08,446 epoch 45 - iter 9/35 - loss 10.38096661 - samples/sec: 68.56 - lr: 0.000488
2021-01-28 18:19:09,393 epoch 45 - iter 12/35 - loss 9.96311649 - samples/sec: 101.63 - lr: 0.000488
2021-01-28 18:19:10,325 epoch 45 - iter 15/35 - loss 9.63495121 - samples/sec: 103.03 - lr: 0.000488
2021-01-28 18:19:11,848 epoch 45 - iter 18/35 - loss 9.59259150 - samples/sec: 63.07 - lr: 0.000488
2021-01-28 18:19:13,040 epoch 45 - iter 21/35 - loss 9.64702125 - samples/sec: 80.65 - lr: 0.000488
2021-01-28 18:19:14,388 epoch 45 - iter 24/35 - loss 9.59136415 - samples/sec: 71.24 - lr: 0.000488
2021-01-28 18:19:15,263 epoch 45 - iter 27/35 - loss 9.58326287 - samples/sec: 109.77 - lr: 0.000488
2021-01-28 18:19:16,263 epoch 45 - iter 30/35 - loss 9.52575189 - samples/sec: 96.12 - lr: 0.000488
2021-01-28 18:19:17,238 epoch 45 - iter 33/35 - loss 9.40169295 - samples/sec: 98.61 - lr: 0.000488
2021-01-28 18:19:17,875 ----------------------------------------------------------------------------------------------------
2021-01-28 18:19:17,876 EPOCH 45 done: loss 9.3669 - lr 0.0004883
2021-01-28 18:19:18,940 DEV : loss 256.4476013183594 - score 0.0
2021-01-28 18:19:18,951 BAD EPOCHS (no improvement): 3
2021-01-28 18:19:18,952 ----------------------------------------------------------------------------------------------------
2021-01-28 18:19:20,073 epoch 46 - iter 3/35 - loss 10.70640500 - samples/sec: 85.76 - lr: 0.000488
2021-01-28 18:19:21,504 epoch 46 - iter 6/35 - loss 9.25722281 - samples/sec: 67.12 - lr: 0.000488
2021-01-28 18:19:22,628 epoch 46 - iter 9/35 - loss 9.08919896 - samples/sec: 85.60 - lr: 0.000488
2021-01-28 18:19:23,716 epoch 46 - iter 12/35 - loss 9.43038750 - samples/sec: 88.32 - lr: 0.000488
2021-01-28 18:19:25,479 epoch 46 - iter 15/35 - loss 9.52992287 - samples/sec: 54.51 - lr: 0.000488
2021-01-28 18:19:26,749 epoch 46 - iter 18/35 - loss 9.32520432 - samples/sec: 75.65 - lr: 0.000488
2021-01-28 18:19:27,672 epoch 46 - iter 21/35 - loss 9.20760182 - samples/sec: 104.15 - lr: 0.000488
2021-01-28 18:19:28,715 epoch 46 - iter 24/35 - loss 9.21800172 - samples/sec: 92.12 - lr: 0.000488
2021-01-28 18:19:29,775 epoch 46 - iter 27/35 - loss 9.21073525 - samples/sec: 90.72 - lr: 0.000488
2021-01-28 18:19:31,509 epoch 46 - iter 30/35 - loss 9.31246322 - samples/sec: 55.41 - lr: 0.000488
2021-01-28 18:19:32,515 epoch 46 - iter 33/35 - loss 9.37315247 - samples/sec: 95.57 - lr: 0.000488
2021-01-28 18:19:33,054 ----------------------------------------------------------------------------------------------------
2021-01-28 18:19:33,055 EPOCH 46 done: loss 9.3541 - lr 0.0004883
2021-01-28 18:19:34,394 DEV : loss 256.4770202636719 - score 0.0
2021-01-28 18:19:34,404 BAD EPOCHS (no improvement): 4
2021-01-28 18:19:34,406 ----------------------------------------------------------------------------------------------------
2021-01-28 18:19:35,285 epoch 47 - iter 3/35 - loss 8.27461211 - samples/sec: 109.48 - lr: 0.000244
2021-01-28 18:19:36,622 epoch 47 - iter 6/35 - loss 8.62827285 - samples/sec: 71.87 - lr: 0.000244
2021-01-28 18:19:37,452 epoch 47 - iter 9/35 - loss 8.58594847 - samples/sec: 115.72 - lr: 0.000244
2021-01-28 18:19:38,516 epoch 47 - iter 12/35 - loss 8.85148331 - samples/sec: 90.27 - lr: 0.000244
2021-01-28 18:19:39,487 epoch 47 - iter 15/35 - loss 8.87362194 - samples/sec: 99.04 - lr: 0.000244
2021-01-28 18:19:40,750 epoch 47 - iter 18/35 - loss 9.30413797 - samples/sec: 76.35 - lr: 0.000244
2021-01-28 18:19:41,955 epoch 47 - iter 21/35 - loss 9.22335516 - samples/sec: 79.82 - lr: 0.000244
2021-01-28 18:19:42,907 epoch 47 - iter 24/35 - loss 9.10286117 - samples/sec: 100.98 - lr: 0.000244
2021-01-28 18:19:43,913 epoch 47 - iter 27/35 - loss 9.03960104 - samples/sec: 95.56 - lr: 0.000244
2021-01-28 18:19:45,354 epoch 47 - iter 30/35 - loss 9.13015016 - samples/sec: 66.68 - lr: 0.000244
2021-01-28 18:19:46,820 epoch 47 - iter 33/35 - loss 9.25270014 - samples/sec: 65.53 - lr: 0.000244
2021-01-28 18:19:47,574 ----------------------------------------------------------------------------------------------------
2021-01-28 18:19:47,575 EPOCH 47 done: loss 9.2216 - lr 0.0002441
2021-01-28 18:19:48,666 DEV : loss 256.48040771484375 - score 0.0
2021-01-28 18:19:48,677 BAD EPOCHS (no improvement): 1
2021-01-28 18:19:48,680 ----------------------------------------------------------------------------------------------------
2021-01-28 18:19:49,621 epoch 48 - iter 3/35 - loss 8.50447893 - samples/sec: 102.19 - lr: 0.000244
2021-01-28 18:19:50,539 epoch 48 - iter 6/35 - loss 9.19669668 - samples/sec: 104.68 - lr: 0.000244
2021-01-28 18:19:51,503 epoch 48 - iter 9/35 - loss 8.97849194 - samples/sec: 99.68 - lr: 0.000244
2021-01-28 18:19:52,446 epoch 48 - iter 12/35 - loss 9.27305424 - samples/sec: 101.93 - lr: 0.000244
2021-01-28 18:19:53,954 epoch 48 - iter 15/35 - loss 9.06387602 - samples/sec: 63.72 - lr: 0.000244
2021-01-28 18:19:54,929 epoch 48 - iter 18/35 - loss 8.93465455 - samples/sec: 98.57 - lr: 0.000244
2021-01-28 18:19:56,242 epoch 48 - iter 21/35 - loss 9.10571266 - samples/sec: 73.17 - lr: 0.000244
2021-01-28 18:19:57,301 epoch 48 - iter 24/35 - loss 9.21225993 - samples/sec: 90.74 - lr: 0.000244
2021-01-28 18:19:58,738 epoch 48 - iter 27/35 - loss 9.36520499 - samples/sec: 66.86 - lr: 0.000244
2021-01-28 18:19:59,757 epoch 48 - iter 30/35 - loss 9.23636614 - samples/sec: 94.35 - lr: 0.000244
2021-01-28 18:20:00,770 epoch 48 - iter 33/35 - loss 9.26630766 - samples/sec: 94.86 - lr: 0.000244
2021-01-28 18:20:01,427 ----------------------------------------------------------------------------------------------------
2021-01-28 18:20:01,428 EPOCH 48 done: loss 9.3095 - lr 0.0002441
2021-01-28 18:20:02,611 DEV : loss 256.4801025390625 - score 0.0
2021-01-28 18:20:02,625 BAD EPOCHS (no improvement): 2
2021-01-28 18:20:02,626 ----------------------------------------------------------------------------------------------------
2021-01-28 18:20:03,679 epoch 49 - iter 3/35 - loss 9.73364989 - samples/sec: 91.52 - lr: 0.000244
2021-01-28 18:20:04,882 epoch 49 - iter 6/35 - loss 9.35814802 - samples/sec: 79.85 - lr: 0.000244
2021-01-28 18:20:05,942 epoch 49 - iter 9/35 - loss 9.13283194 - samples/sec: 90.64 - lr: 0.000244
2021-01-28 18:20:07,466 epoch 49 - iter 12/35 - loss 9.55609810 - samples/sec: 63.11 - lr: 0.000244
2021-01-28 18:20:08,490 epoch 49 - iter 15/35 - loss 9.48482186 - samples/sec: 93.76 - lr: 0.000244
2021-01-28 18:20:09,719 epoch 49 - iter 18/35 - loss 9.31780725 - samples/sec: 78.18 - lr: 0.000244
2021-01-28 18:20:10,865 epoch 49 - iter 21/35 - loss 9.15855712 - samples/sec: 83.83 - lr: 0.000244
2021-01-28 18:20:12,169 epoch 49 - iter 24/35 - loss 9.14319106 - samples/sec: 73.70 - lr: 0.000244
2021-01-28 18:20:13,201 epoch 49 - iter 27/35 - loss 9.19563205 - samples/sec: 93.10 - lr: 0.000244
2021-01-28 18:20:14,111 epoch 49 - iter 30/35 - loss 9.22364670 - samples/sec: 105.60 - lr: 0.000244
2021-01-28 18:20:15,406 epoch 49 - iter 33/35 - loss 9.25333581 - samples/sec: 74.17 - lr: 0.000244
2021-01-28 18:20:16,076 ----------------------------------------------------------------------------------------------------
2021-01-28 18:20:16,077 EPOCH 49 done: loss 9.2345 - lr 0.0002441
2021-01-28 18:20:17,115 DEV : loss 256.4941711425781 - score 0.0
2021-01-28 18:20:17,123 BAD EPOCHS (no improvement): 3
2021-01-28 18:20:17,124 ----------------------------------------------------------------------------------------------------
2021-01-28 18:20:18,092 epoch 50 - iter 3/35 - loss 8.78128672 - samples/sec: 99.43 - lr: 0.000244
2021-01-28 18:20:19,049 epoch 50 - iter 6/35 - loss 9.19549727 - samples/sec: 100.40 - lr: 0.000244
2021-01-28 18:20:20,506 epoch 50 - iter 9/35 - loss 9.63659514 - samples/sec: 65.97 - lr: 0.000244
2021-01-28 18:20:21,728 epoch 50 - iter 12/35 - loss 9.44004981 - samples/sec: 78.62 - lr: 0.000244
2021-01-28 18:20:22,795 epoch 50 - iter 15/35 - loss 9.30855424 - samples/sec: 90.07 - lr: 0.000244
2021-01-28 18:20:23,756 epoch 50 - iter 18/35 - loss 9.24458978 - samples/sec: 99.90 - lr: 0.000244
2021-01-28 18:20:24,815 epoch 50 - iter 21/35 - loss 9.31554683 - samples/sec: 90.73 - lr: 0.000244
2021-01-28 18:20:26,246 epoch 50 - iter 24/35 - loss 9.27647469 - samples/sec: 67.17 - lr: 0.000244
2021-01-28 18:20:27,227 epoch 50 - iter 27/35 - loss 9.25898815 - samples/sec: 97.93 - lr: 0.000244
2021-01-28 18:20:28,201 epoch 50 - iter 30/35 - loss 9.22139632 - samples/sec: 98.63 - lr: 0.000244
2021-01-28 18:20:29,843 epoch 50 - iter 33/35 - loss 9.27821593 - samples/sec: 58.51 - lr: 0.000244
2021-01-28 18:20:30,427 ----------------------------------------------------------------------------------------------------
2021-01-28 18:20:30,428 EPOCH 50 done: loss 9.2467 - lr 0.0002441
2021-01-28 18:20:31,628 DEV : loss 256.5462646484375 - score 0.0
2021-01-28 18:20:31,638 BAD EPOCHS (no improvement): 4
2021-01-28 18:20:31,639 ----------------------------------------------------------------------------------------------------
2021-01-28 18:20:33,259 epoch 51 - iter 3/35 - loss 9.46596559 - samples/sec: 59.47 - lr: 0.000122
2021-01-28 18:20:34,381 epoch 51 - iter 6/35 - loss 8.73651067 - samples/sec: 85.65 - lr: 0.000122
2021-01-28 18:20:35,513 epoch 51 - iter 9/35 - loss 8.79015440 - samples/sec: 84.89 - lr: 0.000122
2021-01-28 18:20:36,522 epoch 51 - iter 12/35 - loss 8.59860981 - samples/sec: 95.24 - lr: 0.000122
2021-01-28 18:20:37,304 epoch 51 - iter 15/35 - loss 8.71219225 - samples/sec: 122.84 - lr: 0.000122
2021-01-28 18:20:38,193 epoch 51 - iter 18/35 - loss 8.93980670 - samples/sec: 108.13 - lr: 0.000122
2021-01-28 18:20:39,077 epoch 51 - iter 21/35 - loss 8.97503178 - samples/sec: 108.71 - lr: 0.000122
2021-01-28 18:20:40,055 epoch 51 - iter 24/35 - loss 9.11234623 - samples/sec: 98.30 - lr: 0.000122
2021-01-28 18:20:40,853 epoch 51 - iter 27/35 - loss 9.07930404 - samples/sec: 120.41 - lr: 0.000122
2021-01-28 18:20:41,937 epoch 51 - iter 30/35 - loss 9.23350647 - samples/sec: 88.59 - lr: 0.000122
2021-01-28 18:20:42,816 epoch 51 - iter 33/35 - loss 9.22273562 - samples/sec: 109.33 - lr: 0.000122
2021-01-28 18:20:43,504 ----------------------------------------------------------------------------------------------------
2021-01-28 18:20:43,505 EPOCH 51 done: loss 9.2915 - lr 0.0001221
2021-01-28 18:20:44,527 DEV : loss 256.5456848144531 - score 0.0
2021-01-28 18:20:44,536 BAD EPOCHS (no improvement): 1
2021-01-28 18:20:44,538 ----------------------------------------------------------------------------------------------------
2021-01-28 18:20:45,557 epoch 52 - iter 3/35 - loss 8.17345492 - samples/sec: 94.32 - lr: 0.000122
2021-01-28 18:20:46,513 epoch 52 - iter 6/35 - loss 8.35340897 - samples/sec: 100.57 - lr: 0.000122
2021-01-28 18:20:47,429 epoch 52 - iter 9/35 - loss 8.73723019 - samples/sec: 104.82 - lr: 0.000122
2021-01-28 18:20:48,495 epoch 52 - iter 12/35 - loss 8.54990208 - samples/sec: 90.18 - lr: 0.000122
2021-01-28 18:20:49,417 epoch 52 - iter 15/35 - loss 8.70339524 - samples/sec: 104.16 - lr: 0.000122
2021-01-28 18:20:50,894 epoch 52 - iter 18/35 - loss 9.05988235 - samples/sec: 65.06 - lr: 0.000122
2021-01-28 18:20:51,677 epoch 52 - iter 21/35 - loss 9.11891576 - samples/sec: 122.72 - lr: 0.000122
2021-01-28 18:20:52,627 epoch 52 - iter 24/35 - loss 9.13764495 - samples/sec: 101.09 - lr: 0.000122
2021-01-28 18:20:53,837 epoch 52 - iter 27/35 - loss 9.28223470 - samples/sec: 79.42 - lr: 0.000122
2021-01-28 18:20:54,736 epoch 52 - iter 30/35 - loss 9.17083023 - samples/sec: 106.96 - lr: 0.000122
2021-01-28 18:20:55,846 epoch 52 - iter 33/35 - loss 9.16517149 - samples/sec: 86.56 - lr: 0.000122
2021-01-28 18:20:56,499 ----------------------------------------------------------------------------------------------------
2021-01-28 18:20:56,500 EPOCH 52 done: loss 9.2582 - lr 0.0001221
2021-01-28 18:20:57,653 DEV : loss 256.55316162109375 - score 0.0
2021-01-28 18:20:57,662 BAD EPOCHS (no improvement): 2
2021-01-28 18:20:57,663 ----------------------------------------------------------------------------------------------------
2021-01-28 18:20:58,660 epoch 53 - iter 3/35 - loss 8.82401307 - samples/sec: 96.46 - lr: 0.000122
2021-01-28 18:20:59,647 epoch 53 - iter 6/35 - loss 9.92498318 - samples/sec: 97.38 - lr: 0.000122
2021-01-28 18:21:00,578 epoch 53 - iter 9/35 - loss 9.35826418 - samples/sec: 103.22 - lr: 0.000122
2021-01-28 18:21:01,422 epoch 53 - iter 12/35 - loss 9.47720607 - samples/sec: 113.83 - lr: 0.000122
2021-01-28 18:21:02,474 epoch 53 - iter 15/35 - loss 9.26654123 - samples/sec: 91.39 - lr: 0.000122
2021-01-28 18:21:03,776 epoch 53 - iter 18/35 - loss 9.30288908 - samples/sec: 73.73 - lr: 0.000122
2021-01-28 18:21:05,062 epoch 53 - iter 21/35 - loss 9.41525087 - samples/sec: 74.76 - lr: 0.000122
2021-01-28 18:21:06,105 epoch 53 - iter 24/35 - loss 9.57789516 - samples/sec: 92.12 - lr: 0.000122
2021-01-28 18:21:07,020 epoch 53 - iter 27/35 - loss 9.40665093 - samples/sec: 104.97 - lr: 0.000122
2021-01-28 18:21:08,147 epoch 53 - iter 30/35 - loss 9.34054483 - samples/sec: 85.32 - lr: 0.000122
2021-01-28 18:21:09,644 epoch 53 - iter 33/35 - loss 9.30394350 - samples/sec: 64.15 - lr: 0.000122
2021-01-28 18:21:10,239 ----------------------------------------------------------------------------------------------------
2021-01-28 18:21:10,242 EPOCH 53 done: loss 9.2474 - lr 0.0001221
2021-01-28 18:21:11,644 DEV : loss 256.5541076660156 - score 0.0
2021-01-28 18:21:11,652 BAD EPOCHS (no improvement): 3
2021-01-28 18:21:11,654 ----------------------------------------------------------------------------------------------------
2021-01-28 18:21:12,783 epoch 54 - iter 3/35 - loss 9.14751180 - samples/sec: 85.14 - lr: 0.000122
2021-01-28 18:21:14,215 epoch 54 - iter 6/35 - loss 9.75093460 - samples/sec: 67.06 - lr: 0.000122
2021-01-28 18:21:15,219 epoch 54 - iter 9/35 - loss 9.67695226 - samples/sec: 95.78 - lr: 0.000122
2021-01-28 18:21:16,061 epoch 54 - iter 12/35 - loss 9.62462378 - samples/sec: 114.15 - lr: 0.000122
2021-01-28 18:21:16,858 epoch 54 - iter 15/35 - loss 9.38791955 - samples/sec: 120.45 - lr: 0.000122
2021-01-28 18:21:17,890 epoch 54 - iter 18/35 - loss 9.29095973 - samples/sec: 93.17 - lr: 0.000122
2021-01-28 18:21:18,810 epoch 54 - iter 21/35 - loss 9.16184230 - samples/sec: 104.41 - lr: 0.000122
2021-01-28 18:21:20,072 epoch 54 - iter 24/35 - loss 9.19220634 - samples/sec: 76.13 - lr: 0.000122
2021-01-28 18:21:21,317 epoch 54 - iter 27/35 - loss 9.18327346 - samples/sec: 77.15 - lr: 0.000122
2021-01-28 18:21:22,248 epoch 54 - iter 30/35 - loss 9.23432048 - samples/sec: 103.74 - lr: 0.000122
2021-01-28 18:21:23,312 epoch 54 - iter 33/35 - loss 9.30854344 - samples/sec: 90.24 - lr: 0.000122
2021-01-28 18:21:23,784 ----------------------------------------------------------------------------------------------------
2021-01-28 18:21:23,785 EPOCH 54 done: loss 9.2158 - lr 0.0001221
2021-01-28 18:21:24,931 DEV : loss 256.56280517578125 - score 0.0
2021-01-28 18:21:24,939 BAD EPOCHS (no improvement): 4
2021-01-28 18:21:24,940 ----------------------------------------------------------------------------------------------------
2021-01-28 18:21:24,941 ----------------------------------------------------------------------------------------------------
2021-01-28 18:21:24,944 learning rate too small - quitting training!
2021-01-28 18:21:24,946 ----------------------------------------------------------------------------------------------------
2021-01-28 18:21:29,001 ----------------------------------------------------------------------------------------------------
2021-01-28 18:21:29,003 Testing using best model ...
2021-01-28 18:21:29,016 loading file /Users/nihat/Desktop/resources/taggers/example-iso21/best-model.pt
2021-01-28 18:21:37,413 Ignore 1 sentence(s) with no tokens.
2021-01-28 18:21:37,587 	0.7037
2021-01-28 18:21:37,588 
Results:
- F-score (micro): 0.7037
- F-score (macro): 0.4758
- Accuracy (incl. no class): 0.7037

By class:
                 precision    recall  f1-score   support

              O     0.9765    0.6918    0.8099     18647
         MOTION     0.3096    0.8069    0.4475       404
  MOTION_SIGNAL     0.2946    0.6135    0.3980       326
          PLACE     0.3181    0.8708    0.4660       898
 SPATIAL_ENTITY     0.2600    0.8072    0.3933       726
           PATH     0.4244    0.5063    0.4618       316
NONMOTION_EVENT     0.1671    0.4928    0.2495       138
 SPATIAL_SIGNAL     0.2402    0.8298    0.3725       376
        MEASURE     0.5500    0.9041    0.6839       146

       accuracy                         0.7037     21977
      macro avg     0.3934    0.7248    0.4758     21977
   weighted avg     0.8751    0.7037    0.7524     21977

2021-01-28 18:21:37,593 ----------------------------------------------------------------------------------------------------
