2021-03-16 14:26:04,307 ----------------------------------------------------------------------------------------------------
2021-03-16 14:26:04,309 Model: "SequenceTagger(
  (embeddings): StackedEmbeddings(
    (list_embedding_0): WordEmbeddings('glove')
    (list_embedding_1): FlairEmbeddings(
      (lm): LanguageModel(
        (drop): Dropout(p=0.25, inplace=False)
        (encoder): Embedding(275, 100)
        (rnn): LSTM(100, 1024)
        (decoder): Linear(in_features=1024, out_features=275, bias=True)
      )
    )
    (list_embedding_2): FlairEmbeddings(
      (lm): LanguageModel(
        (drop): Dropout(p=0.25, inplace=False)
        (encoder): Embedding(275, 100)
        (rnn): LSTM(100, 1024)
        (decoder): Linear(in_features=1024, out_features=275, bias=True)
      )
    )
  )
  (word_dropout): WordDropout(p=0.05)
  (locked_dropout): LockedDropout(p=0.5)
  (embedding2nn): Linear(in_features=2148, out_features=2148, bias=True)
  (rnn): LSTM(2148, 128, batch_first=True, bidirectional=True)
  (linear): Linear(in_features=256, out_features=7, bias=True)
  (beta): 1.0
  (weights): None
  (weight_tensor) None
)"
2021-03-16 14:26:04,310 ----------------------------------------------------------------------------------------------------
2021-03-16 14:26:04,310 Corpus: "Corpus: 1000 train + 111 dev + 289 test sentences"
2021-03-16 14:26:04,311 ----------------------------------------------------------------------------------------------------
2021-03-16 14:26:04,312 Parameters:
2021-03-16 14:26:04,313  - learning_rate: "0.1"
2021-03-16 14:26:04,313  - mini_batch_size: "32"
2021-03-16 14:26:04,314  - patience: "3"
2021-03-16 14:26:04,315  - anneal_factor: "0.5"
2021-03-16 14:26:04,316  - max_epochs: "8"
2021-03-16 14:26:04,317  - shuffle: "True"
2021-03-16 14:26:04,318  - train_with_dev: "False"
2021-03-16 14:26:04,318  - batch_growth_annealing: "False"
2021-03-16 14:26:04,319 ----------------------------------------------------------------------------------------------------
2021-03-16 14:26:04,332 Model training base path: "resources_ilines/taggers/motion_type"
2021-03-16 14:26:04,333 ----------------------------------------------------------------------------------------------------
2021-03-16 14:26:04,334 Device: cpu
2021-03-16 14:26:04,335 ----------------------------------------------------------------------------------------------------
2021-03-16 14:26:04,336 Embeddings storage mode: cpu
2021-03-16 14:26:04,338 ----------------------------------------------------------------------------------------------------
2021-03-16 14:26:22,188 epoch 1 - iter 3/32 - loss 37.42519649 - samples/sec: 5.38 - lr: 0.100000
2021-03-16 14:26:41,478 epoch 1 - iter 6/32 - loss 20.67509154 - samples/sec: 4.98 - lr: 0.100000
2021-03-16 14:27:01,442 epoch 1 - iter 9/32 - loss 15.51445323 - samples/sec: 4.81 - lr: 0.100000
2021-03-16 14:27:20,458 epoch 1 - iter 12/32 - loss 12.57879738 - samples/sec: 5.05 - lr: 0.100000
2021-03-16 14:27:39,358 epoch 1 - iter 15/32 - loss 10.76584779 - samples/sec: 5.08 - lr: 0.100000
2021-03-16 14:28:02,910 epoch 1 - iter 18/32 - loss 9.52658939 - samples/sec: 4.08 - lr: 0.100000
2021-03-16 14:28:31,024 epoch 1 - iter 21/32 - loss 8.62601163 - samples/sec: 3.41 - lr: 0.100000
2021-03-16 14:28:49,729 epoch 1 - iter 24/32 - loss 7.83215088 - samples/sec: 5.13 - lr: 0.100000
2021-03-16 14:29:09,712 epoch 1 - iter 27/32 - loss 7.20124855 - samples/sec: 4.80 - lr: 0.100000
2021-03-16 14:29:28,385 epoch 1 - iter 30/32 - loss 6.63533323 - samples/sec: 5.14 - lr: 0.100000
2021-03-16 14:29:38,122 ----------------------------------------------------------------------------------------------------
2021-03-16 14:29:38,123 EPOCH 1 done: loss 6.3127 - lr 0.1000000
2021-03-16 14:29:56,763 DEV : loss 1.828012466430664 - score 0.9837
2021-03-16 14:29:56,787 BAD EPOCHS (no improvement): 0
2021-03-16 14:29:59,992 ----------------------------------------------------------------------------------------------------
2021-03-16 14:30:03,647 epoch 2 - iter 3/32 - loss 1.42228246 - samples/sec: 26.28 - lr: 0.100000
2021-03-16 14:30:07,227 epoch 2 - iter 6/32 - loss 1.49110009 - samples/sec: 26.82 - lr: 0.100000
2021-03-16 14:30:10,123 epoch 2 - iter 9/32 - loss 1.54293897 - samples/sec: 33.18 - lr: 0.100000
2021-03-16 14:30:13,600 epoch 2 - iter 12/32 - loss 1.48167625 - samples/sec: 27.62 - lr: 0.100000
2021-03-16 14:30:18,008 epoch 2 - iter 15/32 - loss 1.40209042 - samples/sec: 21.78 - lr: 0.100000
2021-03-16 14:30:21,908 epoch 2 - iter 18/32 - loss 1.43326409 - samples/sec: 24.62 - lr: 0.100000
2021-03-16 14:30:24,629 epoch 2 - iter 21/32 - loss 1.40165391 - samples/sec: 35.30 - lr: 0.100000
2021-03-16 14:30:27,809 epoch 2 - iter 24/32 - loss 1.36085849 - samples/sec: 30.20 - lr: 0.100000
2021-03-16 14:30:31,992 epoch 2 - iter 27/32 - loss 1.32585022 - samples/sec: 22.95 - lr: 0.100000
2021-03-16 14:30:35,482 epoch 2 - iter 30/32 - loss 1.27908712 - samples/sec: 27.51 - lr: 0.100000
2021-03-16 14:30:37,415 ----------------------------------------------------------------------------------------------------
2021-03-16 14:30:37,416 EPOCH 2 done: loss 1.2464 - lr 0.1000000
2021-03-16 14:30:38,688 DEV : loss 0.6032804250717163 - score 0.9953
2021-03-16 14:30:38,713 BAD EPOCHS (no improvement): 0
2021-03-16 14:30:42,361 ----------------------------------------------------------------------------------------------------
2021-03-16 14:30:46,245 epoch 3 - iter 3/32 - loss 0.86388191 - samples/sec: 24.88 - lr: 0.100000
2021-03-16 14:30:49,619 epoch 3 - iter 6/32 - loss 0.93010648 - samples/sec: 28.47 - lr: 0.100000
2021-03-16 14:30:52,761 epoch 3 - iter 9/32 - loss 1.00651483 - samples/sec: 30.56 - lr: 0.100000
2021-03-16 14:30:56,424 epoch 3 - iter 12/32 - loss 0.97603579 - samples/sec: 26.22 - lr: 0.100000
2021-03-16 14:30:59,647 epoch 3 - iter 15/32 - loss 0.94790974 - samples/sec: 29.80 - lr: 0.100000
2021-03-16 14:31:02,346 epoch 3 - iter 18/32 - loss 0.90906703 - samples/sec: 35.59 - lr: 0.100000
2021-03-16 14:31:06,605 epoch 3 - iter 21/32 - loss 0.88463866 - samples/sec: 22.54 - lr: 0.100000
2021-03-16 14:31:09,831 epoch 3 - iter 24/32 - loss 0.92736824 - samples/sec: 29.77 - lr: 0.100000
2021-03-16 14:31:13,771 epoch 3 - iter 27/32 - loss 0.90517141 - samples/sec: 24.39 - lr: 0.100000
2021-03-16 14:31:17,751 epoch 3 - iter 30/32 - loss 0.88948681 - samples/sec: 24.13 - lr: 0.100000
2021-03-16 14:31:19,373 ----------------------------------------------------------------------------------------------------
2021-03-16 14:31:19,374 EPOCH 3 done: loss 0.8790 - lr 0.1000000
2021-03-16 14:31:20,661 DEV : loss 0.5306878089904785 - score 0.9955
2021-03-16 14:31:20,687 BAD EPOCHS (no improvement): 0
2021-03-16 14:31:24,692 ----------------------------------------------------------------------------------------------------
2021-03-16 14:31:28,346 epoch 4 - iter 3/32 - loss 1.03879015 - samples/sec: 26.39 - lr: 0.100000
2021-03-16 14:31:32,003 epoch 4 - iter 6/32 - loss 0.91794862 - samples/sec: 26.25 - lr: 0.100000
2021-03-16 14:31:35,628 epoch 4 - iter 9/32 - loss 0.78881449 - samples/sec: 26.50 - lr: 0.100000
2021-03-16 14:31:39,247 epoch 4 - iter 12/32 - loss 0.81074444 - samples/sec: 26.53 - lr: 0.100000
2021-03-16 14:31:42,896 epoch 4 - iter 15/32 - loss 0.81200152 - samples/sec: 26.32 - lr: 0.100000
2021-03-16 14:31:46,023 epoch 4 - iter 18/32 - loss 0.77256637 - samples/sec: 30.71 - lr: 0.100000
2021-03-16 14:31:50,481 epoch 4 - iter 21/32 - loss 0.76803780 - samples/sec: 21.54 - lr: 0.100000
2021-03-16 14:31:53,954 epoch 4 - iter 24/32 - loss 0.74183812 - samples/sec: 27.65 - lr: 0.100000
2021-03-16 14:31:57,097 epoch 4 - iter 27/32 - loss 0.73119553 - samples/sec: 30.57 - lr: 0.100000
2021-03-16 14:32:00,697 epoch 4 - iter 30/32 - loss 0.72141860 - samples/sec: 26.68 - lr: 0.100000
2021-03-16 14:32:02,199 ----------------------------------------------------------------------------------------------------
2021-03-16 14:32:02,200 EPOCH 4 done: loss 0.7166 - lr 0.1000000
2021-03-16 14:32:03,434 DEV : loss 0.4350450038909912 - score 0.9964
2021-03-16 14:32:03,457 BAD EPOCHS (no improvement): 0
2021-03-16 14:32:06,820 ----------------------------------------------------------------------------------------------------
2021-03-16 14:32:10,434 epoch 5 - iter 3/32 - loss 0.71088831 - samples/sec: 26.79 - lr: 0.100000
2021-03-16 14:32:14,271 epoch 5 - iter 6/32 - loss 0.61893340 - samples/sec: 25.03 - lr: 0.100000
2021-03-16 14:32:18,010 epoch 5 - iter 9/32 - loss 0.74929863 - samples/sec: 25.69 - lr: 0.100000
2021-03-16 14:32:21,012 epoch 5 - iter 12/32 - loss 0.70214693 - samples/sec: 31.99 - lr: 0.100000
2021-03-16 14:32:24,386 epoch 5 - iter 15/32 - loss 0.70760890 - samples/sec: 28.46 - lr: 0.100000
2021-03-16 14:32:28,049 epoch 5 - iter 18/32 - loss 0.69903845 - samples/sec: 26.21 - lr: 0.100000
2021-03-16 14:32:31,523 epoch 5 - iter 21/32 - loss 0.70434672 - samples/sec: 27.64 - lr: 0.100000
2021-03-16 14:32:35,480 epoch 5 - iter 24/32 - loss 0.69534293 - samples/sec: 24.27 - lr: 0.100000
2021-03-16 14:32:40,155 epoch 5 - iter 27/32 - loss 0.67899951 - samples/sec: 20.54 - lr: 0.100000
2021-03-16 14:32:43,082 epoch 5 - iter 30/32 - loss 0.66206595 - samples/sec: 32.80 - lr: 0.100000
2021-03-16 14:32:44,599 ----------------------------------------------------------------------------------------------------
2021-03-16 14:32:44,600 EPOCH 5 done: loss 0.6347 - lr 0.1000000
2021-03-16 14:32:45,850 DEV : loss 0.49601468443870544 - score 0.9962
2021-03-16 14:32:45,874 BAD EPOCHS (no improvement): 1
2021-03-16 14:32:45,877 ----------------------------------------------------------------------------------------------------
2021-03-16 14:32:49,016 epoch 6 - iter 3/32 - loss 0.63959698 - samples/sec: 30.60 - lr: 0.100000
2021-03-16 14:32:52,009 epoch 6 - iter 6/32 - loss 0.58364667 - samples/sec: 32.08 - lr: 0.100000
2021-03-16 14:32:56,515 epoch 6 - iter 9/32 - loss 0.60907246 - samples/sec: 21.31 - lr: 0.100000
2021-03-16 14:33:00,184 epoch 6 - iter 12/32 - loss 0.61587664 - samples/sec: 26.18 - lr: 0.100000
2021-03-16 14:33:03,329 epoch 6 - iter 15/32 - loss 0.59893725 - samples/sec: 30.53 - lr: 0.100000
2021-03-16 14:33:08,498 epoch 6 - iter 18/32 - loss 0.62642796 - samples/sec: 18.57 - lr: 0.100000
2021-03-16 14:33:11,956 epoch 6 - iter 21/32 - loss 0.64745142 - samples/sec: 27.77 - lr: 0.100000
2021-03-16 14:33:15,542 epoch 6 - iter 24/32 - loss 0.62657604 - samples/sec: 26.78 - lr: 0.100000
2021-03-16 14:33:18,679 epoch 6 - iter 27/32 - loss 0.62294296 - samples/sec: 30.61 - lr: 0.100000
2021-03-16 14:33:21,525 epoch 6 - iter 30/32 - loss 0.61898020 - samples/sec: 33.74 - lr: 0.100000
2021-03-16 14:33:22,801 ----------------------------------------------------------------------------------------------------
2021-03-16 14:33:22,802 EPOCH 6 done: loss 0.6106 - lr 0.1000000
2021-03-16 14:33:24,323 DEV : loss 0.5100998878479004 - score 0.9944
2021-03-16 14:33:24,346 BAD EPOCHS (no improvement): 2
2021-03-16 14:33:24,347 ----------------------------------------------------------------------------------------------------
2021-03-16 14:33:28,907 epoch 7 - iter 3/32 - loss 0.62923455 - samples/sec: 21.06 - lr: 0.100000
2021-03-16 14:33:32,424 epoch 7 - iter 6/32 - loss 0.60464497 - samples/sec: 27.30 - lr: 0.100000
2021-03-16 14:33:35,725 epoch 7 - iter 9/32 - loss 0.56683755 - samples/sec: 29.10 - lr: 0.100000
2021-03-16 14:33:39,568 epoch 7 - iter 12/32 - loss 0.58587480 - samples/sec: 24.98 - lr: 0.100000
2021-03-16 14:33:42,943 epoch 7 - iter 15/32 - loss 0.55997063 - samples/sec: 28.45 - lr: 0.100000
2021-03-16 14:33:46,489 epoch 7 - iter 18/32 - loss 0.58188819 - samples/sec: 27.08 - lr: 0.100000
2021-03-16 14:33:49,766 epoch 7 - iter 21/32 - loss 0.55289588 - samples/sec: 29.31 - lr: 0.100000
2021-03-16 14:33:53,814 epoch 7 - iter 24/32 - loss 0.54840805 - samples/sec: 23.72 - lr: 0.100000
2021-03-16 14:33:57,429 epoch 7 - iter 27/32 - loss 0.55016353 - samples/sec: 26.56 - lr: 0.100000
2021-03-16 14:34:01,057 epoch 7 - iter 30/32 - loss 0.57618982 - samples/sec: 26.47 - lr: 0.100000
2021-03-16 14:34:02,541 ----------------------------------------------------------------------------------------------------
2021-03-16 14:34:02,542 EPOCH 7 done: loss 0.5779 - lr 0.1000000
2021-03-16 14:34:03,855 DEV : loss 0.48461097478866577 - score 0.9955
2021-03-16 14:34:03,880 BAD EPOCHS (no improvement): 3
2021-03-16 14:34:03,882 ----------------------------------------------------------------------------------------------------
2021-03-16 14:34:08,345 epoch 8 - iter 3/32 - loss 0.60456888 - samples/sec: 21.52 - lr: 0.100000
2021-03-16 14:34:11,604 epoch 8 - iter 6/32 - loss 0.52100201 - samples/sec: 29.47 - lr: 0.100000
2021-03-16 14:34:14,951 epoch 8 - iter 9/32 - loss 0.48285331 - samples/sec: 28.69 - lr: 0.100000
2021-03-16 14:34:18,649 epoch 8 - iter 12/32 - loss 0.51794352 - samples/sec: 25.97 - lr: 0.100000
2021-03-16 14:34:21,824 epoch 8 - iter 15/32 - loss 0.56709978 - samples/sec: 30.25 - lr: 0.100000
2021-03-16 14:34:25,115 epoch 8 - iter 18/32 - loss 0.55128725 - samples/sec: 29.18 - lr: 0.100000
2021-03-16 14:34:28,221 epoch 8 - iter 21/32 - loss 0.52686720 - samples/sec: 30.91 - lr: 0.100000
2021-03-16 14:34:31,955 epoch 8 - iter 24/32 - loss 0.57170677 - samples/sec: 25.72 - lr: 0.100000
2021-03-16 14:34:35,570 epoch 8 - iter 27/32 - loss 0.56191661 - samples/sec: 26.56 - lr: 0.100000
2021-03-16 14:34:39,547 epoch 8 - iter 30/32 - loss 0.55013874 - samples/sec: 24.14 - lr: 0.100000
2021-03-16 14:34:40,892 ----------------------------------------------------------------------------------------------------
2021-03-16 14:34:40,893 EPOCH 8 done: loss 0.5347 - lr 0.1000000
2021-03-16 14:34:42,173 DEV : loss 0.4107325077056885 - score 0.9962
2021-03-16 14:34:42,197 BAD EPOCHS (no improvement): 4
2021-03-16 14:34:45,123 ----------------------------------------------------------------------------------------------------
2021-03-16 14:34:45,127 Testing using best model ...
2021-03-16 14:34:45,135 loading file resources_ilines/taggers/motion_type/best-model.pt
2021-03-16 14:35:43,067 	0.9958
2021-03-16 14:35:43,068 
Results:
- F-score (micro): 0.9958
- F-score (macro): 0.6389
- Accuracy (incl. no class): 0.9958

By class:
              precision    recall  f1-score   support

           O     0.9997    0.9999    0.9998     11579
        PATH     0.7786    0.9561    0.8583       114
    COMPOUND     0.7500    0.6522    0.6977        69
      MANNER     1.0000    0.0000    0.0000        19

    accuracy                         0.9958     11781
   macro avg     0.8821    0.6521    0.6389     11781
weighted avg     0.9961    0.9958    0.9951     11781

2021-03-16 14:35:43,068 ----------------------------------------------------------------------------------------------------
