2021-03-16 14:45:38,803 ----------------------------------------------------------------------------------------------------
2021-03-16 14:45:38,804 Model: "SequenceTagger(
  (embeddings): StackedEmbeddings(
    (list_embedding_0): WordEmbeddings('glove')
    (list_embedding_1): FlairEmbeddings(
      (lm): LanguageModel(
        (drop): Dropout(p=0.25, inplace=False)
        (encoder): Embedding(275, 100)
        (rnn): LSTM(100, 1024)
        (decoder): Linear(in_features=1024, out_features=275, bias=True)
      )
    )
    (list_embedding_2): FlairEmbeddings(
      (lm): LanguageModel(
        (drop): Dropout(p=0.25, inplace=False)
        (encoder): Embedding(275, 100)
        (rnn): LSTM(100, 1024)
        (decoder): Linear(in_features=1024, out_features=275, bias=True)
      )
    )
  )
  (word_dropout): WordDropout(p=0.05)
  (locked_dropout): LockedDropout(p=0.5)
  (embedding2nn): Linear(in_features=2148, out_features=2148, bias=True)
  (rnn): LSTM(2148, 128, batch_first=True, bidirectional=True)
  (linear): Linear(in_features=256, out_features=7, bias=True)
  (beta): 1.0
  (weights): None
  (weight_tensor) None
)"
2021-03-16 14:45:38,805 ----------------------------------------------------------------------------------------------------
2021-03-16 14:45:38,806 Corpus: "Corpus: 1000 train + 111 dev + 289 test sentences"
2021-03-16 14:45:38,807 ----------------------------------------------------------------------------------------------------
2021-03-16 14:45:38,807 Parameters:
2021-03-16 14:45:38,808  - learning_rate: "0.1"
2021-03-16 14:45:38,809  - mini_batch_size: "32"
2021-03-16 14:45:38,810  - patience: "3"
2021-03-16 14:45:38,810  - anneal_factor: "0.5"
2021-03-16 14:45:38,812  - max_epochs: "8"
2021-03-16 14:45:38,813  - shuffle: "True"
2021-03-16 14:45:38,813  - train_with_dev: "False"
2021-03-16 14:45:38,814  - batch_growth_annealing: "False"
2021-03-16 14:45:38,826 ----------------------------------------------------------------------------------------------------
2021-03-16 14:45:38,827 Model training base path: "resources_ilines/taggers/motion_sense"
2021-03-16 14:45:38,827 ----------------------------------------------------------------------------------------------------
2021-03-16 14:45:38,828 Device: cpu
2021-03-16 14:45:38,830 ----------------------------------------------------------------------------------------------------
2021-03-16 14:45:38,830 Embeddings storage mode: cpu
2021-03-16 14:45:38,832 ----------------------------------------------------------------------------------------------------
2021-03-16 14:46:06,457 epoch 1 - iter 3/32 - loss 78.23232524 - samples/sec: 3.48 - lr: 0.100000
2021-03-16 14:46:28,629 epoch 1 - iter 6/32 - loss 41.55735000 - samples/sec: 4.33 - lr: 0.100000
2021-03-16 14:46:48,332 epoch 1 - iter 9/32 - loss 29.14709496 - samples/sec: 4.87 - lr: 0.100000
2021-03-16 14:47:07,480 epoch 1 - iter 12/32 - loss 22.59358283 - samples/sec: 5.01 - lr: 0.100000
2021-03-16 14:47:24,665 epoch 1 - iter 15/32 - loss 18.83168745 - samples/sec: 5.59 - lr: 0.100000
2021-03-16 14:47:46,594 epoch 1 - iter 18/32 - loss 16.21824638 - samples/sec: 4.38 - lr: 0.100000
2021-03-16 14:48:05,092 epoch 1 - iter 21/32 - loss 14.21497292 - samples/sec: 5.19 - lr: 0.100000
2021-03-16 14:48:21,268 epoch 1 - iter 24/32 - loss 12.67431687 - samples/sec: 5.94 - lr: 0.100000
2021-03-16 14:48:41,749 epoch 1 - iter 27/32 - loss 11.43832873 - samples/sec: 4.69 - lr: 0.100000
2021-03-16 14:49:03,207 epoch 1 - iter 30/32 - loss 10.53714443 - samples/sec: 4.47 - lr: 0.100000
2021-03-16 14:49:11,629 ----------------------------------------------------------------------------------------------------
2021-03-16 14:49:11,630 EPOCH 1 done: loss 9.9837 - lr 0.1000000
2021-03-16 14:49:33,860 DEV : loss 1.044757604598999 - score 0.9921
2021-03-16 14:49:33,885 BAD EPOCHS (no improvement): 0
2021-03-16 14:49:37,719 ----------------------------------------------------------------------------------------------------
2021-03-16 14:49:42,122 epoch 2 - iter 3/32 - loss 1.04986266 - samples/sec: 22.07 - lr: 0.100000
2021-03-16 14:49:46,104 epoch 2 - iter 6/32 - loss 1.05742818 - samples/sec: 24.12 - lr: 0.100000
2021-03-16 14:49:49,421 epoch 2 - iter 9/32 - loss 1.27574650 - samples/sec: 28.95 - lr: 0.100000
2021-03-16 14:49:52,426 epoch 2 - iter 12/32 - loss 1.29999300 - samples/sec: 31.98 - lr: 0.100000
2021-03-16 14:49:56,700 epoch 2 - iter 15/32 - loss 1.19461489 - samples/sec: 22.48 - lr: 0.100000
2021-03-16 14:50:00,403 epoch 2 - iter 18/32 - loss 1.13427757 - samples/sec: 25.93 - lr: 0.100000
2021-03-16 14:50:03,530 epoch 2 - iter 21/32 - loss 1.01800529 - samples/sec: 30.72 - lr: 0.100000
2021-03-16 14:50:06,694 epoch 2 - iter 24/32 - loss 0.96570623 - samples/sec: 30.35 - lr: 0.100000
2021-03-16 14:50:10,136 epoch 2 - iter 27/32 - loss 0.93685423 - samples/sec: 27.90 - lr: 0.100000
2021-03-16 14:50:13,565 epoch 2 - iter 30/32 - loss 0.95703982 - samples/sec: 28.01 - lr: 0.100000
2021-03-16 14:50:15,115 ----------------------------------------------------------------------------------------------------
2021-03-16 14:50:15,116 EPOCH 2 done: loss 0.9530 - lr 0.1000000
2021-03-16 14:50:16,473 DEV : loss 0.6543145179748535 - score 0.9975
2021-03-16 14:50:16,498 BAD EPOCHS (no improvement): 0
2021-03-16 14:50:20,092 ----------------------------------------------------------------------------------------------------
2021-03-16 14:50:23,156 epoch 3 - iter 3/32 - loss 0.65401403 - samples/sec: 31.49 - lr: 0.100000
2021-03-16 14:50:26,456 epoch 3 - iter 6/32 - loss 0.63456758 - samples/sec: 29.09 - lr: 0.100000
2021-03-16 14:50:29,591 epoch 3 - iter 9/32 - loss 0.60734468 - samples/sec: 30.63 - lr: 0.100000
2021-03-16 14:50:33,129 epoch 3 - iter 12/32 - loss 0.59608312 - samples/sec: 27.15 - lr: 0.100000
2021-03-16 14:50:36,963 epoch 3 - iter 15/32 - loss 0.67932448 - samples/sec: 25.05 - lr: 0.100000
2021-03-16 14:50:40,273 epoch 3 - iter 18/32 - loss 0.61891911 - samples/sec: 29.02 - lr: 0.100000
2021-03-16 14:50:43,560 epoch 3 - iter 21/32 - loss 0.60037678 - samples/sec: 29.21 - lr: 0.100000
2021-03-16 14:50:48,042 epoch 3 - iter 24/32 - loss 0.55736289 - samples/sec: 21.42 - lr: 0.100000
2021-03-16 14:50:52,104 epoch 3 - iter 27/32 - loss 0.53098726 - samples/sec: 23.64 - lr: 0.100000
2021-03-16 14:50:55,349 epoch 3 - iter 30/32 - loss 0.53940531 - samples/sec: 29.59 - lr: 0.100000
2021-03-16 14:50:56,885 ----------------------------------------------------------------------------------------------------
2021-03-16 14:50:56,886 EPOCH 3 done: loss 0.5335 - lr 0.1000000
2021-03-16 14:50:58,299 DEV : loss 0.5098361968994141 - score 0.9978
2021-03-16 14:50:58,322 BAD EPOCHS (no improvement): 0
2021-03-16 14:51:01,576 ----------------------------------------------------------------------------------------------------
2021-03-16 14:51:04,234 epoch 4 - iter 3/32 - loss 0.24604436 - samples/sec: 36.33 - lr: 0.100000
2021-03-16 14:51:08,090 epoch 4 - iter 6/32 - loss 0.34098276 - samples/sec: 24.90 - lr: 0.100000
2021-03-16 14:51:12,884 epoch 4 - iter 9/32 - loss 0.45013977 - samples/sec: 20.03 - lr: 0.100000
2021-03-16 14:51:16,190 epoch 4 - iter 12/32 - loss 0.40588484 - samples/sec: 29.05 - lr: 0.100000
2021-03-16 14:51:19,573 epoch 4 - iter 15/32 - loss 0.37261750 - samples/sec: 28.38 - lr: 0.100000
2021-03-16 14:51:22,922 epoch 4 - iter 18/32 - loss 0.39317597 - samples/sec: 28.68 - lr: 0.100000
2021-03-16 14:51:26,392 epoch 4 - iter 21/32 - loss 0.41992400 - samples/sec: 27.68 - lr: 0.100000
2021-03-16 14:51:29,342 epoch 4 - iter 24/32 - loss 0.41236592 - samples/sec: 32.55 - lr: 0.100000
2021-03-16 14:51:32,902 epoch 4 - iter 27/32 - loss 0.41043452 - samples/sec: 26.97 - lr: 0.100000
2021-03-16 14:51:36,400 epoch 4 - iter 30/32 - loss 0.41247694 - samples/sec: 27.46 - lr: 0.100000
2021-03-16 14:51:37,808 ----------------------------------------------------------------------------------------------------
2021-03-16 14:51:37,809 EPOCH 4 done: loss 0.4197 - lr 0.1000000
2021-03-16 14:51:39,176 DEV : loss 0.4572766423225403 - score 0.9978
2021-03-16 14:51:39,203 BAD EPOCHS (no improvement): 0
2021-03-16 14:51:42,369 ----------------------------------------------------------------------------------------------------
2021-03-16 14:51:46,038 epoch 5 - iter 3/32 - loss 0.44008517 - samples/sec: 26.58 - lr: 0.100000
2021-03-16 14:51:49,183 epoch 5 - iter 6/32 - loss 0.38740814 - samples/sec: 30.54 - lr: 0.100000
2021-03-16 14:51:53,141 epoch 5 - iter 9/32 - loss 0.38383547 - samples/sec: 24.26 - lr: 0.100000
2021-03-16 14:51:57,053 epoch 5 - iter 12/32 - loss 0.38292965 - samples/sec: 24.55 - lr: 0.100000
2021-03-16 14:52:00,431 epoch 5 - iter 15/32 - loss 0.38028504 - samples/sec: 28.43 - lr: 0.100000
2021-03-16 14:52:04,458 epoch 5 - iter 18/32 - loss 0.36647689 - samples/sec: 23.84 - lr: 0.100000
2021-03-16 14:52:07,852 epoch 5 - iter 21/32 - loss 0.37897507 - samples/sec: 28.30 - lr: 0.100000
2021-03-16 14:52:11,464 epoch 5 - iter 24/32 - loss 0.37619338 - samples/sec: 26.59 - lr: 0.100000
2021-03-16 14:52:15,052 epoch 5 - iter 27/32 - loss 0.38272355 - samples/sec: 26.77 - lr: 0.100000
2021-03-16 14:52:18,117 epoch 5 - iter 30/32 - loss 0.37295579 - samples/sec: 31.33 - lr: 0.100000
2021-03-16 14:52:20,472 ----------------------------------------------------------------------------------------------------
2021-03-16 14:52:20,474 EPOCH 5 done: loss 0.3771 - lr 0.1000000
2021-03-16 14:52:21,876 DEV : loss 0.408453106880188 - score 0.998
2021-03-16 14:52:21,899 BAD EPOCHS (no improvement): 0
2021-03-16 14:52:25,015 ----------------------------------------------------------------------------------------------------
2021-03-16 14:52:28,511 epoch 6 - iter 3/32 - loss 0.32152510 - samples/sec: 27.87 - lr: 0.100000
2021-03-16 14:52:32,022 epoch 6 - iter 6/32 - loss 0.33980707 - samples/sec: 27.36 - lr: 0.100000
2021-03-16 14:52:35,335 epoch 6 - iter 9/32 - loss 0.37853840 - samples/sec: 28.98 - lr: 0.100000
2021-03-16 14:52:39,461 epoch 6 - iter 12/32 - loss 0.36775110 - samples/sec: 23.27 - lr: 0.100000
2021-03-16 14:52:42,705 epoch 6 - iter 15/32 - loss 0.33202926 - samples/sec: 29.60 - lr: 0.100000
2021-03-16 14:52:46,078 epoch 6 - iter 18/32 - loss 0.37145840 - samples/sec: 28.47 - lr: 0.100000
2021-03-16 14:52:49,052 epoch 6 - iter 21/32 - loss 0.35042697 - samples/sec: 32.29 - lr: 0.100000
2021-03-16 14:52:52,713 epoch 6 - iter 24/32 - loss 0.34040884 - samples/sec: 26.23 - lr: 0.100000
2021-03-16 14:52:56,190 epoch 6 - iter 27/32 - loss 0.35775824 - samples/sec: 27.62 - lr: 0.100000
2021-03-16 14:53:00,626 epoch 6 - iter 30/32 - loss 0.34200391 - samples/sec: 21.64 - lr: 0.100000
2021-03-16 14:53:02,148 ----------------------------------------------------------------------------------------------------
2021-03-16 14:53:02,149 EPOCH 6 done: loss 0.3230 - lr 0.1000000
2021-03-16 14:53:03,483 DEV : loss 0.3828809857368469 - score 0.998
2021-03-16 14:53:03,505 BAD EPOCHS (no improvement): 0
2021-03-16 14:53:06,689 ----------------------------------------------------------------------------------------------------
2021-03-16 14:53:09,581 epoch 7 - iter 3/32 - loss 0.33544787 - samples/sec: 33.69 - lr: 0.100000
2021-03-16 14:53:12,395 epoch 7 - iter 6/32 - loss 0.34684072 - samples/sec: 34.13 - lr: 0.100000
2021-03-16 14:53:16,153 epoch 7 - iter 9/32 - loss 0.30381147 - samples/sec: 25.56 - lr: 0.100000
2021-03-16 14:53:19,500 epoch 7 - iter 12/32 - loss 0.30836179 - samples/sec: 28.69 - lr: 0.100000
2021-03-16 14:53:23,124 epoch 7 - iter 15/32 - loss 0.28652407 - samples/sec: 26.50 - lr: 0.100000
2021-03-16 14:53:26,183 epoch 7 - iter 18/32 - loss 0.28723462 - samples/sec: 31.39 - lr: 0.100000
2021-03-16 14:53:30,267 epoch 7 - iter 21/32 - loss 0.30015701 - samples/sec: 23.51 - lr: 0.100000
2021-03-16 14:53:33,153 epoch 7 - iter 24/32 - loss 0.28473552 - samples/sec: 33.28 - lr: 0.100000
2021-03-16 14:53:36,675 epoch 7 - iter 27/32 - loss 0.28386158 - samples/sec: 27.26 - lr: 0.100000
2021-03-16 14:53:40,942 epoch 7 - iter 30/32 - loss 0.31023373 - samples/sec: 22.51 - lr: 0.100000
2021-03-16 14:53:42,167 ----------------------------------------------------------------------------------------------------
2021-03-16 14:53:42,168 EPOCH 7 done: loss 0.3233 - lr 0.1000000
2021-03-16 14:53:43,481 DEV : loss 0.40696027874946594 - score 0.9975
2021-03-16 14:53:43,507 BAD EPOCHS (no improvement): 1
2021-03-16 14:53:43,508 ----------------------------------------------------------------------------------------------------
2021-03-16 14:53:47,556 epoch 8 - iter 3/32 - loss 0.39314167 - samples/sec: 23.73 - lr: 0.100000
2021-03-16 14:53:50,763 epoch 8 - iter 6/32 - loss 0.35197818 - samples/sec: 29.94 - lr: 0.100000
2021-03-16 14:53:53,639 epoch 8 - iter 9/32 - loss 0.33191694 - samples/sec: 33.40 - lr: 0.100000
2021-03-16 14:53:56,716 epoch 8 - iter 12/32 - loss 0.32621717 - samples/sec: 31.20 - lr: 0.100000
2021-03-16 14:54:00,131 epoch 8 - iter 15/32 - loss 0.29964477 - samples/sec: 28.12 - lr: 0.100000
2021-03-16 14:54:03,280 epoch 8 - iter 18/32 - loss 0.29625455 - samples/sec: 30.50 - lr: 0.100000
2021-03-16 14:54:07,108 epoch 8 - iter 21/32 - loss 0.30308163 - samples/sec: 25.09 - lr: 0.100000
2021-03-16 14:54:10,689 epoch 8 - iter 24/32 - loss 0.31119139 - samples/sec: 26.81 - lr: 0.100000
2021-03-16 14:54:15,031 epoch 8 - iter 27/32 - loss 0.31465949 - samples/sec: 22.12 - lr: 0.100000
2021-03-16 14:54:17,916 epoch 8 - iter 30/32 - loss 0.30757322 - samples/sec: 33.29 - lr: 0.100000
2021-03-16 14:54:19,317 ----------------------------------------------------------------------------------------------------
2021-03-16 14:54:19,317 EPOCH 8 done: loss 0.3094 - lr 0.1000000
2021-03-16 14:54:20,662 DEV : loss 0.33683687448501587 - score 0.9975
2021-03-16 14:54:20,688 BAD EPOCHS (no improvement): 2
2021-03-16 14:54:23,613 ----------------------------------------------------------------------------------------------------
2021-03-16 14:54:23,643 Testing using best model ...
2021-03-16 14:54:23,667 loading file resources_ilines/taggers/motion_sense/best-model.pt
2021-03-16 14:55:30,599 	0.9987
2021-03-16 14:55:30,600 
Results:
- F-score (micro): 0.9987
- F-score (macro): 0.4904
- Accuracy (incl. no class): 0.9987

By class:
                  precision    recall  f1-score   support

               O     0.9998    0.9999    0.9999     11579
         LITERAL     0.9353    0.9895    0.9616       190
         FICTIVE     1.0000    0.0000    0.0000        10
INTRINSIC_CHANGE     1.0000    0.0000    0.0000         2

        accuracy                         0.9987     11781
       macro avg     0.9838    0.4973    0.4904     11781
    weighted avg     0.9988    0.9987    0.9982     11781

2021-03-16 14:55:30,600 ----------------------------------------------------------------------------------------------------
