2021-03-17 17:27:23,204 ----------------------------------------------------------------------------------------------------
2021-03-17 17:27:23,206 Model: "SequenceTagger(
  (embeddings): StackedEmbeddings(
    (list_embedding_0): WordEmbeddings('glove')
    (list_embedding_1): FlairEmbeddings(
      (lm): LanguageModel(
        (drop): Dropout(p=0.25, inplace=False)
        (encoder): Embedding(275, 100)
        (rnn): LSTM(100, 1024)
        (decoder): Linear(in_features=1024, out_features=275, bias=True)
      )
    )
    (list_embedding_2): FlairEmbeddings(
      (lm): LanguageModel(
        (drop): Dropout(p=0.25, inplace=False)
        (encoder): Embedding(275, 100)
        (rnn): LSTM(100, 1024)
        (decoder): Linear(in_features=1024, out_features=275, bias=True)
      )
    )
  )
  (word_dropout): WordDropout(p=0.05)
  (locked_dropout): LockedDropout(p=0.5)
  (embedding2nn): Linear(in_features=2148, out_features=2148, bias=True)
  (rnn): LSTM(2148, 128, batch_first=True, bidirectional=True)
  (linear): Linear(in_features=256, out_features=7, bias=True)
  (beta): 1.0
  (weights): None
  (weight_tensor) None
)"
2021-03-17 17:27:23,209 ----------------------------------------------------------------------------------------------------
2021-03-17 17:27:23,210 Corpus: "Corpus: 1000 train + 111 dev + 289 test sentences"
2021-03-17 17:27:23,214 ----------------------------------------------------------------------------------------------------
2021-03-17 17:27:23,216 Parameters:
2021-03-17 17:27:23,218  - learning_rate: "0.2"
2021-03-17 17:27:23,220  - mini_batch_size: "8"
2021-03-17 17:27:23,221  - patience: "3"
2021-03-17 17:27:23,223  - anneal_factor: "0.5"
2021-03-17 17:27:23,226  - max_epochs: "8"
2021-03-17 17:27:23,227  - shuffle: "True"
2021-03-17 17:27:23,228  - train_with_dev: "False"
2021-03-17 17:27:23,230  - batch_growth_annealing: "False"
2021-03-17 17:27:23,231 ----------------------------------------------------------------------------------------------------
2021-03-17 17:27:23,232 Model training base path: "/Users/nihat/Desktop/resources_param_selector/resultssemantic_type2"
2021-03-17 17:27:23,233 ----------------------------------------------------------------------------------------------------
2021-03-17 17:27:23,233 Device: cpu
2021-03-17 17:27:23,234 ----------------------------------------------------------------------------------------------------
2021-03-17 17:27:23,235 Embeddings storage mode: cpu
2021-03-17 17:27:23,239 ----------------------------------------------------------------------------------------------------
2021-03-17 17:27:26,656 epoch 1 - iter 12/125 - loss 8.80767711 - samples/sec: 28.11 - lr: 0.200000
2021-03-17 17:27:29,271 epoch 1 - iter 24/125 - loss 6.26648833 - samples/sec: 36.75 - lr: 0.200000
2021-03-17 17:27:32,202 epoch 1 - iter 36/125 - loss 5.56537260 - samples/sec: 32.77 - lr: 0.200000
2021-03-17 17:27:35,156 epoch 1 - iter 48/125 - loss 5.05270963 - samples/sec: 32.51 - lr: 0.200000
2021-03-17 17:27:38,193 epoch 1 - iter 60/125 - loss 4.61437234 - samples/sec: 31.62 - lr: 0.200000
2021-03-17 17:27:40,928 epoch 1 - iter 72/125 - loss 4.32748604 - samples/sec: 35.12 - lr: 0.200000
2021-03-17 17:27:43,656 epoch 1 - iter 84/125 - loss 4.09237401 - samples/sec: 35.20 - lr: 0.200000
2021-03-17 17:27:46,732 epoch 1 - iter 96/125 - loss 3.95063536 - samples/sec: 31.23 - lr: 0.200000
2021-03-17 17:27:49,465 epoch 1 - iter 108/125 - loss 3.88710071 - samples/sec: 35.14 - lr: 0.200000
2021-03-17 17:27:51,994 epoch 1 - iter 120/125 - loss 3.79369071 - samples/sec: 37.97 - lr: 0.200000
2021-03-17 17:27:53,145 ----------------------------------------------------------------------------------------------------
2021-03-17 17:27:53,146 EPOCH 1 done: loss 3.7716 - lr 0.2000000
2021-03-17 17:27:54,544 DEV : loss 2.316967010498047 - score 0.9756
2021-03-17 17:27:54,556 BAD EPOCHS (no improvement): 0
2021-03-17 17:27:54,557 ----------------------------------------------------------------------------------------------------
2021-03-17 17:27:57,365 epoch 2 - iter 12/125 - loss 2.70130515 - samples/sec: 34.22 - lr: 0.200000
2021-03-17 17:28:00,059 epoch 2 - iter 24/125 - loss 2.67090764 - samples/sec: 35.66 - lr: 0.200000
2021-03-17 17:28:02,648 epoch 2 - iter 36/125 - loss 2.52104074 - samples/sec: 37.10 - lr: 0.200000
2021-03-17 17:28:05,342 epoch 2 - iter 48/125 - loss 2.53716776 - samples/sec: 35.66 - lr: 0.200000
2021-03-17 17:28:07,760 epoch 2 - iter 60/125 - loss 2.62210107 - samples/sec: 39.72 - lr: 0.200000
2021-03-17 17:28:10,485 epoch 2 - iter 72/125 - loss 2.66817000 - samples/sec: 35.24 - lr: 0.200000
2021-03-17 17:28:13,461 epoch 2 - iter 84/125 - loss 2.61110737 - samples/sec: 32.27 - lr: 0.200000
2021-03-17 17:28:16,121 epoch 2 - iter 96/125 - loss 2.58052894 - samples/sec: 36.10 - lr: 0.200000
2021-03-17 17:28:19,086 epoch 2 - iter 108/125 - loss 2.63062242 - samples/sec: 32.41 - lr: 0.200000
2021-03-17 17:28:21,744 epoch 2 - iter 120/125 - loss 2.58804332 - samples/sec: 36.13 - lr: 0.200000
2021-03-17 17:28:22,855 ----------------------------------------------------------------------------------------------------
2021-03-17 17:28:22,856 EPOCH 2 done: loss 2.6040 - lr 0.2000000
2021-03-17 17:28:24,256 DEV : loss 2.4615845680236816 - score 0.9661
2021-03-17 17:28:24,265 BAD EPOCHS (no improvement): 1
2021-03-17 17:28:24,268 ----------------------------------------------------------------------------------------------------
2021-03-17 17:28:27,008 epoch 3 - iter 12/125 - loss 1.77738380 - samples/sec: 35.10 - lr: 0.200000
2021-03-17 17:28:29,560 epoch 3 - iter 24/125 - loss 2.11339051 - samples/sec: 37.64 - lr: 0.200000
2021-03-17 17:28:32,463 epoch 3 - iter 36/125 - loss 2.22395440 - samples/sec: 33.08 - lr: 0.200000
2021-03-17 17:28:35,461 epoch 3 - iter 48/125 - loss 2.14860352 - samples/sec: 32.04 - lr: 0.200000
2021-03-17 17:28:38,299 epoch 3 - iter 60/125 - loss 2.25281535 - samples/sec: 33.84 - lr: 0.200000
2021-03-17 17:28:41,032 epoch 3 - iter 72/125 - loss 2.33887782 - samples/sec: 35.14 - lr: 0.200000
2021-03-17 17:28:43,696 epoch 3 - iter 84/125 - loss 2.32952742 - samples/sec: 36.05 - lr: 0.200000
2021-03-17 17:28:46,309 epoch 3 - iter 96/125 - loss 2.29866321 - samples/sec: 36.77 - lr: 0.200000
2021-03-17 17:28:49,039 epoch 3 - iter 108/125 - loss 2.35070600 - samples/sec: 35.18 - lr: 0.200000
2021-03-17 17:28:51,501 epoch 3 - iter 120/125 - loss 2.33228705 - samples/sec: 39.00 - lr: 0.200000
2021-03-17 17:28:52,754 ----------------------------------------------------------------------------------------------------
2021-03-17 17:28:52,755 EPOCH 3 done: loss 2.3508 - lr 0.2000000
2021-03-17 17:28:54,134 DEV : loss 1.4192661046981812 - score 0.9781
2021-03-17 17:28:54,150 BAD EPOCHS (no improvement): 0
2021-03-17 17:28:54,152 ----------------------------------------------------------------------------------------------------
2021-03-17 17:28:57,172 epoch 4 - iter 12/125 - loss 2.18994208 - samples/sec: 31.82 - lr: 0.200000
2021-03-17 17:28:59,596 epoch 4 - iter 24/125 - loss 2.08648733 - samples/sec: 39.63 - lr: 0.200000
2021-03-17 17:29:02,757 epoch 4 - iter 36/125 - loss 2.09557498 - samples/sec: 30.38 - lr: 0.200000
2021-03-17 17:29:05,539 epoch 4 - iter 48/125 - loss 2.16777239 - samples/sec: 34.52 - lr: 0.200000
2021-03-17 17:29:08,077 epoch 4 - iter 60/125 - loss 2.08594666 - samples/sec: 37.85 - lr: 0.200000
2021-03-17 17:29:11,021 epoch 4 - iter 72/125 - loss 2.00244347 - samples/sec: 32.63 - lr: 0.200000
2021-03-17 17:29:13,792 epoch 4 - iter 84/125 - loss 2.05691538 - samples/sec: 34.65 - lr: 0.200000
2021-03-17 17:29:16,311 epoch 4 - iter 96/125 - loss 2.15458748 - samples/sec: 38.13 - lr: 0.200000
2021-03-17 17:29:18,889 epoch 4 - iter 108/125 - loss 2.18329979 - samples/sec: 37.27 - lr: 0.200000
2021-03-17 17:29:21,450 epoch 4 - iter 120/125 - loss 2.18707555 - samples/sec: 37.49 - lr: 0.200000
2021-03-17 17:29:22,850 ----------------------------------------------------------------------------------------------------
2021-03-17 17:29:22,850 EPOCH 4 done: loss 2.2023 - lr 0.2000000
2021-03-17 17:29:24,202 DEV : loss 1.2278579473495483 - score 0.9841
2021-03-17 17:29:24,215 BAD EPOCHS (no improvement): 0
2021-03-17 17:29:24,219 ----------------------------------------------------------------------------------------------------
2021-03-17 17:29:26,963 epoch 5 - iter 12/125 - loss 2.66097987 - samples/sec: 35.03 - lr: 0.200000
2021-03-17 17:29:29,868 epoch 5 - iter 24/125 - loss 2.49792041 - samples/sec: 33.05 - lr: 0.200000
2021-03-17 17:29:32,955 epoch 5 - iter 36/125 - loss 2.28733876 - samples/sec: 31.11 - lr: 0.200000
2021-03-17 17:29:35,571 epoch 5 - iter 48/125 - loss 2.24604396 - samples/sec: 36.73 - lr: 0.200000
2021-03-17 17:29:38,019 epoch 5 - iter 60/125 - loss 2.24468017 - samples/sec: 39.24 - lr: 0.200000
2021-03-17 17:29:40,521 epoch 5 - iter 72/125 - loss 2.29494598 - samples/sec: 38.38 - lr: 0.200000
2021-03-17 17:29:43,103 epoch 5 - iter 84/125 - loss 2.23381885 - samples/sec: 37.20 - lr: 0.200000
2021-03-17 17:29:45,707 epoch 5 - iter 96/125 - loss 2.22541115 - samples/sec: 36.89 - lr: 0.200000
2021-03-17 17:29:48,031 epoch 5 - iter 108/125 - loss 2.20611150 - samples/sec: 41.32 - lr: 0.200000
2021-03-17 17:29:51,085 epoch 5 - iter 120/125 - loss 2.21596591 - samples/sec: 31.45 - lr: 0.200000
2021-03-17 17:29:52,568 ----------------------------------------------------------------------------------------------------
2021-03-17 17:29:52,569 EPOCH 5 done: loss 2.2438 - lr 0.2000000
2021-03-17 17:29:53,988 DEV : loss 1.2754369974136353 - score 0.9802
2021-03-17 17:29:54,005 BAD EPOCHS (no improvement): 1
2021-03-17 17:29:54,010 ----------------------------------------------------------------------------------------------------
2021-03-17 17:29:56,874 epoch 6 - iter 12/125 - loss 2.00750256 - samples/sec: 33.56 - lr: 0.200000
2021-03-17 17:30:00,072 epoch 6 - iter 24/125 - loss 1.98869117 - samples/sec: 30.03 - lr: 0.200000
2021-03-17 17:30:02,884 epoch 6 - iter 36/125 - loss 2.09459163 - samples/sec: 34.16 - lr: 0.200000
2021-03-17 17:30:05,723 epoch 6 - iter 48/125 - loss 2.06878324 - samples/sec: 33.82 - lr: 0.200000
2021-03-17 17:30:08,327 epoch 6 - iter 60/125 - loss 2.11778402 - samples/sec: 36.89 - lr: 0.200000
2021-03-17 17:30:11,273 epoch 6 - iter 72/125 - loss 2.12212629 - samples/sec: 32.60 - lr: 0.200000
2021-03-17 17:30:14,273 epoch 6 - iter 84/125 - loss 2.10459910 - samples/sec: 32.02 - lr: 0.200000
2021-03-17 17:30:16,919 epoch 6 - iter 96/125 - loss 2.10278328 - samples/sec: 36.30 - lr: 0.200000
2021-03-17 17:30:19,537 epoch 6 - iter 108/125 - loss 2.08063059 - samples/sec: 36.70 - lr: 0.200000
2021-03-17 17:30:21,786 epoch 6 - iter 120/125 - loss 2.09518047 - samples/sec: 42.71 - lr: 0.200000
2021-03-17 17:30:23,094 ----------------------------------------------------------------------------------------------------
2021-03-17 17:30:23,095 EPOCH 6 done: loss 2.1044 - lr 0.2000000
2021-03-17 17:30:24,480 DEV : loss 1.7553861141204834 - score 0.9753
2021-03-17 17:30:24,489 BAD EPOCHS (no improvement): 2
