2021-03-10 21:20:32,926 ----------------------------------------------------------------------------------------------------
2021-03-10 21:20:32,926 Model: "SequenceTagger(
  (embeddings): WordEmbeddings('glove')
  (word_dropout): WordDropout(p=0.05)
  (locked_dropout): LockedDropout(p=0.5)
  (embedding2nn): Linear(in_features=100, out_features=100, bias=True)
  (rnn): LSTM(100, 128, batch_first=True, bidirectional=True)
  (linear): Linear(in_features=256, out_features=12, bias=True)
  (beta): 1.0
  (weights): None
  (weight_tensor) None
)"
2021-03-10 21:20:32,927 ----------------------------------------------------------------------------------------------------
2021-03-10 21:20:32,928 Corpus: "Corpus: 1000 train + 111 dev + 289 test sentences"
2021-03-10 21:20:32,930 ----------------------------------------------------------------------------------------------------
2021-03-10 21:20:32,931 Parameters:
2021-03-10 21:20:32,932  - learning_rate: "0.1"
2021-03-10 21:20:32,933  - mini_batch_size: "8"
2021-03-10 21:20:32,934  - patience: "3"
2021-03-10 21:20:32,935  - anneal_factor: "0.5"
2021-03-10 21:20:32,936  - max_epochs: "15"
2021-03-10 21:20:32,937  - shuffle: "True"
2021-03-10 21:20:32,938  - train_with_dev: "False"
2021-03-10 21:20:32,938  - batch_growth_annealing: "False"
2021-03-10 21:20:32,940 ----------------------------------------------------------------------------------------------------
2021-03-10 21:20:32,941 Model training base path: "resources_param_selector/results_glove_2"
2021-03-10 21:20:32,942 ----------------------------------------------------------------------------------------------------
2021-03-10 21:20:32,943 Device: cpu
2021-03-10 21:20:32,944 ----------------------------------------------------------------------------------------------------
2021-03-10 21:20:32,944 Embeddings storage mode: cpu
2021-03-10 21:20:32,946 ----------------------------------------------------------------------------------------------------
2021-03-10 21:20:34,322 epoch 1 - iter 12/125 - loss 35.26635027 - samples/sec: 69.87 - lr: 0.100000
2021-03-10 21:20:35,669 epoch 1 - iter 24/125 - loss 31.97343453 - samples/sec: 71.34 - lr: 0.100000
2021-03-10 21:20:36,948 epoch 1 - iter 36/125 - loss 30.37699554 - samples/sec: 75.12 - lr: 0.100000
2021-03-10 21:20:38,197 epoch 1 - iter 48/125 - loss 29.13905515 - samples/sec: 76.97 - lr: 0.100000
2021-03-10 21:20:39,324 epoch 1 - iter 60/125 - loss 28.11107016 - samples/sec: 85.28 - lr: 0.100000
2021-03-10 21:20:40,389 epoch 1 - iter 72/125 - loss 27.06559393 - samples/sec: 90.29 - lr: 0.100000
2021-03-10 21:20:41,587 epoch 1 - iter 84/125 - loss 26.19046343 - samples/sec: 80.23 - lr: 0.100000
2021-03-10 21:20:42,577 epoch 1 - iter 96/125 - loss 25.26097830 - samples/sec: 97.10 - lr: 0.100000
2021-03-10 21:20:43,868 epoch 1 - iter 108/125 - loss 24.45542102 - samples/sec: 74.43 - lr: 0.100000
2021-03-10 21:20:45,073 epoch 1 - iter 120/125 - loss 24.02107913 - samples/sec: 79.72 - lr: 0.100000
2021-03-10 21:20:45,635 ----------------------------------------------------------------------------------------------------
2021-03-10 21:20:45,636 EPOCH 1 done: loss 23.8600 - lr 0.1000000
2021-03-10 21:20:46,024 DEV : loss 16.880258560180664 - score 0.7894
2021-03-10 21:20:46,032 BAD EPOCHS (no improvement): 0
2021-03-10 21:20:46,033 ----------------------------------------------------------------------------------------------------
2021-03-10 21:20:47,167 epoch 2 - iter 12/125 - loss 19.65593394 - samples/sec: 84.82 - lr: 0.100000
2021-03-10 21:20:48,417 epoch 2 - iter 24/125 - loss 19.63926224 - samples/sec: 76.84 - lr: 0.100000
2021-03-10 21:20:49,502 epoch 2 - iter 36/125 - loss 18.80066697 - samples/sec: 88.60 - lr: 0.100000
2021-03-10 21:20:50,823 epoch 2 - iter 48/125 - loss 18.05358970 - samples/sec: 72.74 - lr: 0.100000
2021-03-10 21:20:51,929 epoch 2 - iter 60/125 - loss 17.85025762 - samples/sec: 86.94 - lr: 0.100000
2021-03-10 21:20:53,422 epoch 2 - iter 72/125 - loss 17.89804334 - samples/sec: 64.38 - lr: 0.100000
2021-03-10 21:20:54,524 epoch 2 - iter 84/125 - loss 17.69248010 - samples/sec: 87.20 - lr: 0.100000
2021-03-10 21:20:55,835 epoch 2 - iter 96/125 - loss 17.66039213 - samples/sec: 73.26 - lr: 0.100000
2021-03-10 21:20:57,027 epoch 2 - iter 108/125 - loss 17.65351854 - samples/sec: 80.65 - lr: 0.100000
2021-03-10 21:20:58,177 epoch 2 - iter 120/125 - loss 17.49245808 - samples/sec: 83.59 - lr: 0.100000
2021-03-10 21:20:58,631 ----------------------------------------------------------------------------------------------------
2021-03-10 21:20:58,632 EPOCH 2 done: loss 17.4331 - lr 0.1000000
2021-03-10 21:20:59,074 DEV : loss 14.105552673339844 - score 0.8157
2021-03-10 21:20:59,086 BAD EPOCHS (no improvement): 0
2021-03-10 21:20:59,087 ----------------------------------------------------------------------------------------------------
2021-03-10 21:21:00,238 epoch 3 - iter 12/125 - loss 15.53858670 - samples/sec: 83.56 - lr: 0.100000
2021-03-10 21:21:01,320 epoch 3 - iter 24/125 - loss 15.91831768 - samples/sec: 88.81 - lr: 0.100000
2021-03-10 21:21:02,454 epoch 3 - iter 36/125 - loss 15.70232031 - samples/sec: 84.75 - lr: 0.100000
2021-03-10 21:21:03,642 epoch 3 - iter 48/125 - loss 15.34938230 - samples/sec: 80.88 - lr: 0.100000
2021-03-10 21:21:04,656 epoch 3 - iter 60/125 - loss 15.25118505 - samples/sec: 94.79 - lr: 0.100000
2021-03-10 21:21:05,750 epoch 3 - iter 72/125 - loss 15.06247040 - samples/sec: 87.86 - lr: 0.100000
2021-03-10 21:21:06,880 epoch 3 - iter 84/125 - loss 15.24297668 - samples/sec: 85.07 - lr: 0.100000
2021-03-10 21:21:08,136 epoch 3 - iter 96/125 - loss 15.42693178 - samples/sec: 76.54 - lr: 0.100000
2021-03-10 21:21:09,379 epoch 3 - iter 108/125 - loss 15.49335000 - samples/sec: 77.29 - lr: 0.100000
2021-03-10 21:21:10,837 epoch 3 - iter 120/125 - loss 15.52586373 - samples/sec: 65.94 - lr: 0.100000
2021-03-10 21:21:11,356 ----------------------------------------------------------------------------------------------------
2021-03-10 21:21:11,357 EPOCH 3 done: loss 15.5706 - lr 0.1000000
2021-03-10 21:21:11,763 DEV : loss 12.122743606567383 - score 0.8379
2021-03-10 21:21:11,771 BAD EPOCHS (no improvement): 0
2021-03-10 21:21:11,773 ----------------------------------------------------------------------------------------------------
2021-03-10 21:21:13,042 epoch 4 - iter 12/125 - loss 16.61145401 - samples/sec: 75.73 - lr: 0.100000
2021-03-10 21:21:14,204 epoch 4 - iter 24/125 - loss 14.86982171 - samples/sec: 82.70 - lr: 0.100000
2021-03-10 21:21:15,333 epoch 4 - iter 36/125 - loss 14.56032353 - samples/sec: 85.14 - lr: 0.100000
2021-03-10 21:21:16,576 epoch 4 - iter 48/125 - loss 14.61622809 - samples/sec: 77.35 - lr: 0.100000
2021-03-10 21:21:17,640 epoch 4 - iter 60/125 - loss 14.36969222 - samples/sec: 90.30 - lr: 0.100000
2021-03-10 21:21:18,883 epoch 4 - iter 72/125 - loss 14.57359754 - samples/sec: 77.34 - lr: 0.100000
2021-03-10 21:21:20,119 epoch 4 - iter 84/125 - loss 14.74544482 - samples/sec: 77.76 - lr: 0.100000
2021-03-10 21:21:21,460 epoch 4 - iter 96/125 - loss 14.71380922 - samples/sec: 71.63 - lr: 0.100000
2021-03-10 21:21:23,033 epoch 4 - iter 108/125 - loss 14.86998343 - samples/sec: 61.11 - lr: 0.100000
2021-03-10 21:21:24,150 epoch 4 - iter 120/125 - loss 14.79624143 - samples/sec: 86.03 - lr: 0.100000
2021-03-10 21:21:24,583 ----------------------------------------------------------------------------------------------------
2021-03-10 21:21:24,584 EPOCH 4 done: loss 14.6518 - lr 0.1000000
2021-03-10 21:21:24,974 DEV : loss 12.178969383239746 - score 0.8318
2021-03-10 21:21:24,981 BAD EPOCHS (no improvement): 1
2021-03-10 21:21:24,983 ----------------------------------------------------------------------------------------------------
2021-03-10 21:21:26,279 epoch 5 - iter 12/125 - loss 13.68180470 - samples/sec: 74.18 - lr: 0.100000
2021-03-10 21:21:27,737 epoch 5 - iter 24/125 - loss 13.88470157 - samples/sec: 65.92 - lr: 0.100000
2021-03-10 21:21:28,927 epoch 5 - iter 36/125 - loss 14.37632314 - samples/sec: 80.78 - lr: 0.100000
2021-03-10 21:21:30,062 epoch 5 - iter 48/125 - loss 14.18069637 - samples/sec: 84.62 - lr: 0.100000
2021-03-10 21:21:31,280 epoch 5 - iter 60/125 - loss 14.51935856 - samples/sec: 78.94 - lr: 0.100000
2021-03-10 21:21:32,443 epoch 5 - iter 72/125 - loss 14.16887955 - samples/sec: 82.64 - lr: 0.100000
2021-03-10 21:21:33,752 epoch 5 - iter 84/125 - loss 14.03534493 - samples/sec: 73.39 - lr: 0.100000
2021-03-10 21:21:34,905 epoch 5 - iter 96/125 - loss 13.73797211 - samples/sec: 83.42 - lr: 0.100000
2021-03-10 21:21:36,253 epoch 5 - iter 108/125 - loss 13.82098654 - samples/sec: 71.26 - lr: 0.100000
2021-03-10 21:21:37,314 epoch 5 - iter 120/125 - loss 13.81827190 - samples/sec: 90.57 - lr: 0.100000
2021-03-10 21:21:37,892 ----------------------------------------------------------------------------------------------------
2021-03-10 21:21:37,893 EPOCH 5 done: loss 13.7484 - lr 0.1000000
2021-03-10 21:21:38,307 DEV : loss 10.959250450134277 - score 0.8354
2021-03-10 21:21:38,314 BAD EPOCHS (no improvement): 2
2021-03-10 21:21:38,315 ----------------------------------------------------------------------------------------------------
2021-03-10 21:21:39,440 epoch 6 - iter 12/125 - loss 12.92509397 - samples/sec: 85.48 - lr: 0.100000
2021-03-10 21:21:40,606 epoch 6 - iter 24/125 - loss 13.73948439 - samples/sec: 82.48 - lr: 0.100000
2021-03-10 21:21:41,905 epoch 6 - iter 36/125 - loss 14.16841446 - samples/sec: 73.98 - lr: 0.100000
2021-03-10 21:21:43,096 epoch 6 - iter 48/125 - loss 14.19971844 - samples/sec: 80.64 - lr: 0.100000
2021-03-10 21:21:44,162 epoch 6 - iter 60/125 - loss 14.12300501 - samples/sec: 90.18 - lr: 0.100000
2021-03-10 21:21:45,475 epoch 6 - iter 72/125 - loss 13.96279710 - samples/sec: 73.20 - lr: 0.100000
2021-03-10 21:21:46,674 epoch 6 - iter 84/125 - loss 13.92463314 - samples/sec: 80.21 - lr: 0.100000
2021-03-10 21:21:48,104 epoch 6 - iter 96/125 - loss 14.10900865 - samples/sec: 67.16 - lr: 0.100000
2021-03-10 21:21:49,362 epoch 6 - iter 108/125 - loss 13.82836562 - samples/sec: 76.40 - lr: 0.100000
2021-03-10 21:21:50,695 epoch 6 - iter 120/125 - loss 13.56236556 - samples/sec: 72.12 - lr: 0.100000
2021-03-10 21:21:51,095 ----------------------------------------------------------------------------------------------------
2021-03-10 21:21:51,096 EPOCH 6 done: loss 13.5371 - lr 0.1000000
2021-03-10 21:21:51,494 DEV : loss 10.791898727416992 - score 0.8336
2021-03-10 21:21:51,501 BAD EPOCHS (no improvement): 3
2021-03-10 21:21:51,503 ----------------------------------------------------------------------------------------------------
2021-03-10 21:21:52,791 epoch 7 - iter 12/125 - loss 13.81749940 - samples/sec: 74.65 - lr: 0.100000
2021-03-10 21:21:53,844 epoch 7 - iter 24/125 - loss 12.90756691 - samples/sec: 91.27 - lr: 0.100000
2021-03-10 21:21:54,960 epoch 7 - iter 36/125 - loss 12.67287448 - samples/sec: 86.13 - lr: 0.100000
2021-03-10 21:21:56,197 epoch 7 - iter 48/125 - loss 13.00833390 - samples/sec: 77.67 - lr: 0.100000
2021-03-10 21:21:57,311 epoch 7 - iter 60/125 - loss 13.00080500 - samples/sec: 86.31 - lr: 0.100000
2021-03-10 21:21:58,653 epoch 7 - iter 72/125 - loss 12.91630930 - samples/sec: 71.63 - lr: 0.100000
2021-03-10 21:21:59,710 epoch 7 - iter 84/125 - loss 12.74163767 - samples/sec: 90.91 - lr: 0.100000
2021-03-10 21:22:01,134 epoch 7 - iter 96/125 - loss 12.72543382 - samples/sec: 67.49 - lr: 0.100000
2021-03-10 21:22:02,528 epoch 7 - iter 108/125 - loss 12.86814573 - samples/sec: 68.95 - lr: 0.100000
2021-03-10 21:22:03,752 epoch 7 - iter 120/125 - loss 12.96377771 - samples/sec: 78.49 - lr: 0.100000
2021-03-10 21:22:04,261 ----------------------------------------------------------------------------------------------------
2021-03-10 21:22:04,262 EPOCH 7 done: loss 13.0125 - lr 0.1000000
2021-03-10 21:22:04,647 DEV : loss 9.813117027282715 - score 0.8548
2021-03-10 21:22:04,656 BAD EPOCHS (no improvement): 0
2021-03-10 21:22:04,657 ----------------------------------------------------------------------------------------------------
2021-03-10 21:22:05,840 epoch 8 - iter 12/125 - loss 12.71647406 - samples/sec: 81.25 - lr: 0.100000
2021-03-10 21:22:06,874 epoch 8 - iter 24/125 - loss 12.80951242 - samples/sec: 92.97 - lr: 0.100000
2021-03-10 21:22:08,313 epoch 8 - iter 36/125 - loss 13.73119733 - samples/sec: 66.77 - lr: 0.100000
2021-03-10 21:22:09,360 epoch 8 - iter 48/125 - loss 13.08493310 - samples/sec: 91.79 - lr: 0.100000
2021-03-10 21:22:10,574 epoch 8 - iter 60/125 - loss 13.21541375 - samples/sec: 79.16 - lr: 0.100000
2021-03-10 21:22:11,948 epoch 8 - iter 72/125 - loss 13.26142999 - samples/sec: 69.98 - lr: 0.100000
2021-03-10 21:22:13,115 epoch 8 - iter 84/125 - loss 12.98829643 - samples/sec: 82.32 - lr: 0.100000
2021-03-10 21:22:14,336 epoch 8 - iter 96/125 - loss 13.05673232 - samples/sec: 78.73 - lr: 0.100000
2021-03-10 21:22:15,576 epoch 8 - iter 108/125 - loss 12.83477909 - samples/sec: 77.49 - lr: 0.100000
2021-03-10 21:22:16,669 epoch 8 - iter 120/125 - loss 12.83866218 - samples/sec: 87.92 - lr: 0.100000
2021-03-10 21:22:17,214 ----------------------------------------------------------------------------------------------------
2021-03-10 21:22:17,215 EPOCH 8 done: loss 12.7330 - lr 0.1000000
2021-03-10 21:22:17,613 DEV : loss 10.12332820892334 - score 0.8509
2021-03-10 21:22:17,623 BAD EPOCHS (no improvement): 1
2021-03-10 21:22:17,624 ----------------------------------------------------------------------------------------------------
2021-03-10 21:22:18,803 epoch 9 - iter 12/125 - loss 14.73203182 - samples/sec: 81.52 - lr: 0.100000
2021-03-10 21:22:19,919 epoch 9 - iter 24/125 - loss 13.11240631 - samples/sec: 86.13 - lr: 0.100000
2021-03-10 21:22:21,074 epoch 9 - iter 36/125 - loss 12.26771934 - samples/sec: 83.23 - lr: 0.100000
2021-03-10 21:22:22,161 epoch 9 - iter 48/125 - loss 12.37526604 - samples/sec: 88.45 - lr: 0.100000
2021-03-10 21:22:23,425 epoch 9 - iter 60/125 - loss 12.05888894 - samples/sec: 76.04 - lr: 0.100000
2021-03-10 21:22:24,682 epoch 9 - iter 72/125 - loss 12.18672803 - samples/sec: 76.46 - lr: 0.100000
2021-03-10 21:22:25,862 epoch 9 - iter 84/125 - loss 12.25869768 - samples/sec: 81.45 - lr: 0.100000
2021-03-10 21:22:26,974 epoch 9 - iter 96/125 - loss 12.24468877 - samples/sec: 86.41 - lr: 0.100000
2021-03-10 21:22:28,365 epoch 9 - iter 108/125 - loss 12.42723999 - samples/sec: 69.09 - lr: 0.100000
2021-03-10 21:22:29,527 epoch 9 - iter 120/125 - loss 12.44187276 - samples/sec: 82.71 - lr: 0.100000
2021-03-10 21:22:29,961 ----------------------------------------------------------------------------------------------------
2021-03-10 21:22:29,962 EPOCH 9 done: loss 12.4546 - lr 0.1000000
2021-03-10 21:22:30,353 DEV : loss 9.550928115844727 - score 0.8573
2021-03-10 21:22:30,361 BAD EPOCHS (no improvement): 0
2021-03-10 21:22:30,362 ----------------------------------------------------------------------------------------------------
2021-03-10 21:22:31,468 epoch 10 - iter 12/125 - loss 12.79386036 - samples/sec: 86.96 - lr: 0.100000
2021-03-10 21:22:32,571 epoch 10 - iter 24/125 - loss 11.84623202 - samples/sec: 87.14 - lr: 0.100000
2021-03-10 21:22:33,715 epoch 10 - iter 36/125 - loss 11.73972048 - samples/sec: 84.00 - lr: 0.100000
2021-03-10 21:22:34,953 epoch 10 - iter 48/125 - loss 11.96388041 - samples/sec: 77.64 - lr: 0.100000
2021-03-10 21:22:36,206 epoch 10 - iter 60/125 - loss 12.28446828 - samples/sec: 76.69 - lr: 0.100000
2021-03-10 21:22:37,394 epoch 10 - iter 72/125 - loss 12.23698063 - samples/sec: 80.92 - lr: 0.100000
2021-03-10 21:22:38,605 epoch 10 - iter 84/125 - loss 12.25853260 - samples/sec: 79.38 - lr: 0.100000
2021-03-10 21:22:40,110 epoch 10 - iter 96/125 - loss 12.35822034 - samples/sec: 63.84 - lr: 0.100000
2021-03-10 21:22:41,281 epoch 10 - iter 108/125 - loss 12.26544516 - samples/sec: 82.03 - lr: 0.100000
2021-03-10 21:22:42,428 epoch 10 - iter 120/125 - loss 12.41857093 - samples/sec: 83.87 - lr: 0.100000
2021-03-10 21:22:42,945 ----------------------------------------------------------------------------------------------------
2021-03-10 21:22:42,946 EPOCH 10 done: loss 12.4154 - lr 0.1000000
2021-03-10 21:22:43,380 DEV : loss 9.3121919631958 - score 0.8573
2021-03-10 21:22:43,388 BAD EPOCHS (no improvement): 0
2021-03-10 21:22:43,389 ----------------------------------------------------------------------------------------------------
2021-03-10 21:22:44,768 epoch 11 - iter 12/125 - loss 12.98933570 - samples/sec: 69.68 - lr: 0.100000
2021-03-10 21:22:45,823 epoch 11 - iter 24/125 - loss 12.41501000 - samples/sec: 91.11 - lr: 0.100000
2021-03-10 21:22:47,005 epoch 11 - iter 36/125 - loss 12.33854192 - samples/sec: 81.28 - lr: 0.100000
2021-03-10 21:22:48,389 epoch 11 - iter 48/125 - loss 12.46502140 - samples/sec: 69.46 - lr: 0.100000
2021-03-10 21:22:49,743 epoch 11 - iter 60/125 - loss 12.48939497 - samples/sec: 70.96 - lr: 0.100000
2021-03-10 21:22:51,075 epoch 11 - iter 72/125 - loss 12.44294997 - samples/sec: 72.15 - lr: 0.100000
2021-03-10 21:22:52,262 epoch 11 - iter 84/125 - loss 12.48048267 - samples/sec: 80.96 - lr: 0.100000
2021-03-10 21:22:53,572 epoch 11 - iter 96/125 - loss 12.35789272 - samples/sec: 73.37 - lr: 0.100000
2021-03-10 21:22:54,601 epoch 11 - iter 108/125 - loss 12.33925707 - samples/sec: 93.42 - lr: 0.100000
2021-03-10 21:22:55,721 epoch 11 - iter 120/125 - loss 12.22560734 - samples/sec: 85.79 - lr: 0.100000
2021-03-10 21:22:56,180 ----------------------------------------------------------------------------------------------------
2021-03-10 21:22:56,181 EPOCH 11 done: loss 12.1520 - lr 0.1000000
2021-03-10 21:22:56,564 DEV : loss 9.160970687866211 - score 0.8563
2021-03-10 21:22:56,572 BAD EPOCHS (no improvement): 1
2021-03-10 21:22:56,573 ----------------------------------------------------------------------------------------------------
2021-03-10 21:22:57,697 epoch 12 - iter 12/125 - loss 12.13163543 - samples/sec: 85.59 - lr: 0.100000
2021-03-10 21:22:58,910 epoch 12 - iter 24/125 - loss 11.52085574 - samples/sec: 79.23 - lr: 0.100000
2021-03-10 21:23:00,273 epoch 12 - iter 36/125 - loss 11.56988854 - samples/sec: 70.48 - lr: 0.100000
2021-03-10 21:23:01,521 epoch 12 - iter 48/125 - loss 11.88966751 - samples/sec: 76.99 - lr: 0.100000
2021-03-10 21:23:02,667 epoch 12 - iter 60/125 - loss 11.76696127 - samples/sec: 83.89 - lr: 0.100000
2021-03-10 21:23:03,705 epoch 12 - iter 72/125 - loss 11.73511528 - samples/sec: 92.60 - lr: 0.100000
2021-03-10 21:23:04,819 epoch 12 - iter 84/125 - loss 11.83697724 - samples/sec: 86.29 - lr: 0.100000
2021-03-10 21:23:05,973 epoch 12 - iter 96/125 - loss 11.67603206 - samples/sec: 83.33 - lr: 0.100000
2021-03-10 21:23:07,147 epoch 12 - iter 108/125 - loss 11.75325970 - samples/sec: 81.82 - lr: 0.100000
2021-03-10 21:23:08,359 epoch 12 - iter 120/125 - loss 11.89057412 - samples/sec: 79.35 - lr: 0.100000
2021-03-10 21:23:08,938 ----------------------------------------------------------------------------------------------------
2021-03-10 21:23:08,939 EPOCH 12 done: loss 11.8872 - lr 0.1000000
2021-03-10 21:23:09,335 DEV : loss 9.428141593933105 - score 0.8627
2021-03-10 21:23:09,343 BAD EPOCHS (no improvement): 0
2021-03-10 21:23:09,344 ----------------------------------------------------------------------------------------------------
2021-03-10 21:23:10,486 epoch 13 - iter 12/125 - loss 12.10436336 - samples/sec: 84.19 - lr: 0.100000
2021-03-10 21:23:11,725 epoch 13 - iter 24/125 - loss 12.06677234 - samples/sec: 77.61 - lr: 0.100000
2021-03-10 21:23:12,889 epoch 13 - iter 36/125 - loss 11.52882210 - samples/sec: 82.57 - lr: 0.100000
2021-03-10 21:23:14,026 epoch 13 - iter 48/125 - loss 11.49452702 - samples/sec: 84.49 - lr: 0.100000
2021-03-10 21:23:15,188 epoch 13 - iter 60/125 - loss 11.37958567 - samples/sec: 82.73 - lr: 0.100000
2021-03-10 21:23:16,322 epoch 13 - iter 72/125 - loss 11.36397086 - samples/sec: 84.71 - lr: 0.100000
2021-03-10 21:23:17,537 epoch 13 - iter 84/125 - loss 11.33286797 - samples/sec: 79.09 - lr: 0.100000
2021-03-10 21:23:18,659 epoch 13 - iter 96/125 - loss 11.24626494 - samples/sec: 85.68 - lr: 0.100000
2021-03-10 21:23:20,029 epoch 13 - iter 108/125 - loss 11.50257550 - samples/sec: 70.15 - lr: 0.100000
2021-03-10 21:23:21,265 epoch 13 - iter 120/125 - loss 11.62530072 - samples/sec: 77.73 - lr: 0.100000
2021-03-10 21:23:22,066 ----------------------------------------------------------------------------------------------------
2021-03-10 21:23:22,067 EPOCH 13 done: loss 11.7212 - lr 0.1000000
2021-03-10 21:23:22,487 DEV : loss 8.793509483337402 - score 0.8681
2021-03-10 21:23:22,494 BAD EPOCHS (no improvement): 0
2021-03-10 21:23:22,495 ----------------------------------------------------------------------------------------------------
2021-03-10 21:23:23,634 epoch 14 - iter 12/125 - loss 10.40994998 - samples/sec: 84.43 - lr: 0.100000
2021-03-10 21:23:24,689 epoch 14 - iter 24/125 - loss 10.53640260 - samples/sec: 91.16 - lr: 0.100000
2021-03-10 21:23:25,931 epoch 14 - iter 36/125 - loss 10.98594642 - samples/sec: 77.36 - lr: 0.100000
2021-03-10 21:23:27,160 epoch 14 - iter 48/125 - loss 11.69689570 - samples/sec: 78.19 - lr: 0.100000
2021-03-10 21:23:28,130 epoch 14 - iter 60/125 - loss 11.36935757 - samples/sec: 99.09 - lr: 0.100000
2021-03-10 21:23:29,262 epoch 14 - iter 72/125 - loss 11.43434754 - samples/sec: 84.89 - lr: 0.100000
2021-03-10 21:23:30,447 epoch 14 - iter 84/125 - loss 11.47791287 - samples/sec: 81.11 - lr: 0.100000
2021-03-10 21:23:31,786 epoch 14 - iter 96/125 - loss 11.77735129 - samples/sec: 71.78 - lr: 0.100000
2021-03-10 21:23:33,096 epoch 14 - iter 108/125 - loss 11.70636341 - samples/sec: 73.34 - lr: 0.100000
2021-03-10 21:23:34,144 epoch 14 - iter 120/125 - loss 11.68765957 - samples/sec: 91.72 - lr: 0.100000
2021-03-10 21:23:34,642 ----------------------------------------------------------------------------------------------------
2021-03-10 21:23:34,643 EPOCH 14 done: loss 11.6764 - lr 0.1000000
2021-03-10 21:23:35,072 DEV : loss 8.809836387634277 - score 0.867
2021-03-10 21:23:35,083 BAD EPOCHS (no improvement): 1
2021-03-10 21:23:35,084 ----------------------------------------------------------------------------------------------------
2021-03-10 21:23:36,128 epoch 15 - iter 12/125 - loss 10.90635757 - samples/sec: 92.09 - lr: 0.100000
2021-03-10 21:23:37,288 epoch 15 - iter 24/125 - loss 10.95899558 - samples/sec: 82.86 - lr: 0.100000
2021-03-10 21:23:38,422 epoch 15 - iter 36/125 - loss 11.03731688 - samples/sec: 84.74 - lr: 0.100000
2021-03-10 21:23:39,659 epoch 15 - iter 48/125 - loss 10.68125706 - samples/sec: 77.71 - lr: 0.100000
2021-03-10 21:23:40,900 epoch 15 - iter 60/125 - loss 11.11721843 - samples/sec: 77.43 - lr: 0.100000
2021-03-10 21:23:42,314 epoch 15 - iter 72/125 - loss 11.43777818 - samples/sec: 67.95 - lr: 0.100000
2021-03-10 21:23:43,468 epoch 15 - iter 84/125 - loss 11.35376269 - samples/sec: 83.31 - lr: 0.100000
2021-03-10 21:23:44,553 epoch 15 - iter 96/125 - loss 11.27499115 - samples/sec: 88.60 - lr: 0.100000
2021-03-10 21:23:45,650 epoch 15 - iter 108/125 - loss 11.38295770 - samples/sec: 87.60 - lr: 0.100000
2021-03-10 21:23:46,822 epoch 15 - iter 120/125 - loss 11.49120587 - samples/sec: 82.02 - lr: 0.100000
2021-03-10 21:23:47,318 ----------------------------------------------------------------------------------------------------
2021-03-10 21:23:47,319 EPOCH 15 done: loss 11.5109 - lr 0.1000000
2021-03-10 21:23:47,712 DEV : loss 8.807185173034668 - score 0.8692
2021-03-10 21:23:47,720 BAD EPOCHS (no improvement): 0
2021-03-10 21:23:47,721 ----------------------------------------------------------------------------------------------------
2021-03-10 21:23:47,722 Testing using best model ...
2021-03-10 21:23:48,763 	0.877
2021-03-10 21:23:48,764 
Results:
- F-score (micro): 0.877
- F-score (macro): 0.6926
- Accuracy (incl. no class): 0.877

By class:
                 precision    recall  f1-score   support

              O     0.9383    0.9300    0.9342      5561
 SPATIAL_SIGNAL     0.6098    0.6649    0.6361       188
           PATH     0.6935    0.5443    0.6099       158
  MOTION_SIGNAL     0.6257    0.6829    0.6531       164
          PLACE     0.6545    0.8018    0.7207       449
NONMOTION_EVENT     0.6000    0.4348    0.5042        69
        MEASURE     0.7692    0.6849    0.7246        73
 SPATIAL_ENTITY     0.7918    0.6915    0.7382       363
         MOTION     0.6756    0.7525    0.7119       202

       accuracy                         0.8770      7227
      macro avg     0.7065    0.6875    0.6926      7227
   weighted avg     0.8801    0.8770    0.8774      7227

2021-03-10 21:23:48,765 ----------------------------------------------------------------------------------------------------
