2021-03-16 13:02:39,278 ----------------------------------------------------------------------------------------------------
2021-03-16 13:02:39,279 Model: "SequenceTagger(
  (embeddings): StackedEmbeddings(
    (list_embedding_0): WordEmbeddings('glove')
    (list_embedding_1): FlairEmbeddings(
      (lm): LanguageModel(
        (drop): Dropout(p=0.25, inplace=False)
        (encoder): Embedding(275, 100)
        (rnn): LSTM(100, 1024)
        (decoder): Linear(in_features=1024, out_features=275, bias=True)
      )
    )
    (list_embedding_2): FlairEmbeddings(
      (lm): LanguageModel(
        (drop): Dropout(p=0.25, inplace=False)
        (encoder): Embedding(275, 100)
        (rnn): LSTM(100, 1024)
        (decoder): Linear(in_features=1024, out_features=275, bias=True)
      )
    )
  )
  (word_dropout): WordDropout(p=0.05)
  (locked_dropout): LockedDropout(p=0.5)
  (embedding2nn): Linear(in_features=2148, out_features=2148, bias=True)
  (rnn): LSTM(2148, 128, batch_first=True, bidirectional=True)
  (linear): Linear(in_features=256, out_features=6, bias=True)
  (beta): 1.0
  (weights): None
  (weight_tensor) None
)"
2021-03-16 13:02:39,279 ----------------------------------------------------------------------------------------------------
2021-03-16 13:02:39,281 Corpus: "Corpus: 1000 train + 111 dev + 289 test sentences"
2021-03-16 13:02:39,281 ----------------------------------------------------------------------------------------------------
2021-03-16 13:02:39,282 Parameters:
2021-03-16 13:02:39,283  - learning_rate: "0.1"
2021-03-16 13:02:39,283  - mini_batch_size: "32"
2021-03-16 13:02:39,284  - patience: "3"
2021-03-16 13:02:39,285  - anneal_factor: "0.5"
2021-03-16 13:02:39,285  - max_epochs: "8"
2021-03-16 13:02:39,286  - shuffle: "True"
2021-03-16 13:02:39,287  - train_with_dev: "False"
2021-03-16 13:02:39,287  - batch_growth_annealing: "False"
2021-03-16 13:02:39,297 ----------------------------------------------------------------------------------------------------
2021-03-16 13:02:39,297 Model training base path: "resources/taggers/form"
2021-03-16 13:02:39,298 ----------------------------------------------------------------------------------------------------
2021-03-16 13:02:39,300 Device: cpu
2021-03-16 13:02:39,301 ----------------------------------------------------------------------------------------------------
2021-03-16 13:02:39,301 Embeddings storage mode: cpu
2021-03-16 13:02:39,306 ----------------------------------------------------------------------------------------------------
2021-03-16 13:02:48,210 epoch 1 - iter 3/32 - loss 28.95746422 - samples/sec: 10.78 - lr: 0.100000
2021-03-16 13:03:00,363 epoch 1 - iter 6/32 - loss 23.89778010 - samples/sec: 7.90 - lr: 0.100000
2021-03-16 13:03:09,367 epoch 1 - iter 9/32 - loss 21.32927312 - samples/sec: 10.66 - lr: 0.100000
2021-03-16 13:03:18,282 epoch 1 - iter 12/32 - loss 19.38842185 - samples/sec: 10.77 - lr: 0.100000
2021-03-16 13:03:29,708 epoch 1 - iter 15/32 - loss 18.86631006 - samples/sec: 8.40 - lr: 0.100000
2021-03-16 13:03:40,058 epoch 1 - iter 18/32 - loss 18.00297070 - samples/sec: 9.28 - lr: 0.100000
2021-03-16 13:03:51,220 epoch 1 - iter 21/32 - loss 17.10326667 - samples/sec: 8.60 - lr: 0.100000
2021-03-16 13:04:02,051 epoch 1 - iter 24/32 - loss 16.43787162 - samples/sec: 8.86 - lr: 0.100000
2021-03-16 13:04:12,458 epoch 1 - iter 27/32 - loss 15.85579522 - samples/sec: 9.23 - lr: 0.100000
2021-03-16 13:04:24,549 epoch 1 - iter 30/32 - loss 15.05210349 - samples/sec: 7.94 - lr: 0.100000
2021-03-16 13:04:29,930 ----------------------------------------------------------------------------------------------------
2021-03-16 13:04:29,931 EPOCH 1 done: loss 14.7604 - lr 0.1000000
2021-03-16 13:04:50,420 DEV : loss 8.47799301147461 - score 0.8865
2021-03-16 13:04:50,436 BAD EPOCHS (no improvement): 0
2021-03-16 13:04:52,977 ----------------------------------------------------------------------------------------------------
2021-03-16 13:04:54,834 epoch 2 - iter 3/32 - loss 7.96826537 - samples/sec: 51.75 - lr: 0.100000
2021-03-16 13:04:56,487 epoch 2 - iter 6/32 - loss 7.97964327 - samples/sec: 58.10 - lr: 0.100000
2021-03-16 13:04:58,197 epoch 2 - iter 9/32 - loss 8.07233487 - samples/sec: 56.18 - lr: 0.100000
2021-03-16 13:04:59,839 epoch 2 - iter 12/32 - loss 7.85463305 - samples/sec: 58.51 - lr: 0.100000
2021-03-16 13:05:01,714 epoch 2 - iter 15/32 - loss 7.71201334 - samples/sec: 51.23 - lr: 0.100000
2021-03-16 13:05:03,905 epoch 2 - iter 18/32 - loss 7.71388345 - samples/sec: 43.83 - lr: 0.100000
2021-03-16 13:05:05,709 epoch 2 - iter 21/32 - loss 7.71700169 - samples/sec: 53.23 - lr: 0.100000
2021-03-16 13:05:08,117 epoch 2 - iter 24/32 - loss 7.68966258 - samples/sec: 39.90 - lr: 0.100000
2021-03-16 13:05:09,927 epoch 2 - iter 27/32 - loss 7.54489371 - samples/sec: 53.07 - lr: 0.100000
2021-03-16 13:05:11,501 epoch 2 - iter 30/32 - loss 7.39294149 - samples/sec: 60.99 - lr: 0.100000
2021-03-16 13:05:12,214 ----------------------------------------------------------------------------------------------------
2021-03-16 13:05:12,215 EPOCH 2 done: loss 7.2707 - lr 0.1000000
2021-03-16 13:05:13,372 DEV : loss 5.584592819213867 - score 0.9168
2021-03-16 13:05:13,388 BAD EPOCHS (no improvement): 0
2021-03-16 13:05:16,519 ----------------------------------------------------------------------------------------------------
2021-03-16 13:05:18,449 epoch 3 - iter 3/32 - loss 6.33809265 - samples/sec: 49.77 - lr: 0.100000
2021-03-16 13:05:20,051 epoch 3 - iter 6/32 - loss 6.21846112 - samples/sec: 59.94 - lr: 0.100000
2021-03-16 13:05:21,891 epoch 3 - iter 9/32 - loss 5.95391923 - samples/sec: 52.21 - lr: 0.100000
2021-03-16 13:05:23,835 epoch 3 - iter 12/32 - loss 6.02112093 - samples/sec: 49.41 - lr: 0.100000
2021-03-16 13:05:25,815 epoch 3 - iter 15/32 - loss 5.93975838 - samples/sec: 48.51 - lr: 0.100000
2021-03-16 13:05:27,975 epoch 3 - iter 18/32 - loss 5.95643893 - samples/sec: 44.46 - lr: 0.100000
2021-03-16 13:05:29,793 epoch 3 - iter 21/32 - loss 5.95119157 - samples/sec: 52.85 - lr: 0.100000
2021-03-16 13:05:31,510 epoch 3 - iter 24/32 - loss 6.03460510 - samples/sec: 55.93 - lr: 0.100000
2021-03-16 13:05:33,188 epoch 3 - iter 27/32 - loss 6.00740132 - samples/sec: 57.25 - lr: 0.100000
2021-03-16 13:05:34,911 epoch 3 - iter 30/32 - loss 5.98417108 - samples/sec: 55.75 - lr: 0.100000
2021-03-16 13:05:35,605 ----------------------------------------------------------------------------------------------------
2021-03-16 13:05:35,606 EPOCH 3 done: loss 5.8559 - lr 0.1000000
2021-03-16 13:05:37,170 DEV : loss 4.665257453918457 - score 0.9236
2021-03-16 13:05:37,187 BAD EPOCHS (no improvement): 0
2021-03-16 13:05:40,332 ----------------------------------------------------------------------------------------------------
2021-03-16 13:05:42,360 epoch 4 - iter 3/32 - loss 5.84866460 - samples/sec: 47.37 - lr: 0.100000
2021-03-16 13:05:44,094 epoch 4 - iter 6/32 - loss 5.54889854 - samples/sec: 55.40 - lr: 0.100000
2021-03-16 13:05:45,987 epoch 4 - iter 9/32 - loss 5.32901017 - samples/sec: 50.75 - lr: 0.100000
2021-03-16 13:05:47,965 epoch 4 - iter 12/32 - loss 5.25521410 - samples/sec: 48.56 - lr: 0.100000
2021-03-16 13:05:49,726 epoch 4 - iter 15/32 - loss 5.19334834 - samples/sec: 54.55 - lr: 0.100000
2021-03-16 13:05:51,795 epoch 4 - iter 18/32 - loss 5.18704012 - samples/sec: 46.42 - lr: 0.100000
2021-03-16 13:05:53,655 epoch 4 - iter 21/32 - loss 5.32389836 - samples/sec: 51.64 - lr: 0.100000
2021-03-16 13:05:55,393 epoch 4 - iter 24/32 - loss 5.21454549 - samples/sec: 55.24 - lr: 0.100000
2021-03-16 13:05:57,175 epoch 4 - iter 27/32 - loss 5.24216887 - samples/sec: 53.92 - lr: 0.100000
2021-03-16 13:05:58,703 epoch 4 - iter 30/32 - loss 5.18890541 - samples/sec: 62.89 - lr: 0.100000
2021-03-16 13:05:59,370 ----------------------------------------------------------------------------------------------------
2021-03-16 13:05:59,371 EPOCH 4 done: loss 5.1151 - lr 0.1000000
2021-03-16 13:06:00,529 DEV : loss 4.3747992515563965 - score 0.9322
2021-03-16 13:06:00,545 BAD EPOCHS (no improvement): 0
2021-03-16 13:06:03,675 ----------------------------------------------------------------------------------------------------
2021-03-16 13:06:05,201 epoch 5 - iter 3/32 - loss 4.53720554 - samples/sec: 62.97 - lr: 0.100000
2021-03-16 13:06:07,105 epoch 5 - iter 6/32 - loss 4.52966674 - samples/sec: 50.46 - lr: 0.100000
2021-03-16 13:06:08,747 epoch 5 - iter 9/32 - loss 4.80130058 - samples/sec: 58.49 - lr: 0.100000
2021-03-16 13:06:10,691 epoch 5 - iter 12/32 - loss 4.83664513 - samples/sec: 49.41 - lr: 0.100000
2021-03-16 13:06:12,335 epoch 5 - iter 15/32 - loss 4.79762497 - samples/sec: 58.42 - lr: 0.100000
2021-03-16 13:06:14,432 epoch 5 - iter 18/32 - loss 4.88424672 - samples/sec: 45.80 - lr: 0.100000
2021-03-16 13:06:16,297 epoch 5 - iter 21/32 - loss 4.86585323 - samples/sec: 51.51 - lr: 0.100000
2021-03-16 13:06:18,319 epoch 5 - iter 24/32 - loss 4.99957237 - samples/sec: 47.50 - lr: 0.100000
2021-03-16 13:06:20,136 epoch 5 - iter 27/32 - loss 4.98717016 - samples/sec: 52.87 - lr: 0.100000
2021-03-16 13:06:21,805 epoch 5 - iter 30/32 - loss 4.92947176 - samples/sec: 57.54 - lr: 0.100000
2021-03-16 13:06:22,544 ----------------------------------------------------------------------------------------------------
2021-03-16 13:06:22,544 EPOCH 5 done: loss 4.8810 - lr 0.1000000
2021-03-16 13:06:23,743 DEV : loss 4.155127048492432 - score 0.9294
2021-03-16 13:06:23,759 BAD EPOCHS (no improvement): 1
2021-03-16 13:06:23,760 ----------------------------------------------------------------------------------------------------
2021-03-16 13:06:25,876 epoch 6 - iter 3/32 - loss 4.92418830 - samples/sec: 45.39 - lr: 0.100000
2021-03-16 13:06:27,759 epoch 6 - iter 6/32 - loss 4.69928686 - samples/sec: 51.03 - lr: 0.100000
2021-03-16 13:06:29,545 epoch 6 - iter 9/32 - loss 4.35620194 - samples/sec: 53.76 - lr: 0.100000
2021-03-16 13:06:31,195 epoch 6 - iter 12/32 - loss 4.37800252 - samples/sec: 58.23 - lr: 0.100000
2021-03-16 13:06:32,906 epoch 6 - iter 15/32 - loss 4.33725996 - samples/sec: 56.15 - lr: 0.100000
2021-03-16 13:06:34,527 epoch 6 - iter 18/32 - loss 4.31265759 - samples/sec: 59.25 - lr: 0.100000
2021-03-16 13:06:36,309 epoch 6 - iter 21/32 - loss 4.50865421 - samples/sec: 53.90 - lr: 0.100000
2021-03-16 13:06:38,227 epoch 6 - iter 24/32 - loss 4.57307907 - samples/sec: 50.08 - lr: 0.100000
2021-03-16 13:06:39,933 epoch 6 - iter 27/32 - loss 4.56539537 - samples/sec: 56.32 - lr: 0.100000
2021-03-16 13:06:42,187 epoch 6 - iter 30/32 - loss 4.55829581 - samples/sec: 42.59 - lr: 0.100000
2021-03-16 13:06:43,055 ----------------------------------------------------------------------------------------------------
2021-03-16 13:06:43,056 EPOCH 6 done: loss 4.4502 - lr 0.1000000
2021-03-16 13:06:44,504 DEV : loss 4.007932186126709 - score 0.9356
2021-03-16 13:06:44,520 BAD EPOCHS (no improvement): 0
2021-03-16 13:06:47,665 ----------------------------------------------------------------------------------------------------
2021-03-16 13:06:49,454 epoch 7 - iter 3/32 - loss 3.99768813 - samples/sec: 53.71 - lr: 0.100000
2021-03-16 13:06:51,408 epoch 7 - iter 6/32 - loss 4.24208935 - samples/sec: 49.16 - lr: 0.100000
2021-03-16 13:06:53,256 epoch 7 - iter 9/32 - loss 4.42947086 - samples/sec: 51.99 - lr: 0.100000
2021-03-16 13:06:55,034 epoch 7 - iter 12/32 - loss 4.57743450 - samples/sec: 54.00 - lr: 0.100000
2021-03-16 13:06:56,997 epoch 7 - iter 15/32 - loss 4.43929776 - samples/sec: 48.94 - lr: 0.100000
2021-03-16 13:06:58,519 epoch 7 - iter 18/32 - loss 4.46215071 - samples/sec: 63.10 - lr: 0.100000
2021-03-16 13:07:00,380 epoch 7 - iter 21/32 - loss 4.50578839 - samples/sec: 51.62 - lr: 0.100000
2021-03-16 13:07:01,972 epoch 7 - iter 24/32 - loss 4.49744925 - samples/sec: 60.32 - lr: 0.100000
2021-03-16 13:07:03,982 epoch 7 - iter 27/32 - loss 4.43277151 - samples/sec: 47.79 - lr: 0.100000
2021-03-16 13:07:06,174 epoch 7 - iter 30/32 - loss 4.47452548 - samples/sec: 43.81 - lr: 0.100000
2021-03-16 13:07:06,898 ----------------------------------------------------------------------------------------------------
2021-03-16 13:07:06,899 EPOCH 7 done: loss 4.4329 - lr 0.1000000
2021-03-16 13:07:08,063 DEV : loss 4.39340353012085 - score 0.9294
2021-03-16 13:07:08,081 BAD EPOCHS (no improvement): 1
2021-03-16 13:07:08,082 ----------------------------------------------------------------------------------------------------
2021-03-16 13:07:09,986 epoch 8 - iter 3/32 - loss 4.34893386 - samples/sec: 50.46 - lr: 0.100000
2021-03-16 13:07:11,730 epoch 8 - iter 6/32 - loss 3.99637393 - samples/sec: 55.08 - lr: 0.100000
2021-03-16 13:07:13,463 epoch 8 - iter 9/32 - loss 4.05945134 - samples/sec: 55.45 - lr: 0.100000
2021-03-16 13:07:14,955 epoch 8 - iter 12/32 - loss 4.13474307 - samples/sec: 64.39 - lr: 0.100000
2021-03-16 13:07:16,667 epoch 8 - iter 15/32 - loss 4.25491457 - samples/sec: 56.12 - lr: 0.100000
2021-03-16 13:07:18,908 epoch 8 - iter 18/32 - loss 4.31988904 - samples/sec: 42.85 - lr: 0.100000
2021-03-16 13:07:20,641 epoch 8 - iter 21/32 - loss 4.44993317 - samples/sec: 55.44 - lr: 0.100000
2021-03-16 13:07:22,144 epoch 8 - iter 24/32 - loss 4.33492606 - samples/sec: 63.92 - lr: 0.100000
2021-03-16 13:07:24,208 epoch 8 - iter 27/32 - loss 4.29235097 - samples/sec: 46.53 - lr: 0.100000
2021-03-16 13:07:25,786 epoch 8 - iter 30/32 - loss 4.28486610 - samples/sec: 60.88 - lr: 0.100000
2021-03-16 13:07:26,435 ----------------------------------------------------------------------------------------------------
2021-03-16 13:07:26,435 EPOCH 8 done: loss 4.1572 - lr 0.1000000
2021-03-16 13:07:27,595 DEV : loss 4.0342302322387695 - score 0.9379
2021-03-16 13:07:27,611 BAD EPOCHS (no improvement): 0
2021-03-16 13:07:33,288 ----------------------------------------------------------------------------------------------------
2021-03-16 13:07:33,289 Testing using best model ...
2021-03-16 13:07:33,290 loading file resources/taggers/form/best-model.pt
2021-03-16 13:08:06,250 	0.9422
2021-03-16 13:08:06,251 
Results:
- F-score (micro): 0.9422
- F-score (macro): 0.8346
- Accuracy (incl. no class): 0.9422

By class:
              precision    recall  f1-score   support

           O     0.9518    0.9842    0.9677      6257
         NAM     0.9046    0.7267    0.8059       300
         NOM     0.8391    0.6463    0.7302       670

    accuracy                         0.9422      7227
   macro avg     0.8985    0.7857    0.8346      7227
weighted avg     0.9394    0.9422    0.9390      7227

2021-03-16 13:08:06,252 ----------------------------------------------------------------------------------------------------
