2021-02-05 12:28:58,627 ----------------------------------------------------------------------------------------------------
2021-02-05 12:28:58,628 Model: "SequenceTagger(
  (embeddings): StackedEmbeddings(
    (list_embedding_0): WordEmbeddings('glove')
  )
  (word_dropout): WordDropout(p=0.05)
  (locked_dropout): LockedDropout(p=0.5)
  (embedding2nn): Linear(in_features=100, out_features=100, bias=True)
  (rnn): LSTM(100, 256, batch_first=True, bidirectional=True)
  (linear): Linear(in_features=512, out_features=12, bias=True)
  (beta): 1.0
  (weights): None
  (weight_tensor) None
)"
2021-02-05 12:28:58,629 ----------------------------------------------------------------------------------------------------
2021-02-05 12:28:58,630 Corpus: "Corpus: 1003 train + 112 dev + 289 test sentences"
2021-02-05 12:28:58,631 ----------------------------------------------------------------------------------------------------
2021-02-05 12:28:58,631 Parameters:
2021-02-05 12:28:58,633  - learning_rate: "0.5"
2021-02-05 12:28:58,634  - mini_batch_size: "32"
2021-02-05 12:28:58,635  - patience: "3"
2021-02-05 12:28:58,636  - anneal_factor: "0.5"
2021-02-05 12:28:58,636  - max_epochs: "31"
2021-02-05 12:28:58,637  - shuffle: "True"
2021-02-05 12:28:58,638  - train_with_dev: "False"
2021-02-05 12:28:58,639  - batch_growth_annealing: "False"
2021-02-05 12:28:58,640 ----------------------------------------------------------------------------------------------------
2021-02-05 12:28:58,641 Model training base path: "resources0/taggers/example-iso"
2021-02-05 12:28:58,641 ----------------------------------------------------------------------------------------------------
2021-02-05 12:28:58,642 Device: cpu
2021-02-05 12:28:58,643 ----------------------------------------------------------------------------------------------------
2021-02-05 12:28:58,643 Embeddings storage mode: cpu
2021-02-05 12:28:58,645 ----------------------------------------------------------------------------------------------------
2021-02-05 12:29:00,088 epoch 1 - iter 3/32 - loss 44.33881505 - samples/sec: 66.77 - lr: 0.500000
2021-02-05 12:29:01,385 epoch 1 - iter 6/32 - loss 45.49651972 - samples/sec: 74.12 - lr: 0.500000
2021-02-05 12:29:02,601 epoch 1 - iter 9/32 - loss 48.38247214 - samples/sec: 78.97 - lr: 0.500000
2021-02-05 12:29:03,851 epoch 1 - iter 12/32 - loss 45.52804359 - samples/sec: 76.91 - lr: 0.500000
2021-02-05 12:29:05,022 epoch 1 - iter 15/32 - loss 47.20786756 - samples/sec: 82.04 - lr: 0.500000
2021-02-05 12:29:06,281 epoch 1 - iter 18/32 - loss 44.11787817 - samples/sec: 76.28 - lr: 0.500000
2021-02-05 12:29:07,794 epoch 1 - iter 21/32 - loss 46.64786039 - samples/sec: 63.50 - lr: 0.500000
2021-02-05 12:29:08,968 epoch 1 - iter 24/32 - loss 44.90091491 - samples/sec: 81.90 - lr: 0.500000
2021-02-05 12:29:10,330 epoch 1 - iter 27/32 - loss 44.24782668 - samples/sec: 70.49 - lr: 0.500000
2021-02-05 12:29:11,622 epoch 1 - iter 30/32 - loss 46.12432168 - samples/sec: 74.41 - lr: 0.500000
2021-02-05 12:29:12,885 ----------------------------------------------------------------------------------------------------
2021-02-05 12:29:12,886 EPOCH 1 done: loss 45.5376 - lr 0.5000000
2021-02-05 12:29:13,334 DEV : loss 22.89669418334961 - score 0.7821
2021-02-05 12:29:13,345 BAD EPOCHS (no improvement): 0
2021-02-05 12:29:16,425 ----------------------------------------------------------------------------------------------------
2021-02-05 12:29:18,122 epoch 2 - iter 3/32 - loss 37.12527720 - samples/sec: 56.63 - lr: 0.500000
2021-02-05 12:29:20,257 epoch 2 - iter 6/32 - loss 37.08390299 - samples/sec: 45.03 - lr: 0.500000
2021-02-05 12:29:22,561 epoch 2 - iter 9/32 - loss 32.86477449 - samples/sec: 41.68 - lr: 0.500000
2021-02-05 12:29:24,182 epoch 2 - iter 12/32 - loss 35.60025247 - samples/sec: 59.29 - lr: 0.500000
2021-02-05 12:29:25,548 epoch 2 - iter 15/32 - loss 34.24347305 - samples/sec: 70.37 - lr: 0.500000
2021-02-05 12:29:27,162 epoch 2 - iter 18/32 - loss 34.63205560 - samples/sec: 59.52 - lr: 0.500000
2021-02-05 12:29:29,029 epoch 2 - iter 21/32 - loss 34.12929871 - samples/sec: 51.47 - lr: 0.500000
2021-02-05 12:29:30,838 epoch 2 - iter 24/32 - loss 33.89696376 - samples/sec: 53.14 - lr: 0.500000
2021-02-05 12:29:32,598 epoch 2 - iter 27/32 - loss 33.18880074 - samples/sec: 54.56 - lr: 0.500000
2021-02-05 12:29:34,116 epoch 2 - iter 30/32 - loss 33.03503405 - samples/sec: 63.30 - lr: 0.500000
2021-02-05 12:29:35,000 ----------------------------------------------------------------------------------------------------
2021-02-05 12:29:35,001 EPOCH 2 done: loss 32.8638 - lr 0.5000000
2021-02-05 12:29:35,407 DEV : loss 19.63456153869629 - score 0.7898
2021-02-05 12:29:35,419 BAD EPOCHS (no improvement): 0
2021-02-05 12:29:38,894 ----------------------------------------------------------------------------------------------------
2021-02-05 12:29:39,919 epoch 3 - iter 3/32 - loss 25.03972944 - samples/sec: 93.94 - lr: 0.500000
2021-02-05 12:29:41,076 epoch 3 - iter 6/32 - loss 28.27014478 - samples/sec: 82.99 - lr: 0.500000
2021-02-05 12:29:42,591 epoch 3 - iter 9/32 - loss 26.24942525 - samples/sec: 63.42 - lr: 0.500000
2021-02-05 12:29:44,239 epoch 3 - iter 12/32 - loss 27.67213202 - samples/sec: 58.31 - lr: 0.500000
2021-02-05 12:29:45,773 epoch 3 - iter 15/32 - loss 28.25001602 - samples/sec: 62.61 - lr: 0.500000
2021-02-05 12:29:47,151 epoch 3 - iter 18/32 - loss 28.13499006 - samples/sec: 69.76 - lr: 0.500000
2021-02-05 12:29:48,890 epoch 3 - iter 21/32 - loss 28.27028220 - samples/sec: 55.23 - lr: 0.500000
2021-02-05 12:29:50,449 epoch 3 - iter 24/32 - loss 27.66935178 - samples/sec: 61.62 - lr: 0.500000
2021-02-05 12:29:51,752 epoch 3 - iter 27/32 - loss 27.49492352 - samples/sec: 73.72 - lr: 0.500000
2021-02-05 12:29:53,065 epoch 3 - iter 30/32 - loss 27.09562082 - samples/sec: 73.20 - lr: 0.500000
2021-02-05 12:29:54,312 ----------------------------------------------------------------------------------------------------
2021-02-05 12:29:54,313 EPOCH 3 done: loss 27.0600 - lr 0.5000000
2021-02-05 12:29:54,627 DEV : loss 18.9294376373291 - score 0.804
2021-02-05 12:29:54,634 BAD EPOCHS (no improvement): 0
2021-02-05 12:29:57,882 ----------------------------------------------------------------------------------------------------
2021-02-05 12:29:59,122 epoch 4 - iter 3/32 - loss 23.82411575 - samples/sec: 77.52 - lr: 0.500000
2021-02-05 12:30:00,801 epoch 4 - iter 6/32 - loss 23.18008359 - samples/sec: 57.22 - lr: 0.500000
2021-02-05 12:30:02,826 epoch 4 - iter 9/32 - loss 25.60372861 - samples/sec: 47.44 - lr: 0.500000
2021-02-05 12:30:04,499 epoch 4 - iter 12/32 - loss 25.36874962 - samples/sec: 57.40 - lr: 0.500000
2021-02-05 12:30:05,737 epoch 4 - iter 15/32 - loss 25.83781687 - samples/sec: 77.66 - lr: 0.500000
2021-02-05 12:30:06,986 epoch 4 - iter 18/32 - loss 25.89668030 - samples/sec: 76.89 - lr: 0.500000
2021-02-05 12:30:08,253 epoch 4 - iter 21/32 - loss 25.63891992 - samples/sec: 75.83 - lr: 0.500000
2021-02-05 12:30:09,357 epoch 4 - iter 24/32 - loss 25.67942452 - samples/sec: 87.10 - lr: 0.500000
2021-02-05 12:30:10,458 epoch 4 - iter 27/32 - loss 25.42506140 - samples/sec: 87.24 - lr: 0.500000
2021-02-05 12:30:11,752 epoch 4 - iter 30/32 - loss 25.31889623 - samples/sec: 74.27 - lr: 0.500000
2021-02-05 12:30:12,300 ----------------------------------------------------------------------------------------------------
2021-02-05 12:30:12,301 EPOCH 4 done: loss 25.5085 - lr 0.5000000
2021-02-05 12:30:12,628 DEV : loss 23.818693161010742 - score 0.6892
2021-02-05 12:30:12,636 BAD EPOCHS (no improvement): 1
2021-02-05 12:30:12,637 ----------------------------------------------------------------------------------------------------
2021-02-05 12:30:14,164 epoch 5 - iter 3/32 - loss 25.26247533 - samples/sec: 62.94 - lr: 0.500000
2021-02-05 12:30:15,229 epoch 5 - iter 6/32 - loss 23.94899273 - samples/sec: 90.22 - lr: 0.500000
2021-02-05 12:30:16,405 epoch 5 - iter 9/32 - loss 24.03046491 - samples/sec: 81.69 - lr: 0.500000
2021-02-05 12:30:18,297 epoch 5 - iter 12/32 - loss 24.08238594 - samples/sec: 50.77 - lr: 0.500000
2021-02-05 12:30:19,605 epoch 5 - iter 15/32 - loss 23.77786032 - samples/sec: 73.46 - lr: 0.500000
2021-02-05 12:30:20,994 epoch 5 - iter 18/32 - loss 23.83348438 - samples/sec: 69.20 - lr: 0.500000
2021-02-05 12:30:22,467 epoch 5 - iter 21/32 - loss 24.12675344 - samples/sec: 65.23 - lr: 0.500000
2021-02-05 12:30:23,756 epoch 5 - iter 24/32 - loss 23.78408603 - samples/sec: 74.50 - lr: 0.500000
2021-02-05 12:30:24,920 epoch 5 - iter 27/32 - loss 24.10834238 - samples/sec: 82.55 - lr: 0.500000
2021-02-05 12:30:26,185 epoch 5 - iter 30/32 - loss 23.92501580 - samples/sec: 76.01 - lr: 0.500000
2021-02-05 12:30:26,738 ----------------------------------------------------------------------------------------------------
2021-02-05 12:30:26,739 EPOCH 5 done: loss 23.7297 - lr 0.5000000
2021-02-05 12:30:27,094 DEV : loss 20.273365020751953 - score 0.7485
2021-02-05 12:30:27,102 BAD EPOCHS (no improvement): 2
2021-02-05 12:30:27,103 ----------------------------------------------------------------------------------------------------
2021-02-05 12:30:28,562 epoch 6 - iter 3/32 - loss 23.42100843 - samples/sec: 65.84 - lr: 0.500000
2021-02-05 12:30:29,786 epoch 6 - iter 6/32 - loss 22.73036226 - samples/sec: 78.51 - lr: 0.500000
2021-02-05 12:30:30,906 epoch 6 - iter 9/32 - loss 24.12707837 - samples/sec: 85.81 - lr: 0.500000
2021-02-05 12:30:32,388 epoch 6 - iter 12/32 - loss 23.82749351 - samples/sec: 64.80 - lr: 0.500000
2021-02-05 12:30:33,612 epoch 6 - iter 15/32 - loss 23.80331434 - samples/sec: 78.53 - lr: 0.500000
2021-02-05 12:30:34,962 epoch 6 - iter 18/32 - loss 23.38431538 - samples/sec: 71.17 - lr: 0.500000
2021-02-05 12:30:36,221 epoch 6 - iter 21/32 - loss 23.01039410 - samples/sec: 76.35 - lr: 0.500000
2021-02-05 12:30:37,442 epoch 6 - iter 24/32 - loss 23.10805627 - samples/sec: 78.65 - lr: 0.500000
2021-02-05 12:30:39,233 epoch 6 - iter 27/32 - loss 23.42925662 - samples/sec: 53.63 - lr: 0.500000
2021-02-05 12:30:40,757 epoch 6 - iter 30/32 - loss 23.52267548 - samples/sec: 63.06 - lr: 0.500000
2021-02-05 12:30:41,453 ----------------------------------------------------------------------------------------------------
2021-02-05 12:30:41,454 EPOCH 6 done: loss 23.2553 - lr 0.5000000
2021-02-05 12:30:41,773 DEV : loss 15.462815284729004 - score 0.804
2021-02-05 12:30:41,781 BAD EPOCHS (no improvement): 0
2021-02-05 12:30:44,814 ----------------------------------------------------------------------------------------------------
2021-02-05 12:30:46,301 epoch 7 - iter 3/32 - loss 20.49386851 - samples/sec: 64.67 - lr: 0.500000
2021-02-05 12:30:47,808 epoch 7 - iter 6/32 - loss 23.79153633 - samples/sec: 63.74 - lr: 0.500000
2021-02-05 12:30:49,303 epoch 7 - iter 9/32 - loss 24.63307720 - samples/sec: 64.24 - lr: 0.500000
2021-02-05 12:30:50,583 epoch 7 - iter 12/32 - loss 24.11226479 - samples/sec: 75.07 - lr: 0.500000
2021-02-05 12:30:51,716 epoch 7 - iter 15/32 - loss 24.18961945 - samples/sec: 84.84 - lr: 0.500000
2021-02-05 12:30:53,267 epoch 7 - iter 18/32 - loss 23.84978506 - samples/sec: 61.93 - lr: 0.500000
2021-02-05 12:30:54,472 epoch 7 - iter 21/32 - loss 24.02188092 - samples/sec: 79.74 - lr: 0.500000
2021-02-05 12:30:55,722 epoch 7 - iter 24/32 - loss 23.62865361 - samples/sec: 76.83 - lr: 0.500000
2021-02-05 12:30:57,362 epoch 7 - iter 27/32 - loss 23.56876698 - samples/sec: 58.58 - lr: 0.500000
2021-02-05 12:30:58,601 epoch 7 - iter 30/32 - loss 23.06544612 - samples/sec: 77.56 - lr: 0.500000
2021-02-05 12:30:59,284 ----------------------------------------------------------------------------------------------------
2021-02-05 12:30:59,285 EPOCH 7 done: loss 22.9558 - lr 0.5000000
2021-02-05 12:30:59,608 DEV : loss 16.459962844848633 - score 0.7948
2021-02-05 12:30:59,616 BAD EPOCHS (no improvement): 1
2021-02-05 12:30:59,618 ----------------------------------------------------------------------------------------------------
2021-02-05 12:31:00,979 epoch 8 - iter 3/32 - loss 22.49711609 - samples/sec: 70.59 - lr: 0.500000
2021-02-05 12:31:02,428 epoch 8 - iter 6/32 - loss 20.39644337 - samples/sec: 66.30 - lr: 0.500000
2021-02-05 12:31:04,236 epoch 8 - iter 9/32 - loss 20.62889926 - samples/sec: 53.15 - lr: 0.500000
2021-02-05 12:31:05,714 epoch 8 - iter 12/32 - loss 21.12058210 - samples/sec: 64.99 - lr: 0.500000
2021-02-05 12:31:07,212 epoch 8 - iter 15/32 - loss 22.04377619 - samples/sec: 64.12 - lr: 0.500000
2021-02-05 12:31:08,663 epoch 8 - iter 18/32 - loss 21.72924105 - samples/sec: 66.21 - lr: 0.500000
2021-02-05 12:31:10,005 epoch 8 - iter 21/32 - loss 22.06399037 - samples/sec: 71.59 - lr: 0.500000
2021-02-05 12:31:11,520 epoch 8 - iter 24/32 - loss 21.90077090 - samples/sec: 63.41 - lr: 0.500000
2021-02-05 12:31:12,759 epoch 8 - iter 27/32 - loss 22.01155726 - samples/sec: 77.60 - lr: 0.500000
2021-02-05 12:31:14,154 epoch 8 - iter 30/32 - loss 21.96590169 - samples/sec: 68.86 - lr: 0.500000
2021-02-05 12:31:14,733 ----------------------------------------------------------------------------------------------------
2021-02-05 12:31:14,734 EPOCH 8 done: loss 21.8011 - lr 0.5000000
2021-02-05 12:31:15,100 DEV : loss 15.211204528808594 - score 0.81
2021-02-05 12:31:15,107 BAD EPOCHS (no improvement): 0
2021-02-05 12:31:18,260 ----------------------------------------------------------------------------------------------------
2021-02-05 12:31:19,332 epoch 9 - iter 3/32 - loss 20.38031324 - samples/sec: 89.75 - lr: 0.500000
2021-02-05 12:31:20,625 epoch 9 - iter 6/32 - loss 20.40021865 - samples/sec: 74.27 - lr: 0.500000
2021-02-05 12:31:21,792 epoch 9 - iter 9/32 - loss 21.37092823 - samples/sec: 82.35 - lr: 0.500000
2021-02-05 12:31:23,209 epoch 9 - iter 12/32 - loss 21.38766925 - samples/sec: 67.83 - lr: 0.500000
2021-02-05 12:31:24,717 epoch 9 - iter 15/32 - loss 21.37942708 - samples/sec: 63.70 - lr: 0.500000
2021-02-05 12:31:26,536 epoch 9 - iter 18/32 - loss 21.61750518 - samples/sec: 52.81 - lr: 0.500000
2021-02-05 12:31:27,911 epoch 9 - iter 21/32 - loss 21.53620974 - samples/sec: 69.87 - lr: 0.500000
2021-02-05 12:31:29,337 epoch 9 - iter 24/32 - loss 21.39113887 - samples/sec: 67.37 - lr: 0.500000
2021-02-05 12:31:30,976 epoch 9 - iter 27/32 - loss 21.49889550 - samples/sec: 58.59 - lr: 0.500000
2021-02-05 12:31:32,180 epoch 9 - iter 30/32 - loss 21.41932138 - samples/sec: 79.84 - lr: 0.500000
2021-02-05 12:31:32,947 ----------------------------------------------------------------------------------------------------
2021-02-05 12:31:32,948 EPOCH 9 done: loss 21.5529 - lr 0.5000000
2021-02-05 12:31:33,380 DEV : loss 14.831562042236328 - score 0.8181
2021-02-05 12:31:33,394 BAD EPOCHS (no improvement): 0
2021-02-05 12:31:36,448 ----------------------------------------------------------------------------------------------------
2021-02-05 12:31:37,660 epoch 10 - iter 3/32 - loss 18.39180438 - samples/sec: 79.34 - lr: 0.500000
2021-02-05 12:31:39,573 epoch 10 - iter 6/32 - loss 21.61220074 - samples/sec: 50.22 - lr: 0.500000
2021-02-05 12:31:41,025 epoch 10 - iter 9/32 - loss 21.91791534 - samples/sec: 66.16 - lr: 0.500000
2021-02-05 12:31:42,055 epoch 10 - iter 12/32 - loss 21.04729287 - samples/sec: 93.27 - lr: 0.500000
2021-02-05 12:31:43,557 epoch 10 - iter 15/32 - loss 21.12557144 - samples/sec: 63.96 - lr: 0.500000
2021-02-05 12:31:44,838 epoch 10 - iter 18/32 - loss 20.64338340 - samples/sec: 74.99 - lr: 0.500000
2021-02-05 12:31:46,065 epoch 10 - iter 21/32 - loss 20.46615228 - samples/sec: 78.34 - lr: 0.500000
2021-02-05 12:31:47,346 epoch 10 - iter 24/32 - loss 20.38410385 - samples/sec: 75.02 - lr: 0.500000
2021-02-05 12:31:48,676 epoch 10 - iter 27/32 - loss 20.19276619 - samples/sec: 72.20 - lr: 0.500000
2021-02-05 12:31:50,240 epoch 10 - iter 30/32 - loss 20.45736039 - samples/sec: 61.44 - lr: 0.500000
2021-02-05 12:31:50,887 ----------------------------------------------------------------------------------------------------
2021-02-05 12:31:50,887 EPOCH 10 done: loss 20.7263 - lr 0.5000000
2021-02-05 12:31:51,266 DEV : loss 14.71988582611084 - score 0.8015
2021-02-05 12:31:51,274 BAD EPOCHS (no improvement): 1
2021-02-05 12:31:51,276 ----------------------------------------------------------------------------------------------------
2021-02-05 12:31:52,614 epoch 11 - iter 3/32 - loss 21.99149704 - samples/sec: 71.86 - lr: 0.500000
2021-02-05 12:31:53,837 epoch 11 - iter 6/32 - loss 21.12826792 - samples/sec: 78.56 - lr: 0.500000
2021-02-05 12:31:55,030 epoch 11 - iter 9/32 - loss 21.79075178 - samples/sec: 80.50 - lr: 0.500000
2021-02-05 12:31:56,189 epoch 11 - iter 12/32 - loss 20.65929651 - samples/sec: 82.95 - lr: 0.500000
2021-02-05 12:31:57,520 epoch 11 - iter 15/32 - loss 20.20207291 - samples/sec: 72.19 - lr: 0.500000
2021-02-05 12:31:58,794 epoch 11 - iter 18/32 - loss 20.40964381 - samples/sec: 75.38 - lr: 0.500000
2021-02-05 12:32:00,016 epoch 11 - iter 21/32 - loss 20.26471120 - samples/sec: 78.63 - lr: 0.500000
2021-02-05 12:32:01,903 epoch 11 - iter 24/32 - loss 20.61750778 - samples/sec: 50.90 - lr: 0.500000
2021-02-05 12:32:02,994 epoch 11 - iter 27/32 - loss 20.48251110 - samples/sec: 88.10 - lr: 0.500000
2021-02-05 12:32:04,174 epoch 11 - iter 30/32 - loss 20.41531722 - samples/sec: 81.39 - lr: 0.500000
2021-02-05 12:32:04,867 ----------------------------------------------------------------------------------------------------
2021-02-05 12:32:04,868 EPOCH 11 done: loss 20.1024 - lr 0.5000000
2021-02-05 12:32:05,394 DEV : loss 11.548918724060059 - score 0.8368
2021-02-05 12:32:05,402 BAD EPOCHS (no improvement): 0
2021-02-05 12:32:08,429 ----------------------------------------------------------------------------------------------------
2021-02-05 12:32:09,623 epoch 12 - iter 3/32 - loss 20.71636327 - samples/sec: 80.66 - lr: 0.500000
2021-02-05 12:32:11,053 epoch 12 - iter 6/32 - loss 20.57776992 - samples/sec: 67.21 - lr: 0.500000
2021-02-05 12:32:12,303 epoch 12 - iter 9/32 - loss 20.80591710 - samples/sec: 76.85 - lr: 0.500000
2021-02-05 12:32:13,775 epoch 12 - iter 12/32 - loss 20.81754271 - samples/sec: 65.59 - lr: 0.500000
2021-02-05 12:32:15,210 epoch 12 - iter 15/32 - loss 20.56201731 - samples/sec: 66.98 - lr: 0.500000
2021-02-05 12:32:17,163 epoch 12 - iter 18/32 - loss 21.15379164 - samples/sec: 49.18 - lr: 0.500000
2021-02-05 12:32:18,363 epoch 12 - iter 21/32 - loss 20.69177201 - samples/sec: 80.02 - lr: 0.500000
2021-02-05 12:32:19,861 epoch 12 - iter 24/32 - loss 20.50246334 - samples/sec: 64.16 - lr: 0.500000
2021-02-05 12:32:20,939 epoch 12 - iter 27/32 - loss 19.87512645 - samples/sec: 89.08 - lr: 0.500000
2021-02-05 12:32:22,260 epoch 12 - iter 30/32 - loss 19.88819555 - samples/sec: 72.77 - lr: 0.500000
2021-02-05 12:32:22,883 ----------------------------------------------------------------------------------------------------
2021-02-05 12:32:22,884 EPOCH 12 done: loss 19.8965 - lr 0.5000000
2021-02-05 12:32:23,216 DEV : loss 13.8691987991333 - score 0.8269
2021-02-05 12:32:23,224 BAD EPOCHS (no improvement): 1
2021-02-05 12:32:23,225 ----------------------------------------------------------------------------------------------------
2021-02-05 12:32:24,525 epoch 13 - iter 3/32 - loss 19.13561885 - samples/sec: 73.94 - lr: 0.500000
2021-02-05 12:32:25,887 epoch 13 - iter 6/32 - loss 18.54898930 - samples/sec: 70.52 - lr: 0.500000
2021-02-05 12:32:27,341 epoch 13 - iter 9/32 - loss 18.88277944 - samples/sec: 66.09 - lr: 0.500000
2021-02-05 12:32:29,048 epoch 13 - iter 12/32 - loss 18.62867546 - samples/sec: 56.30 - lr: 0.500000
2021-02-05 12:32:30,591 epoch 13 - iter 15/32 - loss 18.91098518 - samples/sec: 62.28 - lr: 0.500000
2021-02-05 12:32:32,103 epoch 13 - iter 18/32 - loss 19.01372231 - samples/sec: 63.56 - lr: 0.500000
2021-02-05 12:32:33,551 epoch 13 - iter 21/32 - loss 19.14973695 - samples/sec: 66.34 - lr: 0.500000
2021-02-05 12:32:34,899 epoch 13 - iter 24/32 - loss 19.34636259 - samples/sec: 71.25 - lr: 0.500000
2021-02-05 12:32:36,393 epoch 13 - iter 27/32 - loss 19.52547264 - samples/sec: 64.30 - lr: 0.500000
2021-02-05 12:32:38,075 epoch 13 - iter 30/32 - loss 19.36523348 - samples/sec: 57.13 - lr: 0.500000
2021-02-05 12:32:38,607 ----------------------------------------------------------------------------------------------------
2021-02-05 12:32:38,607 EPOCH 13 done: loss 19.1889 - lr 0.5000000
2021-02-05 12:32:38,918 DEV : loss 14.401238441467285 - score 0.8057
2021-02-05 12:32:38,925 BAD EPOCHS (no improvement): 2
2021-02-05 12:32:38,926 ----------------------------------------------------------------------------------------------------
2021-02-05 12:32:40,277 epoch 14 - iter 3/32 - loss 19.21160889 - samples/sec: 71.13 - lr: 0.500000
2021-02-05 12:32:41,628 epoch 14 - iter 6/32 - loss 19.49778144 - samples/sec: 71.16 - lr: 0.500000
2021-02-05 12:32:43,123 epoch 14 - iter 9/32 - loss 19.68920771 - samples/sec: 64.26 - lr: 0.500000
2021-02-05 12:32:44,236 epoch 14 - iter 12/32 - loss 19.20171110 - samples/sec: 86.34 - lr: 0.500000
2021-02-05 12:32:45,550 epoch 14 - iter 15/32 - loss 19.14733919 - samples/sec: 73.08 - lr: 0.500000
2021-02-05 12:32:46,674 epoch 14 - iter 18/32 - loss 19.21515576 - samples/sec: 85.53 - lr: 0.500000
2021-02-05 12:32:47,924 epoch 14 - iter 21/32 - loss 19.47971703 - samples/sec: 76.88 - lr: 0.500000
2021-02-05 12:32:49,636 epoch 14 - iter 24/32 - loss 19.23081696 - samples/sec: 56.08 - lr: 0.500000
2021-02-05 12:32:51,459 epoch 14 - iter 27/32 - loss 19.58511907 - samples/sec: 52.71 - lr: 0.500000
2021-02-05 12:32:52,766 epoch 14 - iter 30/32 - loss 19.62538830 - samples/sec: 73.51 - lr: 0.500000
2021-02-05 12:32:53,291 ----------------------------------------------------------------------------------------------------
2021-02-05 12:32:53,292 EPOCH 14 done: loss 19.3532 - lr 0.5000000
2021-02-05 12:32:53,606 DEV : loss 11.081029891967773 - score 0.8531
2021-02-05 12:32:53,613 BAD EPOCHS (no improvement): 0
2021-02-05 12:32:56,618 ----------------------------------------------------------------------------------------------------
2021-02-05 12:32:57,990 epoch 15 - iter 3/32 - loss 18.44020335 - samples/sec: 70.05 - lr: 0.500000
2021-02-05 12:32:59,387 epoch 15 - iter 6/32 - loss 19.04128615 - samples/sec: 68.80 - lr: 0.500000
2021-02-05 12:33:00,647 epoch 15 - iter 9/32 - loss 20.12560060 - samples/sec: 76.22 - lr: 0.500000
2021-02-05 12:33:01,896 epoch 15 - iter 12/32 - loss 19.81838195 - samples/sec: 76.92 - lr: 0.500000
2021-02-05 12:33:03,128 epoch 15 - iter 15/32 - loss 19.34185918 - samples/sec: 78.00 - lr: 0.500000
2021-02-05 12:33:04,552 epoch 15 - iter 18/32 - loss 19.16647212 - samples/sec: 67.49 - lr: 0.500000
2021-02-05 12:33:05,730 epoch 15 - iter 21/32 - loss 18.94310325 - samples/sec: 81.56 - lr: 0.500000
2021-02-05 12:33:07,054 epoch 15 - iter 24/32 - loss 19.01513330 - samples/sec: 72.61 - lr: 0.500000
2021-02-05 12:33:08,408 epoch 15 - iter 27/32 - loss 18.89011962 - samples/sec: 70.96 - lr: 0.500000
2021-02-05 12:33:10,290 epoch 15 - iter 30/32 - loss 18.83646851 - samples/sec: 51.06 - lr: 0.500000
2021-02-05 12:33:10,826 ----------------------------------------------------------------------------------------------------
2021-02-05 12:33:10,827 EPOCH 15 done: loss 18.7889 - lr 0.5000000
2021-02-05 12:33:11,147 DEV : loss 12.219151496887207 - score 0.8453
2021-02-05 12:33:11,154 BAD EPOCHS (no improvement): 1
2021-02-05 12:33:11,155 ----------------------------------------------------------------------------------------------------
2021-02-05 12:33:12,483 epoch 16 - iter 3/32 - loss 19.46015072 - samples/sec: 72.38 - lr: 0.500000
2021-02-05 12:33:13,761 epoch 16 - iter 6/32 - loss 18.53167645 - samples/sec: 75.21 - lr: 0.500000
2021-02-05 12:33:14,966 epoch 16 - iter 9/32 - loss 17.98784637 - samples/sec: 79.72 - lr: 0.500000
2021-02-05 12:33:16,069 epoch 16 - iter 12/32 - loss 18.11068042 - samples/sec: 87.13 - lr: 0.500000
2021-02-05 12:33:17,402 epoch 16 - iter 15/32 - loss 18.21504294 - samples/sec: 72.19 - lr: 0.500000
2021-02-05 12:33:18,584 epoch 16 - iter 18/32 - loss 17.96837489 - samples/sec: 81.31 - lr: 0.500000
2021-02-05 12:33:19,951 epoch 16 - iter 21/32 - loss 18.14179975 - samples/sec: 70.29 - lr: 0.500000
2021-02-05 12:33:21,134 epoch 16 - iter 24/32 - loss 18.07307800 - samples/sec: 81.20 - lr: 0.500000
2021-02-05 12:33:23,089 epoch 16 - iter 27/32 - loss 18.09306908 - samples/sec: 49.14 - lr: 0.500000
2021-02-05 12:33:24,394 epoch 16 - iter 30/32 - loss 18.10929705 - samples/sec: 73.63 - lr: 0.500000
2021-02-05 12:33:25,154 ----------------------------------------------------------------------------------------------------
2021-02-05 12:33:25,155 EPOCH 16 done: loss 18.1775 - lr 0.5000000
2021-02-05 12:33:25,470 DEV : loss 10.306985855102539 - score 0.8548
2021-02-05 12:33:25,478 BAD EPOCHS (no improvement): 0
2021-02-05 12:33:28,522 ----------------------------------------------------------------------------------------------------
2021-02-05 12:33:29,745 epoch 17 - iter 3/32 - loss 20.27955945 - samples/sec: 78.59 - lr: 0.500000
2021-02-05 12:33:30,946 epoch 17 - iter 6/32 - loss 18.96352132 - samples/sec: 80.03 - lr: 0.500000
2021-02-05 12:33:32,135 epoch 17 - iter 9/32 - loss 17.65883795 - samples/sec: 80.77 - lr: 0.500000
2021-02-05 12:33:33,381 epoch 17 - iter 12/32 - loss 17.78868858 - samples/sec: 77.14 - lr: 0.500000
2021-02-05 12:33:34,892 epoch 17 - iter 15/32 - loss 18.07330761 - samples/sec: 63.58 - lr: 0.500000
2021-02-05 12:33:36,118 epoch 17 - iter 18/32 - loss 17.95147912 - samples/sec: 78.42 - lr: 0.500000
2021-02-05 12:33:37,834 epoch 17 - iter 21/32 - loss 18.26858634 - samples/sec: 55.96 - lr: 0.500000
2021-02-05 12:33:39,118 epoch 17 - iter 24/32 - loss 18.11419725 - samples/sec: 74.85 - lr: 0.500000
2021-02-05 12:33:40,336 epoch 17 - iter 27/32 - loss 18.13540035 - samples/sec: 78.88 - lr: 0.500000
2021-02-05 12:33:41,538 epoch 17 - iter 30/32 - loss 18.10347884 - samples/sec: 79.93 - lr: 0.500000
2021-02-05 12:33:42,256 ----------------------------------------------------------------------------------------------------
2021-02-05 12:33:42,256 EPOCH 17 done: loss 18.1605 - lr 0.5000000
2021-02-05 12:33:42,569 DEV : loss 10.496519088745117 - score 0.8555
2021-02-05 12:33:42,577 BAD EPOCHS (no improvement): 0
2021-02-05 12:33:45,574 ----------------------------------------------------------------------------------------------------
2021-02-05 12:33:46,832 epoch 18 - iter 3/32 - loss 17.63610840 - samples/sec: 76.39 - lr: 0.500000
2021-02-05 12:33:48,128 epoch 18 - iter 6/32 - loss 17.38453452 - samples/sec: 74.13 - lr: 0.500000
2021-02-05 12:33:49,249 epoch 18 - iter 9/32 - loss 18.01690886 - samples/sec: 85.69 - lr: 0.500000
2021-02-05 12:33:50,529 epoch 18 - iter 12/32 - loss 18.76099014 - samples/sec: 75.07 - lr: 0.500000
2021-02-05 12:33:52,022 epoch 18 - iter 15/32 - loss 18.32374903 - samples/sec: 64.36 - lr: 0.500000
2021-02-05 12:33:53,299 epoch 18 - iter 18/32 - loss 18.33940093 - samples/sec: 75.24 - lr: 0.500000
2021-02-05 12:33:54,641 epoch 18 - iter 21/32 - loss 18.12783704 - samples/sec: 71.58 - lr: 0.500000
2021-02-05 12:33:55,761 epoch 18 - iter 24/32 - loss 18.01116975 - samples/sec: 85.80 - lr: 0.500000
2021-02-05 12:33:57,603 epoch 18 - iter 27/32 - loss 17.87285748 - samples/sec: 52.14 - lr: 0.500000
2021-02-05 12:33:58,796 epoch 18 - iter 30/32 - loss 17.85183242 - samples/sec: 80.56 - lr: 0.500000
2021-02-05 12:33:59,465 ----------------------------------------------------------------------------------------------------
2021-02-05 12:33:59,466 EPOCH 18 done: loss 17.9216 - lr 0.5000000
2021-02-05 12:33:59,824 DEV : loss 10.465605735778809 - score 0.8594
2021-02-05 12:33:59,833 BAD EPOCHS (no improvement): 0
2021-02-05 12:34:02,850 ----------------------------------------------------------------------------------------------------
2021-02-05 12:34:04,247 epoch 19 - iter 3/32 - loss 15.57748413 - samples/sec: 68.81 - lr: 0.500000
2021-02-05 12:34:05,567 epoch 19 - iter 6/32 - loss 16.57107178 - samples/sec: 72.80 - lr: 0.500000
2021-02-05 12:34:07,025 epoch 19 - iter 9/32 - loss 18.10219733 - samples/sec: 65.88 - lr: 0.500000
2021-02-05 12:34:07,991 epoch 19 - iter 12/32 - loss 17.54121089 - samples/sec: 99.51 - lr: 0.500000
2021-02-05 12:34:09,162 epoch 19 - iter 15/32 - loss 17.16423372 - samples/sec: 82.07 - lr: 0.500000
2021-02-05 12:34:10,257 epoch 19 - iter 18/32 - loss 17.30343856 - samples/sec: 87.71 - lr: 0.500000
2021-02-05 12:34:12,127 epoch 19 - iter 21/32 - loss 17.52366329 - samples/sec: 51.38 - lr: 0.500000
2021-02-05 12:34:13,453 epoch 19 - iter 24/32 - loss 17.44622302 - samples/sec: 72.44 - lr: 0.500000
2021-02-05 12:34:14,678 epoch 19 - iter 27/32 - loss 17.53547068 - samples/sec: 78.48 - lr: 0.500000
2021-02-05 12:34:15,975 epoch 19 - iter 30/32 - loss 17.77189178 - samples/sec: 74.08 - lr: 0.500000
2021-02-05 12:34:16,581 ----------------------------------------------------------------------------------------------------
2021-02-05 12:34:16,582 EPOCH 19 done: loss 17.7226 - lr 0.5000000
2021-02-05 12:34:16,907 DEV : loss 12.226876258850098 - score 0.8499
2021-02-05 12:34:16,915 BAD EPOCHS (no improvement): 1
2021-02-05 12:34:16,916 ----------------------------------------------------------------------------------------------------
2021-02-05 12:34:18,036 epoch 20 - iter 3/32 - loss 18.31380526 - samples/sec: 85.89 - lr: 0.500000
2021-02-05 12:34:19,492 epoch 20 - iter 6/32 - loss 17.39239915 - samples/sec: 65.99 - lr: 0.500000
2021-02-05 12:34:20,652 epoch 20 - iter 9/32 - loss 16.28911718 - samples/sec: 82.85 - lr: 0.500000
2021-02-05 12:34:22,037 epoch 20 - iter 12/32 - loss 17.32081652 - samples/sec: 69.32 - lr: 0.500000
2021-02-05 12:34:23,093 epoch 20 - iter 15/32 - loss 17.60812022 - samples/sec: 91.03 - lr: 0.500000
2021-02-05 12:34:24,933 epoch 20 - iter 18/32 - loss 17.91354010 - samples/sec: 52.20 - lr: 0.500000
2021-02-05 12:34:26,206 epoch 20 - iter 21/32 - loss 18.05779303 - samples/sec: 75.50 - lr: 0.500000
2021-02-05 12:34:27,413 epoch 20 - iter 24/32 - loss 17.89391708 - samples/sec: 79.55 - lr: 0.500000
2021-02-05 12:34:28,791 epoch 20 - iter 27/32 - loss 17.68650924 - samples/sec: 69.75 - lr: 0.500000
2021-02-05 12:34:30,306 epoch 20 - iter 30/32 - loss 17.59431712 - samples/sec: 63.40 - lr: 0.500000
2021-02-05 12:34:31,000 ----------------------------------------------------------------------------------------------------
2021-02-05 12:34:31,001 EPOCH 20 done: loss 17.5781 - lr 0.5000000
2021-02-05 12:34:31,314 DEV : loss 11.901070594787598 - score 0.8453
2021-02-05 12:34:31,322 BAD EPOCHS (no improvement): 2
2021-02-05 12:34:31,323 ----------------------------------------------------------------------------------------------------
2021-02-05 12:34:32,624 epoch 21 - iter 3/32 - loss 16.99956894 - samples/sec: 73.87 - lr: 0.500000
2021-02-05 12:34:33,803 epoch 21 - iter 6/32 - loss 16.17975171 - samples/sec: 81.48 - lr: 0.500000
2021-02-05 12:34:35,281 epoch 21 - iter 9/32 - loss 16.57970132 - samples/sec: 64.98 - lr: 0.500000
2021-02-05 12:34:36,720 epoch 21 - iter 12/32 - loss 17.17286436 - samples/sec: 66.78 - lr: 0.500000
2021-02-05 12:34:37,761 epoch 21 - iter 15/32 - loss 16.72344716 - samples/sec: 92.28 - lr: 0.500000
2021-02-05 12:34:39,095 epoch 21 - iter 18/32 - loss 16.59063164 - samples/sec: 71.99 - lr: 0.500000
2021-02-05 12:34:40,377 epoch 21 - iter 21/32 - loss 16.81595771 - samples/sec: 74.96 - lr: 0.500000
2021-02-05 12:34:41,679 epoch 21 - iter 24/32 - loss 17.04550660 - samples/sec: 73.78 - lr: 0.500000
2021-02-05 12:34:42,895 epoch 21 - iter 27/32 - loss 17.11912717 - samples/sec: 79.03 - lr: 0.500000
2021-02-05 12:34:44,184 epoch 21 - iter 30/32 - loss 16.84528821 - samples/sec: 74.56 - lr: 0.500000
2021-02-05 12:34:45,335 ----------------------------------------------------------------------------------------------------
2021-02-05 12:34:45,337 EPOCH 21 done: loss 16.7688 - lr 0.5000000
2021-02-05 12:34:45,651 DEV : loss 10.776026725769043 - score 0.8591
2021-02-05 12:34:45,658 BAD EPOCHS (no improvement): 3
2021-02-05 12:34:45,659 ----------------------------------------------------------------------------------------------------
2021-02-05 12:34:46,931 epoch 22 - iter 3/32 - loss 15.58843422 - samples/sec: 75.57 - lr: 0.500000
2021-02-05 12:34:48,300 epoch 22 - iter 6/32 - loss 15.82674249 - samples/sec: 70.20 - lr: 0.500000
2021-02-05 12:34:49,789 epoch 22 - iter 9/32 - loss 17.12492371 - samples/sec: 64.51 - lr: 0.500000
2021-02-05 12:34:51,125 epoch 22 - iter 12/32 - loss 16.95684528 - samples/sec: 71.91 - lr: 0.500000
2021-02-05 12:34:52,439 epoch 22 - iter 15/32 - loss 17.28131663 - samples/sec: 73.11 - lr: 0.500000
2021-02-05 12:34:53,776 epoch 22 - iter 18/32 - loss 17.45723163 - samples/sec: 71.88 - lr: 0.500000
2021-02-05 12:34:55,038 epoch 22 - iter 21/32 - loss 17.33878286 - samples/sec: 76.10 - lr: 0.500000
2021-02-05 12:34:56,195 epoch 22 - iter 24/32 - loss 17.26335287 - samples/sec: 83.08 - lr: 0.500000
2021-02-05 12:34:57,364 epoch 22 - iter 27/32 - loss 17.29627510 - samples/sec: 82.15 - lr: 0.500000
2021-02-05 12:34:58,461 epoch 22 - iter 30/32 - loss 17.06689822 - samples/sec: 87.58 - lr: 0.500000
2021-02-05 12:34:59,724 ----------------------------------------------------------------------------------------------------
2021-02-05 12:34:59,725 EPOCH 22 done: loss 17.2155 - lr 0.5000000
2021-02-05 12:35:00,075 DEV : loss 10.708820343017578 - score 0.8626
2021-02-05 12:35:00,083 BAD EPOCHS (no improvement): 0
2021-02-05 12:35:03,080 ----------------------------------------------------------------------------------------------------
2021-02-05 12:35:04,280 epoch 23 - iter 3/32 - loss 15.33164374 - samples/sec: 80.07 - lr: 0.500000
2021-02-05 12:35:05,279 epoch 23 - iter 6/32 - loss 15.09518751 - samples/sec: 96.18 - lr: 0.500000
2021-02-05 12:35:06,496 epoch 23 - iter 9/32 - loss 16.13629659 - samples/sec: 78.96 - lr: 0.500000
2021-02-05 12:35:07,688 epoch 23 - iter 12/32 - loss 16.15755248 - samples/sec: 80.59 - lr: 0.500000
2021-02-05 12:35:08,935 epoch 23 - iter 15/32 - loss 15.89244391 - samples/sec: 77.10 - lr: 0.500000
2021-02-05 12:35:10,174 epoch 23 - iter 18/32 - loss 16.13902945 - samples/sec: 77.52 - lr: 0.500000
2021-02-05 12:35:11,530 epoch 23 - iter 21/32 - loss 16.62298007 - samples/sec: 70.84 - lr: 0.500000
2021-02-05 12:35:12,940 epoch 23 - iter 24/32 - loss 16.99861133 - samples/sec: 68.15 - lr: 0.500000
2021-02-05 12:35:14,796 epoch 23 - iter 27/32 - loss 17.29437676 - samples/sec: 51.75 - lr: 0.500000
2021-02-05 12:35:16,213 epoch 23 - iter 30/32 - loss 17.25187184 - samples/sec: 67.79 - lr: 0.500000
2021-02-05 12:35:16,843 ----------------------------------------------------------------------------------------------------
2021-02-05 12:35:16,844 EPOCH 23 done: loss 17.4108 - lr 0.5000000
2021-02-05 12:35:17,166 DEV : loss 10.356164932250977 - score 0.8629
2021-02-05 12:35:17,174 BAD EPOCHS (no improvement): 0
2021-02-05 12:35:20,221 ----------------------------------------------------------------------------------------------------
2021-02-05 12:35:21,937 epoch 24 - iter 3/32 - loss 15.23032411 - samples/sec: 56.06 - lr: 0.500000
2021-02-05 12:35:23,186 epoch 24 - iter 6/32 - loss 16.09919786 - samples/sec: 76.91 - lr: 0.500000
2021-02-05 12:35:24,332 epoch 24 - iter 9/32 - loss 15.43139680 - samples/sec: 83.87 - lr: 0.500000
2021-02-05 12:35:25,527 epoch 24 - iter 12/32 - loss 16.41586169 - samples/sec: 80.36 - lr: 0.500000
2021-02-05 12:35:26,822 epoch 24 - iter 15/32 - loss 16.49366728 - samples/sec: 74.23 - lr: 0.500000
2021-02-05 12:35:28,155 epoch 24 - iter 18/32 - loss 16.50960530 - samples/sec: 72.08 - lr: 0.500000
2021-02-05 12:35:29,436 epoch 24 - iter 21/32 - loss 16.61955298 - samples/sec: 75.00 - lr: 0.500000
2021-02-05 12:35:30,842 epoch 24 - iter 24/32 - loss 16.93206477 - samples/sec: 68.33 - lr: 0.500000
2021-02-05 12:35:32,242 epoch 24 - iter 27/32 - loss 17.17984454 - samples/sec: 68.61 - lr: 0.500000
2021-02-05 12:35:33,431 epoch 24 - iter 30/32 - loss 16.90198320 - samples/sec: 80.87 - lr: 0.500000
2021-02-05 12:35:34,366 ----------------------------------------------------------------------------------------------------
2021-02-05 12:35:34,367 EPOCH 24 done: loss 16.9524 - lr 0.5000000
2021-02-05 12:35:34,684 DEV : loss 11.122037887573242 - score 0.8545
2021-02-05 12:35:34,691 BAD EPOCHS (no improvement): 1
2021-02-05 12:35:34,692 ----------------------------------------------------------------------------------------------------
2021-02-05 12:35:35,909 epoch 25 - iter 3/32 - loss 14.73567708 - samples/sec: 78.96 - lr: 0.500000
2021-02-05 12:35:37,314 epoch 25 - iter 6/32 - loss 16.84446748 - samples/sec: 68.38 - lr: 0.500000
2021-02-05 12:35:38,656 epoch 25 - iter 9/32 - loss 16.41816627 - samples/sec: 71.57 - lr: 0.500000
2021-02-05 12:35:39,897 epoch 25 - iter 12/32 - loss 16.49970770 - samples/sec: 77.48 - lr: 0.500000
2021-02-05 12:35:41,649 epoch 25 - iter 15/32 - loss 16.83712610 - samples/sec: 54.80 - lr: 0.500000
2021-02-05 12:35:42,999 epoch 25 - iter 18/32 - loss 16.61990007 - samples/sec: 71.19 - lr: 0.500000
2021-02-05 12:35:44,277 epoch 25 - iter 21/32 - loss 16.41231632 - samples/sec: 75.20 - lr: 0.500000
2021-02-05 12:35:45,289 epoch 25 - iter 24/32 - loss 16.13602793 - samples/sec: 94.94 - lr: 0.500000
2021-02-05 12:35:46,671 epoch 25 - iter 27/32 - loss 16.14707237 - samples/sec: 69.49 - lr: 0.500000
2021-02-05 12:35:47,856 epoch 25 - iter 30/32 - loss 16.41193864 - samples/sec: 81.09 - lr: 0.500000
2021-02-05 12:35:48,563 ----------------------------------------------------------------------------------------------------
2021-02-05 12:35:48,564 EPOCH 25 done: loss 16.5581 - lr 0.5000000
2021-02-05 12:35:48,903 DEV : loss 10.10274887084961 - score 0.8644
2021-02-05 12:35:48,911 BAD EPOCHS (no improvement): 0
2021-02-05 12:35:51,921 ----------------------------------------------------------------------------------------------------
2021-02-05 12:35:53,048 epoch 26 - iter 3/32 - loss 12.47733307 - samples/sec: 85.33 - lr: 0.500000
2021-02-05 12:35:54,257 epoch 26 - iter 6/32 - loss 14.53242238 - samples/sec: 79.48 - lr: 0.500000
2021-02-05 12:35:55,586 epoch 26 - iter 9/32 - loss 15.49929640 - samples/sec: 72.25 - lr: 0.500000
2021-02-05 12:35:57,008 epoch 26 - iter 12/32 - loss 16.33577394 - samples/sec: 67.58 - lr: 0.500000
2021-02-05 12:35:58,254 epoch 26 - iter 15/32 - loss 16.36586946 - samples/sec: 77.07 - lr: 0.500000
2021-02-05 12:35:59,461 epoch 26 - iter 18/32 - loss 16.36285702 - samples/sec: 79.67 - lr: 0.500000
2021-02-05 12:36:01,236 epoch 26 - iter 21/32 - loss 16.36132254 - samples/sec: 54.10 - lr: 0.500000
2021-02-05 12:36:02,471 epoch 26 - iter 24/32 - loss 16.28260744 - samples/sec: 77.79 - lr: 0.500000
2021-02-05 12:36:03,773 epoch 26 - iter 27/32 - loss 16.16307795 - samples/sec: 73.80 - lr: 0.500000
2021-02-05 12:36:05,398 epoch 26 - iter 30/32 - loss 16.36049760 - samples/sec: 59.12 - lr: 0.500000
2021-02-05 12:36:06,026 ----------------------------------------------------------------------------------------------------
2021-02-05 12:36:06,027 EPOCH 26 done: loss 16.1509 - lr 0.5000000
2021-02-05 12:36:06,351 DEV : loss 10.366856575012207 - score 0.8587
2021-02-05 12:36:06,358 BAD EPOCHS (no improvement): 1
2021-02-05 12:36:06,359 ----------------------------------------------------------------------------------------------------
2021-02-05 12:36:07,593 epoch 27 - iter 3/32 - loss 15.16342513 - samples/sec: 77.86 - lr: 0.500000
2021-02-05 12:36:09,316 epoch 27 - iter 6/32 - loss 16.12542677 - samples/sec: 55.76 - lr: 0.500000
2021-02-05 12:36:10,507 epoch 27 - iter 9/32 - loss 15.04430707 - samples/sec: 80.70 - lr: 0.500000
2021-02-05 12:36:11,935 epoch 27 - iter 12/32 - loss 14.79530803 - samples/sec: 67.29 - lr: 0.500000
2021-02-05 12:36:13,191 epoch 27 - iter 15/32 - loss 14.63690370 - samples/sec: 76.50 - lr: 0.500000
2021-02-05 12:36:14,503 epoch 27 - iter 18/32 - loss 15.35629151 - samples/sec: 73.21 - lr: 0.500000
2021-02-05 12:36:15,704 epoch 27 - iter 21/32 - loss 15.50739143 - samples/sec: 79.97 - lr: 0.500000
2021-02-05 12:36:16,844 epoch 27 - iter 24/32 - loss 15.74982103 - samples/sec: 84.32 - lr: 0.500000
2021-02-05 12:36:18,149 epoch 27 - iter 27/32 - loss 15.92794863 - samples/sec: 73.59 - lr: 0.500000
2021-02-05 12:36:19,474 epoch 27 - iter 30/32 - loss 15.93662284 - samples/sec: 72.51 - lr: 0.500000
2021-02-05 12:36:20,177 ----------------------------------------------------------------------------------------------------
2021-02-05 12:36:20,178 EPOCH 27 done: loss 15.7641 - lr 0.5000000
2021-02-05 12:36:20,553 DEV : loss 9.252801895141602 - score 0.8714
2021-02-05 12:36:20,560 BAD EPOCHS (no improvement): 0
2021-02-05 12:36:23,647 ----------------------------------------------------------------------------------------------------
2021-02-05 12:36:25,690 epoch 28 - iter 3/32 - loss 16.60348320 - samples/sec: 47.02 - lr: 0.500000
2021-02-05 12:36:26,836 epoch 28 - iter 6/32 - loss 16.01524782 - samples/sec: 83.86 - lr: 0.500000
2021-02-05 12:36:28,189 epoch 28 - iter 9/32 - loss 16.32278103 - samples/sec: 71.00 - lr: 0.500000
2021-02-05 12:36:29,283 epoch 28 - iter 12/32 - loss 16.00620015 - samples/sec: 87.86 - lr: 0.500000
2021-02-05 12:36:30,496 epoch 28 - iter 15/32 - loss 16.36943537 - samples/sec: 79.21 - lr: 0.500000
2021-02-05 12:36:31,756 epoch 28 - iter 18/32 - loss 16.01856788 - samples/sec: 76.25 - lr: 0.500000
2021-02-05 12:36:33,137 epoch 28 - iter 21/32 - loss 15.79094183 - samples/sec: 69.53 - lr: 0.500000
2021-02-05 12:36:34,508 epoch 28 - iter 24/32 - loss 15.89558204 - samples/sec: 70.10 - lr: 0.500000
2021-02-05 12:36:35,794 epoch 28 - iter 27/32 - loss 15.95070415 - samples/sec: 74.70 - lr: 0.500000
2021-02-05 12:36:37,214 epoch 28 - iter 30/32 - loss 16.26392326 - samples/sec: 67.63 - lr: 0.500000
2021-02-05 12:36:37,748 ----------------------------------------------------------------------------------------------------
2021-02-05 12:36:37,748 EPOCH 28 done: loss 16.3650 - lr 0.5000000
2021-02-05 12:36:38,063 DEV : loss 9.344344139099121 - score 0.8707
2021-02-05 12:36:38,073 BAD EPOCHS (no improvement): 1
2021-02-05 12:36:38,075 ----------------------------------------------------------------------------------------------------
2021-02-05 12:36:39,314 epoch 29 - iter 3/32 - loss 12.82294687 - samples/sec: 77.62 - lr: 0.500000
2021-02-05 12:36:40,286 epoch 29 - iter 6/32 - loss 13.94931253 - samples/sec: 98.83 - lr: 0.500000
2021-02-05 12:36:41,591 epoch 29 - iter 9/32 - loss 14.55260881 - samples/sec: 73.64 - lr: 0.500000
2021-02-05 12:36:43,278 epoch 29 - iter 12/32 - loss 15.45504769 - samples/sec: 56.92 - lr: 0.500000
2021-02-05 12:36:44,489 epoch 29 - iter 15/32 - loss 15.55497532 - samples/sec: 79.37 - lr: 0.500000
2021-02-05 12:36:45,623 epoch 29 - iter 18/32 - loss 15.45631409 - samples/sec: 84.73 - lr: 0.500000
2021-02-05 12:36:46,852 epoch 29 - iter 21/32 - loss 15.67174825 - samples/sec: 78.17 - lr: 0.500000
2021-02-05 12:36:48,359 epoch 29 - iter 24/32 - loss 15.95946944 - samples/sec: 63.73 - lr: 0.500000
2021-02-05 12:36:49,412 epoch 29 - iter 27/32 - loss 15.61711594 - samples/sec: 91.26 - lr: 0.500000
2021-02-05 12:36:50,877 epoch 29 - iter 30/32 - loss 15.72699219 - samples/sec: 65.59 - lr: 0.500000
2021-02-05 12:36:51,627 ----------------------------------------------------------------------------------------------------
2021-02-05 12:36:51,628 EPOCH 29 done: loss 15.5894 - lr 0.5000000
2021-02-05 12:36:52,006 DEV : loss 9.690441131591797 - score 0.8714
2021-02-05 12:36:52,013 BAD EPOCHS (no improvement): 2
2021-02-05 12:36:52,014 ----------------------------------------------------------------------------------------------------
2021-02-05 12:36:53,211 epoch 30 - iter 3/32 - loss 15.28808149 - samples/sec: 80.32 - lr: 0.500000
2021-02-05 12:36:54,554 epoch 30 - iter 6/32 - loss 15.39049864 - samples/sec: 71.56 - lr: 0.500000
2021-02-05 12:36:55,770 epoch 30 - iter 9/32 - loss 15.65665627 - samples/sec: 79.04 - lr: 0.500000
2021-02-05 12:36:57,085 epoch 30 - iter 12/32 - loss 16.11879786 - samples/sec: 73.05 - lr: 0.500000
2021-02-05 12:36:58,499 epoch 30 - iter 15/32 - loss 15.86867714 - samples/sec: 67.96 - lr: 0.500000
2021-02-05 12:36:59,771 epoch 30 - iter 18/32 - loss 15.72591199 - samples/sec: 75.50 - lr: 0.500000
2021-02-05 12:37:00,875 epoch 30 - iter 21/32 - loss 15.94455783 - samples/sec: 87.04 - lr: 0.500000
2021-02-05 12:37:02,206 epoch 30 - iter 24/32 - loss 15.85570069 - samples/sec: 72.19 - lr: 0.500000
2021-02-05 12:37:03,605 epoch 30 - iter 27/32 - loss 15.96247217 - samples/sec: 68.65 - lr: 0.500000
2021-02-05 12:37:05,293 epoch 30 - iter 30/32 - loss 15.87477070 - samples/sec: 56.92 - lr: 0.500000
2021-02-05 12:37:05,941 ----------------------------------------------------------------------------------------------------
2021-02-05 12:37:05,941 EPOCH 30 done: loss 15.7482 - lr 0.5000000
2021-02-05 12:37:06,297 DEV : loss 9.613045692443848 - score 0.869
2021-02-05 12:37:06,305 BAD EPOCHS (no improvement): 3
2021-02-05 12:37:06,307 ----------------------------------------------------------------------------------------------------
2021-02-05 12:37:07,504 epoch 31 - iter 3/32 - loss 14.55589453 - samples/sec: 80.33 - lr: 0.500000
2021-02-05 12:37:08,800 epoch 31 - iter 6/32 - loss 14.75261529 - samples/sec: 74.14 - lr: 0.500000
2021-02-05 12:37:10,679 epoch 31 - iter 9/32 - loss 15.33502579 - samples/sec: 51.10 - lr: 0.500000
2021-02-05 12:37:12,037 epoch 31 - iter 12/32 - loss 15.37565549 - samples/sec: 70.80 - lr: 0.500000
2021-02-05 12:37:13,141 epoch 31 - iter 15/32 - loss 15.14721489 - samples/sec: 87.03 - lr: 0.500000
2021-02-05 12:37:14,409 epoch 31 - iter 18/32 - loss 15.22479402 - samples/sec: 75.79 - lr: 0.500000
2021-02-05 12:37:15,821 epoch 31 - iter 21/32 - loss 15.59974248 - samples/sec: 68.06 - lr: 0.500000
2021-02-05 12:37:17,063 epoch 31 - iter 24/32 - loss 15.56851447 - samples/sec: 77.37 - lr: 0.500000
2021-02-05 12:37:18,346 epoch 31 - iter 27/32 - loss 15.78342999 - samples/sec: 74.88 - lr: 0.500000
2021-02-05 12:37:19,576 epoch 31 - iter 30/32 - loss 15.73337955 - samples/sec: 78.12 - lr: 0.500000
2021-02-05 12:37:20,355 ----------------------------------------------------------------------------------------------------
2021-02-05 12:37:20,356 EPOCH 31 done: loss 16.0474 - lr 0.5000000
2021-02-05 12:37:20,665 DEV : loss 10.44980239868164 - score 0.8605
2021-02-05 12:37:20,673 BAD EPOCHS (no improvement): 4
2021-02-05 12:37:23,208 ----------------------------------------------------------------------------------------------------
2021-02-05 12:37:23,209 Testing using best model ...
2021-02-05 12:37:23,246 loading file resources0/taggers/example-iso/best-model.pt
2021-02-05 12:37:25,542 	0.8728
2021-02-05 12:37:25,542 
Results:
- F-score (micro): 0.8728
- F-score (macro): 0.677
- Accuracy (incl. no class): 0.8728

By class:
                 precision    recall  f1-score   support

              O     0.9004    0.9581    0.9284      5710
          PLACE     0.6324    0.6169    0.6246       449
NONMOTION_EVENT     0.7576    0.3623    0.4902        69
        MEASURE     0.8667    0.8904    0.8784        73
 SPATIAL_SIGNAL     0.7019    0.6011    0.6476       188
  MOTION_SIGNAL     0.7788    0.4939    0.6045       164
           PATH     0.6932    0.3861    0.4959       158
         MOTION     0.8025    0.6238    0.7019       202
 SPATIAL_ENTITY     0.8975    0.6033    0.7216       363

       accuracy                         0.8728      7376
      macro avg     0.7812    0.6151    0.6770      7376
   weighted avg     0.8674    0.8728    0.8653      7376

2021-02-05 12:37:25,543 ----------------------------------------------------------------------------------------------------
