2021-03-16 15:05:17,632 ----------------------------------------------------------------------------------------------------
2021-03-16 15:05:17,633 Model: "SequenceTagger(
  (embeddings): StackedEmbeddings(
    (list_embedding_0): WordEmbeddings('glove')
    (list_embedding_1): FlairEmbeddings(
      (lm): LanguageModel(
        (drop): Dropout(p=0.25, inplace=False)
        (encoder): Embedding(275, 100)
        (rnn): LSTM(100, 1024)
        (decoder): Linear(in_features=1024, out_features=275, bias=True)
      )
    )
    (list_embedding_2): FlairEmbeddings(
      (lm): LanguageModel(
        (drop): Dropout(p=0.25, inplace=False)
        (encoder): Embedding(275, 100)
        (rnn): LSTM(100, 1024)
        (decoder): Linear(in_features=1024, out_features=275, bias=True)
      )
    )
  )
  (word_dropout): WordDropout(p=0.05)
  (locked_dropout): LockedDropout(p=0.5)
  (embedding2nn): Linear(in_features=2148, out_features=2148, bias=True)
  (rnn): LSTM(2148, 128, batch_first=True, bidirectional=True)
  (linear): Linear(in_features=256, out_features=6, bias=True)
  (beta): 1.0
  (weights): None
  (weight_tensor) None
)"
2021-03-16 15:05:17,634 ----------------------------------------------------------------------------------------------------
2021-03-16 15:05:17,635 Corpus: "Corpus: 1000 train + 111 dev + 289 test sentences"
2021-03-16 15:05:17,636 ----------------------------------------------------------------------------------------------------
2021-03-16 15:05:17,637 Parameters:
2021-03-16 15:05:17,638  - learning_rate: "0.1"
2021-03-16 15:05:17,639  - mini_batch_size: "32"
2021-03-16 15:05:17,640  - patience: "3"
2021-03-16 15:05:17,640  - anneal_factor: "0.5"
2021-03-16 15:05:17,641  - max_epochs: "8"
2021-03-16 15:05:17,642  - shuffle: "True"
2021-03-16 15:05:17,642  - train_with_dev: "False"
2021-03-16 15:05:17,643  - batch_growth_annealing: "False"
2021-03-16 15:05:17,655 ----------------------------------------------------------------------------------------------------
2021-03-16 15:05:17,656 Model training base path: "resources_ilines/taggers/motion_signal_type"
2021-03-16 15:05:17,657 ----------------------------------------------------------------------------------------------------
2021-03-16 15:05:17,658 Device: cpu
2021-03-16 15:05:17,659 ----------------------------------------------------------------------------------------------------
2021-03-16 15:05:17,659 Embeddings storage mode: cpu
2021-03-16 15:05:17,661 ----------------------------------------------------------------------------------------------------
2021-03-16 15:05:34,926 epoch 1 - iter 3/32 - loss 27.21741676 - samples/sec: 5.56 - lr: 0.100000
2021-03-16 15:05:59,753 epoch 1 - iter 6/32 - loss 15.82317328 - samples/sec: 3.87 - lr: 0.100000
2021-03-16 15:06:20,081 epoch 1 - iter 9/32 - loss 11.43485986 - samples/sec: 4.72 - lr: 0.100000
2021-03-16 15:06:37,949 epoch 1 - iter 12/32 - loss 9.34088727 - samples/sec: 5.37 - lr: 0.100000
2021-03-16 15:07:03,625 epoch 1 - iter 15/32 - loss 8.05757608 - samples/sec: 3.74 - lr: 0.100000
2021-03-16 15:07:23,247 epoch 1 - iter 18/32 - loss 6.97505284 - samples/sec: 4.89 - lr: 0.100000
2021-03-16 15:07:41,138 epoch 1 - iter 21/32 - loss 6.36497533 - samples/sec: 5.37 - lr: 0.100000
2021-03-16 15:08:00,637 epoch 1 - iter 24/32 - loss 5.90141891 - samples/sec: 4.92 - lr: 0.100000
2021-03-16 15:08:20,873 epoch 1 - iter 27/32 - loss 5.36555055 - samples/sec: 4.74 - lr: 0.100000
2021-03-16 15:08:40,027 epoch 1 - iter 30/32 - loss 4.98306958 - samples/sec: 5.01 - lr: 0.100000
2021-03-16 15:08:48,428 ----------------------------------------------------------------------------------------------------
2021-03-16 15:08:48,429 EPOCH 1 done: loss 4.7442 - lr 0.1000000
2021-03-16 15:09:10,359 DEV : loss 0.9579524993896484 - score 0.9912
2021-03-16 15:09:10,385 BAD EPOCHS (no improvement): 0
2021-03-16 15:09:13,763 ----------------------------------------------------------------------------------------------------
2021-03-16 15:09:17,382 epoch 2 - iter 3/32 - loss 1.28801358 - samples/sec: 27.06 - lr: 0.100000
2021-03-16 15:09:20,682 epoch 2 - iter 6/32 - loss 1.59001595 - samples/sec: 29.10 - lr: 0.100000
2021-03-16 15:09:24,547 epoch 2 - iter 9/32 - loss 1.49129927 - samples/sec: 24.85 - lr: 0.100000
2021-03-16 15:09:28,333 epoch 2 - iter 12/32 - loss 1.58991447 - samples/sec: 25.37 - lr: 0.100000
2021-03-16 15:09:32,109 epoch 2 - iter 15/32 - loss 1.58518059 - samples/sec: 25.42 - lr: 0.100000
2021-03-16 15:09:36,432 epoch 2 - iter 18/32 - loss 1.49332854 - samples/sec: 22.22 - lr: 0.100000
2021-03-16 15:09:39,888 epoch 2 - iter 21/32 - loss 1.45233386 - samples/sec: 27.78 - lr: 0.100000
2021-03-16 15:09:42,972 epoch 2 - iter 24/32 - loss 1.43178569 - samples/sec: 31.14 - lr: 0.100000
2021-03-16 15:09:45,663 epoch 2 - iter 27/32 - loss 1.34477158 - samples/sec: 35.69 - lr: 0.100000
2021-03-16 15:09:48,820 epoch 2 - iter 30/32 - loss 1.30102002 - samples/sec: 30.41 - lr: 0.100000
2021-03-16 15:09:50,548 ----------------------------------------------------------------------------------------------------
2021-03-16 15:09:50,549 EPOCH 2 done: loss 1.4184 - lr 0.1000000
2021-03-16 15:09:52,242 DEV : loss 0.9089500904083252 - score 0.9926
2021-03-16 15:09:52,267 BAD EPOCHS (no improvement): 0
2021-03-16 15:09:56,092 ----------------------------------------------------------------------------------------------------
2021-03-16 15:10:00,161 epoch 3 - iter 3/32 - loss 1.03712749 - samples/sec: 23.66 - lr: 0.100000
2021-03-16 15:10:03,288 epoch 3 - iter 6/32 - loss 1.20546397 - samples/sec: 30.71 - lr: 0.100000
2021-03-16 15:10:06,470 epoch 3 - iter 9/32 - loss 1.42230696 - samples/sec: 30.18 - lr: 0.100000
2021-03-16 15:10:09,723 epoch 3 - iter 12/32 - loss 1.28019031 - samples/sec: 29.52 - lr: 0.100000
2021-03-16 15:10:12,937 epoch 3 - iter 15/32 - loss 1.21916729 - samples/sec: 29.87 - lr: 0.100000
2021-03-16 15:10:16,285 epoch 3 - iter 18/32 - loss 1.15888865 - samples/sec: 28.69 - lr: 0.100000
2021-03-16 15:10:19,722 epoch 3 - iter 21/32 - loss 1.08197930 - samples/sec: 27.94 - lr: 0.100000
2021-03-16 15:10:23,282 epoch 3 - iter 24/32 - loss 1.06492765 - samples/sec: 26.97 - lr: 0.100000
2021-03-16 15:10:28,054 epoch 3 - iter 27/32 - loss 1.06805792 - samples/sec: 20.12 - lr: 0.100000
2021-03-16 15:10:31,799 epoch 3 - iter 30/32 - loss 1.04166240 - samples/sec: 25.65 - lr: 0.100000
2021-03-16 15:10:33,269 ----------------------------------------------------------------------------------------------------
2021-03-16 15:10:33,270 EPOCH 3 done: loss 1.0434 - lr 0.1000000
2021-03-16 15:10:34,840 DEV : loss 0.5400103330612183 - score 0.9962
2021-03-16 15:10:34,864 BAD EPOCHS (no improvement): 0
2021-03-16 15:10:38,033 ----------------------------------------------------------------------------------------------------
2021-03-16 15:10:41,065 epoch 4 - iter 3/32 - loss 0.58675808 - samples/sec: 32.42 - lr: 0.100000
2021-03-16 15:10:44,665 epoch 4 - iter 6/32 - loss 1.09863767 - samples/sec: 26.67 - lr: 0.100000
2021-03-16 15:10:47,890 epoch 4 - iter 9/32 - loss 1.05819369 - samples/sec: 29.78 - lr: 0.100000
2021-03-16 15:10:51,178 epoch 4 - iter 12/32 - loss 1.01983267 - samples/sec: 29.21 - lr: 0.100000
2021-03-16 15:10:54,495 epoch 4 - iter 15/32 - loss 1.04904240 - samples/sec: 28.95 - lr: 0.100000
2021-03-16 15:10:58,401 epoch 4 - iter 18/32 - loss 1.06090009 - samples/sec: 24.60 - lr: 0.100000
2021-03-16 15:11:02,426 epoch 4 - iter 21/32 - loss 1.02590259 - samples/sec: 23.86 - lr: 0.100000
2021-03-16 15:11:06,965 epoch 4 - iter 24/32 - loss 1.00291635 - samples/sec: 21.16 - lr: 0.100000
2021-03-16 15:11:09,880 epoch 4 - iter 27/32 - loss 0.93416132 - samples/sec: 32.95 - lr: 0.100000
2021-03-16 15:11:13,108 epoch 4 - iter 30/32 - loss 0.90890228 - samples/sec: 29.75 - lr: 0.100000
2021-03-16 15:11:14,596 ----------------------------------------------------------------------------------------------------
2021-03-16 15:11:14,596 EPOCH 4 done: loss 0.9323 - lr 0.1000000
2021-03-16 15:11:16,265 DEV : loss 0.4120136797428131 - score 0.9971
2021-03-16 15:11:16,289 BAD EPOCHS (no improvement): 0
2021-03-16 15:11:19,403 ----------------------------------------------------------------------------------------------------
2021-03-16 15:11:22,608 epoch 5 - iter 3/32 - loss 0.66568510 - samples/sec: 30.67 - lr: 0.100000
2021-03-16 15:11:26,279 epoch 5 - iter 6/32 - loss 0.91360052 - samples/sec: 26.16 - lr: 0.100000
2021-03-16 15:11:29,786 epoch 5 - iter 9/32 - loss 0.80137548 - samples/sec: 27.38 - lr: 0.100000
2021-03-16 15:11:32,887 epoch 5 - iter 12/32 - loss 0.70371875 - samples/sec: 30.97 - lr: 0.100000
2021-03-16 15:11:36,548 epoch 5 - iter 15/32 - loss 0.71321002 - samples/sec: 26.23 - lr: 0.100000
2021-03-16 15:11:40,266 epoch 5 - iter 18/32 - loss 0.79737692 - samples/sec: 25.83 - lr: 0.100000
2021-03-16 15:11:44,095 epoch 5 - iter 21/32 - loss 0.77455279 - samples/sec: 25.08 - lr: 0.100000
2021-03-16 15:11:48,960 epoch 5 - iter 24/32 - loss 0.77604019 - samples/sec: 19.74 - lr: 0.100000
2021-03-16 15:11:52,376 epoch 5 - iter 27/32 - loss 0.74975308 - samples/sec: 28.12 - lr: 0.100000
2021-03-16 15:11:55,091 epoch 5 - iter 30/32 - loss 0.72389974 - samples/sec: 35.37 - lr: 0.100000
2021-03-16 15:11:56,562 ----------------------------------------------------------------------------------------------------
2021-03-16 15:11:56,563 EPOCH 5 done: loss 0.7271 - lr 0.1000000
2021-03-16 15:11:57,933 DEV : loss 0.5508590340614319 - score 0.9959
2021-03-16 15:11:57,956 BAD EPOCHS (no improvement): 1
2021-03-16 15:11:57,960 ----------------------------------------------------------------------------------------------------
2021-03-16 15:12:01,151 epoch 6 - iter 3/32 - loss 0.64961227 - samples/sec: 30.10 - lr: 0.100000
2021-03-16 15:12:04,706 epoch 6 - iter 6/32 - loss 0.48619731 - samples/sec: 27.01 - lr: 0.100000
2021-03-16 15:12:07,898 epoch 6 - iter 9/32 - loss 0.69525940 - samples/sec: 30.08 - lr: 0.100000
2021-03-16 15:12:11,046 epoch 6 - iter 12/32 - loss 0.71049038 - samples/sec: 30.51 - lr: 0.100000
2021-03-16 15:12:14,505 epoch 6 - iter 15/32 - loss 0.65771946 - samples/sec: 27.76 - lr: 0.100000
2021-03-16 15:12:18,463 epoch 6 - iter 18/32 - loss 0.61413918 - samples/sec: 24.26 - lr: 0.100000
2021-03-16 15:12:21,849 epoch 6 - iter 21/32 - loss 0.61081589 - samples/sec: 28.36 - lr: 0.100000
2021-03-16 15:12:25,047 epoch 6 - iter 24/32 - loss 0.58986470 - samples/sec: 30.02 - lr: 0.100000
2021-03-16 15:12:28,677 epoch 6 - iter 27/32 - loss 0.59678122 - samples/sec: 26.46 - lr: 0.100000
2021-03-16 15:12:32,518 epoch 6 - iter 30/32 - loss 0.60801223 - samples/sec: 25.00 - lr: 0.100000
2021-03-16 15:12:34,059 ----------------------------------------------------------------------------------------------------
2021-03-16 15:12:34,060 EPOCH 6 done: loss 0.5928 - lr 0.1000000
2021-03-16 15:12:35,449 DEV : loss 0.39925146102905273 - score 0.995
2021-03-16 15:12:35,476 BAD EPOCHS (no improvement): 2
2021-03-16 15:12:35,477 ----------------------------------------------------------------------------------------------------
2021-03-16 15:12:39,087 epoch 7 - iter 3/32 - loss 0.84039481 - samples/sec: 26.61 - lr: 0.100000
2021-03-16 15:12:42,713 epoch 7 - iter 6/32 - loss 0.66184664 - samples/sec: 26.48 - lr: 0.100000
2021-03-16 15:12:45,884 epoch 7 - iter 9/32 - loss 0.58084893 - samples/sec: 30.29 - lr: 0.100000
2021-03-16 15:12:49,109 epoch 7 - iter 12/32 - loss 0.51761810 - samples/sec: 29.77 - lr: 0.100000
2021-03-16 15:12:53,370 epoch 7 - iter 15/32 - loss 0.53633738 - samples/sec: 22.54 - lr: 0.100000
2021-03-16 15:12:56,893 epoch 7 - iter 18/32 - loss 0.54306976 - samples/sec: 27.26 - lr: 0.100000
2021-03-16 15:13:00,234 epoch 7 - iter 21/32 - loss 0.57235026 - samples/sec: 28.74 - lr: 0.100000
2021-03-16 15:13:03,482 epoch 7 - iter 24/32 - loss 0.56085418 - samples/sec: 29.56 - lr: 0.100000
2021-03-16 15:13:07,247 epoch 7 - iter 27/32 - loss 0.57253380 - samples/sec: 25.51 - lr: 0.100000
2021-03-16 15:13:10,926 epoch 7 - iter 30/32 - loss 0.60990042 - samples/sec: 26.10 - lr: 0.100000
2021-03-16 15:13:12,088 ----------------------------------------------------------------------------------------------------
2021-03-16 15:13:12,089 EPOCH 7 done: loss 0.5988 - lr 0.1000000
2021-03-16 15:13:13,722 DEV : loss 0.44207483530044556 - score 0.9966
2021-03-16 15:13:13,745 BAD EPOCHS (no improvement): 3
2021-03-16 15:13:13,747 ----------------------------------------------------------------------------------------------------
2021-03-16 15:13:17,055 epoch 8 - iter 3/32 - loss 0.74046803 - samples/sec: 29.03 - lr: 0.100000
2021-03-16 15:13:20,455 epoch 8 - iter 6/32 - loss 0.45226206 - samples/sec: 28.25 - lr: 0.100000
2021-03-16 15:13:24,078 epoch 8 - iter 9/32 - loss 0.39199126 - samples/sec: 26.50 - lr: 0.100000
2021-03-16 15:13:26,824 epoch 8 - iter 12/32 - loss 0.34524120 - samples/sec: 34.98 - lr: 0.100000
2021-03-16 15:13:29,969 epoch 8 - iter 15/32 - loss 0.37491469 - samples/sec: 30.54 - lr: 0.100000
2021-03-16 15:13:33,463 epoch 8 - iter 18/32 - loss 0.41436592 - samples/sec: 27.48 - lr: 0.100000
2021-03-16 15:13:36,451 epoch 8 - iter 21/32 - loss 0.39457423 - samples/sec: 32.13 - lr: 0.100000
2021-03-16 15:13:39,823 epoch 8 - iter 24/32 - loss 0.37495579 - samples/sec: 28.48 - lr: 0.100000
2021-03-16 15:13:43,023 epoch 8 - iter 27/32 - loss 0.37807635 - samples/sec: 30.04 - lr: 0.100000
2021-03-16 15:13:47,967 epoch 8 - iter 30/32 - loss 0.45334969 - samples/sec: 19.42 - lr: 0.100000
2021-03-16 15:13:49,539 ----------------------------------------------------------------------------------------------------
2021-03-16 15:13:49,540 EPOCH 8 done: loss 0.4579 - lr 0.1000000
2021-03-16 15:13:50,934 DEV : loss 0.2772871255874634 - score 0.9982
2021-03-16 15:13:50,957 BAD EPOCHS (no improvement): 0
2021-03-16 15:13:57,245 ----------------------------------------------------------------------------------------------------
2021-03-16 15:13:57,261 Testing using best model ...
2021-03-16 15:13:57,272 loading file resources_ilines/taggers/motion_signal_type/best-model.pt
2021-03-16 15:15:04,183 	0.9982
2021-03-16 15:15:04,184 
Results:
- F-score (micro): 0.9982
- F-score (macro): 0.841
- Accuracy (incl. no class): 0.9982

By class:
              precision    recall  f1-score   support

           O     0.9984    0.9998    0.9991     11617
        PATH     0.9927    0.9645    0.9784       141
      MANNER     0.9000    0.3913    0.5455        23

    accuracy                         0.9982     11781
   macro avg     0.9637    0.7852    0.8410     11781
weighted avg     0.9981    0.9982    0.9980     11781

2021-03-16 15:15:04,185 ----------------------------------------------------------------------------------------------------
