2021-03-17 19:23:22,770 ----------------------------------------------------------------------------------------------------
2021-03-17 19:23:22,771 Model: "SequenceTagger(
  (embeddings): StackedEmbeddings(
    (list_embedding_0): WordEmbeddings('glove')
    (list_embedding_1): FlairEmbeddings(
      (lm): LanguageModel(
        (drop): Dropout(p=0.25, inplace=False)
        (encoder): Embedding(275, 100)
        (rnn): LSTM(100, 1024)
        (decoder): Linear(in_features=1024, out_features=275, bias=True)
      )
    )
    (list_embedding_2): FlairEmbeddings(
      (lm): LanguageModel(
        (drop): Dropout(p=0.25, inplace=False)
        (encoder): Embedding(275, 100)
        (rnn): LSTM(100, 1024)
        (decoder): Linear(in_features=1024, out_features=275, bias=True)
      )
    )
  )
  (word_dropout): WordDropout(p=0.05)
  (locked_dropout): LockedDropout(p=0.5)
  (embedding2nn): Linear(in_features=2148, out_features=2148, bias=True)
  (rnn): LSTM(2148, 128, num_layers=2, batch_first=True, dropout=0.5, bidirectional=True)
  (linear): Linear(in_features=256, out_features=8, bias=True)
  (beta): 1.0
  (weights): None
  (weight_tensor) None
)"
2021-03-17 19:23:22,772 ----------------------------------------------------------------------------------------------------
2021-03-17 19:23:22,772 Corpus: "Corpus: 1000 train + 111 dev + 289 test sentences"
2021-03-17 19:23:22,773 ----------------------------------------------------------------------------------------------------
2021-03-17 19:23:22,774 Parameters:
2021-03-17 19:23:22,775  - learning_rate: "0.1"
2021-03-17 19:23:22,775  - mini_batch_size: "8"
2021-03-17 19:23:22,776  - patience: "3"
2021-03-17 19:23:22,776  - anneal_factor: "0.5"
2021-03-17 19:23:22,777  - max_epochs: "8"
2021-03-17 19:23:22,777  - shuffle: "True"
2021-03-17 19:23:22,778  - train_with_dev: "False"
2021-03-17 19:23:22,778  - batch_growth_annealing: "False"
2021-03-17 19:23:22,779 ----------------------------------------------------------------------------------------------------
2021-03-17 19:23:22,779 Model training base path: "resources_param_selector/resultsdimensionality"
2021-03-17 19:23:22,780 ----------------------------------------------------------------------------------------------------
2021-03-17 19:23:22,782 Device: cpu
2021-03-17 19:23:22,783 ----------------------------------------------------------------------------------------------------
2021-03-17 19:23:22,784 Embeddings storage mode: cpu
2021-03-17 19:23:22,785 ----------------------------------------------------------------------------------------------------
2021-03-17 19:23:25,790 epoch 1 - iter 12/125 - loss 12.85959375 - samples/sec: 31.99 - lr: 0.100000
2021-03-17 19:23:28,963 epoch 1 - iter 24/125 - loss 11.15787081 - samples/sec: 30.27 - lr: 0.100000
2021-03-17 19:23:32,084 epoch 1 - iter 36/125 - loss 10.21591103 - samples/sec: 30.78 - lr: 0.100000
2021-03-17 19:23:35,420 epoch 1 - iter 48/125 - loss 10.08845809 - samples/sec: 28.78 - lr: 0.100000
2021-03-17 19:23:38,410 epoch 1 - iter 60/125 - loss 9.63526776 - samples/sec: 32.12 - lr: 0.100000
2021-03-17 19:23:41,463 epoch 1 - iter 72/125 - loss 9.19817479 - samples/sec: 31.46 - lr: 0.100000
2021-03-17 19:23:44,771 epoch 1 - iter 84/125 - loss 8.88467312 - samples/sec: 29.03 - lr: 0.100000
2021-03-17 19:23:47,935 epoch 1 - iter 96/125 - loss 8.71994623 - samples/sec: 30.36 - lr: 0.100000
2021-03-17 19:23:51,234 epoch 1 - iter 108/125 - loss 8.50889543 - samples/sec: 29.11 - lr: 0.100000
2021-03-17 19:23:54,002 epoch 1 - iter 120/125 - loss 8.28564812 - samples/sec: 34.70 - lr: 0.100000
2021-03-17 19:23:55,129 ----------------------------------------------------------------------------------------------------
2021-03-17 19:23:55,130 EPOCH 1 done: loss 8.1172 - lr 0.1000000
2021-03-17 19:23:56,042 DEV : loss 4.811786651611328 - score 0.9483
2021-03-17 19:23:56,056 BAD EPOCHS (no improvement): 0
2021-03-17 19:23:56,057 ----------------------------------------------------------------------------------------------------
2021-03-17 19:23:59,619 epoch 2 - iter 12/125 - loss 5.70347285 - samples/sec: 26.97 - lr: 0.100000
2021-03-17 19:24:02,335 epoch 2 - iter 24/125 - loss 5.59886436 - samples/sec: 35.40 - lr: 0.100000
2021-03-17 19:24:05,192 epoch 2 - iter 36/125 - loss 5.33917999 - samples/sec: 33.61 - lr: 0.100000
2021-03-17 19:24:08,509 epoch 2 - iter 48/125 - loss 5.60801138 - samples/sec: 28.96 - lr: 0.100000
2021-03-17 19:24:12,032 epoch 2 - iter 60/125 - loss 6.11634554 - samples/sec: 27.25 - lr: 0.100000
2021-03-17 19:24:15,187 epoch 2 - iter 72/125 - loss 5.93647522 - samples/sec: 30.45 - lr: 0.100000
2021-03-17 19:24:17,974 epoch 2 - iter 84/125 - loss 5.83543751 - samples/sec: 34.46 - lr: 0.100000
2021-03-17 19:24:20,905 epoch 2 - iter 96/125 - loss 5.94646072 - samples/sec: 32.78 - lr: 0.100000
2021-03-17 19:24:23,931 epoch 2 - iter 108/125 - loss 5.90574893 - samples/sec: 31.73 - lr: 0.100000
2021-03-17 19:24:27,093 epoch 2 - iter 120/125 - loss 6.05212123 - samples/sec: 30.38 - lr: 0.100000
2021-03-17 19:24:28,400 ----------------------------------------------------------------------------------------------------
2021-03-17 19:24:28,401 EPOCH 2 done: loss 6.0937 - lr 0.1000000
2021-03-17 19:24:29,330 DEV : loss 3.806081533432007 - score 0.9498
2021-03-17 19:24:29,344 BAD EPOCHS (no improvement): 0
2021-03-17 19:24:29,345 ----------------------------------------------------------------------------------------------------
2021-03-17 19:24:32,258 epoch 3 - iter 12/125 - loss 6.77686318 - samples/sec: 32.97 - lr: 0.100000
2021-03-17 19:24:36,022 epoch 3 - iter 24/125 - loss 6.02460257 - samples/sec: 25.52 - lr: 0.100000
2021-03-17 19:24:38,919 epoch 3 - iter 36/125 - loss 5.59024368 - samples/sec: 33.15 - lr: 0.100000
2021-03-17 19:24:42,386 epoch 3 - iter 48/125 - loss 5.23256610 - samples/sec: 27.70 - lr: 0.100000
2021-03-17 19:24:45,155 epoch 3 - iter 60/125 - loss 5.04766359 - samples/sec: 34.70 - lr: 0.100000
2021-03-17 19:24:48,157 epoch 3 - iter 72/125 - loss 5.14701146 - samples/sec: 31.98 - lr: 0.100000
2021-03-17 19:24:51,473 epoch 3 - iter 84/125 - loss 5.39742026 - samples/sec: 28.97 - lr: 0.100000
2021-03-17 19:24:54,778 epoch 3 - iter 96/125 - loss 5.30547810 - samples/sec: 29.06 - lr: 0.100000
2021-03-17 19:24:57,838 epoch 3 - iter 108/125 - loss 5.31286753 - samples/sec: 31.39 - lr: 0.100000
2021-03-17 19:25:00,493 epoch 3 - iter 120/125 - loss 5.37389517 - samples/sec: 36.16 - lr: 0.100000
2021-03-17 19:25:01,755 ----------------------------------------------------------------------------------------------------
2021-03-17 19:25:01,756 EPOCH 3 done: loss 5.4259 - lr 0.1000000
2021-03-17 19:25:02,713 DEV : loss 3.666327714920044 - score 0.951
2021-03-17 19:25:02,727 BAD EPOCHS (no improvement): 0
2021-03-17 19:25:02,728 ----------------------------------------------------------------------------------------------------
2021-03-17 19:25:05,917 epoch 4 - iter 12/125 - loss 5.54440924 - samples/sec: 30.12 - lr: 0.100000
2021-03-17 19:25:09,419 epoch 4 - iter 24/125 - loss 5.69192256 - samples/sec: 27.42 - lr: 0.100000
2021-03-17 19:25:12,377 epoch 4 - iter 36/125 - loss 5.20446061 - samples/sec: 32.47 - lr: 0.100000
2021-03-17 19:25:15,297 epoch 4 - iter 48/125 - loss 5.27992965 - samples/sec: 32.88 - lr: 0.100000
2021-03-17 19:25:18,629 epoch 4 - iter 60/125 - loss 5.61521498 - samples/sec: 28.82 - lr: 0.100000
2021-03-17 19:25:21,777 epoch 4 - iter 72/125 - loss 5.50709250 - samples/sec: 30.51 - lr: 0.100000
2021-03-17 19:25:24,811 epoch 4 - iter 84/125 - loss 5.42484998 - samples/sec: 31.66 - lr: 0.100000
2021-03-17 19:25:27,837 epoch 4 - iter 96/125 - loss 5.36213637 - samples/sec: 31.74 - lr: 0.100000
2021-03-17 19:25:30,915 epoch 4 - iter 108/125 - loss 5.38000206 - samples/sec: 31.20 - lr: 0.100000
2021-03-17 19:25:34,094 epoch 4 - iter 120/125 - loss 5.27458106 - samples/sec: 30.21 - lr: 0.100000
2021-03-17 19:25:35,432 ----------------------------------------------------------------------------------------------------
2021-03-17 19:25:35,432 EPOCH 4 done: loss 5.2567 - lr 0.1000000
2021-03-17 19:25:36,348 DEV : loss 3.420288324356079 - score 0.9498
2021-03-17 19:25:36,363 BAD EPOCHS (no improvement): 1
2021-03-17 19:25:36,365 ----------------------------------------------------------------------------------------------------
2021-03-17 19:25:39,946 epoch 5 - iter 12/125 - loss 5.15909441 - samples/sec: 26.82 - lr: 0.100000
2021-03-17 19:25:43,059 epoch 5 - iter 24/125 - loss 5.19969487 - samples/sec: 30.85 - lr: 0.100000
2021-03-17 19:25:45,843 epoch 5 - iter 36/125 - loss 5.25629188 - samples/sec: 34.50 - lr: 0.100000
2021-03-17 19:25:49,130 epoch 5 - iter 48/125 - loss 5.23218106 - samples/sec: 29.22 - lr: 0.100000
2021-03-17 19:25:52,807 epoch 5 - iter 60/125 - loss 5.12482936 - samples/sec: 26.11 - lr: 0.100000
2021-03-17 19:25:55,721 epoch 5 - iter 72/125 - loss 5.05875648 - samples/sec: 32.96 - lr: 0.100000
2021-03-17 19:25:58,790 epoch 5 - iter 84/125 - loss 5.06687299 - samples/sec: 31.29 - lr: 0.100000
2021-03-17 19:26:01,801 epoch 5 - iter 96/125 - loss 4.92624812 - samples/sec: 31.90 - lr: 0.100000
2021-03-17 19:26:04,905 epoch 5 - iter 108/125 - loss 4.85495271 - samples/sec: 30.95 - lr: 0.100000
2021-03-17 19:26:07,972 epoch 5 - iter 120/125 - loss 4.80257771 - samples/sec: 31.31 - lr: 0.100000
2021-03-17 19:26:09,137 ----------------------------------------------------------------------------------------------------
2021-03-17 19:26:09,138 EPOCH 5 done: loss 4.7845 - lr 0.1000000
2021-03-17 19:26:10,063 DEV : loss 3.5887560844421387 - score 0.9506
2021-03-17 19:26:10,077 BAD EPOCHS (no improvement): 2
2021-03-17 19:26:10,078 ----------------------------------------------------------------------------------------------------
2021-03-17 19:26:13,400 epoch 6 - iter 12/125 - loss 5.42717437 - samples/sec: 28.92 - lr: 0.100000
2021-03-17 19:26:16,365 epoch 6 - iter 24/125 - loss 4.75578115 - samples/sec: 32.40 - lr: 0.100000
2021-03-17 19:26:19,488 epoch 6 - iter 36/125 - loss 4.83362412 - samples/sec: 30.74 - lr: 0.100000
2021-03-17 19:26:22,556 epoch 6 - iter 48/125 - loss 4.57585912 - samples/sec: 31.31 - lr: 0.100000
2021-03-17 19:26:26,080 epoch 6 - iter 60/125 - loss 4.79744596 - samples/sec: 27.26 - lr: 0.100000
2021-03-17 19:26:28,931 epoch 6 - iter 72/125 - loss 4.78191054 - samples/sec: 33.69 - lr: 0.100000
2021-03-17 19:26:32,003 epoch 6 - iter 84/125 - loss 4.62773873 - samples/sec: 31.26 - lr: 0.100000
2021-03-17 19:26:34,985 epoch 6 - iter 96/125 - loss 4.62450339 - samples/sec: 32.21 - lr: 0.100000
2021-03-17 19:26:38,298 epoch 6 - iter 108/125 - loss 4.66734958 - samples/sec: 28.99 - lr: 0.100000
2021-03-17 19:26:41,261 epoch 6 - iter 120/125 - loss 4.59078192 - samples/sec: 32.41 - lr: 0.100000
2021-03-17 19:26:42,289 ----------------------------------------------------------------------------------------------------
2021-03-17 19:26:42,290 EPOCH 6 done: loss 4.4893 - lr 0.1000000
2021-03-17 19:26:43,217 DEV : loss 3.823171854019165 - score 0.9472
2021-03-17 19:26:43,232 BAD EPOCHS (no improvement): 3
2021-03-17 19:26:43,233 ----------------------------------------------------------------------------------------------------
2021-03-17 19:26:46,174 epoch 7 - iter 12/125 - loss 4.47675196 - samples/sec: 32.66 - lr: 0.100000
2021-03-17 19:26:49,489 epoch 7 - iter 24/125 - loss 4.13400247 - samples/sec: 28.97 - lr: 0.100000
2021-03-17 19:26:52,568 epoch 7 - iter 36/125 - loss 3.87531349 - samples/sec: 31.19 - lr: 0.100000
2021-03-17 19:26:55,940 epoch 7 - iter 48/125 - loss 3.89594752 - samples/sec: 28.48 - lr: 0.100000
2021-03-17 19:26:59,316 epoch 7 - iter 60/125 - loss 3.98901453 - samples/sec: 28.45 - lr: 0.100000
2021-03-17 19:27:02,087 epoch 7 - iter 72/125 - loss 4.03795573 - samples/sec: 34.66 - lr: 0.100000
2021-03-17 19:27:05,024 epoch 7 - iter 84/125 - loss 3.99335550 - samples/sec: 32.70 - lr: 0.100000
2021-03-17 19:27:08,096 epoch 7 - iter 96/125 - loss 4.00487093 - samples/sec: 31.27 - lr: 0.100000
2021-03-17 19:27:11,479 epoch 7 - iter 108/125 - loss 4.10170534 - samples/sec: 28.39 - lr: 0.100000
2021-03-17 19:27:14,929 epoch 7 - iter 120/125 - loss 4.18594043 - samples/sec: 27.84 - lr: 0.100000
2021-03-17 19:27:16,128 ----------------------------------------------------------------------------------------------------
2021-03-17 19:27:16,129 EPOCH 7 done: loss 4.2544 - lr 0.1000000
2021-03-17 19:27:17,061 DEV : loss 2.897104024887085 - score 0.96
2021-03-17 19:27:17,075 BAD EPOCHS (no improvement): 0
2021-03-17 19:27:17,076 ----------------------------------------------------------------------------------------------------
2021-03-17 19:27:19,905 epoch 8 - iter 12/125 - loss 3.39822966 - samples/sec: 33.96 - lr: 0.100000
2021-03-17 19:27:22,741 epoch 8 - iter 24/125 - loss 4.09315889 - samples/sec: 33.86 - lr: 0.100000
2021-03-17 19:27:25,707 epoch 8 - iter 36/125 - loss 4.04562849 - samples/sec: 32.39 - lr: 0.100000
2021-03-17 19:27:28,944 epoch 8 - iter 48/125 - loss 4.07498853 - samples/sec: 29.66 - lr: 0.100000
2021-03-17 19:27:32,245 epoch 8 - iter 60/125 - loss 3.84618528 - samples/sec: 29.10 - lr: 0.100000
2021-03-17 19:27:35,285 epoch 8 - iter 72/125 - loss 3.80727370 - samples/sec: 31.59 - lr: 0.100000
2021-03-17 19:27:38,704 epoch 8 - iter 84/125 - loss 3.85641535 - samples/sec: 28.09 - lr: 0.100000
2021-03-17 19:27:41,998 epoch 8 - iter 96/125 - loss 3.95884847 - samples/sec: 29.16 - lr: 0.100000
2021-03-17 19:27:45,109 epoch 8 - iter 108/125 - loss 3.99845929 - samples/sec: 30.86 - lr: 0.100000
2021-03-17 19:27:48,050 epoch 8 - iter 120/125 - loss 4.01336774 - samples/sec: 32.66 - lr: 0.100000
2021-03-17 19:27:49,179 ----------------------------------------------------------------------------------------------------
2021-03-17 19:27:49,180 EPOCH 8 done: loss 3.9717 - lr 0.1000000
2021-03-17 19:27:50,236 DEV : loss 3.6577093601226807 - score 0.9453
2021-03-17 19:27:50,250 BAD EPOCHS (no improvement): 1
2021-03-17 19:27:50,251 ----------------------------------------------------------------------------------------------------
2021-03-17 19:27:50,252 Testing using best model ...
2021-03-17 19:28:48,958 	0.9507
2021-03-17 19:28:48,959 
Results:
- F-score (micro): 0.9507
- F-score (macro): 0.2973
- Accuracy (incl. no class): 0.9507

By class:
              precision    recall  f1-score   support

           O     0.9840    0.9773    0.9807      6923
        AREA     0.2997    0.7163    0.4226       141
       POINT     0.2857    0.0488    0.0833        82
        LINE     1.0000    0.0000    0.0000        16
      VOLUME     1.0000    0.0000    0.0000        65

    accuracy                         0.9507      7227
   macro avg     0.7139    0.3485    0.2973      7227
weighted avg     0.9629    0.9507    0.9486      7227

2021-03-17 19:28:48,959 ----------------------------------------------------------------------------------------------------
