2021-03-15 19:30:41,972 ----------------------------------------------------------------------------------------------------
2021-03-15 19:30:41,973 Model: "SequenceTagger(
  (embeddings): StackedEmbeddings(
    (list_embedding_0): WordEmbeddings('glove')
    (list_embedding_1): FlairEmbeddings(
      (lm): LanguageModel(
        (drop): Dropout(p=0.25, inplace=False)
        (encoder): Embedding(275, 100)
        (rnn): LSTM(100, 1024)
        (decoder): Linear(in_features=1024, out_features=275, bias=True)
      )
    )
    (list_embedding_2): FlairEmbeddings(
      (lm): LanguageModel(
        (drop): Dropout(p=0.25, inplace=False)
        (encoder): Embedding(275, 100)
        (rnn): LSTM(100, 1024)
        (decoder): Linear(in_features=1024, out_features=275, bias=True)
      )
    )
  )
  (word_dropout): WordDropout(p=0.05)
  (locked_dropout): LockedDropout(p=0.5)
  (embedding2nn): Linear(in_features=2148, out_features=2148, bias=True)
  (rnn): LSTM(2148, 128, num_layers=2, batch_first=True, dropout=0.5, bidirectional=True)
  (linear): Linear(in_features=256, out_features=12, bias=True)
  (beta): 1.0
  (weights): None
  (weight_tensor) None
)"
2021-03-15 19:30:41,974 ----------------------------------------------------------------------------------------------------
2021-03-15 19:30:41,975 Corpus: "Corpus: 1000 train + 111 dev + 289 test sentences"
2021-03-15 19:30:41,975 ----------------------------------------------------------------------------------------------------
2021-03-15 19:30:41,976 Parameters:
2021-03-15 19:30:41,977  - learning_rate: "0.1"
2021-03-15 19:30:41,977  - mini_batch_size: "8"
2021-03-15 19:30:41,978  - patience: "3"
2021-03-15 19:30:41,978  - anneal_factor: "0.5"
2021-03-15 19:30:41,979  - max_epochs: "15"
2021-03-15 19:30:41,980  - shuffle: "True"
2021-03-15 19:30:41,981  - train_with_dev: "False"
2021-03-15 19:30:41,982  - batch_growth_annealing: "False"
2021-03-15 19:30:41,982 ----------------------------------------------------------------------------------------------------
2021-03-15 19:30:41,983 Model training base path: "resources_param_selector/results_flair"
2021-03-15 19:30:41,983 ----------------------------------------------------------------------------------------------------
2021-03-15 19:30:41,984 Device: cpu
2021-03-15 19:30:41,985 ----------------------------------------------------------------------------------------------------
2021-03-15 19:30:41,986 Embeddings storage mode: cpu
2021-03-15 19:30:41,987 ----------------------------------------------------------------------------------------------------
2021-03-15 19:30:45,152 epoch 1 - iter 12/125 - loss 41.44386323 - samples/sec: 30.35 - lr: 0.100000
2021-03-15 19:30:48,250 epoch 1 - iter 24/125 - loss 36.85615722 - samples/sec: 31.00 - lr: 0.100000
2021-03-15 19:30:51,366 epoch 1 - iter 36/125 - loss 33.59123633 - samples/sec: 30.82 - lr: 0.100000
2021-03-15 19:30:54,674 epoch 1 - iter 48/125 - loss 31.08014693 - samples/sec: 29.03 - lr: 0.100000
2021-03-15 19:30:58,141 epoch 1 - iter 60/125 - loss 29.65192765 - samples/sec: 27.70 - lr: 0.100000
2021-03-15 19:31:00,990 epoch 1 - iter 72/125 - loss 28.76614323 - samples/sec: 33.71 - lr: 0.100000
2021-03-15 19:31:03,713 epoch 1 - iter 84/125 - loss 27.35594904 - samples/sec: 35.27 - lr: 0.100000
2021-03-15 19:31:06,716 epoch 1 - iter 96/125 - loss 26.34160319 - samples/sec: 31.98 - lr: 0.100000
2021-03-15 19:31:09,470 epoch 1 - iter 108/125 - loss 25.60066990 - samples/sec: 34.88 - lr: 0.100000
2021-03-15 19:31:12,573 epoch 1 - iter 120/125 - loss 24.87190496 - samples/sec: 30.95 - lr: 0.100000
2021-03-15 19:31:13,843 ----------------------------------------------------------------------------------------------------
2021-03-15 19:31:13,844 EPOCH 1 done: loss 24.5787 - lr 0.1000000
2021-03-15 19:31:14,994 DEV : loss 16.953096389770508 - score 0.7775
2021-03-15 19:31:15,008 BAD EPOCHS (no improvement): 0
2021-03-15 19:31:15,009 ----------------------------------------------------------------------------------------------------
2021-03-15 19:31:18,012 epoch 2 - iter 12/125 - loss 18.87905296 - samples/sec: 31.99 - lr: 0.100000
2021-03-15 19:31:20,925 epoch 2 - iter 24/125 - loss 17.26049479 - samples/sec: 32.96 - lr: 0.100000
2021-03-15 19:31:23,792 epoch 2 - iter 36/125 - loss 17.07527849 - samples/sec: 33.50 - lr: 0.100000
2021-03-15 19:31:27,525 epoch 2 - iter 48/125 - loss 17.15598120 - samples/sec: 25.73 - lr: 0.100000
2021-03-15 19:31:30,944 epoch 2 - iter 60/125 - loss 17.13903284 - samples/sec: 28.09 - lr: 0.100000
2021-03-15 19:31:34,250 epoch 2 - iter 72/125 - loss 16.69226174 - samples/sec: 29.04 - lr: 0.100000
2021-03-15 19:31:37,477 epoch 2 - iter 84/125 - loss 16.18695740 - samples/sec: 29.76 - lr: 0.100000
2021-03-15 19:31:40,369 epoch 2 - iter 96/125 - loss 15.87511036 - samples/sec: 33.21 - lr: 0.100000
2021-03-15 19:31:43,542 epoch 2 - iter 108/125 - loss 15.55484554 - samples/sec: 30.27 - lr: 0.100000
2021-03-15 19:31:46,316 epoch 2 - iter 120/125 - loss 15.31350743 - samples/sec: 34.63 - lr: 0.100000
2021-03-15 19:31:47,425 ----------------------------------------------------------------------------------------------------
2021-03-15 19:31:47,427 EPOCH 2 done: loss 15.2099 - lr 0.1000000
2021-03-15 19:31:48,442 DEV : loss 13.798781394958496 - score 0.8156
2021-03-15 19:31:48,457 BAD EPOCHS (no improvement): 0
2021-03-15 19:31:48,458 ----------------------------------------------------------------------------------------------------
2021-03-15 19:31:51,725 epoch 3 - iter 12/125 - loss 13.83720271 - samples/sec: 29.40 - lr: 0.100000
2021-03-15 19:31:54,303 epoch 3 - iter 24/125 - loss 13.37217140 - samples/sec: 37.26 - lr: 0.100000
2021-03-15 19:31:57,018 epoch 3 - iter 36/125 - loss 13.30401892 - samples/sec: 35.38 - lr: 0.100000
2021-03-15 19:31:59,781 epoch 3 - iter 48/125 - loss 12.95848894 - samples/sec: 34.77 - lr: 0.100000
2021-03-15 19:32:02,952 epoch 3 - iter 60/125 - loss 12.77724104 - samples/sec: 30.28 - lr: 0.100000
2021-03-15 19:32:05,923 epoch 3 - iter 72/125 - loss 13.03149242 - samples/sec: 32.33 - lr: 0.100000
2021-03-15 19:32:09,140 epoch 3 - iter 84/125 - loss 13.26257411 - samples/sec: 29.85 - lr: 0.100000
2021-03-15 19:32:12,586 epoch 3 - iter 96/125 - loss 13.01766358 - samples/sec: 27.87 - lr: 0.100000
2021-03-15 19:32:15,404 epoch 3 - iter 108/125 - loss 12.89930305 - samples/sec: 34.08 - lr: 0.100000
2021-03-15 19:32:18,250 epoch 3 - iter 120/125 - loss 12.76311267 - samples/sec: 33.74 - lr: 0.100000
2021-03-15 19:32:20,034 ----------------------------------------------------------------------------------------------------
2021-03-15 19:32:20,035 EPOCH 3 done: loss 12.6959 - lr 0.1000000
2021-03-15 19:32:21,575 DEV : loss 10.716291427612305 - score 0.8435
2021-03-15 19:32:21,591 BAD EPOCHS (no improvement): 0
2021-03-15 19:32:21,592 ----------------------------------------------------------------------------------------------------
2021-03-15 19:32:24,649 epoch 4 - iter 12/125 - loss 11.90595770 - samples/sec: 31.42 - lr: 0.100000
2021-03-15 19:32:27,516 epoch 4 - iter 24/125 - loss 10.60444733 - samples/sec: 33.51 - lr: 0.100000
2021-03-15 19:32:30,440 epoch 4 - iter 36/125 - loss 10.59779625 - samples/sec: 32.84 - lr: 0.100000
2021-03-15 19:32:33,431 epoch 4 - iter 48/125 - loss 10.79445804 - samples/sec: 32.12 - lr: 0.100000
2021-03-15 19:32:36,264 epoch 4 - iter 60/125 - loss 10.81981596 - samples/sec: 33.90 - lr: 0.100000
2021-03-15 19:32:39,137 epoch 4 - iter 72/125 - loss 11.12367352 - samples/sec: 33.43 - lr: 0.100000
2021-03-15 19:32:42,185 epoch 4 - iter 84/125 - loss 11.21941136 - samples/sec: 31.51 - lr: 0.100000
2021-03-15 19:32:45,745 epoch 4 - iter 96/125 - loss 11.40098733 - samples/sec: 26.97 - lr: 0.100000
2021-03-15 19:32:49,125 epoch 4 - iter 108/125 - loss 11.58054800 - samples/sec: 28.42 - lr: 0.100000
2021-03-15 19:32:52,465 epoch 4 - iter 120/125 - loss 11.47678220 - samples/sec: 28.76 - lr: 0.100000
2021-03-15 19:32:53,566 ----------------------------------------------------------------------------------------------------
2021-03-15 19:32:53,567 EPOCH 4 done: loss 11.4191 - lr 0.1000000
2021-03-15 19:32:54,572 DEV : loss 9.396188735961914 - score 0.8556
2021-03-15 19:32:54,586 BAD EPOCHS (no improvement): 0
2021-03-15 19:32:54,587 ----------------------------------------------------------------------------------------------------
2021-03-15 19:32:58,438 epoch 5 - iter 12/125 - loss 11.63834238 - samples/sec: 24.94 - lr: 0.100000
2021-03-15 19:33:01,482 epoch 5 - iter 24/125 - loss 10.95438311 - samples/sec: 31.55 - lr: 0.100000
2021-03-15 19:33:04,167 epoch 5 - iter 36/125 - loss 11.12851425 - samples/sec: 35.77 - lr: 0.100000
2021-03-15 19:33:07,132 epoch 5 - iter 48/125 - loss 10.93158682 - samples/sec: 32.39 - lr: 0.100000
2021-03-15 19:33:10,015 epoch 5 - iter 60/125 - loss 10.69348869 - samples/sec: 33.32 - lr: 0.100000
2021-03-15 19:33:12,747 epoch 5 - iter 72/125 - loss 10.57853427 - samples/sec: 35.16 - lr: 0.100000
2021-03-15 19:33:15,754 epoch 5 - iter 84/125 - loss 10.60661267 - samples/sec: 31.94 - lr: 0.100000
2021-03-15 19:33:18,689 epoch 5 - iter 96/125 - loss 10.69830626 - samples/sec: 32.72 - lr: 0.100000
2021-03-15 19:33:21,618 epoch 5 - iter 108/125 - loss 10.62421751 - samples/sec: 32.79 - lr: 0.100000
2021-03-15 19:33:24,656 epoch 5 - iter 120/125 - loss 10.61496952 - samples/sec: 31.62 - lr: 0.100000
2021-03-15 19:33:25,940 ----------------------------------------------------------------------------------------------------
2021-03-15 19:33:25,940 EPOCH 5 done: loss 10.5932 - lr 0.1000000
2021-03-15 19:33:26,938 DEV : loss 9.240663528442383 - score 0.8625
2021-03-15 19:33:26,952 BAD EPOCHS (no improvement): 0
2021-03-15 19:33:26,953 ----------------------------------------------------------------------------------------------------
2021-03-15 19:33:29,985 epoch 6 - iter 12/125 - loss 9.64015738 - samples/sec: 31.67 - lr: 0.100000
2021-03-15 19:33:33,225 epoch 6 - iter 24/125 - loss 9.58885189 - samples/sec: 29.64 - lr: 0.100000
2021-03-15 19:33:36,178 epoch 6 - iter 36/125 - loss 9.75287222 - samples/sec: 32.52 - lr: 0.100000
2021-03-15 19:33:39,267 epoch 6 - iter 48/125 - loss 10.04857466 - samples/sec: 31.09 - lr: 0.100000
2021-03-15 19:33:42,329 epoch 6 - iter 60/125 - loss 10.03571203 - samples/sec: 31.36 - lr: 0.100000
2021-03-15 19:33:45,258 epoch 6 - iter 72/125 - loss 9.65585818 - samples/sec: 32.78 - lr: 0.100000
2021-03-15 19:33:48,235 epoch 6 - iter 84/125 - loss 9.86978598 - samples/sec: 32.27 - lr: 0.100000
2021-03-15 19:33:51,464 epoch 6 - iter 96/125 - loss 9.82130200 - samples/sec: 29.74 - lr: 0.100000
2021-03-15 19:33:54,561 epoch 6 - iter 108/125 - loss 9.84482188 - samples/sec: 31.02 - lr: 0.100000
2021-03-15 19:33:57,664 epoch 6 - iter 120/125 - loss 9.90115734 - samples/sec: 30.95 - lr: 0.100000
2021-03-15 19:33:58,821 ----------------------------------------------------------------------------------------------------
2021-03-15 19:33:58,822 EPOCH 6 done: loss 9.9395 - lr 0.1000000
2021-03-15 19:34:00,097 DEV : loss 8.540213584899902 - score 0.868
2021-03-15 19:34:00,112 BAD EPOCHS (no improvement): 0
2021-03-15 19:34:00,113 ----------------------------------------------------------------------------------------------------
2021-03-15 19:34:02,993 epoch 7 - iter 12/125 - loss 9.18052049 - samples/sec: 33.35 - lr: 0.100000
2021-03-15 19:34:06,405 epoch 7 - iter 24/125 - loss 9.16196384 - samples/sec: 28.15 - lr: 0.100000
2021-03-15 19:34:09,298 epoch 7 - iter 36/125 - loss 9.54582944 - samples/sec: 33.19 - lr: 0.100000
2021-03-15 19:34:12,417 epoch 7 - iter 48/125 - loss 9.89557767 - samples/sec: 30.79 - lr: 0.100000
2021-03-15 19:34:15,166 epoch 7 - iter 60/125 - loss 9.91408850 - samples/sec: 34.95 - lr: 0.100000
2021-03-15 19:34:18,165 epoch 7 - iter 72/125 - loss 9.84401473 - samples/sec: 32.02 - lr: 0.100000
2021-03-15 19:34:21,448 epoch 7 - iter 84/125 - loss 9.77926489 - samples/sec: 29.25 - lr: 0.100000
2021-03-15 19:34:24,336 epoch 7 - iter 96/125 - loss 9.66715573 - samples/sec: 33.26 - lr: 0.100000
2021-03-15 19:34:28,185 epoch 7 - iter 108/125 - loss 9.68051725 - samples/sec: 24.95 - lr: 0.100000
2021-03-15 19:34:30,900 epoch 7 - iter 120/125 - loss 9.49697424 - samples/sec: 35.38 - lr: 0.100000
2021-03-15 19:34:32,224 ----------------------------------------------------------------------------------------------------
2021-03-15 19:34:32,225 EPOCH 7 done: loss 9.4859 - lr 0.1000000
2021-03-15 19:34:33,519 DEV : loss 7.990284442901611 - score 0.8834
2021-03-15 19:34:33,534 BAD EPOCHS (no improvement): 0
2021-03-15 19:34:33,535 ----------------------------------------------------------------------------------------------------
2021-03-15 19:34:36,616 epoch 8 - iter 12/125 - loss 10.02240078 - samples/sec: 31.17 - lr: 0.100000
2021-03-15 19:34:40,497 epoch 8 - iter 24/125 - loss 10.07752979 - samples/sec: 24.75 - lr: 0.100000
2021-03-15 19:34:43,586 epoch 8 - iter 36/125 - loss 10.17172490 - samples/sec: 31.09 - lr: 0.100000
2021-03-15 19:34:46,478 epoch 8 - iter 48/125 - loss 9.59377114 - samples/sec: 33.21 - lr: 0.100000
2021-03-15 19:34:49,354 epoch 8 - iter 60/125 - loss 9.59475415 - samples/sec: 33.39 - lr: 0.100000
2021-03-15 19:34:52,496 epoch 8 - iter 72/125 - loss 9.74872834 - samples/sec: 30.57 - lr: 0.100000
2021-03-15 19:34:55,290 epoch 8 - iter 84/125 - loss 9.69076460 - samples/sec: 34.37 - lr: 0.100000
2021-03-15 19:34:58,218 epoch 8 - iter 96/125 - loss 9.52430054 - samples/sec: 32.80 - lr: 0.100000
2021-03-15 19:35:01,324 epoch 8 - iter 108/125 - loss 9.40802800 - samples/sec: 30.93 - lr: 0.100000
2021-03-15 19:35:04,098 epoch 8 - iter 120/125 - loss 9.30155270 - samples/sec: 34.63 - lr: 0.100000
2021-03-15 19:35:05,462 ----------------------------------------------------------------------------------------------------
2021-03-15 19:35:05,463 EPOCH 8 done: loss 9.2883 - lr 0.1000000
2021-03-15 19:35:06,479 DEV : loss 8.376917839050293 - score 0.8688
2021-03-15 19:35:06,497 BAD EPOCHS (no improvement): 1
2021-03-15 19:35:06,498 ----------------------------------------------------------------------------------------------------
2021-03-15 19:35:10,140 epoch 9 - iter 12/125 - loss 9.36783640 - samples/sec: 26.38 - lr: 0.100000
2021-03-15 19:35:13,180 epoch 9 - iter 24/125 - loss 8.51096389 - samples/sec: 31.59 - lr: 0.100000
2021-03-15 19:35:16,099 epoch 9 - iter 36/125 - loss 8.37895350 - samples/sec: 32.90 - lr: 0.100000
2021-03-15 19:35:18,964 epoch 9 - iter 48/125 - loss 8.57817393 - samples/sec: 33.53 - lr: 0.100000
2021-03-15 19:35:22,073 epoch 9 - iter 60/125 - loss 8.58396662 - samples/sec: 30.88 - lr: 0.100000
2021-03-15 19:35:25,372 epoch 9 - iter 72/125 - loss 8.44075995 - samples/sec: 29.11 - lr: 0.100000
2021-03-15 19:35:28,357 epoch 9 - iter 84/125 - loss 8.52995957 - samples/sec: 32.18 - lr: 0.100000
2021-03-15 19:35:31,698 epoch 9 - iter 96/125 - loss 8.65341183 - samples/sec: 28.75 - lr: 0.100000
2021-03-15 19:35:34,565 epoch 9 - iter 108/125 - loss 8.73648266 - samples/sec: 33.50 - lr: 0.100000
2021-03-15 19:35:37,820 epoch 9 - iter 120/125 - loss 8.70401042 - samples/sec: 29.51 - lr: 0.100000
2021-03-15 19:35:39,029 ----------------------------------------------------------------------------------------------------
2021-03-15 19:35:39,030 EPOCH 9 done: loss 8.7120 - lr 0.1000000
2021-03-15 19:35:40,017 DEV : loss 8.064788818359375 - score 0.8765
2021-03-15 19:35:40,031 BAD EPOCHS (no improvement): 2
2021-03-15 19:35:40,032 ----------------------------------------------------------------------------------------------------
2021-03-15 19:35:43,192 epoch 10 - iter 12/125 - loss 9.55164603 - samples/sec: 30.39 - lr: 0.100000
2021-03-15 19:35:46,471 epoch 10 - iter 24/125 - loss 9.05057506 - samples/sec: 29.29 - lr: 0.100000
2021-03-15 19:35:49,351 epoch 10 - iter 36/125 - loss 8.84742170 - samples/sec: 33.36 - lr: 0.100000
2021-03-15 19:35:52,795 epoch 10 - iter 48/125 - loss 8.70113729 - samples/sec: 27.89 - lr: 0.100000
2021-03-15 19:35:55,847 epoch 10 - iter 60/125 - loss 8.55651524 - samples/sec: 31.46 - lr: 0.100000
2021-03-15 19:35:59,055 epoch 10 - iter 72/125 - loss 8.63896957 - samples/sec: 29.93 - lr: 0.100000
2021-03-15 19:36:01,973 epoch 10 - iter 84/125 - loss 8.55505413 - samples/sec: 32.92 - lr: 0.100000
2021-03-15 19:36:05,165 epoch 10 - iter 96/125 - loss 8.66813811 - samples/sec: 30.08 - lr: 0.100000
2021-03-15 19:36:08,023 epoch 10 - iter 108/125 - loss 8.62598480 - samples/sec: 33.62 - lr: 0.100000
2021-03-15 19:36:11,384 epoch 10 - iter 120/125 - loss 8.58592192 - samples/sec: 28.57 - lr: 0.100000
2021-03-15 19:36:12,790 ----------------------------------------------------------------------------------------------------
2021-03-15 19:36:12,791 EPOCH 10 done: loss 8.5651 - lr 0.1000000
2021-03-15 19:36:13,786 DEV : loss 7.9481611251831055 - score 0.8776
2021-03-15 19:36:13,800 BAD EPOCHS (no improvement): 3
2021-03-15 19:36:13,801 ----------------------------------------------------------------------------------------------------
2021-03-15 19:36:17,021 epoch 11 - iter 12/125 - loss 8.59906709 - samples/sec: 29.84 - lr: 0.100000
2021-03-15 19:36:20,258 epoch 11 - iter 24/125 - loss 8.61820322 - samples/sec: 29.67 - lr: 0.100000
2021-03-15 19:36:23,422 epoch 11 - iter 36/125 - loss 8.24251025 - samples/sec: 30.36 - lr: 0.100000
2021-03-15 19:36:26,727 epoch 11 - iter 48/125 - loss 8.24658404 - samples/sec: 29.06 - lr: 0.100000
2021-03-15 19:36:29,818 epoch 11 - iter 60/125 - loss 8.30860914 - samples/sec: 31.07 - lr: 0.100000
2021-03-15 19:36:33,073 epoch 11 - iter 72/125 - loss 8.34692301 - samples/sec: 29.51 - lr: 0.100000
2021-03-15 19:36:36,021 epoch 11 - iter 84/125 - loss 8.27716290 - samples/sec: 32.58 - lr: 0.100000
2021-03-15 19:36:39,361 epoch 11 - iter 96/125 - loss 8.30588581 - samples/sec: 28.76 - lr: 0.100000
2021-03-15 19:36:42,346 epoch 11 - iter 108/125 - loss 8.25566102 - samples/sec: 32.17 - lr: 0.100000
2021-03-15 19:36:45,480 epoch 11 - iter 120/125 - loss 8.35970679 - samples/sec: 30.65 - lr: 0.100000
2021-03-15 19:36:46,796 ----------------------------------------------------------------------------------------------------
2021-03-15 19:36:46,797 EPOCH 11 done: loss 8.4076 - lr 0.1000000
2021-03-15 19:36:47,799 DEV : loss 7.5441107749938965 - score 0.8886
2021-03-15 19:36:47,813 BAD EPOCHS (no improvement): 0
2021-03-15 19:36:47,814 ----------------------------------------------------------------------------------------------------
2021-03-15 19:36:51,105 epoch 12 - iter 12/125 - loss 7.61513031 - samples/sec: 29.19 - lr: 0.100000
2021-03-15 19:36:54,301 epoch 12 - iter 24/125 - loss 8.20454039 - samples/sec: 30.05 - lr: 0.100000
2021-03-15 19:36:57,383 epoch 12 - iter 36/125 - loss 8.04181883 - samples/sec: 31.16 - lr: 0.100000
2021-03-15 19:37:00,456 epoch 12 - iter 48/125 - loss 7.92181484 - samples/sec: 31.26 - lr: 0.100000
2021-03-15 19:37:03,320 epoch 12 - iter 60/125 - loss 8.07396351 - samples/sec: 33.53 - lr: 0.100000
2021-03-15 19:37:06,558 epoch 12 - iter 72/125 - loss 8.00201668 - samples/sec: 29.65 - lr: 0.100000
2021-03-15 19:37:09,787 epoch 12 - iter 84/125 - loss 8.03850729 - samples/sec: 29.74 - lr: 0.100000
2021-03-15 19:37:12,733 epoch 12 - iter 96/125 - loss 8.01445141 - samples/sec: 32.60 - lr: 0.100000
2021-03-15 19:37:15,892 epoch 12 - iter 108/125 - loss 8.16746984 - samples/sec: 30.41 - lr: 0.100000
2021-03-15 19:37:18,864 epoch 12 - iter 120/125 - loss 8.09851742 - samples/sec: 32.31 - lr: 0.100000
2021-03-15 19:37:20,145 ----------------------------------------------------------------------------------------------------
2021-03-15 19:37:20,146 EPOCH 12 done: loss 8.0718 - lr 0.1000000
2021-03-15 19:37:21,150 DEV : loss 7.6738600730896 - score 0.8809
2021-03-15 19:37:21,164 BAD EPOCHS (no improvement): 1
2021-03-15 19:37:21,165 ----------------------------------------------------------------------------------------------------
2021-03-15 19:37:23,976 epoch 13 - iter 12/125 - loss 8.15629693 - samples/sec: 34.17 - lr: 0.100000
2021-03-15 19:37:26,864 epoch 13 - iter 24/125 - loss 8.00432289 - samples/sec: 33.26 - lr: 0.100000
2021-03-15 19:37:29,998 epoch 13 - iter 36/125 - loss 8.21638383 - samples/sec: 30.64 - lr: 0.100000
2021-03-15 19:37:33,187 epoch 13 - iter 48/125 - loss 8.28775493 - samples/sec: 30.12 - lr: 0.100000
2021-03-15 19:37:36,332 epoch 13 - iter 60/125 - loss 8.24999759 - samples/sec: 30.54 - lr: 0.100000
2021-03-15 19:37:39,684 epoch 13 - iter 72/125 - loss 8.32817754 - samples/sec: 28.65 - lr: 0.100000
2021-03-15 19:37:42,860 epoch 13 - iter 84/125 - loss 8.17168194 - samples/sec: 30.25 - lr: 0.100000
2021-03-15 19:37:45,791 epoch 13 - iter 96/125 - loss 7.96147295 - samples/sec: 32.77 - lr: 0.100000
2021-03-15 19:37:48,690 epoch 13 - iter 108/125 - loss 7.93923113 - samples/sec: 33.13 - lr: 0.100000
2021-03-15 19:37:51,568 epoch 13 - iter 120/125 - loss 7.97834642 - samples/sec: 33.37 - lr: 0.100000
2021-03-15 19:37:52,765 ----------------------------------------------------------------------------------------------------
2021-03-15 19:37:52,766 EPOCH 13 done: loss 8.0052 - lr 0.1000000
2021-03-15 19:37:54,025 DEV : loss 7.481936454772949 - score 0.8878
2021-03-15 19:37:54,039 BAD EPOCHS (no improvement): 2
2021-03-15 19:37:54,040 ----------------------------------------------------------------------------------------------------
2021-03-15 19:37:57,081 epoch 14 - iter 12/125 - loss 7.65899638 - samples/sec: 31.58 - lr: 0.100000
2021-03-15 19:38:00,164 epoch 14 - iter 24/125 - loss 8.08373729 - samples/sec: 31.15 - lr: 0.100000
2021-03-15 19:38:02,873 epoch 14 - iter 36/125 - loss 8.10527423 - samples/sec: 35.46 - lr: 0.100000
2021-03-15 19:38:05,710 epoch 14 - iter 48/125 - loss 8.02055938 - samples/sec: 33.85 - lr: 0.100000
2021-03-15 19:38:09,132 epoch 14 - iter 60/125 - loss 7.97195524 - samples/sec: 28.06 - lr: 0.100000
2021-03-15 19:38:12,359 epoch 14 - iter 72/125 - loss 7.96959539 - samples/sec: 29.76 - lr: 0.100000
2021-03-15 19:38:15,607 epoch 14 - iter 84/125 - loss 8.02740405 - samples/sec: 29.57 - lr: 0.100000
2021-03-15 19:38:18,910 epoch 14 - iter 96/125 - loss 7.97429599 - samples/sec: 29.07 - lr: 0.100000
2021-03-15 19:38:21,951 epoch 14 - iter 108/125 - loss 7.89947758 - samples/sec: 31.60 - lr: 0.100000
2021-03-15 19:38:24,909 epoch 14 - iter 120/125 - loss 7.80887760 - samples/sec: 32.47 - lr: 0.100000
2021-03-15 19:38:26,250 ----------------------------------------------------------------------------------------------------
2021-03-15 19:38:26,250 EPOCH 14 done: loss 7.7258 - lr 0.1000000
2021-03-15 19:38:27,269 DEV : loss 7.333609104156494 - score 0.8871
2021-03-15 19:38:27,282 BAD EPOCHS (no improvement): 3
2021-03-15 19:38:27,284 ----------------------------------------------------------------------------------------------------
2021-03-15 19:38:30,934 epoch 15 - iter 12/125 - loss 8.21912531 - samples/sec: 26.31 - lr: 0.100000
2021-03-15 19:38:33,969 epoch 15 - iter 24/125 - loss 7.85094535 - samples/sec: 31.64 - lr: 0.100000
2021-03-15 19:38:36,960 epoch 15 - iter 36/125 - loss 7.78544647 - samples/sec: 32.11 - lr: 0.100000
2021-03-15 19:38:40,281 epoch 15 - iter 48/125 - loss 7.79328723 - samples/sec: 28.92 - lr: 0.100000
2021-03-15 19:38:43,378 epoch 15 - iter 60/125 - loss 7.79777877 - samples/sec: 31.01 - lr: 0.100000
2021-03-15 19:38:46,158 epoch 15 - iter 72/125 - loss 7.62844352 - samples/sec: 34.55 - lr: 0.100000
2021-03-15 19:38:49,439 epoch 15 - iter 84/125 - loss 7.52721048 - samples/sec: 29.27 - lr: 0.100000
2021-03-15 19:38:52,535 epoch 15 - iter 96/125 - loss 7.53849306 - samples/sec: 31.02 - lr: 0.100000
2021-03-15 19:38:55,682 epoch 15 - iter 108/125 - loss 7.49517768 - samples/sec: 30.52 - lr: 0.100000
2021-03-15 19:38:58,691 epoch 15 - iter 120/125 - loss 7.59030060 - samples/sec: 31.92 - lr: 0.100000
2021-03-15 19:38:59,886 ----------------------------------------------------------------------------------------------------
2021-03-15 19:38:59,888 EPOCH 15 done: loss 7.5544 - lr 0.1000000
2021-03-15 19:39:00,898 DEV : loss 7.331236362457275 - score 0.8878
2021-03-15 19:39:00,914 BAD EPOCHS (no improvement): 4
2021-03-15 19:39:00,915 ----------------------------------------------------------------------------------------------------
2021-03-15 19:39:00,916 Testing using best model ...
2021-03-15 19:39:50,819 	0.9101
2021-03-15 19:39:50,820 
Results:
- F-score (micro): 0.9101
- F-score (macro): 0.7654
- Accuracy (incl. no class): 0.9101

By class:
                 precision    recall  f1-score   support

              O     0.9499    0.9543    0.9521      5561
           PATH     0.8000    0.6076    0.6906       158
          PLACE     0.6962    0.8931    0.7824       449
NONMOTION_EVENT     0.6875    0.4783    0.5641        69
        MEASURE     0.7671    0.7671    0.7671        73
 SPATIAL_SIGNAL     0.7340    0.7340    0.7340       188
 SPATIAL_ENTITY     0.8938    0.7190    0.7969       363
         MOTION     0.8497    0.8119    0.8304       202
  MOTION_SIGNAL     0.8067    0.7378    0.7707       164

       accuracy                         0.9101      7227
      macro avg     0.7983    0.7448    0.7654      7227
   weighted avg     0.9120    0.9101    0.9093      7227

2021-03-15 19:39:50,821 ----------------------------------------------------------------------------------------------------
