2021-03-16 14:16:02,680 ----------------------------------------------------------------------------------------------------
2021-03-16 14:16:02,681 Model: "SequenceTagger(
  (embeddings): StackedEmbeddings(
    (list_embedding_0): WordEmbeddings('glove')
    (list_embedding_1): FlairEmbeddings(
      (lm): LanguageModel(
        (drop): Dropout(p=0.25, inplace=False)
        (encoder): Embedding(275, 100)
        (rnn): LSTM(100, 1024)
        (decoder): Linear(in_features=1024, out_features=275, bias=True)
      )
    )
    (list_embedding_2): FlairEmbeddings(
      (lm): LanguageModel(
        (drop): Dropout(p=0.25, inplace=False)
        (encoder): Embedding(275, 100)
        (rnn): LSTM(100, 1024)
        (decoder): Linear(in_features=1024, out_features=275, bias=True)
      )
    )
  )
  (word_dropout): WordDropout(p=0.05)
  (locked_dropout): LockedDropout(p=0.5)
  (embedding2nn): Linear(in_features=2148, out_features=2148, bias=True)
  (rnn): LSTM(2148, 128, batch_first=True, bidirectional=True)
  (linear): Linear(in_features=256, out_features=6, bias=True)
  (beta): 1.0
  (weights): None
  (weight_tensor) None
)"
2021-03-16 14:16:02,681 ----------------------------------------------------------------------------------------------------
2021-03-16 14:16:02,682 Corpus: "Corpus: 1000 train + 111 dev + 289 test sentences"
2021-03-16 14:16:02,683 ----------------------------------------------------------------------------------------------------
2021-03-16 14:16:02,683 Parameters:
2021-03-16 14:16:02,684  - learning_rate: "0.1"
2021-03-16 14:16:02,684  - mini_batch_size: "32"
2021-03-16 14:16:02,686  - patience: "3"
2021-03-16 14:16:02,687  - anneal_factor: "0.5"
2021-03-16 14:16:02,687  - max_epochs: "8"
2021-03-16 14:16:02,688  - shuffle: "True"
2021-03-16 14:16:02,689  - train_with_dev: "False"
2021-03-16 14:16:02,690  - batch_growth_annealing: "False"
2021-03-16 14:16:02,691 ----------------------------------------------------------------------------------------------------
2021-03-16 14:16:02,691 Model training base path: "resources_ilines/taggers/form"
2021-03-16 14:16:02,692 ----------------------------------------------------------------------------------------------------
2021-03-16 14:16:02,692 Device: cpu
2021-03-16 14:16:02,694 ----------------------------------------------------------------------------------------------------
2021-03-16 14:16:02,704 Embeddings storage mode: cpu
2021-03-16 14:16:02,706 ----------------------------------------------------------------------------------------------------
2021-03-16 14:16:28,226 epoch 1 - iter 3/32 - loss 52.37711080 - samples/sec: 3.76 - lr: 0.100000
2021-03-16 14:16:50,999 epoch 1 - iter 6/32 - loss 35.01619720 - samples/sec: 4.22 - lr: 0.100000
2021-03-16 14:17:08,618 epoch 1 - iter 9/32 - loss 27.81190946 - samples/sec: 5.45 - lr: 0.100000
2021-03-16 14:17:27,695 epoch 1 - iter 12/32 - loss 24.07376639 - samples/sec: 5.03 - lr: 0.100000
2021-03-16 14:17:44,393 epoch 1 - iter 15/32 - loss 21.26445071 - samples/sec: 5.75 - lr: 0.100000
2021-03-16 14:18:03,475 epoch 1 - iter 18/32 - loss 19.26112964 - samples/sec: 5.03 - lr: 0.100000
2021-03-16 14:18:23,941 epoch 1 - iter 21/32 - loss 17.70613870 - samples/sec: 4.69 - lr: 0.100000
2021-03-16 14:18:44,129 epoch 1 - iter 24/32 - loss 16.33621999 - samples/sec: 4.76 - lr: 0.100000
2021-03-16 14:19:03,173 epoch 1 - iter 27/32 - loss 15.15528469 - samples/sec: 5.04 - lr: 0.100000
2021-03-16 14:19:23,444 epoch 1 - iter 30/32 - loss 14.19918691 - samples/sec: 4.74 - lr: 0.100000
2021-03-16 14:19:35,482 ----------------------------------------------------------------------------------------------------
2021-03-16 14:19:35,483 EPOCH 1 done: loss 13.5607 - lr 0.1000000
2021-03-16 14:19:58,628 DEV : loss 3.1199166774749756 - score 0.9755
2021-03-16 14:19:58,652 BAD EPOCHS (no improvement): 0
2021-03-16 14:20:04,777 ----------------------------------------------------------------------------------------------------
2021-03-16 14:20:08,683 epoch 2 - iter 3/32 - loss 3.68168434 - samples/sec: 24.87 - lr: 0.100000
2021-03-16 14:20:11,929 epoch 2 - iter 6/32 - loss 4.67115617 - samples/sec: 29.58 - lr: 0.100000
2021-03-16 14:20:16,558 epoch 2 - iter 9/32 - loss 4.49337975 - samples/sec: 20.74 - lr: 0.100000
2021-03-16 14:20:20,244 epoch 2 - iter 12/32 - loss 4.36407365 - samples/sec: 26.05 - lr: 0.100000
2021-03-16 14:20:23,687 epoch 2 - iter 15/32 - loss 4.19488484 - samples/sec: 27.89 - lr: 0.100000
2021-03-16 14:20:26,850 epoch 2 - iter 18/32 - loss 4.06196962 - samples/sec: 30.36 - lr: 0.100000
2021-03-16 14:20:31,064 epoch 2 - iter 21/32 - loss 3.95373190 - samples/sec: 22.79 - lr: 0.100000
2021-03-16 14:20:34,456 epoch 2 - iter 24/32 - loss 3.86543062 - samples/sec: 28.31 - lr: 0.100000
2021-03-16 14:20:37,479 epoch 2 - iter 27/32 - loss 3.71551334 - samples/sec: 31.76 - lr: 0.100000
2021-03-16 14:20:40,705 epoch 2 - iter 30/32 - loss 3.55647067 - samples/sec: 29.77 - lr: 0.100000
2021-03-16 14:20:42,993 ----------------------------------------------------------------------------------------------------
2021-03-16 14:20:42,994 EPOCH 2 done: loss 3.5225 - lr 0.1000000
2021-03-16 14:20:44,499 DEV : loss 1.6437830924987793 - score 0.987
2021-03-16 14:20:44,525 BAD EPOCHS (no improvement): 0
2021-03-16 14:20:48,815 ----------------------------------------------------------------------------------------------------
2021-03-16 14:20:53,693 epoch 3 - iter 3/32 - loss 3.28555775 - samples/sec: 19.73 - lr: 0.100000
2021-03-16 14:20:57,083 epoch 3 - iter 6/32 - loss 3.22436742 - samples/sec: 28.33 - lr: 0.100000
2021-03-16 14:21:00,364 epoch 3 - iter 9/32 - loss 3.14793131 - samples/sec: 29.28 - lr: 0.100000
2021-03-16 14:21:03,571 epoch 3 - iter 12/32 - loss 2.98819943 - samples/sec: 29.94 - lr: 0.100000
2021-03-16 14:21:07,368 epoch 3 - iter 15/32 - loss 2.91837219 - samples/sec: 25.30 - lr: 0.100000
2021-03-16 14:21:10,678 epoch 3 - iter 18/32 - loss 2.85768343 - samples/sec: 29.01 - lr: 0.100000
2021-03-16 14:21:13,497 epoch 3 - iter 21/32 - loss 2.82460158 - samples/sec: 34.07 - lr: 0.100000
2021-03-16 14:21:16,698 epoch 3 - iter 24/32 - loss 2.69288345 - samples/sec: 30.00 - lr: 0.100000
2021-03-16 14:21:19,552 epoch 3 - iter 27/32 - loss 2.57258461 - samples/sec: 33.65 - lr: 0.100000
2021-03-16 14:21:22,749 epoch 3 - iter 30/32 - loss 2.49673753 - samples/sec: 30.03 - lr: 0.100000
2021-03-16 14:21:24,535 ----------------------------------------------------------------------------------------------------
2021-03-16 14:21:24,536 EPOCH 3 done: loss 2.4703 - lr 0.1000000
2021-03-16 14:21:26,701 DEV : loss 1.550348162651062 - score 0.987
2021-03-16 14:21:26,726 BAD EPOCHS (no improvement): 0
2021-03-16 14:21:30,050 ----------------------------------------------------------------------------------------------------
2021-03-16 14:21:33,046 epoch 4 - iter 3/32 - loss 1.67610188 - samples/sec: 32.27 - lr: 0.100000
2021-03-16 14:21:37,573 epoch 4 - iter 6/32 - loss 2.07970458 - samples/sec: 21.21 - lr: 0.100000
2021-03-16 14:21:41,689 epoch 4 - iter 9/32 - loss 1.98533307 - samples/sec: 23.33 - lr: 0.100000
2021-03-16 14:21:44,747 epoch 4 - iter 12/32 - loss 1.84029867 - samples/sec: 31.41 - lr: 0.100000
2021-03-16 14:21:48,459 epoch 4 - iter 15/32 - loss 1.90437883 - samples/sec: 25.87 - lr: 0.100000
2021-03-16 14:21:51,613 epoch 4 - iter 18/32 - loss 1.93784128 - samples/sec: 30.44 - lr: 0.100000
2021-03-16 14:21:55,712 epoch 4 - iter 21/32 - loss 1.94177532 - samples/sec: 23.43 - lr: 0.100000
2021-03-16 14:21:59,321 epoch 4 - iter 24/32 - loss 1.87245486 - samples/sec: 26.61 - lr: 0.100000
2021-03-16 14:22:02,630 epoch 4 - iter 27/32 - loss 1.88220070 - samples/sec: 29.02 - lr: 0.100000
2021-03-16 14:22:05,695 epoch 4 - iter 30/32 - loss 1.86042090 - samples/sec: 31.33 - lr: 0.100000
2021-03-16 14:22:07,119 ----------------------------------------------------------------------------------------------------
2021-03-16 14:22:07,120 EPOCH 4 done: loss 1.9027 - lr 0.1000000
2021-03-16 14:22:08,686 DEV : loss 1.1161222457885742 - score 0.9913
2021-03-16 14:22:08,709 BAD EPOCHS (no improvement): 0
2021-03-16 14:22:11,985 ----------------------------------------------------------------------------------------------------
2021-03-16 14:22:15,547 epoch 5 - iter 3/32 - loss 1.77091257 - samples/sec: 27.41 - lr: 0.100000
2021-03-16 14:22:19,457 epoch 5 - iter 6/32 - loss 1.73387361 - samples/sec: 24.57 - lr: 0.100000
2021-03-16 14:22:23,465 epoch 5 - iter 9/32 - loss 1.79790470 - samples/sec: 23.96 - lr: 0.100000
2021-03-16 14:22:26,587 epoch 5 - iter 12/32 - loss 1.73354087 - samples/sec: 30.76 - lr: 0.100000
2021-03-16 14:22:30,185 epoch 5 - iter 15/32 - loss 1.70689193 - samples/sec: 26.69 - lr: 0.100000
2021-03-16 14:22:33,140 epoch 5 - iter 18/32 - loss 1.72064718 - samples/sec: 32.50 - lr: 0.100000
2021-03-16 14:22:36,824 epoch 5 - iter 21/32 - loss 1.70365751 - samples/sec: 26.07 - lr: 0.100000
2021-03-16 14:22:41,516 epoch 5 - iter 24/32 - loss 1.68824295 - samples/sec: 20.47 - lr: 0.100000
2021-03-16 14:22:45,004 epoch 5 - iter 27/32 - loss 1.66779976 - samples/sec: 27.53 - lr: 0.100000
2021-03-16 14:22:47,997 epoch 5 - iter 30/32 - loss 1.64318097 - samples/sec: 32.08 - lr: 0.100000
2021-03-16 14:22:49,570 ----------------------------------------------------------------------------------------------------
2021-03-16 14:22:49,571 EPOCH 5 done: loss 1.6039 - lr 0.1000000
2021-03-16 14:22:51,100 DEV : loss 1.2009847164154053 - score 0.9907
2021-03-16 14:22:51,125 BAD EPOCHS (no improvement): 1
2021-03-16 14:22:51,128 ----------------------------------------------------------------------------------------------------
2021-03-16 14:22:54,464 epoch 6 - iter 3/32 - loss 0.70190430 - samples/sec: 28.79 - lr: 0.100000
2021-03-16 14:22:57,689 epoch 6 - iter 6/32 - loss 1.08945249 - samples/sec: 29.78 - lr: 0.100000
2021-03-16 14:23:00,770 epoch 6 - iter 9/32 - loss 1.10791273 - samples/sec: 31.17 - lr: 0.100000
2021-03-16 14:23:04,646 epoch 6 - iter 12/32 - loss 1.15975134 - samples/sec: 24.78 - lr: 0.100000
2021-03-16 14:23:07,777 epoch 6 - iter 15/32 - loss 1.15576172 - samples/sec: 30.67 - lr: 0.100000
2021-03-16 14:23:12,551 epoch 6 - iter 18/32 - loss 1.24279473 - samples/sec: 20.11 - lr: 0.100000
2021-03-16 14:23:15,880 epoch 6 - iter 21/32 - loss 1.24663294 - samples/sec: 28.84 - lr: 0.100000
2021-03-16 14:23:19,227 epoch 6 - iter 24/32 - loss 1.21546646 - samples/sec: 28.69 - lr: 0.100000
2021-03-16 14:23:22,797 epoch 6 - iter 27/32 - loss 1.21159169 - samples/sec: 26.90 - lr: 0.100000
2021-03-16 14:23:26,369 epoch 6 - iter 30/32 - loss 1.26587956 - samples/sec: 26.88 - lr: 0.100000
2021-03-16 14:23:27,565 ----------------------------------------------------------------------------------------------------
2021-03-16 14:23:27,565 EPOCH 6 done: loss 1.2310 - lr 0.1000000
2021-03-16 14:23:29,006 DEV : loss 1.1140204668045044 - score 0.9922
2021-03-16 14:23:29,029 BAD EPOCHS (no improvement): 0
2021-03-16 14:23:32,451 ----------------------------------------------------------------------------------------------------
2021-03-16 14:23:35,294 epoch 7 - iter 3/32 - loss 0.92367093 - samples/sec: 34.12 - lr: 0.100000
2021-03-16 14:23:38,390 epoch 7 - iter 6/32 - loss 0.96217134 - samples/sec: 31.02 - lr: 0.100000
2021-03-16 14:23:42,405 epoch 7 - iter 9/32 - loss 1.07646630 - samples/sec: 23.92 - lr: 0.100000
2021-03-16 14:23:45,949 epoch 7 - iter 12/32 - loss 1.05687287 - samples/sec: 27.10 - lr: 0.100000
2021-03-16 14:23:49,128 epoch 7 - iter 15/32 - loss 1.03036131 - samples/sec: 30.21 - lr: 0.100000
2021-03-16 14:23:52,396 epoch 7 - iter 18/32 - loss 1.02221788 - samples/sec: 29.39 - lr: 0.100000
2021-03-16 14:23:56,177 epoch 7 - iter 21/32 - loss 1.00114835 - samples/sec: 25.40 - lr: 0.100000
2021-03-16 14:23:59,454 epoch 7 - iter 24/32 - loss 1.04262957 - samples/sec: 29.30 - lr: 0.100000
2021-03-16 14:24:02,671 epoch 7 - iter 27/32 - loss 1.06379174 - samples/sec: 29.86 - lr: 0.100000
2021-03-16 14:24:06,875 epoch 7 - iter 30/32 - loss 1.04380182 - samples/sec: 22.84 - lr: 0.100000
2021-03-16 14:24:08,044 ----------------------------------------------------------------------------------------------------
2021-03-16 14:24:08,045 EPOCH 7 done: loss 1.0284 - lr 0.1000000
2021-03-16 14:24:09,477 DEV : loss 1.0464719533920288 - score 0.9924
2021-03-16 14:24:09,501 BAD EPOCHS (no improvement): 0
2021-03-16 14:24:12,599 ----------------------------------------------------------------------------------------------------
2021-03-16 14:24:16,250 epoch 8 - iter 3/32 - loss 1.32918262 - samples/sec: 26.70 - lr: 0.100000
2021-03-16 14:24:19,104 epoch 8 - iter 6/32 - loss 1.08443141 - samples/sec: 33.65 - lr: 0.100000
2021-03-16 14:24:22,331 epoch 8 - iter 9/32 - loss 0.95222553 - samples/sec: 29.76 - lr: 0.100000
2021-03-16 14:24:25,623 epoch 8 - iter 12/32 - loss 0.85162358 - samples/sec: 29.17 - lr: 0.100000
2021-03-16 14:24:28,827 epoch 8 - iter 15/32 - loss 0.92599042 - samples/sec: 29.97 - lr: 0.100000
2021-03-16 14:24:32,382 epoch 8 - iter 18/32 - loss 0.93140739 - samples/sec: 27.02 - lr: 0.100000
2021-03-16 14:24:35,859 epoch 8 - iter 21/32 - loss 0.89991440 - samples/sec: 27.61 - lr: 0.100000
2021-03-16 14:24:40,103 epoch 8 - iter 24/32 - loss 0.90617797 - samples/sec: 22.63 - lr: 0.100000
2021-03-16 14:24:43,519 epoch 8 - iter 27/32 - loss 0.90596453 - samples/sec: 28.11 - lr: 0.100000
2021-03-16 14:24:47,007 epoch 8 - iter 30/32 - loss 0.91106246 - samples/sec: 27.53 - lr: 0.100000
2021-03-16 14:24:48,386 ----------------------------------------------------------------------------------------------------
2021-03-16 14:24:48,387 EPOCH 8 done: loss 0.9899 - lr 0.1000000
2021-03-16 14:24:49,902 DEV : loss 0.8252379894256592 - score 0.9935
2021-03-16 14:24:49,925 BAD EPOCHS (no improvement): 0
2021-03-16 14:24:55,892 ----------------------------------------------------------------------------------------------------
2021-03-16 14:24:55,947 Testing using best model ...
2021-03-16 14:24:55,964 loading file resources_ilines/taggers/form/best-model.pt
2021-03-16 14:26:00,319 	0.9949
2021-03-16 14:26:00,320 
Results:
- F-score (micro): 0.9949
- F-score (macro): 0.961
- Accuracy (incl. no class): 0.9949

By class:
              precision    recall  f1-score   support

           O     0.9975    0.9994    0.9984     10811
         NAM     0.9212    0.8967    0.9088       300
         NOM     0.9848    0.9672    0.9759       670

    accuracy                         0.9949     11781
   macro avg     0.9678    0.9544    0.9610     11781
weighted avg     0.9948    0.9949    0.9949     11781

2021-03-16 14:26:00,322 ----------------------------------------------------------------------------------------------------
