2021-03-16 13:08:08,255 ----------------------------------------------------------------------------------------------------
2021-03-16 13:08:08,256 Model: "SequenceTagger(
  (embeddings): StackedEmbeddings(
    (list_embedding_0): WordEmbeddings('glove')
    (list_embedding_1): FlairEmbeddings(
      (lm): LanguageModel(
        (drop): Dropout(p=0.25, inplace=False)
        (encoder): Embedding(275, 100)
        (rnn): LSTM(100, 1024)
        (decoder): Linear(in_features=1024, out_features=275, bias=True)
      )
    )
    (list_embedding_2): FlairEmbeddings(
      (lm): LanguageModel(
        (drop): Dropout(p=0.25, inplace=False)
        (encoder): Embedding(275, 100)
        (rnn): LSTM(100, 1024)
        (decoder): Linear(in_features=1024, out_features=275, bias=True)
      )
    )
  )
  (word_dropout): WordDropout(p=0.05)
  (locked_dropout): LockedDropout(p=0.5)
  (embedding2nn): Linear(in_features=2148, out_features=2148, bias=True)
  (rnn): LSTM(2148, 128, batch_first=True, bidirectional=True)
  (linear): Linear(in_features=256, out_features=7, bias=True)
  (beta): 1.0
  (weights): None
  (weight_tensor) None
)"
2021-03-16 13:08:08,257 ----------------------------------------------------------------------------------------------------
2021-03-16 13:08:08,258 Corpus: "Corpus: 1000 train + 111 dev + 289 test sentences"
2021-03-16 13:08:08,259 ----------------------------------------------------------------------------------------------------
2021-03-16 13:08:08,260 Parameters:
2021-03-16 13:08:08,261  - learning_rate: "0.1"
2021-03-16 13:08:08,261  - mini_batch_size: "32"
2021-03-16 13:08:08,262  - patience: "3"
2021-03-16 13:08:08,263  - anneal_factor: "0.5"
2021-03-16 13:08:08,264  - max_epochs: "8"
2021-03-16 13:08:08,264  - shuffle: "True"
2021-03-16 13:08:08,265  - train_with_dev: "False"
2021-03-16 13:08:08,266  - batch_growth_annealing: "False"
2021-03-16 13:08:08,278 ----------------------------------------------------------------------------------------------------
2021-03-16 13:08:08,281 Model training base path: "resources/taggers/motion_type"
2021-03-16 13:08:08,281 ----------------------------------------------------------------------------------------------------
2021-03-16 13:08:08,282 Device: cpu
2021-03-16 13:08:08,283 ----------------------------------------------------------------------------------------------------
2021-03-16 13:08:08,283 Embeddings storage mode: cpu
2021-03-16 13:08:08,285 ----------------------------------------------------------------------------------------------------
2021-03-16 13:08:18,839 epoch 1 - iter 3/32 - loss 25.00015450 - samples/sec: 9.10 - lr: 0.100000
2021-03-16 13:08:28,398 epoch 1 - iter 6/32 - loss 15.29587940 - samples/sec: 10.04 - lr: 0.100000
2021-03-16 13:08:40,540 epoch 1 - iter 9/32 - loss 11.53972679 - samples/sec: 7.91 - lr: 0.100000
2021-03-16 13:08:51,925 epoch 1 - iter 12/32 - loss 9.75445408 - samples/sec: 8.43 - lr: 0.100000
2021-03-16 13:09:04,099 epoch 1 - iter 15/32 - loss 8.48837678 - samples/sec: 7.89 - lr: 0.100000
2021-03-16 13:09:16,661 epoch 1 - iter 18/32 - loss 7.69833252 - samples/sec: 7.64 - lr: 0.100000
2021-03-16 13:09:28,954 epoch 1 - iter 21/32 - loss 7.12324063 - samples/sec: 7.81 - lr: 0.100000
2021-03-16 13:09:40,553 epoch 1 - iter 24/32 - loss 6.65031903 - samples/sec: 8.28 - lr: 0.100000
2021-03-16 13:09:54,926 epoch 1 - iter 27/32 - loss 6.16434820 - samples/sec: 6.68 - lr: 0.100000
2021-03-16 13:10:03,637 epoch 1 - iter 30/32 - loss 5.80875703 - samples/sec: 11.02 - lr: 0.100000
2021-03-16 13:10:09,598 ----------------------------------------------------------------------------------------------------
2021-03-16 13:10:09,599 EPOCH 1 done: loss 5.6494 - lr 0.1000000
2021-03-16 13:10:23,155 DEV : loss 2.3457274436950684 - score 0.9685
2021-03-16 13:10:23,173 BAD EPOCHS (no improvement): 0
2021-03-16 13:10:25,707 ----------------------------------------------------------------------------------------------------
2021-03-16 13:10:27,789 epoch 2 - iter 3/32 - loss 2.35324796 - samples/sec: 46.15 - lr: 0.100000
2021-03-16 13:10:30,376 epoch 2 - iter 6/32 - loss 2.34248722 - samples/sec: 37.12 - lr: 0.100000
2021-03-16 13:10:32,313 epoch 2 - iter 9/32 - loss 2.25780919 - samples/sec: 49.59 - lr: 0.100000
2021-03-16 13:10:34,143 epoch 2 - iter 12/32 - loss 2.23548124 - samples/sec: 52.50 - lr: 0.100000
2021-03-16 13:10:35,786 epoch 2 - iter 15/32 - loss 2.28016802 - samples/sec: 58.46 - lr: 0.100000
2021-03-16 13:10:37,597 epoch 2 - iter 18/32 - loss 2.32465467 - samples/sec: 53.03 - lr: 0.100000
2021-03-16 13:10:39,310 epoch 2 - iter 21/32 - loss 2.27476862 - samples/sec: 56.07 - lr: 0.100000
2021-03-16 13:10:41,215 epoch 2 - iter 24/32 - loss 2.24939111 - samples/sec: 50.43 - lr: 0.100000
2021-03-16 13:10:42,963 epoch 2 - iter 27/32 - loss 2.28456432 - samples/sec: 54.94 - lr: 0.100000
2021-03-16 13:10:44,431 epoch 2 - iter 30/32 - loss 2.31910915 - samples/sec: 65.43 - lr: 0.100000
2021-03-16 13:10:45,056 ----------------------------------------------------------------------------------------------------
2021-03-16 13:10:45,057 EPOCH 2 done: loss 2.2790 - lr 0.1000000
2021-03-16 13:10:45,959 DEV : loss 1.9020347595214844 - score 0.9757
2021-03-16 13:10:45,977 BAD EPOCHS (no improvement): 0
2021-03-16 13:10:49,121 ----------------------------------------------------------------------------------------------------
2021-03-16 13:10:51,052 epoch 3 - iter 3/32 - loss 2.68375353 - samples/sec: 49.79 - lr: 0.100000
2021-03-16 13:10:52,837 epoch 3 - iter 6/32 - loss 2.26279241 - samples/sec: 53.83 - lr: 0.100000
2021-03-16 13:10:54,787 epoch 3 - iter 9/32 - loss 2.27378645 - samples/sec: 49.23 - lr: 0.100000
2021-03-16 13:10:56,644 epoch 3 - iter 12/32 - loss 2.16202056 - samples/sec: 51.74 - lr: 0.100000
2021-03-16 13:10:58,369 epoch 3 - iter 15/32 - loss 2.09557968 - samples/sec: 55.67 - lr: 0.100000
2021-03-16 13:11:00,297 epoch 3 - iter 18/32 - loss 2.13370019 - samples/sec: 49.82 - lr: 0.100000
2021-03-16 13:11:02,073 epoch 3 - iter 21/32 - loss 2.13066753 - samples/sec: 54.09 - lr: 0.100000
2021-03-16 13:11:04,321 epoch 3 - iter 24/32 - loss 2.08040430 - samples/sec: 42.73 - lr: 0.100000
2021-03-16 13:11:06,018 epoch 3 - iter 27/32 - loss 2.03521371 - samples/sec: 56.62 - lr: 0.100000
2021-03-16 13:11:08,535 epoch 3 - iter 30/32 - loss 1.99173220 - samples/sec: 38.15 - lr: 0.100000
2021-03-16 13:11:09,359 ----------------------------------------------------------------------------------------------------
2021-03-16 13:11:09,359 EPOCH 3 done: loss 2.0020 - lr 0.1000000
2021-03-16 13:11:10,259 DEV : loss 1.8770643472671509 - score 0.9789
2021-03-16 13:11:10,275 BAD EPOCHS (no improvement): 0
2021-03-16 13:11:13,360 ----------------------------------------------------------------------------------------------------
2021-03-16 13:11:15,124 epoch 4 - iter 3/32 - loss 1.63346831 - samples/sec: 54.52 - lr: 0.100000
2021-03-16 13:11:16,608 epoch 4 - iter 6/32 - loss 1.66741083 - samples/sec: 64.75 - lr: 0.100000
2021-03-16 13:11:18,313 epoch 4 - iter 9/32 - loss 1.80431188 - samples/sec: 56.33 - lr: 0.100000
2021-03-16 13:11:20,167 epoch 4 - iter 12/32 - loss 1.89362760 - samples/sec: 51.80 - lr: 0.100000
2021-03-16 13:11:21,828 epoch 4 - iter 15/32 - loss 1.84571385 - samples/sec: 57.85 - lr: 0.100000
2021-03-16 13:11:23,380 epoch 4 - iter 18/32 - loss 1.87752392 - samples/sec: 61.90 - lr: 0.100000
2021-03-16 13:11:25,660 epoch 4 - iter 21/32 - loss 1.85603315 - samples/sec: 42.12 - lr: 0.100000
2021-03-16 13:11:27,500 epoch 4 - iter 24/32 - loss 1.88683212 - samples/sec: 52.18 - lr: 0.100000
2021-03-16 13:11:29,375 epoch 4 - iter 27/32 - loss 1.88586064 - samples/sec: 51.23 - lr: 0.100000
2021-03-16 13:11:31,098 epoch 4 - iter 30/32 - loss 1.86780456 - samples/sec: 55.76 - lr: 0.100000
2021-03-16 13:11:32,095 ----------------------------------------------------------------------------------------------------
2021-03-16 13:11:32,096 EPOCH 4 done: loss 1.8243 - lr 0.1000000
2021-03-16 13:11:32,995 DEV : loss 1.8021984100341797 - score 0.9795
2021-03-16 13:11:33,011 BAD EPOCHS (no improvement): 0
2021-03-16 13:11:36,200 ----------------------------------------------------------------------------------------------------
2021-03-16 13:11:37,988 epoch 5 - iter 3/32 - loss 1.46591934 - samples/sec: 53.75 - lr: 0.100000
2021-03-16 13:11:39,836 epoch 5 - iter 6/32 - loss 1.69120717 - samples/sec: 51.95 - lr: 0.100000
2021-03-16 13:11:41,750 epoch 5 - iter 9/32 - loss 1.56790945 - samples/sec: 50.18 - lr: 0.100000
2021-03-16 13:11:43,533 epoch 5 - iter 12/32 - loss 1.58708207 - samples/sec: 53.89 - lr: 0.100000
2021-03-16 13:11:45,358 epoch 5 - iter 15/32 - loss 1.68936568 - samples/sec: 52.62 - lr: 0.100000
2021-03-16 13:11:47,530 epoch 5 - iter 18/32 - loss 1.73830174 - samples/sec: 44.22 - lr: 0.100000
2021-03-16 13:11:49,221 epoch 5 - iter 21/32 - loss 1.73953628 - samples/sec: 56.83 - lr: 0.100000
2021-03-16 13:11:51,007 epoch 5 - iter 24/32 - loss 1.75641539 - samples/sec: 53.76 - lr: 0.100000
2021-03-16 13:11:52,829 epoch 5 - iter 27/32 - loss 1.75275792 - samples/sec: 52.73 - lr: 0.100000
2021-03-16 13:11:54,748 epoch 5 - iter 30/32 - loss 1.75877770 - samples/sec: 50.04 - lr: 0.100000
2021-03-16 13:11:56,227 ----------------------------------------------------------------------------------------------------
2021-03-16 13:11:56,228 EPOCH 5 done: loss 1.7411 - lr 0.1000000
2021-03-16 13:11:57,111 DEV : loss 1.7418739795684814 - score 0.9785
2021-03-16 13:11:57,127 BAD EPOCHS (no improvement): 1
2021-03-16 13:11:57,128 ----------------------------------------------------------------------------------------------------
2021-03-16 13:11:58,820 epoch 6 - iter 3/32 - loss 1.65686131 - samples/sec: 56.78 - lr: 0.100000
2021-03-16 13:12:00,781 epoch 6 - iter 6/32 - loss 1.82739925 - samples/sec: 48.99 - lr: 0.100000
2021-03-16 13:12:02,392 epoch 6 - iter 9/32 - loss 1.71811338 - samples/sec: 59.63 - lr: 0.100000
2021-03-16 13:12:04,295 epoch 6 - iter 12/32 - loss 1.84948259 - samples/sec: 50.46 - lr: 0.100000
2021-03-16 13:12:06,003 epoch 6 - iter 15/32 - loss 1.81552714 - samples/sec: 56.26 - lr: 0.100000
2021-03-16 13:12:07,648 epoch 6 - iter 18/32 - loss 1.74716587 - samples/sec: 58.39 - lr: 0.100000
2021-03-16 13:12:09,319 epoch 6 - iter 21/32 - loss 1.74915527 - samples/sec: 57.47 - lr: 0.100000
2021-03-16 13:12:11,682 epoch 6 - iter 24/32 - loss 1.68427609 - samples/sec: 40.65 - lr: 0.100000
2021-03-16 13:12:13,538 epoch 6 - iter 27/32 - loss 1.66001922 - samples/sec: 51.76 - lr: 0.100000
2021-03-16 13:12:15,489 epoch 6 - iter 30/32 - loss 1.66540200 - samples/sec: 49.23 - lr: 0.100000
2021-03-16 13:12:16,174 ----------------------------------------------------------------------------------------------------
2021-03-16 13:12:16,175 EPOCH 6 done: loss 1.6223 - lr 0.1000000
2021-03-16 13:12:17,064 DEV : loss 1.498025894165039 - score 0.9844
2021-03-16 13:12:17,080 BAD EPOCHS (no improvement): 0
2021-03-16 13:12:20,181 ----------------------------------------------------------------------------------------------------
2021-03-16 13:12:21,893 epoch 7 - iter 3/32 - loss 1.67020663 - samples/sec: 56.13 - lr: 0.100000
2021-03-16 13:12:23,896 epoch 7 - iter 6/32 - loss 1.64563056 - samples/sec: 47.96 - lr: 0.100000
2021-03-16 13:12:25,674 epoch 7 - iter 9/32 - loss 1.56589662 - samples/sec: 54.03 - lr: 0.100000
2021-03-16 13:12:27,443 epoch 7 - iter 12/32 - loss 1.60394769 - samples/sec: 54.29 - lr: 0.100000
2021-03-16 13:12:29,204 epoch 7 - iter 15/32 - loss 1.59705709 - samples/sec: 54.56 - lr: 0.100000
2021-03-16 13:12:30,894 epoch 7 - iter 18/32 - loss 1.55760439 - samples/sec: 56.82 - lr: 0.100000
2021-03-16 13:12:32,382 epoch 7 - iter 21/32 - loss 1.48773625 - samples/sec: 64.54 - lr: 0.100000
2021-03-16 13:12:34,971 epoch 7 - iter 24/32 - loss 1.48923684 - samples/sec: 37.09 - lr: 0.100000
2021-03-16 13:12:36,764 epoch 7 - iter 27/32 - loss 1.51124212 - samples/sec: 53.58 - lr: 0.100000
2021-03-16 13:12:38,766 epoch 7 - iter 30/32 - loss 1.54250133 - samples/sec: 47.98 - lr: 0.100000
2021-03-16 13:12:39,830 ----------------------------------------------------------------------------------------------------
2021-03-16 13:12:39,831 EPOCH 7 done: loss 1.5818 - lr 0.1000000
2021-03-16 13:12:40,736 DEV : loss 1.4259898662567139 - score 0.9861
2021-03-16 13:12:40,752 BAD EPOCHS (no improvement): 0
2021-03-16 13:12:43,863 ----------------------------------------------------------------------------------------------------
2021-03-16 13:12:45,635 epoch 8 - iter 3/32 - loss 1.57419328 - samples/sec: 54.23 - lr: 0.100000
2021-03-16 13:12:47,613 epoch 8 - iter 6/32 - loss 1.60128121 - samples/sec: 48.54 - lr: 0.100000
2021-03-16 13:12:49,236 epoch 8 - iter 9/32 - loss 1.51816930 - samples/sec: 59.22 - lr: 0.100000
2021-03-16 13:12:51,868 epoch 8 - iter 12/32 - loss 1.64214283 - samples/sec: 36.48 - lr: 0.100000
2021-03-16 13:12:53,717 epoch 8 - iter 15/32 - loss 1.61871946 - samples/sec: 51.95 - lr: 0.100000
2021-03-16 13:12:55,503 epoch 8 - iter 18/32 - loss 1.65115800 - samples/sec: 53.80 - lr: 0.100000
2021-03-16 13:12:57,195 epoch 8 - iter 21/32 - loss 1.60679414 - samples/sec: 56.76 - lr: 0.100000
2021-03-16 13:12:58,908 epoch 8 - iter 24/32 - loss 1.61304667 - samples/sec: 56.08 - lr: 0.100000
2021-03-16 13:13:00,461 epoch 8 - iter 27/32 - loss 1.63211253 - samples/sec: 61.85 - lr: 0.100000
2021-03-16 13:13:02,316 epoch 8 - iter 30/32 - loss 1.59303689 - samples/sec: 51.78 - lr: 0.100000
2021-03-16 13:13:03,147 ----------------------------------------------------------------------------------------------------
2021-03-16 13:13:03,148 EPOCH 8 done: loss 1.5739 - lr 0.1000000
2021-03-16 13:13:04,050 DEV : loss 1.6260106563568115 - score 0.982
2021-03-16 13:13:04,065 BAD EPOCHS (no improvement): 1
2021-03-16 13:13:06,655 ----------------------------------------------------------------------------------------------------
2021-03-16 13:13:06,656 Testing using best model ...
2021-03-16 13:13:06,658 loading file resources/taggers/motion_type/best-model.pt
2021-03-16 13:13:38,639 	0.9826
2021-03-16 13:13:38,640 
Results:
- F-score (micro): 0.9826
- F-score (macro): 0.5551
- Accuracy (incl. no class): 0.9826

By class:
              precision    recall  f1-score   support

           O     0.9880    0.9979    0.9929      7025
        PATH     0.7195    0.5175    0.6020       114
    COMPOUND     0.6596    0.4493    0.5345        69
      MANNER     0.3333    0.0526    0.0909        19

    accuracy                         0.9826      7227
   macro avg     0.6751    0.5043    0.5551      7227
weighted avg     0.9789    0.9826    0.9800      7227

2021-03-16 13:13:38,640 ----------------------------------------------------------------------------------------------------
