2021-03-16 14:06:00,884 ----------------------------------------------------------------------------------------------------
2021-03-16 14:06:00,885 Model: "SequenceTagger(
  (embeddings): StackedEmbeddings(
    (list_embedding_0): WordEmbeddings('glove')
    (list_embedding_1): FlairEmbeddings(
      (lm): LanguageModel(
        (drop): Dropout(p=0.25, inplace=False)
        (encoder): Embedding(275, 100)
        (rnn): LSTM(100, 1024)
        (decoder): Linear(in_features=1024, out_features=275, bias=True)
      )
    )
    (list_embedding_2): FlairEmbeddings(
      (lm): LanguageModel(
        (drop): Dropout(p=0.25, inplace=False)
        (encoder): Embedding(275, 100)
        (rnn): LSTM(100, 1024)
        (decoder): Linear(in_features=1024, out_features=275, bias=True)
      )
    )
  )
  (word_dropout): WordDropout(p=0.05)
  (locked_dropout): LockedDropout(p=0.5)
  (embedding2nn): Linear(in_features=2148, out_features=2148, bias=True)
  (rnn): LSTM(2148, 128, batch_first=True, bidirectional=True)
  (linear): Linear(in_features=256, out_features=8, bias=True)
  (beta): 1.0
  (weights): None
  (weight_tensor) None
)"
2021-03-16 14:06:00,885 ----------------------------------------------------------------------------------------------------
2021-03-16 14:06:00,886 Corpus: "Corpus: 1000 train + 111 dev + 289 test sentences"
2021-03-16 14:06:00,887 ----------------------------------------------------------------------------------------------------
2021-03-16 14:06:00,887 Parameters:
2021-03-16 14:06:00,888  - learning_rate: "0.1"
2021-03-16 14:06:00,888  - mini_batch_size: "32"
2021-03-16 14:06:00,889  - patience: "3"
2021-03-16 14:06:00,890  - anneal_factor: "0.5"
2021-03-16 14:06:00,891  - max_epochs: "8"
2021-03-16 14:06:00,892  - shuffle: "True"
2021-03-16 14:06:00,892  - train_with_dev: "False"
2021-03-16 14:06:00,893  - batch_growth_annealing: "False"
2021-03-16 14:06:00,894 ----------------------------------------------------------------------------------------------------
2021-03-16 14:06:00,907 Model training base path: "resources_ilines/taggers/dimensionality"
2021-03-16 14:06:00,908 ----------------------------------------------------------------------------------------------------
2021-03-16 14:06:00,909 Device: cpu
2021-03-16 14:06:00,909 ----------------------------------------------------------------------------------------------------
2021-03-16 14:06:00,910 Embeddings storage mode: cpu
2021-03-16 14:06:00,912 ----------------------------------------------------------------------------------------------------
2021-03-16 14:06:28,282 epoch 1 - iter 3/32 - loss 128.07211049 - samples/sec: 3.51 - lr: 0.100000
2021-03-16 14:06:52,880 epoch 1 - iter 6/32 - loss 72.93095239 - samples/sec: 3.90 - lr: 0.100000
2021-03-16 14:07:14,944 epoch 1 - iter 9/32 - loss 52.39470164 - samples/sec: 4.35 - lr: 0.100000
2021-03-16 14:07:31,273 epoch 1 - iter 12/32 - loss 41.74012764 - samples/sec: 5.88 - lr: 0.100000
2021-03-16 14:07:49,848 epoch 1 - iter 15/32 - loss 35.15619446 - samples/sec: 5.17 - lr: 0.100000
2021-03-16 14:08:09,800 epoch 1 - iter 18/32 - loss 31.10553797 - samples/sec: 4.81 - lr: 0.100000
2021-03-16 14:08:29,977 epoch 1 - iter 21/32 - loss 27.98755151 - samples/sec: 4.76 - lr: 0.100000
2021-03-16 14:08:46,730 epoch 1 - iter 24/32 - loss 25.47932939 - samples/sec: 5.73 - lr: 0.100000
2021-03-16 14:09:05,179 epoch 1 - iter 27/32 - loss 23.43354658 - samples/sec: 5.20 - lr: 0.100000
2021-03-16 14:09:23,520 epoch 1 - iter 30/32 - loss 21.62472774 - samples/sec: 5.23 - lr: 0.100000
2021-03-16 14:09:33,795 ----------------------------------------------------------------------------------------------------
2021-03-16 14:09:33,796 EPOCH 1 done: loss 20.7272 - lr 0.1000000
2021-03-16 14:10:01,346 DEV : loss 4.294957637786865 - score 0.9716
2021-03-16 14:10:01,385 BAD EPOCHS (no improvement): 0
2021-03-16 14:10:06,664 ----------------------------------------------------------------------------------------------------
2021-03-16 14:10:12,575 epoch 2 - iter 3/32 - loss 6.55184952 - samples/sec: 16.83 - lr: 0.100000
2021-03-16 14:10:16,377 epoch 2 - iter 6/32 - loss 7.71104908 - samples/sec: 25.30 - lr: 0.100000
2021-03-16 14:10:19,282 epoch 2 - iter 9/32 - loss 7.16025146 - samples/sec: 33.17 - lr: 0.100000
2021-03-16 14:10:22,574 epoch 2 - iter 12/32 - loss 6.93606989 - samples/sec: 29.26 - lr: 0.100000
2021-03-16 14:10:26,206 epoch 2 - iter 15/32 - loss 6.59595470 - samples/sec: 26.50 - lr: 0.100000
2021-03-16 14:10:29,850 epoch 2 - iter 18/32 - loss 6.63274296 - samples/sec: 26.43 - lr: 0.100000
2021-03-16 14:10:34,121 epoch 2 - iter 21/32 - loss 6.59320027 - samples/sec: 22.51 - lr: 0.100000
2021-03-16 14:10:37,388 epoch 2 - iter 24/32 - loss 6.46808269 - samples/sec: 29.46 - lr: 0.100000
2021-03-16 14:10:40,252 epoch 2 - iter 27/32 - loss 6.30555282 - samples/sec: 33.57 - lr: 0.100000
2021-03-16 14:10:43,285 epoch 2 - iter 30/32 - loss 6.21442110 - samples/sec: 31.72 - lr: 0.100000
2021-03-16 14:10:44,871 ----------------------------------------------------------------------------------------------------
2021-03-16 14:10:44,871 EPOCH 2 done: loss 6.1056 - lr 0.1000000
2021-03-16 14:10:46,979 DEV : loss 3.8339383602142334 - score 0.972
2021-03-16 14:10:47,004 BAD EPOCHS (no improvement): 0
2021-03-16 14:10:50,862 ----------------------------------------------------------------------------------------------------
2021-03-16 14:10:53,848 epoch 3 - iter 3/32 - loss 4.88473153 - samples/sec: 32.82 - lr: 0.100000
2021-03-16 14:10:57,045 epoch 3 - iter 6/32 - loss 4.90531695 - samples/sec: 30.04 - lr: 0.100000
2021-03-16 14:11:00,919 epoch 3 - iter 9/32 - loss 4.89572745 - samples/sec: 24.79 - lr: 0.100000
2021-03-16 14:11:04,582 epoch 3 - iter 12/32 - loss 4.96336331 - samples/sec: 26.22 - lr: 0.100000
2021-03-16 14:11:07,834 epoch 3 - iter 15/32 - loss 4.99349869 - samples/sec: 29.55 - lr: 0.100000
2021-03-16 14:11:11,334 epoch 3 - iter 18/32 - loss 4.97222222 - samples/sec: 27.44 - lr: 0.100000
2021-03-16 14:11:14,841 epoch 3 - iter 21/32 - loss 4.94218395 - samples/sec: 27.38 - lr: 0.100000
2021-03-16 14:11:18,355 epoch 3 - iter 24/32 - loss 5.00879931 - samples/sec: 27.33 - lr: 0.100000
2021-03-16 14:11:22,293 epoch 3 - iter 27/32 - loss 5.12418436 - samples/sec: 24.38 - lr: 0.100000
2021-03-16 14:11:25,824 epoch 3 - iter 30/32 - loss 5.10853235 - samples/sec: 27.20 - lr: 0.100000
2021-03-16 14:11:27,537 ----------------------------------------------------------------------------------------------------
2021-03-16 14:11:27,538 EPOCH 3 done: loss 5.0817 - lr 0.1000000
2021-03-16 14:11:29,158 DEV : loss 3.048513650894165 - score 0.9749
2021-03-16 14:11:29,184 BAD EPOCHS (no improvement): 0
2021-03-16 14:11:32,801 ----------------------------------------------------------------------------------------------------
2021-03-16 14:11:36,123 epoch 4 - iter 3/32 - loss 4.72114205 - samples/sec: 29.10 - lr: 0.100000
2021-03-16 14:11:39,386 epoch 4 - iter 6/32 - loss 4.64445440 - samples/sec: 29.43 - lr: 0.100000
2021-03-16 14:11:43,496 epoch 4 - iter 9/32 - loss 4.24103798 - samples/sec: 23.36 - lr: 0.100000
2021-03-16 14:11:47,037 epoch 4 - iter 12/32 - loss 4.71855591 - samples/sec: 27.12 - lr: 0.100000
2021-03-16 14:11:50,464 epoch 4 - iter 15/32 - loss 5.03810150 - samples/sec: 28.05 - lr: 0.100000
2021-03-16 14:11:53,227 epoch 4 - iter 18/32 - loss 4.84153214 - samples/sec: 34.75 - lr: 0.100000
2021-03-16 14:11:56,495 epoch 4 - iter 21/32 - loss 5.07231455 - samples/sec: 29.39 - lr: 0.100000
2021-03-16 14:12:00,043 epoch 4 - iter 24/32 - loss 5.00780009 - samples/sec: 27.06 - lr: 0.100000
2021-03-16 14:12:03,515 epoch 4 - iter 27/32 - loss 4.92079953 - samples/sec: 27.66 - lr: 0.100000
2021-03-16 14:12:06,594 epoch 4 - iter 30/32 - loss 4.75241409 - samples/sec: 31.19 - lr: 0.100000
2021-03-16 14:12:08,354 ----------------------------------------------------------------------------------------------------
2021-03-16 14:12:08,355 EPOCH 4 done: loss 4.6464 - lr 0.1000000
2021-03-16 14:12:10,014 DEV : loss 3.7324931621551514 - score 0.972
2021-03-16 14:12:10,038 BAD EPOCHS (no improvement): 1
2021-03-16 14:12:10,039 ----------------------------------------------------------------------------------------------------
2021-03-16 14:12:13,296 epoch 5 - iter 3/32 - loss 5.00250904 - samples/sec: 29.49 - lr: 0.100000
2021-03-16 14:12:17,009 epoch 5 - iter 6/32 - loss 5.04019010 - samples/sec: 25.86 - lr: 0.100000
2021-03-16 14:12:21,429 epoch 5 - iter 9/32 - loss 5.03546919 - samples/sec: 21.72 - lr: 0.100000
2021-03-16 14:12:24,910 epoch 5 - iter 12/32 - loss 4.69046201 - samples/sec: 27.59 - lr: 0.100000
2021-03-16 14:12:28,112 epoch 5 - iter 15/32 - loss 4.75487568 - samples/sec: 29.99 - lr: 0.100000
2021-03-16 14:12:31,560 epoch 5 - iter 18/32 - loss 4.68988968 - samples/sec: 27.85 - lr: 0.100000
2021-03-16 14:12:34,593 epoch 5 - iter 21/32 - loss 4.59077224 - samples/sec: 31.67 - lr: 0.100000
2021-03-16 14:12:38,342 epoch 5 - iter 24/32 - loss 4.58050628 - samples/sec: 25.61 - lr: 0.100000
2021-03-16 14:12:41,249 epoch 5 - iter 27/32 - loss 4.49784538 - samples/sec: 33.04 - lr: 0.100000
2021-03-16 14:12:44,974 epoch 5 - iter 30/32 - loss 4.51198490 - samples/sec: 25.78 - lr: 0.100000
2021-03-16 14:12:46,434 ----------------------------------------------------------------------------------------------------
2021-03-16 14:12:46,434 EPOCH 5 done: loss 4.6075 - lr 0.1000000
2021-03-16 14:12:48,380 DEV : loss 4.0320963859558105 - score 0.9665
2021-03-16 14:12:48,404 BAD EPOCHS (no improvement): 2
2021-03-16 14:12:48,405 ----------------------------------------------------------------------------------------------------
2021-03-16 14:12:51,885 epoch 6 - iter 3/32 - loss 4.58985583 - samples/sec: 27.60 - lr: 0.100000
2021-03-16 14:12:55,348 epoch 6 - iter 6/32 - loss 4.53127813 - samples/sec: 27.73 - lr: 0.100000
2021-03-16 14:12:58,191 epoch 6 - iter 9/32 - loss 4.18172468 - samples/sec: 33.78 - lr: 0.100000
2021-03-16 14:13:00,932 epoch 6 - iter 12/32 - loss 3.97586898 - samples/sec: 35.05 - lr: 0.100000
2021-03-16 14:13:04,409 epoch 6 - iter 15/32 - loss 3.99603195 - samples/sec: 27.62 - lr: 0.100000
2021-03-16 14:13:07,344 epoch 6 - iter 18/32 - loss 4.01041585 - samples/sec: 32.72 - lr: 0.100000
2021-03-16 14:13:10,718 epoch 6 - iter 21/32 - loss 4.02162561 - samples/sec: 28.46 - lr: 0.100000
2021-03-16 14:13:14,374 epoch 6 - iter 24/32 - loss 4.06751436 - samples/sec: 26.27 - lr: 0.100000
2021-03-16 14:13:18,597 epoch 6 - iter 27/32 - loss 4.24971014 - samples/sec: 22.74 - lr: 0.100000
2021-03-16 14:13:21,874 epoch 6 - iter 30/32 - loss 4.12974514 - samples/sec: 29.30 - lr: 0.100000
2021-03-16 14:13:23,118 ----------------------------------------------------------------------------------------------------
2021-03-16 14:13:23,119 EPOCH 6 done: loss 4.0363 - lr 0.1000000
2021-03-16 14:13:24,781 DEV : loss 2.8191258907318115 - score 0.9758
2021-03-16 14:13:24,806 BAD EPOCHS (no improvement): 0
2021-03-16 14:13:28,210 ----------------------------------------------------------------------------------------------------
2021-03-16 14:13:31,253 epoch 7 - iter 3/32 - loss 3.23962879 - samples/sec: 31.71 - lr: 0.100000
2021-03-16 14:13:34,677 epoch 7 - iter 6/32 - loss 3.82024880 - samples/sec: 28.05 - lr: 0.100000
2021-03-16 14:13:38,056 epoch 7 - iter 9/32 - loss 4.01971391 - samples/sec: 28.42 - lr: 0.100000
2021-03-16 14:13:41,849 epoch 7 - iter 12/32 - loss 4.06396083 - samples/sec: 25.31 - lr: 0.100000
2021-03-16 14:13:45,599 epoch 7 - iter 15/32 - loss 4.05898113 - samples/sec: 25.61 - lr: 0.100000
2021-03-16 14:13:49,266 epoch 7 - iter 18/32 - loss 4.18563379 - samples/sec: 26.19 - lr: 0.100000
2021-03-16 14:13:52,194 epoch 7 - iter 21/32 - loss 4.13208246 - samples/sec: 32.80 - lr: 0.100000
2021-03-16 14:13:55,385 epoch 7 - iter 24/32 - loss 4.04401533 - samples/sec: 30.10 - lr: 0.100000
2021-03-16 14:13:58,759 epoch 7 - iter 27/32 - loss 3.90314695 - samples/sec: 28.46 - lr: 0.100000
2021-03-16 14:14:03,002 epoch 7 - iter 30/32 - loss 4.00809759 - samples/sec: 22.63 - lr: 0.100000
2021-03-16 14:14:04,360 ----------------------------------------------------------------------------------------------------
2021-03-16 14:14:04,361 EPOCH 7 done: loss 3.9820 - lr 0.1000000
2021-03-16 14:14:06,157 DEV : loss 3.50238037109375 - score 0.9644
2021-03-16 14:14:06,185 BAD EPOCHS (no improvement): 1
2021-03-16 14:14:06,189 ----------------------------------------------------------------------------------------------------
2021-03-16 14:14:09,785 epoch 8 - iter 3/32 - loss 4.13508972 - samples/sec: 26.71 - lr: 0.100000
2021-03-16 14:14:14,055 epoch 8 - iter 6/32 - loss 4.37191510 - samples/sec: 22.49 - lr: 0.100000
2021-03-16 14:14:17,467 epoch 8 - iter 9/32 - loss 4.25285893 - samples/sec: 28.15 - lr: 0.100000
2021-03-16 14:14:20,923 epoch 8 - iter 12/32 - loss 4.37663664 - samples/sec: 27.80 - lr: 0.100000
2021-03-16 14:14:24,375 epoch 8 - iter 15/32 - loss 4.18135735 - samples/sec: 27.83 - lr: 0.100000
2021-03-16 14:14:27,837 epoch 8 - iter 18/32 - loss 4.18831240 - samples/sec: 27.74 - lr: 0.100000
2021-03-16 14:14:31,309 epoch 8 - iter 21/32 - loss 4.12237279 - samples/sec: 27.66 - lr: 0.100000
2021-03-16 14:14:34,088 epoch 8 - iter 24/32 - loss 3.95925846 - samples/sec: 34.57 - lr: 0.100000
2021-03-16 14:14:37,083 epoch 8 - iter 27/32 - loss 3.95111365 - samples/sec: 32.06 - lr: 0.100000
2021-03-16 14:14:40,123 epoch 8 - iter 30/32 - loss 3.93004028 - samples/sec: 31.59 - lr: 0.100000
2021-03-16 14:14:41,420 ----------------------------------------------------------------------------------------------------
2021-03-16 14:14:41,421 EPOCH 8 done: loss 3.9844 - lr 0.1000000
2021-03-16 14:14:43,114 DEV : loss 2.6087565422058105 - score 0.977
2021-03-16 14:14:43,138 BAD EPOCHS (no improvement): 0
2021-03-16 14:14:49,343 ----------------------------------------------------------------------------------------------------
2021-03-16 14:14:49,345 Testing using best model ...
2021-03-16 14:14:49,352 loading file resources_ilines/taggers/dimensionality/best-model.pt
2021-03-16 14:15:59,334 	0.9759
2021-03-16 14:15:59,335 
Results:
- F-score (micro): 0.9759
- F-score (macro): 0.2701
- Accuracy (incl. no class): 0.9759

By class:
              precision    recall  f1-score   support

           O     0.9782    0.9991    0.9885     11477
       POINT     0.4000    0.0488    0.0870        82
        AREA     0.5417    0.1844    0.2751       141
        LINE     1.0000    0.0000    0.0000        16
      VOLUME     1.0000    0.0000    0.0000        65

    accuracy                         0.9759     11781
   macro avg     0.7840    0.2465    0.2701     11781
weighted avg     0.9691    0.9759    0.9669     11781

2021-03-16 14:15:59,336 ----------------------------------------------------------------------------------------------------
