2021-02-05 10:43:00,871 ----------------------------------------------------------------------------------------------------
2021-02-05 10:43:00,874 Model: "SequenceTagger(
  (embeddings): StackedEmbeddings(
    (list_embedding_0): WordEmbeddings('glove')
  )
  (word_dropout): WordDropout(p=0.05)
  (locked_dropout): LockedDropout(p=0.5)
  (embedding2nn): Linear(in_features=100, out_features=100, bias=True)
  (rnn): LSTM(100, 256, batch_first=True, bidirectional=True)
  (linear): Linear(in_features=512, out_features=13, bias=True)
  (beta): 1.0
  (weights): None
  (weight_tensor) None
)"
2021-02-05 10:43:00,875 ----------------------------------------------------------------------------------------------------
2021-02-05 10:43:00,877 Corpus: "Corpus: 1094 train + 276 dev + 290 test sentences"
2021-02-05 10:43:00,878 ----------------------------------------------------------------------------------------------------
2021-02-05 10:43:00,880 Parameters:
2021-02-05 10:43:00,881  - learning_rate: "0.5"
2021-02-05 10:43:00,882  - mini_batch_size: "32"
2021-02-05 10:43:00,883  - patience: "3"
2021-02-05 10:43:00,884  - anneal_factor: "0.5"
2021-02-05 10:43:00,885  - max_epochs: "31"
2021-02-05 10:43:00,887  - shuffle: "False"
2021-02-05 10:43:00,888  - train_with_dev: "False"
2021-02-05 10:43:00,889  - batch_growth_annealing: "False"
2021-02-05 10:43:00,890 ----------------------------------------------------------------------------------------------------
2021-02-05 10:43:00,892 Model training base path: "/Users/nihat/Desktop/resources/taggers/example-iso54"
2021-02-05 10:43:00,892 ----------------------------------------------------------------------------------------------------
2021-02-05 10:43:00,894 Device: cpu
2021-02-05 10:43:00,895 ----------------------------------------------------------------------------------------------------
2021-02-05 10:43:00,897 Embeddings storage mode: cpu
2021-02-05 10:43:00,901 ----------------------------------------------------------------------------------------------------
2021-02-05 10:43:01,970 epoch 1 - iter 3/35 - loss 12.55894184 - samples/sec: 90.69 - lr: 0.500000
2021-02-05 10:43:03,243 epoch 1 - iter 6/35 - loss 18.97416894 - samples/sec: 75.53 - lr: 0.500000
2021-02-05 10:43:04,068 epoch 1 - iter 9/35 - loss 20.32056014 - samples/sec: 116.57 - lr: 0.500000
2021-02-05 10:43:05,156 epoch 1 - iter 12/35 - loss 21.33690715 - samples/sec: 88.32 - lr: 0.500000
2021-02-05 10:43:06,597 epoch 1 - iter 15/35 - loss 20.97626514 - samples/sec: 66.67 - lr: 0.500000
2021-02-05 10:43:07,692 epoch 1 - iter 18/35 - loss 20.39656485 - samples/sec: 87.80 - lr: 0.500000
2021-02-05 10:43:09,288 epoch 1 - iter 21/35 - loss 20.33591993 - samples/sec: 60.16 - lr: 0.500000
2021-02-05 10:43:10,607 epoch 1 - iter 24/35 - loss 19.89282501 - samples/sec: 72.89 - lr: 0.500000
2021-02-05 10:43:11,607 epoch 1 - iter 27/35 - loss 20.14056845 - samples/sec: 96.09 - lr: 0.500000
2021-02-05 10:43:12,578 epoch 1 - iter 30/35 - loss 20.18058011 - samples/sec: 99.02 - lr: 0.500000
2021-02-05 10:43:13,655 epoch 1 - iter 33/35 - loss 20.27487353 - samples/sec: 89.22 - lr: 0.500000
2021-02-05 10:43:14,915 ----------------------------------------------------------------------------------------------------
2021-02-05 10:43:14,916 EPOCH 1 done: loss 20.1067 - lr 0.5000000
2021-02-05 10:43:16,249 DEV : loss 200.67042541503906 - score 0.0
2021-02-05 10:43:16,259 BAD EPOCHS (no improvement): 0
2021-02-05 10:43:19,201 ----------------------------------------------------------------------------------------------------
2021-02-05 10:43:20,114 epoch 2 - iter 3/35 - loss 15.93815994 - samples/sec: 105.46 - lr: 0.500000
2021-02-05 10:43:21,328 epoch 2 - iter 6/35 - loss 21.00673771 - samples/sec: 79.13 - lr: 0.500000
2021-02-05 10:43:22,109 epoch 2 - iter 9/35 - loss 19.69640562 - samples/sec: 123.12 - lr: 0.500000
2021-02-05 10:43:22,975 epoch 2 - iter 12/35 - loss 19.89269543 - samples/sec: 110.98 - lr: 0.500000
2021-02-05 10:43:24,217 epoch 2 - iter 15/35 - loss 19.45451043 - samples/sec: 77.34 - lr: 0.500000
2021-02-05 10:43:25,067 epoch 2 - iter 18/35 - loss 19.09944900 - samples/sec: 113.01 - lr: 0.500000
2021-02-05 10:43:26,131 epoch 2 - iter 21/35 - loss 19.34346322 - samples/sec: 90.30 - lr: 0.500000
2021-02-05 10:43:27,128 epoch 2 - iter 24/35 - loss 18.90586086 - samples/sec: 96.41 - lr: 0.500000
2021-02-05 10:43:28,276 epoch 2 - iter 27/35 - loss 18.93994533 - samples/sec: 83.71 - lr: 0.500000
2021-02-05 10:43:29,632 epoch 2 - iter 30/35 - loss 18.94871403 - samples/sec: 70.89 - lr: 0.500000
2021-02-05 10:43:30,585 epoch 2 - iter 33/35 - loss 19.05910174 - samples/sec: 100.76 - lr: 0.500000
2021-02-05 10:43:31,400 ----------------------------------------------------------------------------------------------------
2021-02-05 10:43:31,401 EPOCH 2 done: loss 18.8163 - lr 0.5000000
2021-02-05 10:43:32,606 DEV : loss 223.36099243164062 - score 0.0
2021-02-05 10:43:32,617 BAD EPOCHS (no improvement): 1
2021-02-05 10:43:32,618 ----------------------------------------------------------------------------------------------------
2021-02-05 10:43:33,794 epoch 3 - iter 3/35 - loss 12.41082700 - samples/sec: 81.73 - lr: 0.500000
2021-02-05 10:43:35,006 epoch 3 - iter 6/35 - loss 17.85883554 - samples/sec: 79.26 - lr: 0.500000
2021-02-05 10:43:35,776 epoch 3 - iter 9/35 - loss 18.80532233 - samples/sec: 124.88 - lr: 0.500000
2021-02-05 10:43:36,692 epoch 3 - iter 12/35 - loss 19.35854109 - samples/sec: 104.91 - lr: 0.500000
2021-02-05 10:43:37,926 epoch 3 - iter 15/35 - loss 19.30608756 - samples/sec: 77.83 - lr: 0.500000
2021-02-05 10:43:38,917 epoch 3 - iter 18/35 - loss 18.65979746 - samples/sec: 96.96 - lr: 0.500000
2021-02-05 10:43:40,027 epoch 3 - iter 21/35 - loss 18.55826292 - samples/sec: 86.53 - lr: 0.500000
2021-02-05 10:43:41,171 epoch 3 - iter 24/35 - loss 18.28101802 - samples/sec: 83.98 - lr: 0.500000
2021-02-05 10:43:42,341 epoch 3 - iter 27/35 - loss 18.79769636 - samples/sec: 82.25 - lr: 0.500000
2021-02-05 10:43:43,398 epoch 3 - iter 30/35 - loss 18.77768879 - samples/sec: 90.87 - lr: 0.500000
2021-02-05 10:43:44,304 epoch 3 - iter 33/35 - loss 18.95773905 - samples/sec: 106.14 - lr: 0.500000
2021-02-05 10:43:45,017 ----------------------------------------------------------------------------------------------------
2021-02-05 10:43:45,018 EPOCH 3 done: loss 18.8763 - lr 0.5000000
2021-02-05 10:43:46,181 DEV : loss 212.83709716796875 - score 0.0
2021-02-05 10:43:46,191 BAD EPOCHS (no improvement): 2
2021-02-05 10:43:46,193 ----------------------------------------------------------------------------------------------------
2021-02-05 10:43:47,109 epoch 4 - iter 3/35 - loss 17.34395885 - samples/sec: 104.98 - lr: 0.500000
2021-02-05 10:43:48,455 epoch 4 - iter 6/35 - loss 21.32206933 - samples/sec: 71.35 - lr: 0.500000
2021-02-05 10:43:49,228 epoch 4 - iter 9/35 - loss 19.80246618 - samples/sec: 124.30 - lr: 0.500000
2021-02-05 10:43:50,095 epoch 4 - iter 12/35 - loss 19.58237418 - samples/sec: 110.87 - lr: 0.500000
2021-02-05 10:43:51,505 epoch 4 - iter 15/35 - loss 19.14011599 - samples/sec: 68.12 - lr: 0.500000
2021-02-05 10:43:52,356 epoch 4 - iter 18/35 - loss 18.65317583 - samples/sec: 112.89 - lr: 0.500000
2021-02-05 10:43:53,562 epoch 4 - iter 21/35 - loss 18.56441738 - samples/sec: 79.68 - lr: 0.500000
2021-02-05 10:43:54,605 epoch 4 - iter 24/35 - loss 18.17050763 - samples/sec: 92.16 - lr: 0.500000
2021-02-05 10:43:55,639 epoch 4 - iter 27/35 - loss 18.13652692 - samples/sec: 92.86 - lr: 0.500000
2021-02-05 10:43:56,595 epoch 4 - iter 30/35 - loss 18.12557650 - samples/sec: 100.58 - lr: 0.500000
2021-02-05 10:43:57,474 epoch 4 - iter 33/35 - loss 18.09986013 - samples/sec: 109.29 - lr: 0.500000
2021-02-05 10:43:58,265 ----------------------------------------------------------------------------------------------------
2021-02-05 10:43:58,267 EPOCH 4 done: loss 17.8823 - lr 0.5000000
2021-02-05 10:44:00,119 DEV : loss 237.69577026367188 - score 0.0
2021-02-05 10:44:00,137 BAD EPOCHS (no improvement): 3
2021-02-05 10:44:00,139 ----------------------------------------------------------------------------------------------------
2021-02-05 10:44:01,655 epoch 5 - iter 3/35 - loss 12.59312963 - samples/sec: 63.40 - lr: 0.500000
2021-02-05 10:44:02,944 epoch 5 - iter 6/35 - loss 18.25438476 - samples/sec: 74.53 - lr: 0.500000
2021-02-05 10:44:03,756 epoch 5 - iter 9/35 - loss 18.60650682 - samples/sec: 118.31 - lr: 0.500000
2021-02-05 10:44:05,249 epoch 5 - iter 12/35 - loss 19.00600024 - samples/sec: 64.35 - lr: 0.500000
2021-02-05 10:44:07,559 epoch 5 - iter 15/35 - loss 18.93722970 - samples/sec: 41.59 - lr: 0.500000
2021-02-05 10:44:09,024 epoch 5 - iter 18/35 - loss 18.25048831 - samples/sec: 65.89 - lr: 0.500000
2021-02-05 10:44:10,622 epoch 5 - iter 21/35 - loss 18.18480240 - samples/sec: 60.14 - lr: 0.500000
2021-02-05 10:44:11,693 epoch 5 - iter 24/35 - loss 17.92986693 - samples/sec: 89.73 - lr: 0.500000
2021-02-05 10:44:13,469 epoch 5 - iter 27/35 - loss 18.06163595 - samples/sec: 54.09 - lr: 0.500000
2021-02-05 10:44:15,089 epoch 5 - iter 30/35 - loss 18.12075016 - samples/sec: 59.29 - lr: 0.500000
2021-02-05 10:44:17,265 epoch 5 - iter 33/35 - loss 18.30708838 - samples/sec: 44.16 - lr: 0.500000
2021-02-05 10:44:18,685 ----------------------------------------------------------------------------------------------------
2021-02-05 10:44:18,686 EPOCH 5 done: loss 18.1372 - lr 0.5000000
2021-02-05 10:44:20,623 DEV : loss 218.53550720214844 - score 0.0
2021-02-05 10:44:20,636 BAD EPOCHS (no improvement): 4
2021-02-05 10:44:20,642 ----------------------------------------------------------------------------------------------------
2021-02-05 10:44:22,019 epoch 6 - iter 3/35 - loss 12.40752792 - samples/sec: 69.82 - lr: 0.250000
2021-02-05 10:44:23,913 epoch 6 - iter 6/35 - loss 15.61451880 - samples/sec: 50.74 - lr: 0.250000
2021-02-05 10:44:24,948 epoch 6 - iter 9/35 - loss 14.37639681 - samples/sec: 92.89 - lr: 0.250000
2021-02-05 10:44:26,042 epoch 6 - iter 12/35 - loss 14.06939967 - samples/sec: 87.95 - lr: 0.250000
2021-02-05 10:44:27,507 epoch 6 - iter 15/35 - loss 13.84565926 - samples/sec: 65.60 - lr: 0.250000
2021-02-05 10:44:28,644 epoch 6 - iter 18/35 - loss 13.26628436 - samples/sec: 84.51 - lr: 0.250000
2021-02-05 10:44:29,829 epoch 6 - iter 21/35 - loss 13.07290141 - samples/sec: 81.12 - lr: 0.250000
2021-02-05 10:44:30,939 epoch 6 - iter 24/35 - loss 12.83255470 - samples/sec: 86.58 - lr: 0.250000
2021-02-05 10:44:31,971 epoch 6 - iter 27/35 - loss 12.99782142 - samples/sec: 93.15 - lr: 0.250000
2021-02-05 10:44:33,062 epoch 6 - iter 30/35 - loss 13.04814962 - samples/sec: 88.12 - lr: 0.250000
2021-02-05 10:44:34,055 epoch 6 - iter 33/35 - loss 13.19217910 - samples/sec: 96.86 - lr: 0.250000
2021-02-05 10:44:34,784 ----------------------------------------------------------------------------------------------------
2021-02-05 10:44:34,785 EPOCH 6 done: loss 13.1207 - lr 0.2500000
2021-02-05 10:44:35,873 DEV : loss 221.70277404785156 - score 0.0
2021-02-05 10:44:35,882 BAD EPOCHS (no improvement): 1
2021-02-05 10:44:35,884 ----------------------------------------------------------------------------------------------------
2021-02-05 10:44:36,825 epoch 7 - iter 3/35 - loss 11.23168310 - samples/sec: 102.17 - lr: 0.250000
2021-02-05 10:44:37,937 epoch 7 - iter 6/35 - loss 14.55696742 - samples/sec: 86.41 - lr: 0.250000
2021-02-05 10:44:38,721 epoch 7 - iter 9/35 - loss 13.60696051 - samples/sec: 122.64 - lr: 0.250000
2021-02-05 10:44:39,658 epoch 7 - iter 12/35 - loss 13.56679122 - samples/sec: 102.47 - lr: 0.250000
2021-02-05 10:44:40,933 epoch 7 - iter 15/35 - loss 13.31857649 - samples/sec: 75.40 - lr: 0.250000
2021-02-05 10:44:41,795 epoch 7 - iter 18/35 - loss 12.72401971 - samples/sec: 111.38 - lr: 0.250000
2021-02-05 10:44:42,883 epoch 7 - iter 21/35 - loss 12.63563177 - samples/sec: 88.32 - lr: 0.250000
2021-02-05 10:44:43,873 epoch 7 - iter 24/35 - loss 12.47193382 - samples/sec: 97.03 - lr: 0.250000
2021-02-05 10:44:44,807 epoch 7 - iter 27/35 - loss 12.59380388 - samples/sec: 102.98 - lr: 0.250000
2021-02-05 10:44:45,709 epoch 7 - iter 30/35 - loss 12.72324567 - samples/sec: 106.47 - lr: 0.250000
2021-02-05 10:44:46,540 epoch 7 - iter 33/35 - loss 12.89129837 - samples/sec: 115.64 - lr: 0.250000
2021-02-05 10:44:47,304 ----------------------------------------------------------------------------------------------------
2021-02-05 10:44:47,305 EPOCH 7 done: loss 12.7493 - lr 0.2500000
2021-02-05 10:44:48,379 DEV : loss 234.98887634277344 - score 0.0
2021-02-05 10:44:48,398 BAD EPOCHS (no improvement): 2
2021-02-05 10:44:48,399 ----------------------------------------------------------------------------------------------------
2021-02-05 10:44:49,358 epoch 8 - iter 3/35 - loss 10.83224122 - samples/sec: 100.38 - lr: 0.250000
2021-02-05 10:44:50,480 epoch 8 - iter 6/35 - loss 14.01280379 - samples/sec: 85.57 - lr: 0.250000
2021-02-05 10:44:51,258 epoch 8 - iter 9/35 - loss 13.19941801 - samples/sec: 123.57 - lr: 0.250000
2021-02-05 10:44:52,124 epoch 8 - iter 12/35 - loss 13.14980702 - samples/sec: 110.92 - lr: 0.250000
2021-02-05 10:44:53,383 epoch 8 - iter 15/35 - loss 13.05935958 - samples/sec: 76.31 - lr: 0.250000
2021-02-05 10:44:54,286 epoch 8 - iter 18/35 - loss 12.61286473 - samples/sec: 106.48 - lr: 0.250000
2021-02-05 10:44:55,358 epoch 8 - iter 21/35 - loss 12.50802996 - samples/sec: 89.64 - lr: 0.250000
2021-02-05 10:44:56,328 epoch 8 - iter 24/35 - loss 12.21768838 - samples/sec: 99.02 - lr: 0.250000
2021-02-05 10:44:57,259 epoch 8 - iter 27/35 - loss 12.29925811 - samples/sec: 103.20 - lr: 0.250000
2021-02-05 10:44:58,158 epoch 8 - iter 30/35 - loss 12.33816794 - samples/sec: 106.92 - lr: 0.250000
2021-02-05 10:44:59,118 epoch 8 - iter 33/35 - loss 12.51368015 - samples/sec: 100.14 - lr: 0.250000
2021-02-05 10:44:59,801 ----------------------------------------------------------------------------------------------------
2021-02-05 10:44:59,802 EPOCH 8 done: loss 12.3353 - lr 0.2500000
2021-02-05 10:45:00,903 DEV : loss 228.93785095214844 - score 0.0
2021-02-05 10:45:00,914 BAD EPOCHS (no improvement): 3
2021-02-05 10:45:00,916 ----------------------------------------------------------------------------------------------------
2021-02-05 10:45:01,821 epoch 9 - iter 3/35 - loss 10.46277221 - samples/sec: 106.28 - lr: 0.250000
2021-02-05 10:45:02,935 epoch 9 - iter 6/35 - loss 13.64115437 - samples/sec: 86.17 - lr: 0.250000
2021-02-05 10:45:03,722 epoch 9 - iter 9/35 - loss 13.05082560 - samples/sec: 122.29 - lr: 0.250000
2021-02-05 10:45:04,626 epoch 9 - iter 12/35 - loss 13.10467692 - samples/sec: 106.28 - lr: 0.250000
2021-02-05 10:45:05,930 epoch 9 - iter 15/35 - loss 12.98601955 - samples/sec: 73.68 - lr: 0.250000
2021-02-05 10:45:06,804 epoch 9 - iter 18/35 - loss 12.34864434 - samples/sec: 109.89 - lr: 0.250000
2021-02-05 10:45:07,933 epoch 9 - iter 21/35 - loss 12.30942774 - samples/sec: 85.15 - lr: 0.250000
2021-02-05 10:45:08,921 epoch 9 - iter 24/35 - loss 12.05755641 - samples/sec: 97.31 - lr: 0.250000
2021-02-05 10:45:09,856 epoch 9 - iter 27/35 - loss 12.12537460 - samples/sec: 102.68 - lr: 0.250000
2021-02-05 10:45:10,757 epoch 9 - iter 30/35 - loss 12.14549432 - samples/sec: 106.67 - lr: 0.250000
2021-02-05 10:45:11,592 epoch 9 - iter 33/35 - loss 12.30034312 - samples/sec: 115.10 - lr: 0.250000
2021-02-05 10:45:12,267 ----------------------------------------------------------------------------------------------------
2021-02-05 10:45:12,268 EPOCH 9 done: loss 12.2681 - lr 0.2500000
2021-02-05 10:45:13,363 DEV : loss 231.0247344970703 - score 0.0
2021-02-05 10:45:13,376 BAD EPOCHS (no improvement): 4
2021-02-05 10:45:13,377 ----------------------------------------------------------------------------------------------------
2021-02-05 10:45:14,318 epoch 10 - iter 3/35 - loss 11.08764648 - samples/sec: 102.16 - lr: 0.125000
2021-02-05 10:45:15,441 epoch 10 - iter 6/35 - loss 13.13688676 - samples/sec: 85.50 - lr: 0.125000
2021-02-05 10:45:16,224 epoch 10 - iter 9/35 - loss 12.28244220 - samples/sec: 122.77 - lr: 0.125000
2021-02-05 10:45:17,103 epoch 10 - iter 12/35 - loss 12.07563464 - samples/sec: 109.34 - lr: 0.125000
2021-02-05 10:45:18,370 epoch 10 - iter 15/35 - loss 11.89678281 - samples/sec: 75.81 - lr: 0.125000
2021-02-05 10:45:19,228 epoch 10 - iter 18/35 - loss 11.42139806 - samples/sec: 112.09 - lr: 0.125000
2021-02-05 10:45:20,313 epoch 10 - iter 21/35 - loss 11.24937375 - samples/sec: 88.50 - lr: 0.125000
2021-02-05 10:45:21,341 epoch 10 - iter 24/35 - loss 11.06071178 - samples/sec: 93.50 - lr: 0.125000
2021-02-05 10:45:22,311 epoch 10 - iter 27/35 - loss 11.12758721 - samples/sec: 99.06 - lr: 0.125000
2021-02-05 10:45:23,207 epoch 10 - iter 30/35 - loss 11.18273659 - samples/sec: 107.26 - lr: 0.125000
2021-02-05 10:45:24,056 epoch 10 - iter 33/35 - loss 11.32837874 - samples/sec: 113.09 - lr: 0.125000
2021-02-05 10:45:24,741 ----------------------------------------------------------------------------------------------------
2021-02-05 10:45:24,742 EPOCH 10 done: loss 11.1546 - lr 0.1250000
2021-02-05 10:45:25,847 DEV : loss 227.698974609375 - score 0.0
2021-02-05 10:45:25,857 BAD EPOCHS (no improvement): 1
2021-02-05 10:45:25,858 ----------------------------------------------------------------------------------------------------
2021-02-05 10:45:26,763 epoch 11 - iter 3/35 - loss 10.35603046 - samples/sec: 106.31 - lr: 0.125000
2021-02-05 10:45:27,881 epoch 11 - iter 6/35 - loss 12.49334113 - samples/sec: 85.91 - lr: 0.125000
2021-02-05 10:45:28,655 epoch 11 - iter 9/35 - loss 11.81835726 - samples/sec: 124.09 - lr: 0.125000
2021-02-05 10:45:29,530 epoch 11 - iter 12/35 - loss 11.61522826 - samples/sec: 109.84 - lr: 0.125000
2021-02-05 10:45:30,791 epoch 11 - iter 15/35 - loss 11.43799807 - samples/sec: 76.19 - lr: 0.125000
2021-02-05 10:45:31,645 epoch 11 - iter 18/35 - loss 10.97194189 - samples/sec: 112.51 - lr: 0.125000
2021-02-05 10:45:32,759 epoch 11 - iter 21/35 - loss 10.86827968 - samples/sec: 86.30 - lr: 0.125000
2021-02-05 10:45:33,772 epoch 11 - iter 24/35 - loss 10.64120336 - samples/sec: 94.84 - lr: 0.125000
2021-02-05 10:45:34,726 epoch 11 - iter 27/35 - loss 10.70924183 - samples/sec: 100.69 - lr: 0.125000
2021-02-05 10:45:35,635 epoch 11 - iter 30/35 - loss 10.77740221 - samples/sec: 105.71 - lr: 0.125000
2021-02-05 10:45:36,477 epoch 11 - iter 33/35 - loss 10.91817165 - samples/sec: 114.09 - lr: 0.125000
2021-02-05 10:45:37,213 ----------------------------------------------------------------------------------------------------
2021-02-05 10:45:37,214 EPOCH 11 done: loss 10.7633 - lr 0.1250000
2021-02-05 10:45:38,320 DEV : loss 242.98611450195312 - score 0.0
2021-02-05 10:45:38,333 BAD EPOCHS (no improvement): 2
2021-02-05 10:45:38,334 ----------------------------------------------------------------------------------------------------
2021-02-05 10:45:39,309 epoch 12 - iter 3/35 - loss 9.99927235 - samples/sec: 98.73 - lr: 0.125000
2021-02-05 10:45:40,434 epoch 12 - iter 6/35 - loss 12.26523431 - samples/sec: 85.40 - lr: 0.125000
2021-02-05 10:45:41,214 epoch 12 - iter 9/35 - loss 11.58973863 - samples/sec: 123.18 - lr: 0.125000
2021-02-05 10:45:42,086 epoch 12 - iter 12/35 - loss 11.33625881 - samples/sec: 110.24 - lr: 0.125000
2021-02-05 10:45:43,359 epoch 12 - iter 15/35 - loss 11.05167046 - samples/sec: 75.45 - lr: 0.125000
2021-02-05 10:45:44,249 epoch 12 - iter 18/35 - loss 10.73470389 - samples/sec: 108.02 - lr: 0.125000
2021-02-05 10:45:45,333 epoch 12 - iter 21/35 - loss 10.72150841 - samples/sec: 88.56 - lr: 0.125000
2021-02-05 10:45:46,349 epoch 12 - iter 24/35 - loss 10.50596225 - samples/sec: 94.62 - lr: 0.125000
2021-02-05 10:45:47,285 epoch 12 - iter 27/35 - loss 10.61001414 - samples/sec: 102.65 - lr: 0.125000
2021-02-05 10:45:48,178 epoch 12 - iter 30/35 - loss 10.66809826 - samples/sec: 107.59 - lr: 0.125000
2021-02-05 10:45:49,010 epoch 12 - iter 33/35 - loss 10.81741327 - samples/sec: 115.53 - lr: 0.125000
2021-02-05 10:45:49,705 ----------------------------------------------------------------------------------------------------
2021-02-05 10:45:49,706 EPOCH 12 done: loss 10.7038 - lr 0.1250000
2021-02-05 10:45:50,804 DEV : loss 239.67233276367188 - score 0.0
2021-02-05 10:45:50,814 BAD EPOCHS (no improvement): 3
2021-02-05 10:45:50,816 ----------------------------------------------------------------------------------------------------
2021-02-05 10:45:51,725 epoch 13 - iter 3/35 - loss 9.92574167 - samples/sec: 105.79 - lr: 0.125000
2021-02-05 10:45:52,877 epoch 13 - iter 6/35 - loss 12.15880863 - samples/sec: 83.34 - lr: 0.125000
2021-02-05 10:45:53,661 epoch 13 - iter 9/35 - loss 11.56971735 - samples/sec: 122.62 - lr: 0.125000
2021-02-05 10:45:54,557 epoch 13 - iter 12/35 - loss 11.40997557 - samples/sec: 107.22 - lr: 0.125000
2021-02-05 10:45:55,838 epoch 13 - iter 15/35 - loss 11.19985628 - samples/sec: 75.03 - lr: 0.125000
2021-02-05 10:45:56,691 epoch 13 - iter 18/35 - loss 10.78890883 - samples/sec: 112.63 - lr: 0.125000
2021-02-05 10:45:57,768 epoch 13 - iter 21/35 - loss 10.64017357 - samples/sec: 89.23 - lr: 0.125000
2021-02-05 10:45:58,767 epoch 13 - iter 24/35 - loss 10.41724791 - samples/sec: 96.20 - lr: 0.125000
2021-02-05 10:45:59,694 epoch 13 - iter 27/35 - loss 10.52705134 - samples/sec: 103.61 - lr: 0.125000
2021-02-05 10:46:00,593 epoch 13 - iter 30/35 - loss 10.60357315 - samples/sec: 106.89 - lr: 0.125000
2021-02-05 10:46:01,426 epoch 13 - iter 33/35 - loss 10.71065933 - samples/sec: 115.32 - lr: 0.125000
2021-02-05 10:46:02,094 ----------------------------------------------------------------------------------------------------
2021-02-05 10:46:02,094 EPOCH 13 done: loss 10.6126 - lr 0.1250000
2021-02-05 10:46:03,243 DEV : loss 238.28236389160156 - score 0.0
2021-02-05 10:46:03,253 BAD EPOCHS (no improvement): 4
2021-02-05 10:46:03,255 ----------------------------------------------------------------------------------------------------
2021-02-05 10:46:04,169 epoch 14 - iter 3/35 - loss 9.83736436 - samples/sec: 105.20 - lr: 0.062500
2021-02-05 10:46:05,284 epoch 14 - iter 6/35 - loss 11.60729162 - samples/sec: 86.22 - lr: 0.062500
2021-02-05 10:46:06,063 epoch 14 - iter 9/35 - loss 11.04725154 - samples/sec: 123.33 - lr: 0.062500
2021-02-05 10:46:06,937 epoch 14 - iter 12/35 - loss 10.90464954 - samples/sec: 109.90 - lr: 0.062500
2021-02-05 10:46:08,201 epoch 14 - iter 15/35 - loss 10.77701286 - samples/sec: 76.05 - lr: 0.062500
2021-02-05 10:46:09,111 epoch 14 - iter 18/35 - loss 10.42569211 - samples/sec: 105.57 - lr: 0.062500
2021-02-05 10:46:10,196 epoch 14 - iter 21/35 - loss 10.36683507 - samples/sec: 88.56 - lr: 0.062500
2021-02-05 10:46:11,180 epoch 14 - iter 24/35 - loss 10.14584927 - samples/sec: 97.68 - lr: 0.062500
2021-02-05 10:46:12,110 epoch 14 - iter 27/35 - loss 10.21906987 - samples/sec: 103.28 - lr: 0.062500
2021-02-05 10:46:13,005 epoch 14 - iter 30/35 - loss 10.25454597 - samples/sec: 107.39 - lr: 0.062500
2021-02-05 10:46:13,838 epoch 14 - iter 33/35 - loss 10.39400768 - samples/sec: 115.36 - lr: 0.062500
2021-02-05 10:46:14,531 ----------------------------------------------------------------------------------------------------
2021-02-05 10:46:14,532 EPOCH 14 done: loss 10.2931 - lr 0.0625000
2021-02-05 10:46:15,631 DEV : loss 237.92654418945312 - score 0.0
2021-02-05 10:46:15,641 BAD EPOCHS (no improvement): 1
2021-02-05 10:46:15,644 ----------------------------------------------------------------------------------------------------
2021-02-05 10:46:16,554 epoch 15 - iter 3/35 - loss 9.46181154 - samples/sec: 105.66 - lr: 0.062500
2021-02-05 10:46:17,673 epoch 15 - iter 6/35 - loss 11.42537316 - samples/sec: 85.82 - lr: 0.062500
2021-02-05 10:46:18,453 epoch 15 - iter 9/35 - loss 10.89569786 - samples/sec: 123.19 - lr: 0.062500
2021-02-05 10:46:19,322 epoch 15 - iter 12/35 - loss 10.72236272 - samples/sec: 110.68 - lr: 0.062500
2021-02-05 10:46:20,588 epoch 15 - iter 15/35 - loss 10.51065756 - samples/sec: 75.88 - lr: 0.062500
2021-02-05 10:46:21,443 epoch 15 - iter 18/35 - loss 10.17757249 - samples/sec: 112.41 - lr: 0.062500
2021-02-05 10:46:22,557 epoch 15 - iter 21/35 - loss 10.07531936 - samples/sec: 86.24 - lr: 0.062500
2021-02-05 10:46:23,534 epoch 15 - iter 24/35 - loss 9.96579013 - samples/sec: 98.35 - lr: 0.062500
2021-02-05 10:46:24,479 epoch 15 - iter 27/35 - loss 10.01251237 - samples/sec: 101.71 - lr: 0.062500
2021-02-05 10:46:25,405 epoch 15 - iter 30/35 - loss 10.09229337 - samples/sec: 103.79 - lr: 0.062500
2021-02-05 10:46:26,235 epoch 15 - iter 33/35 - loss 10.23491575 - samples/sec: 115.71 - lr: 0.062500
2021-02-05 10:46:26,907 ----------------------------------------------------------------------------------------------------
2021-02-05 10:46:26,908 EPOCH 15 done: loss 10.1394 - lr 0.0625000
2021-02-05 10:46:28,020 DEV : loss 237.3383026123047 - score 0.0
2021-02-05 10:46:28,032 BAD EPOCHS (no improvement): 2
2021-02-05 10:46:28,034 ----------------------------------------------------------------------------------------------------
2021-02-05 10:46:28,942 epoch 16 - iter 3/35 - loss 9.30678749 - samples/sec: 105.88 - lr: 0.062500
2021-02-05 10:46:30,105 epoch 16 - iter 6/35 - loss 11.45311292 - samples/sec: 82.63 - lr: 0.062500
2021-02-05 10:46:30,888 epoch 16 - iter 9/35 - loss 10.85802396 - samples/sec: 122.67 - lr: 0.062500
2021-02-05 10:46:31,760 epoch 16 - iter 12/35 - loss 10.79622730 - samples/sec: 110.32 - lr: 0.062500
2021-02-05 10:46:33,031 epoch 16 - iter 15/35 - loss 10.60054131 - samples/sec: 75.56 - lr: 0.062500
2021-02-05 10:46:33,892 epoch 16 - iter 18/35 - loss 10.27174420 - samples/sec: 111.54 - lr: 0.062500
2021-02-05 10:46:34,980 epoch 16 - iter 21/35 - loss 10.18686163 - samples/sec: 88.32 - lr: 0.062500
2021-02-05 10:46:35,960 epoch 16 - iter 24/35 - loss 10.00546634 - samples/sec: 98.13 - lr: 0.062500
2021-02-05 10:46:36,889 epoch 16 - iter 27/35 - loss 10.10014174 - samples/sec: 103.43 - lr: 0.062500
2021-02-05 10:46:37,776 epoch 16 - iter 30/35 - loss 10.12065849 - samples/sec: 108.34 - lr: 0.062500
2021-02-05 10:46:38,645 epoch 16 - iter 33/35 - loss 10.22396024 - samples/sec: 110.59 - lr: 0.062500
2021-02-05 10:46:39,353 ----------------------------------------------------------------------------------------------------
2021-02-05 10:46:39,354 EPOCH 16 done: loss 10.0813 - lr 0.0625000
2021-02-05 10:46:40,494 DEV : loss 239.68206787109375 - score 0.0
2021-02-05 10:46:40,508 BAD EPOCHS (no improvement): 3
2021-02-05 10:46:40,509 ----------------------------------------------------------------------------------------------------
2021-02-05 10:46:41,536 epoch 17 - iter 3/35 - loss 9.38379431 - samples/sec: 93.69 - lr: 0.062500
2021-02-05 10:46:42,705 epoch 17 - iter 6/35 - loss 11.59311954 - samples/sec: 82.18 - lr: 0.062500
2021-02-05 10:46:43,488 epoch 17 - iter 9/35 - loss 11.06137705 - samples/sec: 122.72 - lr: 0.062500
2021-02-05 10:46:44,391 epoch 17 - iter 12/35 - loss 10.84352036 - samples/sec: 106.43 - lr: 0.062500
2021-02-05 10:46:45,661 epoch 17 - iter 15/35 - loss 10.64175558 - samples/sec: 75.65 - lr: 0.062500
2021-02-05 10:46:46,535 epoch 17 - iter 18/35 - loss 10.25961375 - samples/sec: 109.93 - lr: 0.062500
2021-02-05 10:46:47,622 epoch 17 - iter 21/35 - loss 10.15130890 - samples/sec: 88.42 - lr: 0.062500
2021-02-05 10:46:48,597 epoch 17 - iter 24/35 - loss 9.98658377 - samples/sec: 98.59 - lr: 0.062500
2021-02-05 10:46:49,531 epoch 17 - iter 27/35 - loss 10.11055955 - samples/sec: 102.90 - lr: 0.062500
2021-02-05 10:46:50,433 epoch 17 - iter 30/35 - loss 10.13356601 - samples/sec: 106.54 - lr: 0.062500
2021-02-05 10:46:51,271 epoch 17 - iter 33/35 - loss 10.23760875 - samples/sec: 114.65 - lr: 0.062500
2021-02-05 10:46:51,945 ----------------------------------------------------------------------------------------------------
2021-02-05 10:46:51,946 EPOCH 17 done: loss 10.0608 - lr 0.0625000
2021-02-05 10:46:53,052 DEV : loss 242.0474395751953 - score 0.0
2021-02-05 10:46:53,064 BAD EPOCHS (no improvement): 4
2021-02-05 10:46:53,066 ----------------------------------------------------------------------------------------------------
2021-02-05 10:46:53,991 epoch 18 - iter 3/35 - loss 9.67597866 - samples/sec: 103.91 - lr: 0.031250
2021-02-05 10:46:55,145 epoch 18 - iter 6/35 - loss 11.50625928 - samples/sec: 83.26 - lr: 0.031250
2021-02-05 10:46:55,926 epoch 18 - iter 9/35 - loss 10.83969741 - samples/sec: 123.03 - lr: 0.031250
2021-02-05 10:46:56,824 epoch 18 - iter 12/35 - loss 10.68778666 - samples/sec: 107.03 - lr: 0.031250
2021-02-05 10:46:58,162 epoch 18 - iter 15/35 - loss 10.55776437 - samples/sec: 71.78 - lr: 0.031250
2021-02-05 10:46:59,017 epoch 18 - iter 18/35 - loss 10.19664285 - samples/sec: 112.51 - lr: 0.031250
2021-02-05 10:47:00,099 epoch 18 - iter 21/35 - loss 10.08714233 - samples/sec: 88.79 - lr: 0.031250
2021-02-05 10:47:01,079 epoch 18 - iter 24/35 - loss 9.95651648 - samples/sec: 98.00 - lr: 0.031250
2021-02-05 10:47:02,009 epoch 18 - iter 27/35 - loss 10.01602270 - samples/sec: 103.27 - lr: 0.031250
2021-02-05 10:47:02,900 epoch 18 - iter 30/35 - loss 10.07771544 - samples/sec: 107.92 - lr: 0.031250
2021-02-05 10:47:03,732 epoch 18 - iter 33/35 - loss 10.20617212 - samples/sec: 115.48 - lr: 0.031250
2021-02-05 10:47:04,445 ----------------------------------------------------------------------------------------------------
2021-02-05 10:47:04,446 EPOCH 18 done: loss 10.0371 - lr 0.0312500
2021-02-05 10:47:05,518 DEV : loss 237.95306396484375 - score 0.0
2021-02-05 10:47:05,529 BAD EPOCHS (no improvement): 1
2021-02-05 10:47:05,530 ----------------------------------------------------------------------------------------------------
2021-02-05 10:47:06,444 epoch 19 - iter 3/35 - loss 9.02792056 - samples/sec: 105.16 - lr: 0.031250
2021-02-05 10:47:07,558 epoch 19 - iter 6/35 - loss 11.10573284 - samples/sec: 86.24 - lr: 0.031250
2021-02-05 10:47:08,338 epoch 19 - iter 9/35 - loss 10.50163205 - samples/sec: 123.30 - lr: 0.031250
2021-02-05 10:47:09,210 epoch 19 - iter 12/35 - loss 10.40018002 - samples/sec: 110.22 - lr: 0.031250
2021-02-05 10:47:10,469 epoch 19 - iter 15/35 - loss 10.20669114 - samples/sec: 76.28 - lr: 0.031250
2021-02-05 10:47:11,457 epoch 19 - iter 18/35 - loss 9.93781312 - samples/sec: 97.21 - lr: 0.031250
2021-02-05 10:47:12,560 epoch 19 - iter 21/35 - loss 9.78439776 - samples/sec: 87.14 - lr: 0.031250
2021-02-05 10:47:13,601 epoch 19 - iter 24/35 - loss 9.63796367 - samples/sec: 92.32 - lr: 0.031250
2021-02-05 10:47:14,512 epoch 19 - iter 27/35 - loss 9.73829303 - samples/sec: 105.55 - lr: 0.031250
2021-02-05 10:47:15,395 epoch 19 - iter 30/35 - loss 9.84058366 - samples/sec: 108.82 - lr: 0.031250
2021-02-05 10:47:16,218 epoch 19 - iter 33/35 - loss 9.96078608 - samples/sec: 116.78 - lr: 0.031250
2021-02-05 10:47:16,875 ----------------------------------------------------------------------------------------------------
2021-02-05 10:47:16,876 EPOCH 19 done: loss 9.8687 - lr 0.0312500
2021-02-05 10:47:17,934 DEV : loss 237.14703369140625 - score 0.0
2021-02-05 10:47:17,944 BAD EPOCHS (no improvement): 2
2021-02-05 10:47:17,946 ----------------------------------------------------------------------------------------------------
2021-02-05 10:47:18,834 epoch 20 - iter 3/35 - loss 9.80658452 - samples/sec: 108.31 - lr: 0.031250
2021-02-05 10:47:19,981 epoch 20 - iter 6/35 - loss 11.38251932 - samples/sec: 83.75 - lr: 0.031250
2021-02-05 10:47:20,904 epoch 20 - iter 9/35 - loss 10.83311499 - samples/sec: 104.13 - lr: 0.031250
2021-02-05 10:47:21,892 epoch 20 - iter 12/35 - loss 10.60464887 - samples/sec: 97.22 - lr: 0.031250
2021-02-05 10:47:23,338 epoch 20 - iter 15/35 - loss 10.37876854 - samples/sec: 66.44 - lr: 0.031250
2021-02-05 10:47:24,197 epoch 20 - iter 18/35 - loss 9.99947384 - samples/sec: 111.89 - lr: 0.031250
2021-02-05 10:47:25,284 epoch 20 - iter 21/35 - loss 9.92325824 - samples/sec: 88.40 - lr: 0.031250
2021-02-05 10:47:26,260 epoch 20 - iter 24/35 - loss 9.77083997 - samples/sec: 98.42 - lr: 0.031250
2021-02-05 10:47:27,193 epoch 20 - iter 27/35 - loss 9.85448385 - samples/sec: 103.00 - lr: 0.031250
2021-02-05 10:47:28,103 epoch 20 - iter 30/35 - loss 9.91594632 - samples/sec: 105.62 - lr: 0.031250
2021-02-05 10:47:28,979 epoch 20 - iter 33/35 - loss 10.03195748 - samples/sec: 109.61 - lr: 0.031250
2021-02-05 10:47:29,656 ----------------------------------------------------------------------------------------------------
2021-02-05 10:47:29,657 EPOCH 20 done: loss 9.8511 - lr 0.0312500
2021-02-05 10:47:30,754 DEV : loss 237.65579223632812 - score 0.0
2021-02-05 10:47:30,766 BAD EPOCHS (no improvement): 3
2021-02-05 10:47:30,768 ----------------------------------------------------------------------------------------------------
2021-02-05 10:47:31,668 epoch 21 - iter 3/35 - loss 9.67551327 - samples/sec: 106.83 - lr: 0.031250
2021-02-05 10:47:32,877 epoch 21 - iter 6/35 - loss 11.48031950 - samples/sec: 79.43 - lr: 0.031250
2021-02-05 10:47:33,688 epoch 21 - iter 9/35 - loss 10.75544564 - samples/sec: 118.49 - lr: 0.031250
2021-02-05 10:47:34,592 epoch 21 - iter 12/35 - loss 10.54079441 - samples/sec: 106.30 - lr: 0.031250
2021-02-05 10:47:35,852 epoch 21 - iter 15/35 - loss 10.32731965 - samples/sec: 76.28 - lr: 0.031250
2021-02-05 10:47:36,707 epoch 21 - iter 18/35 - loss 9.97965272 - samples/sec: 112.34 - lr: 0.031250
2021-02-05 10:47:37,789 epoch 21 - iter 21/35 - loss 9.86714036 - samples/sec: 88.77 - lr: 0.031250
2021-02-05 10:47:38,764 epoch 21 - iter 24/35 - loss 9.68971892 - samples/sec: 98.62 - lr: 0.031250
2021-02-05 10:47:39,695 epoch 21 - iter 27/35 - loss 9.75096240 - samples/sec: 103.15 - lr: 0.031250
2021-02-05 10:47:40,593 epoch 21 - iter 30/35 - loss 9.79014654 - samples/sec: 107.01 - lr: 0.031250
2021-02-05 10:47:41,427 epoch 21 - iter 33/35 - loss 9.88030587 - samples/sec: 115.21 - lr: 0.031250
2021-02-05 10:47:42,103 ----------------------------------------------------------------------------------------------------
2021-02-05 10:47:42,104 EPOCH 21 done: loss 9.7427 - lr 0.0312500
2021-02-05 10:47:43,193 DEV : loss 237.82470703125 - score 0.0
2021-02-05 10:47:43,208 BAD EPOCHS (no improvement): 4
2021-02-05 10:47:43,210 ----------------------------------------------------------------------------------------------------
2021-02-05 10:47:44,173 epoch 22 - iter 3/35 - loss 9.44801760 - samples/sec: 99.78 - lr: 0.015625
2021-02-05 10:47:45,333 epoch 22 - iter 6/35 - loss 11.09277987 - samples/sec: 82.80 - lr: 0.015625
2021-02-05 10:47:46,115 epoch 22 - iter 9/35 - loss 10.62765169 - samples/sec: 123.03 - lr: 0.015625
2021-02-05 10:47:46,983 epoch 22 - iter 12/35 - loss 10.53966518 - samples/sec: 110.61 - lr: 0.015625
2021-02-05 10:47:48,236 epoch 22 - iter 15/35 - loss 10.39049438 - samples/sec: 76.66 - lr: 0.015625
2021-02-05 10:47:49,084 epoch 22 - iter 18/35 - loss 9.96501014 - samples/sec: 113.34 - lr: 0.015625
2021-02-05 10:47:50,167 epoch 22 - iter 21/35 - loss 9.86182061 - samples/sec: 88.69 - lr: 0.015625
2021-02-05 10:47:51,150 epoch 22 - iter 24/35 - loss 9.74780323 - samples/sec: 97.79 - lr: 0.015625
2021-02-05 10:47:52,077 epoch 22 - iter 27/35 - loss 9.84123094 - samples/sec: 103.68 - lr: 0.015625
2021-02-05 10:47:52,967 epoch 22 - iter 30/35 - loss 9.90869524 - samples/sec: 107.92 - lr: 0.015625
2021-02-05 10:47:53,803 epoch 22 - iter 33/35 - loss 10.00923488 - samples/sec: 114.97 - lr: 0.015625
2021-02-05 10:47:54,476 ----------------------------------------------------------------------------------------------------
2021-02-05 10:47:54,477 EPOCH 22 done: loss 9.8798 - lr 0.0156250
2021-02-05 10:47:55,557 DEV : loss 236.263671875 - score 0.0
2021-02-05 10:47:55,567 BAD EPOCHS (no improvement): 1
2021-02-05 10:47:55,569 ----------------------------------------------------------------------------------------------------
2021-02-05 10:47:56,469 epoch 23 - iter 3/35 - loss 9.12718900 - samples/sec: 106.83 - lr: 0.015625
2021-02-05 10:47:57,583 epoch 23 - iter 6/35 - loss 10.95756451 - samples/sec: 86.23 - lr: 0.015625
2021-02-05 10:47:58,401 epoch 23 - iter 9/35 - loss 10.44623375 - samples/sec: 117.52 - lr: 0.015625
2021-02-05 10:47:59,290 epoch 23 - iter 12/35 - loss 10.35937786 - samples/sec: 108.12 - lr: 0.015625
2021-02-05 10:48:00,570 epoch 23 - iter 15/35 - loss 10.21667881 - samples/sec: 75.03 - lr: 0.015625
2021-02-05 10:48:01,472 epoch 23 - iter 18/35 - loss 9.84694340 - samples/sec: 106.52 - lr: 0.015625
2021-02-05 10:48:02,551 epoch 23 - iter 21/35 - loss 9.71497860 - samples/sec: 89.10 - lr: 0.015625
2021-02-05 10:48:03,532 epoch 23 - iter 24/35 - loss 9.59636142 - samples/sec: 97.97 - lr: 0.015625
2021-02-05 10:48:04,463 epoch 23 - iter 27/35 - loss 9.67653209 - samples/sec: 103.18 - lr: 0.015625
2021-02-05 10:48:05,355 epoch 23 - iter 30/35 - loss 9.76986413 - samples/sec: 107.78 - lr: 0.015625
2021-02-05 10:48:06,188 epoch 23 - iter 33/35 - loss 9.94839915 - samples/sec: 115.24 - lr: 0.015625
2021-02-05 10:48:06,861 ----------------------------------------------------------------------------------------------------
2021-02-05 10:48:06,862 EPOCH 23 done: loss 9.7908 - lr 0.0156250
2021-02-05 10:48:07,960 DEV : loss 237.8296661376953 - score 0.0
2021-02-05 10:48:07,970 BAD EPOCHS (no improvement): 2
2021-02-05 10:48:07,972 ----------------------------------------------------------------------------------------------------
2021-02-05 10:48:08,875 epoch 24 - iter 3/35 - loss 9.26055574 - samples/sec: 106.42 - lr: 0.015625
2021-02-05 10:48:10,000 epoch 24 - iter 6/35 - loss 10.87662689 - samples/sec: 85.46 - lr: 0.015625
2021-02-05 10:48:10,782 epoch 24 - iter 9/35 - loss 10.37069808 - samples/sec: 122.94 - lr: 0.015625
2021-02-05 10:48:11,652 epoch 24 - iter 12/35 - loss 10.28497910 - samples/sec: 110.36 - lr: 0.015625
2021-02-05 10:48:12,912 epoch 24 - iter 15/35 - loss 10.11831201 - samples/sec: 76.29 - lr: 0.015625
2021-02-05 10:48:13,810 epoch 24 - iter 18/35 - loss 9.83243428 - samples/sec: 106.95 - lr: 0.015625
2021-02-05 10:48:14,892 epoch 24 - iter 21/35 - loss 9.75339567 - samples/sec: 88.82 - lr: 0.015625
2021-02-05 10:48:15,870 epoch 24 - iter 24/35 - loss 9.58278414 - samples/sec: 98.21 - lr: 0.015625
2021-02-05 10:48:16,854 epoch 24 - iter 27/35 - loss 9.66500600 - samples/sec: 97.70 - lr: 0.015625
2021-02-05 10:48:17,781 epoch 24 - iter 30/35 - loss 9.77352079 - samples/sec: 103.59 - lr: 0.015625
2021-02-05 10:48:18,616 epoch 24 - iter 33/35 - loss 9.93633160 - samples/sec: 115.12 - lr: 0.015625
2021-02-05 10:48:19,288 ----------------------------------------------------------------------------------------------------
2021-02-05 10:48:19,288 EPOCH 24 done: loss 9.7643 - lr 0.0156250
2021-02-05 10:48:20,390 DEV : loss 237.98507690429688 - score 0.0
2021-02-05 10:48:20,400 BAD EPOCHS (no improvement): 3
2021-02-05 10:48:20,402 ----------------------------------------------------------------------------------------------------
2021-02-05 10:48:21,309 epoch 25 - iter 3/35 - loss 9.50132084 - samples/sec: 106.04 - lr: 0.015625
2021-02-05 10:48:22,431 epoch 25 - iter 6/35 - loss 11.07005628 - samples/sec: 85.68 - lr: 0.015625
2021-02-05 10:48:23,208 epoch 25 - iter 9/35 - loss 10.43087297 - samples/sec: 123.61 - lr: 0.015625
2021-02-05 10:48:24,077 epoch 25 - iter 12/35 - loss 10.17171705 - samples/sec: 110.63 - lr: 0.015625
2021-02-05 10:48:25,334 epoch 25 - iter 15/35 - loss 10.06372852 - samples/sec: 76.44 - lr: 0.015625
2021-02-05 10:48:26,190 epoch 25 - iter 18/35 - loss 9.72727113 - samples/sec: 112.20 - lr: 0.015625
2021-02-05 10:48:27,265 epoch 25 - iter 21/35 - loss 9.72565596 - samples/sec: 89.36 - lr: 0.015625
2021-02-05 10:48:28,254 epoch 25 - iter 24/35 - loss 9.59569240 - samples/sec: 97.19 - lr: 0.015625
2021-02-05 10:48:29,243 epoch 25 - iter 27/35 - loss 9.68578197 - samples/sec: 97.11 - lr: 0.015625
2021-02-05 10:48:30,137 epoch 25 - iter 30/35 - loss 9.66825301 - samples/sec: 107.55 - lr: 0.015625
2021-02-05 10:48:30,972 epoch 25 - iter 33/35 - loss 9.82098019 - samples/sec: 115.08 - lr: 0.015625
2021-02-05 10:48:31,650 ----------------------------------------------------------------------------------------------------
2021-02-05 10:48:31,651 EPOCH 25 done: loss 9.6756 - lr 0.0156250
2021-02-05 10:48:32,795 DEV : loss 238.1817169189453 - score 0.0
2021-02-05 10:48:32,806 BAD EPOCHS (no improvement): 4
2021-02-05 10:48:32,807 ----------------------------------------------------------------------------------------------------
2021-02-05 10:48:33,707 epoch 26 - iter 3/35 - loss 9.31398646 - samples/sec: 106.97 - lr: 0.007812
2021-02-05 10:48:34,821 epoch 26 - iter 6/35 - loss 11.08684015 - samples/sec: 86.26 - lr: 0.007812
2021-02-05 10:48:35,616 epoch 26 - iter 9/35 - loss 10.41417376 - samples/sec: 120.84 - lr: 0.007812
2021-02-05 10:48:36,494 epoch 26 - iter 12/35 - loss 10.29138811 - samples/sec: 109.44 - lr: 0.007812
2021-02-05 10:48:37,759 epoch 26 - iter 15/35 - loss 10.19360218 - samples/sec: 75.96 - lr: 0.007812
2021-02-05 10:48:38,636 epoch 26 - iter 18/35 - loss 9.82211275 - samples/sec: 109.55 - lr: 0.007812
2021-02-05 10:48:39,750 epoch 26 - iter 21/35 - loss 9.74609627 - samples/sec: 86.29 - lr: 0.007812
2021-02-05 10:48:40,745 epoch 26 - iter 24/35 - loss 9.56906523 - samples/sec: 96.55 - lr: 0.007812
2021-02-05 10:48:41,674 epoch 26 - iter 27/35 - loss 9.68070788 - samples/sec: 103.45 - lr: 0.007812
2021-02-05 10:48:42,570 epoch 26 - iter 30/35 - loss 9.77240014 - samples/sec: 107.20 - lr: 0.007812
2021-02-05 10:48:43,431 epoch 26 - iter 33/35 - loss 9.94738999 - samples/sec: 111.66 - lr: 0.007812
2021-02-05 10:48:44,106 ----------------------------------------------------------------------------------------------------
2021-02-05 10:48:44,107 EPOCH 26 done: loss 9.8275 - lr 0.0078125
2021-02-05 10:48:46,537 DEV : loss 239.10348510742188 - score 0.0
2021-02-05 10:48:46,548 BAD EPOCHS (no improvement): 1
2021-02-05 10:48:46,550 ----------------------------------------------------------------------------------------------------
2021-02-05 10:48:47,455 epoch 27 - iter 3/35 - loss 9.54108063 - samples/sec: 106.39 - lr: 0.007812
2021-02-05 10:48:48,606 epoch 27 - iter 6/35 - loss 11.04770684 - samples/sec: 83.44 - lr: 0.007812
2021-02-05 10:48:49,444 epoch 27 - iter 9/35 - loss 10.45578941 - samples/sec: 114.70 - lr: 0.007812
2021-02-05 10:48:50,370 epoch 27 - iter 12/35 - loss 10.32006141 - samples/sec: 103.77 - lr: 0.007812
2021-02-05 10:48:51,637 epoch 27 - iter 15/35 - loss 10.10175883 - samples/sec: 75.81 - lr: 0.007812
2021-02-05 10:48:52,490 epoch 27 - iter 18/35 - loss 9.80802997 - samples/sec: 112.70 - lr: 0.007812
2021-02-05 10:48:53,611 epoch 27 - iter 21/35 - loss 9.77580216 - samples/sec: 85.69 - lr: 0.007812
2021-02-05 10:48:54,771 epoch 27 - iter 24/35 - loss 9.66208196 - samples/sec: 82.81 - lr: 0.007812
2021-02-05 10:48:55,721 epoch 27 - iter 27/35 - loss 9.71812556 - samples/sec: 101.33 - lr: 0.007812
2021-02-05 10:48:56,607 epoch 27 - iter 30/35 - loss 9.76256088 - samples/sec: 108.38 - lr: 0.007812
2021-02-05 10:48:57,424 epoch 27 - iter 33/35 - loss 9.89832690 - samples/sec: 117.75 - lr: 0.007812
2021-02-05 10:48:58,105 ----------------------------------------------------------------------------------------------------
2021-02-05 10:48:58,106 EPOCH 27 done: loss 9.7438 - lr 0.0078125
2021-02-05 10:48:59,202 DEV : loss 238.05081176757812 - score 0.0
2021-02-05 10:48:59,212 BAD EPOCHS (no improvement): 2
2021-02-05 10:48:59,215 ----------------------------------------------------------------------------------------------------
2021-02-05 10:49:00,099 epoch 28 - iter 3/35 - loss 9.44015567 - samples/sec: 108.74 - lr: 0.007812
2021-02-05 10:49:01,199 epoch 28 - iter 6/35 - loss 11.08409087 - samples/sec: 87.35 - lr: 0.007812
2021-02-05 10:49:01,961 epoch 28 - iter 9/35 - loss 10.46865273 - samples/sec: 126.08 - lr: 0.007812
2021-02-05 10:49:02,837 epoch 28 - iter 12/35 - loss 10.31597328 - samples/sec: 109.75 - lr: 0.007812
2021-02-05 10:49:04,074 epoch 28 - iter 15/35 - loss 10.19290835 - samples/sec: 77.78 - lr: 0.007812
2021-02-05 10:49:04,972 epoch 28 - iter 18/35 - loss 9.92851022 - samples/sec: 107.01 - lr: 0.007812
2021-02-05 10:49:06,074 epoch 28 - iter 21/35 - loss 9.86162719 - samples/sec: 87.13 - lr: 0.007812
2021-02-05 10:49:07,152 epoch 28 - iter 24/35 - loss 9.70091786 - samples/sec: 89.18 - lr: 0.007812
2021-02-05 10:49:08,208 epoch 28 - iter 27/35 - loss 9.75858047 - samples/sec: 90.95 - lr: 0.007812
2021-02-05 10:49:09,246 epoch 28 - iter 30/35 - loss 9.84284679 - samples/sec: 92.58 - lr: 0.007812
2021-02-05 10:49:10,221 epoch 28 - iter 33/35 - loss 9.96661647 - samples/sec: 98.50 - lr: 0.007812
2021-02-05 10:49:10,958 ----------------------------------------------------------------------------------------------------
2021-02-05 10:49:10,959 EPOCH 28 done: loss 9.8101 - lr 0.0078125
2021-02-05 10:49:12,085 DEV : loss 238.67982482910156 - score 0.0
2021-02-05 10:49:12,095 BAD EPOCHS (no improvement): 3
2021-02-05 10:49:12,098 ----------------------------------------------------------------------------------------------------
2021-02-05 10:49:13,035 epoch 29 - iter 3/35 - loss 9.33924484 - samples/sec: 102.67 - lr: 0.007812
2021-02-05 10:49:14,155 epoch 29 - iter 6/35 - loss 11.03827159 - samples/sec: 85.79 - lr: 0.007812
2021-02-05 10:49:14,937 epoch 29 - iter 9/35 - loss 10.39273771 - samples/sec: 122.93 - lr: 0.007812
2021-02-05 10:49:15,823 epoch 29 - iter 12/35 - loss 10.24124559 - samples/sec: 108.47 - lr: 0.007812
2021-02-05 10:49:17,144 epoch 29 - iter 15/35 - loss 10.15167796 - samples/sec: 72.74 - lr: 0.007812
2021-02-05 10:49:18,025 epoch 29 - iter 18/35 - loss 9.79834188 - samples/sec: 108.99 - lr: 0.007812
2021-02-05 10:49:19,117 epoch 29 - iter 21/35 - loss 9.69921564 - samples/sec: 88.00 - lr: 0.007812
2021-02-05 10:49:20,102 epoch 29 - iter 24/35 - loss 9.55991073 - samples/sec: 97.58 - lr: 0.007812
2021-02-05 10:49:21,087 epoch 29 - iter 27/35 - loss 9.57972113 - samples/sec: 97.58 - lr: 0.007812
2021-02-05 10:49:22,044 epoch 29 - iter 30/35 - loss 9.65812152 - samples/sec: 100.37 - lr: 0.007812
2021-02-05 10:49:22,907 epoch 29 - iter 33/35 - loss 9.78443932 - samples/sec: 111.36 - lr: 0.007812
2021-02-05 10:49:23,576 ----------------------------------------------------------------------------------------------------
2021-02-05 10:49:23,576 EPOCH 29 done: loss 9.6614 - lr 0.0078125
2021-02-05 10:49:24,750 DEV : loss 238.4808807373047 - score 0.0
2021-02-05 10:49:24,760 BAD EPOCHS (no improvement): 4
2021-02-05 10:49:24,768 ----------------------------------------------------------------------------------------------------
2021-02-05 10:49:25,711 epoch 30 - iter 3/35 - loss 9.62701766 - samples/sec: 101.91 - lr: 0.003906
2021-02-05 10:49:26,828 epoch 30 - iter 6/35 - loss 11.41880274 - samples/sec: 86.05 - lr: 0.003906
2021-02-05 10:49:27,610 epoch 30 - iter 9/35 - loss 10.76984416 - samples/sec: 122.82 - lr: 0.003906
2021-02-05 10:49:28,523 epoch 30 - iter 12/35 - loss 10.46320009 - samples/sec: 105.21 - lr: 0.003906
2021-02-05 10:49:29,937 epoch 30 - iter 15/35 - loss 10.24112142 - samples/sec: 67.97 - lr: 0.003906
2021-02-05 10:49:30,902 epoch 30 - iter 18/35 - loss 9.88452127 - samples/sec: 99.58 - lr: 0.003906
2021-02-05 10:49:32,106 epoch 30 - iter 21/35 - loss 9.76423836 - samples/sec: 79.78 - lr: 0.003906
2021-02-05 10:49:33,213 epoch 30 - iter 24/35 - loss 9.64880385 - samples/sec: 86.75 - lr: 0.003906
2021-02-05 10:49:34,161 epoch 30 - iter 27/35 - loss 9.65857935 - samples/sec: 101.42 - lr: 0.003906
2021-02-05 10:49:35,060 epoch 30 - iter 30/35 - loss 9.75370183 - samples/sec: 106.91 - lr: 0.003906
2021-02-05 10:49:35,934 epoch 30 - iter 33/35 - loss 9.90209251 - samples/sec: 109.90 - lr: 0.003906
2021-02-05 10:49:36,632 ----------------------------------------------------------------------------------------------------
2021-02-05 10:49:36,633 EPOCH 30 done: loss 9.7917 - lr 0.0039062
2021-02-05 10:49:37,814 DEV : loss 239.52468872070312 - score 0.0
2021-02-05 10:49:37,824 BAD EPOCHS (no improvement): 1
2021-02-05 10:49:37,827 ----------------------------------------------------------------------------------------------------
2021-02-05 10:49:38,744 epoch 31 - iter 3/35 - loss 9.43668397 - samples/sec: 104.82 - lr: 0.003906
2021-02-05 10:49:39,869 epoch 31 - iter 6/35 - loss 11.00939782 - samples/sec: 85.38 - lr: 0.003906
2021-02-05 10:49:40,649 epoch 31 - iter 9/35 - loss 10.38406224 - samples/sec: 123.16 - lr: 0.003906
2021-02-05 10:49:41,528 epoch 31 - iter 12/35 - loss 10.26123174 - samples/sec: 109.33 - lr: 0.003906
2021-02-05 10:49:42,795 epoch 31 - iter 15/35 - loss 10.16052354 - samples/sec: 75.83 - lr: 0.003906
2021-02-05 10:49:43,656 epoch 31 - iter 18/35 - loss 9.78740650 - samples/sec: 111.64 - lr: 0.003906
2021-02-05 10:49:44,744 epoch 31 - iter 21/35 - loss 9.68755867 - samples/sec: 88.35 - lr: 0.003906
2021-02-05 10:49:45,771 epoch 31 - iter 24/35 - loss 9.57893523 - samples/sec: 93.50 - lr: 0.003906
2021-02-05 10:49:46,699 epoch 31 - iter 27/35 - loss 9.68094635 - samples/sec: 103.57 - lr: 0.003906
2021-02-05 10:49:47,599 epoch 31 - iter 30/35 - loss 9.73319626 - samples/sec: 106.77 - lr: 0.003906
2021-02-05 10:49:48,437 epoch 31 - iter 33/35 - loss 9.85826787 - samples/sec: 114.70 - lr: 0.003906
2021-02-05 10:49:49,145 ----------------------------------------------------------------------------------------------------
2021-02-05 10:49:49,146 EPOCH 31 done: loss 9.7239 - lr 0.0039062
2021-02-05 10:49:50,244 DEV : loss 239.93096923828125 - score 0.0
2021-02-05 10:49:50,254 BAD EPOCHS (no improvement): 2
2021-02-05 10:49:53,259 ----------------------------------------------------------------------------------------------------
2021-02-05 10:49:53,261 Testing using best model ...
2021-02-05 10:49:53,262 loading file /Users/nihat/Desktop/resources/taggers/example-iso54/best-model.pt
2021-02-05 10:49:56,079 Ignore 1 sentence(s) with no tokens.
2021-02-05 10:49:56,132 	0.843
2021-02-05 10:49:56,133 
Results:
- F-score (micro): 0.843
- F-score (macro): 0.6162
- Accuracy (incl. no class): 0.843

By class:
                 precision    recall  f1-score   support

              O     0.9310    0.8986    0.9145      5710
          PLACE     0.4993    0.8396    0.6262       449
         MOTION     0.6538    0.6733    0.6634       202
  MOTION_SIGNAL     0.5562    0.6037    0.5789       164
 SPATIAL_ENTITY     0.8168    0.6143    0.7013       363
           PATH     0.6094    0.2468    0.3514       158
 SPATIAL_SIGNAL     0.6257    0.6223    0.6240       188
        MEASURE     0.4340    0.9452    0.5948        73
NONMOTION_EVENT     0.6585    0.3913    0.4909        69

       accuracy                         0.8430      7376
      macro avg     0.6428    0.6484    0.6162      7376
   weighted avg     0.8611    0.8430    0.8456      7376

2021-02-05 10:49:56,134 ----------------------------------------------------------------------------------------------------
