2021-03-18 16:49:52,868 ----------------------------------------------------------------------------------------------------
2021-03-18 16:49:52,869 Model: "SequenceTagger(
  (embeddings): StackedEmbeddings(
    (list_embedding_0): FlairEmbeddings(
      (lm): LanguageModel(
        (drop): Dropout(p=0.25, inplace=False)
        (encoder): Embedding(275, 100)
        (rnn): LSTM(100, 1024)
        (decoder): Linear(in_features=1024, out_features=275, bias=True)
      )
    )
    (list_embedding_1): FlairEmbeddings(
      (lm): LanguageModel(
        (drop): Dropout(p=0.25, inplace=False)
        (encoder): Embedding(275, 100)
        (rnn): LSTM(100, 1024)
        (decoder): Linear(in_features=1024, out_features=275, bias=True)
      )
    )
  )
  (word_dropout): WordDropout(p=0.05)
  (locked_dropout): LockedDropout(p=0.5)
  (embedding2nn): Linear(in_features=2048, out_features=2048, bias=True)
  (rnn): LSTM(2048, 128, batch_first=True, bidirectional=True)
  (linear): Linear(in_features=256, out_features=6, bias=True)
  (beta): 1.0
  (weights): None
  (weight_tensor) None
)"
2021-03-18 16:49:52,870 ----------------------------------------------------------------------------------------------------
2021-03-18 16:49:52,871 Corpus: "Corpus: 527 train + 59 dev + 65 test sentences"
2021-03-18 16:49:52,872 ----------------------------------------------------------------------------------------------------
2021-03-18 16:49:52,872 Parameters:
2021-03-18 16:49:52,873  - learning_rate: "0.15"
2021-03-18 16:49:52,874  - mini_batch_size: "8"
2021-03-18 16:49:52,874  - patience: "3"
2021-03-18 16:49:52,875  - anneal_factor: "0.5"
2021-03-18 16:49:52,876  - max_epochs: "15"
2021-03-18 16:49:52,877  - shuffle: "True"
2021-03-18 16:49:52,878  - train_with_dev: "False"
2021-03-18 16:49:52,878  - batch_growth_annealing: "False"
2021-03-18 16:49:52,879 ----------------------------------------------------------------------------------------------------
2021-03-18 16:49:52,880 Model training base path: "resources/taggers/qslink"
2021-03-18 16:49:52,880 ----------------------------------------------------------------------------------------------------
2021-03-18 16:49:52,881 Device: cpu
2021-03-18 16:49:52,882 ----------------------------------------------------------------------------------------------------
2021-03-18 16:49:52,882 Embeddings storage mode: cpu
2021-03-18 16:49:52,887 ----------------------------------------------------------------------------------------------------
2021-03-18 16:50:02,801 epoch 1 - iter 6/66 - loss 9.84565822 - samples/sec: 4.84 - lr: 0.150000
2021-03-18 16:50:11,268 epoch 1 - iter 12/66 - loss 6.36498741 - samples/sec: 5.68 - lr: 0.150000
2021-03-18 16:50:20,541 epoch 1 - iter 18/66 - loss 5.04318794 - samples/sec: 5.18 - lr: 0.150000
2021-03-18 16:50:30,283 epoch 1 - iter 24/66 - loss 4.40806489 - samples/sec: 4.93 - lr: 0.150000
2021-03-18 16:50:39,163 epoch 1 - iter 30/66 - loss 3.85382742 - samples/sec: 5.41 - lr: 0.150000
2021-03-18 16:50:52,601 epoch 1 - iter 36/66 - loss 3.50218991 - samples/sec: 3.58 - lr: 0.150000
2021-03-18 16:51:06,074 epoch 1 - iter 42/66 - loss 3.31585901 - samples/sec: 3.57 - lr: 0.150000
2021-03-18 16:51:15,708 epoch 1 - iter 48/66 - loss 3.24104459 - samples/sec: 4.99 - lr: 0.150000
2021-03-18 16:51:27,405 epoch 1 - iter 54/66 - loss 2.99713280 - samples/sec: 4.11 - lr: 0.150000
2021-03-18 16:51:36,382 epoch 1 - iter 60/66 - loss 2.84233421 - samples/sec: 5.35 - lr: 0.150000
2021-03-18 16:51:45,766 epoch 1 - iter 66/66 - loss 2.72679936 - samples/sec: 5.12 - lr: 0.150000
2021-03-18 16:51:45,780 ----------------------------------------------------------------------------------------------------
2021-03-18 16:51:45,781 EPOCH 1 done: loss 2.7268 - lr 0.1500000
2021-03-18 16:51:58,163 DEV : loss 1.5220047235488892 - score 0.9781
2021-03-18 16:51:58,169 BAD EPOCHS (no improvement): 0
2021-03-18 16:51:58,513 ----------------------------------------------------------------------------------------------------
2021-03-18 16:51:59,794 epoch 2 - iter 6/66 - loss 1.45605036 - samples/sec: 37.51 - lr: 0.150000
2021-03-18 16:52:01,188 epoch 2 - iter 12/66 - loss 2.02372754 - samples/sec: 34.74 - lr: 0.150000
2021-03-18 16:52:02,466 epoch 2 - iter 18/66 - loss 1.70988708 - samples/sec: 37.94 - lr: 0.150000
2021-03-18 16:52:03,512 epoch 2 - iter 24/66 - loss 1.52263944 - samples/sec: 46.44 - lr: 0.150000
2021-03-18 16:52:04,709 epoch 2 - iter 30/66 - loss 1.53511315 - samples/sec: 40.51 - lr: 0.150000
2021-03-18 16:52:05,858 epoch 2 - iter 36/66 - loss 1.61232822 - samples/sec: 42.24 - lr: 0.150000
2021-03-18 16:52:06,988 epoch 2 - iter 42/66 - loss 1.63002113 - samples/sec: 42.94 - lr: 0.150000
2021-03-18 16:52:08,263 epoch 2 - iter 48/66 - loss 1.66270794 - samples/sec: 38.01 - lr: 0.150000
2021-03-18 16:52:09,396 epoch 2 - iter 54/66 - loss 1.58659261 - samples/sec: 42.84 - lr: 0.150000
2021-03-18 16:52:10,522 epoch 2 - iter 60/66 - loss 1.54236564 - samples/sec: 43.13 - lr: 0.150000
2021-03-18 16:52:11,573 epoch 2 - iter 66/66 - loss 1.52628024 - samples/sec: 46.16 - lr: 0.150000
2021-03-18 16:52:11,586 ----------------------------------------------------------------------------------------------------
2021-03-18 16:52:11,587 EPOCH 2 done: loss 1.5263 - lr 0.1500000
2021-03-18 16:52:12,153 DEV : loss 1.3458274602890015 - score 0.9815
2021-03-18 16:52:12,159 BAD EPOCHS (no improvement): 0
2021-03-18 16:52:12,695 ----------------------------------------------------------------------------------------------------
2021-03-18 16:52:13,764 epoch 3 - iter 6/66 - loss 1.81327613 - samples/sec: 45.00 - lr: 0.150000
2021-03-18 16:52:14,758 epoch 3 - iter 12/66 - loss 1.63090167 - samples/sec: 48.90 - lr: 0.150000
2021-03-18 16:52:15,864 epoch 3 - iter 18/66 - loss 1.50096195 - samples/sec: 43.88 - lr: 0.150000
2021-03-18 16:52:17,072 epoch 3 - iter 24/66 - loss 1.44136154 - samples/sec: 40.24 - lr: 0.150000
2021-03-18 16:52:18,298 epoch 3 - iter 30/66 - loss 1.33560967 - samples/sec: 39.53 - lr: 0.150000
2021-03-18 16:52:19,454 epoch 3 - iter 36/66 - loss 1.30754756 - samples/sec: 41.96 - lr: 0.150000
2021-03-18 16:52:20,705 epoch 3 - iter 42/66 - loss 1.34709982 - samples/sec: 38.77 - lr: 0.150000
2021-03-18 16:52:22,249 epoch 3 - iter 48/66 - loss 1.35234073 - samples/sec: 31.33 - lr: 0.150000
2021-03-18 16:52:23,295 epoch 3 - iter 54/66 - loss 1.35274218 - samples/sec: 46.52 - lr: 0.150000
2021-03-18 16:52:24,463 epoch 3 - iter 60/66 - loss 1.29600462 - samples/sec: 41.57 - lr: 0.150000
2021-03-18 16:52:25,602 epoch 3 - iter 66/66 - loss 1.27306682 - samples/sec: 42.61 - lr: 0.150000
2021-03-18 16:52:25,614 ----------------------------------------------------------------------------------------------------
2021-03-18 16:52:25,615 EPOCH 3 done: loss 1.2731 - lr 0.1500000
2021-03-18 16:52:26,092 DEV : loss 1.3439775705337524 - score 0.9808
2021-03-18 16:52:26,098 BAD EPOCHS (no improvement): 1
2021-03-18 16:52:26,359 ----------------------------------------------------------------------------------------------------
2021-03-18 16:52:27,514 epoch 4 - iter 6/66 - loss 1.41721042 - samples/sec: 41.59 - lr: 0.150000
2021-03-18 16:52:28,658 epoch 4 - iter 12/66 - loss 1.15864845 - samples/sec: 42.44 - lr: 0.150000
2021-03-18 16:52:29,826 epoch 4 - iter 18/66 - loss 1.08788808 - samples/sec: 41.64 - lr: 0.150000
2021-03-18 16:52:30,825 epoch 4 - iter 24/66 - loss 1.08628098 - samples/sec: 48.66 - lr: 0.150000
2021-03-18 16:52:32,058 epoch 4 - iter 30/66 - loss 1.15706930 - samples/sec: 39.30 - lr: 0.150000
2021-03-18 16:52:33,386 epoch 4 - iter 36/66 - loss 1.09817081 - samples/sec: 36.48 - lr: 0.150000
2021-03-18 16:52:34,427 epoch 4 - iter 42/66 - loss 1.13462652 - samples/sec: 46.69 - lr: 0.150000
2021-03-18 16:52:35,483 epoch 4 - iter 48/66 - loss 1.13410488 - samples/sec: 46.06 - lr: 0.150000
2021-03-18 16:52:36,550 epoch 4 - iter 54/66 - loss 1.09604188 - samples/sec: 45.52 - lr: 0.150000
2021-03-18 16:52:37,757 epoch 4 - iter 60/66 - loss 1.10224899 - samples/sec: 40.22 - lr: 0.150000
2021-03-18 16:52:39,102 epoch 4 - iter 66/66 - loss 1.17491293 - samples/sec: 36.05 - lr: 0.150000
2021-03-18 16:52:39,113 ----------------------------------------------------------------------------------------------------
2021-03-18 16:52:39,114 EPOCH 4 done: loss 1.1749 - lr 0.1500000
2021-03-18 16:52:39,589 DEV : loss 1.4274733066558838 - score 0.9781
2021-03-18 16:52:39,597 BAD EPOCHS (no improvement): 2
2021-03-18 16:52:39,859 ----------------------------------------------------------------------------------------------------
2021-03-18 16:52:40,943 epoch 5 - iter 6/66 - loss 1.22856506 - samples/sec: 44.37 - lr: 0.150000
2021-03-18 16:52:42,366 epoch 5 - iter 12/66 - loss 1.39902190 - samples/sec: 34.10 - lr: 0.150000
2021-03-18 16:52:43,646 epoch 5 - iter 18/66 - loss 1.44920972 - samples/sec: 37.86 - lr: 0.150000
2021-03-18 16:52:44,807 epoch 5 - iter 24/66 - loss 1.39045904 - samples/sec: 41.82 - lr: 0.150000
2021-03-18 16:52:45,956 epoch 5 - iter 30/66 - loss 1.33354414 - samples/sec: 42.22 - lr: 0.150000
2021-03-18 16:52:47,223 epoch 5 - iter 36/66 - loss 1.22207416 - samples/sec: 38.29 - lr: 0.150000
2021-03-18 16:52:48,239 epoch 5 - iter 42/66 - loss 1.17042628 - samples/sec: 47.80 - lr: 0.150000
2021-03-18 16:52:49,150 epoch 5 - iter 48/66 - loss 1.15444541 - samples/sec: 53.41 - lr: 0.150000
2021-03-18 16:52:50,320 epoch 5 - iter 54/66 - loss 1.15674566 - samples/sec: 41.52 - lr: 0.150000
2021-03-18 16:52:51,409 epoch 5 - iter 60/66 - loss 1.16901442 - samples/sec: 44.58 - lr: 0.150000
2021-03-18 16:52:53,107 epoch 5 - iter 66/66 - loss 1.17568168 - samples/sec: 28.48 - lr: 0.150000
2021-03-18 16:52:53,119 ----------------------------------------------------------------------------------------------------
2021-03-18 16:52:53,120 EPOCH 5 done: loss 1.1757 - lr 0.1500000
2021-03-18 16:52:53,594 DEV : loss 1.3363484144210815 - score 0.9829
2021-03-18 16:52:53,600 BAD EPOCHS (no improvement): 0
2021-03-18 16:52:54,141 ----------------------------------------------------------------------------------------------------
2021-03-18 16:52:55,167 epoch 6 - iter 6/66 - loss 1.00571585 - samples/sec: 46.88 - lr: 0.150000
2021-03-18 16:52:56,201 epoch 6 - iter 12/66 - loss 0.91994246 - samples/sec: 46.98 - lr: 0.150000
2021-03-18 16:52:57,253 epoch 6 - iter 18/66 - loss 0.99780477 - samples/sec: 46.25 - lr: 0.150000
2021-03-18 16:52:58,962 epoch 6 - iter 24/66 - loss 1.08046103 - samples/sec: 28.31 - lr: 0.150000
2021-03-18 16:53:00,158 epoch 6 - iter 30/66 - loss 1.14128491 - samples/sec: 40.57 - lr: 0.150000
2021-03-18 16:53:01,228 epoch 6 - iter 36/66 - loss 1.24051660 - samples/sec: 45.39 - lr: 0.150000
2021-03-18 16:53:02,368 epoch 6 - iter 42/66 - loss 1.15999501 - samples/sec: 42.56 - lr: 0.150000
2021-03-18 16:53:03,445 epoch 6 - iter 48/66 - loss 1.16338027 - samples/sec: 45.06 - lr: 0.150000
2021-03-18 16:53:04,658 epoch 6 - iter 54/66 - loss 1.20143884 - samples/sec: 40.00 - lr: 0.150000
2021-03-18 16:53:05,664 epoch 6 - iter 60/66 - loss 1.19522046 - samples/sec: 48.30 - lr: 0.150000
2021-03-18 16:53:06,779 epoch 6 - iter 66/66 - loss 1.21291303 - samples/sec: 43.50 - lr: 0.150000
2021-03-18 16:53:06,792 ----------------------------------------------------------------------------------------------------
2021-03-18 16:53:06,793 EPOCH 6 done: loss 1.2129 - lr 0.1500000
2021-03-18 16:53:07,523 DEV : loss 1.37379789352417 - score 0.9822
2021-03-18 16:53:07,529 BAD EPOCHS (no improvement): 1
2021-03-18 16:53:07,787 ----------------------------------------------------------------------------------------------------
2021-03-18 16:53:09,181 epoch 7 - iter 6/66 - loss 0.94353867 - samples/sec: 34.46 - lr: 0.150000
2021-03-18 16:53:10,508 epoch 7 - iter 12/66 - loss 0.99960069 - samples/sec: 36.54 - lr: 0.150000
2021-03-18 16:53:11,530 epoch 7 - iter 18/66 - loss 0.93369663 - samples/sec: 47.64 - lr: 0.150000
2021-03-18 16:53:12,543 epoch 7 - iter 24/66 - loss 0.99963414 - samples/sec: 47.93 - lr: 0.150000
2021-03-18 16:53:13,696 epoch 7 - iter 30/66 - loss 1.11093957 - samples/sec: 42.26 - lr: 0.150000
2021-03-18 16:53:14,928 epoch 7 - iter 36/66 - loss 1.14557427 - samples/sec: 39.38 - lr: 0.150000
2021-03-18 16:53:16,045 epoch 7 - iter 42/66 - loss 1.08610988 - samples/sec: 43.55 - lr: 0.150000
2021-03-18 16:53:17,232 epoch 7 - iter 48/66 - loss 1.02747057 - samples/sec: 40.96 - lr: 0.150000
2021-03-18 16:53:18,454 epoch 7 - iter 54/66 - loss 1.01972988 - samples/sec: 39.65 - lr: 0.150000
2021-03-18 16:53:19,824 epoch 7 - iter 60/66 - loss 1.00625657 - samples/sec: 35.35 - lr: 0.150000
2021-03-18 16:53:21,167 epoch 7 - iter 66/66 - loss 1.04634303 - samples/sec: 36.08 - lr: 0.150000
2021-03-18 16:53:21,180 ----------------------------------------------------------------------------------------------------
2021-03-18 16:53:21,180 EPOCH 7 done: loss 1.0463 - lr 0.1500000
2021-03-18 16:53:21,648 DEV : loss 1.5512678623199463 - score 0.9802
2021-03-18 16:53:21,656 BAD EPOCHS (no improvement): 2
2021-03-18 16:53:21,922 ----------------------------------------------------------------------------------------------------
2021-03-18 16:53:23,027 epoch 8 - iter 6/66 - loss 1.15801922 - samples/sec: 43.56 - lr: 0.150000
2021-03-18 16:53:24,081 epoch 8 - iter 12/66 - loss 1.12379344 - samples/sec: 46.12 - lr: 0.150000
2021-03-18 16:53:25,254 epoch 8 - iter 18/66 - loss 1.02175421 - samples/sec: 41.34 - lr: 0.150000
2021-03-18 16:53:26,335 epoch 8 - iter 24/66 - loss 1.17843495 - samples/sec: 44.87 - lr: 0.150000
2021-03-18 16:53:27,471 epoch 8 - iter 30/66 - loss 1.14249884 - samples/sec: 42.74 - lr: 0.150000
2021-03-18 16:53:28,537 epoch 8 - iter 36/66 - loss 1.13531623 - samples/sec: 45.54 - lr: 0.150000
2021-03-18 16:53:29,893 epoch 8 - iter 42/66 - loss 1.12992659 - samples/sec: 35.80 - lr: 0.150000
2021-03-18 16:53:30,976 epoch 8 - iter 48/66 - loss 1.16641134 - samples/sec: 44.84 - lr: 0.150000
2021-03-18 16:53:32,089 epoch 8 - iter 54/66 - loss 1.16176534 - samples/sec: 43.62 - lr: 0.150000
2021-03-18 16:53:33,256 epoch 8 - iter 60/66 - loss 1.11237705 - samples/sec: 41.55 - lr: 0.150000
2021-03-18 16:53:34,262 epoch 8 - iter 66/66 - loss 1.11641798 - samples/sec: 48.32 - lr: 0.150000
2021-03-18 16:53:34,274 ----------------------------------------------------------------------------------------------------
2021-03-18 16:53:34,275 EPOCH 8 done: loss 1.1164 - lr 0.1500000
2021-03-18 16:53:34,756 DEV : loss 1.2729713916778564 - score 0.985
2021-03-18 16:53:34,762 BAD EPOCHS (no improvement): 0
2021-03-18 16:53:35,323 ----------------------------------------------------------------------------------------------------
2021-03-18 16:53:36,477 epoch 9 - iter 6/66 - loss 0.89668353 - samples/sec: 41.65 - lr: 0.150000
2021-03-18 16:53:37,599 epoch 9 - iter 12/66 - loss 0.87512092 - samples/sec: 43.28 - lr: 0.150000
2021-03-18 16:53:38,856 epoch 9 - iter 18/66 - loss 0.89793727 - samples/sec: 38.54 - lr: 0.150000
2021-03-18 16:53:40,175 epoch 9 - iter 24/66 - loss 0.96550486 - samples/sec: 36.80 - lr: 0.150000
2021-03-18 16:53:41,621 epoch 9 - iter 30/66 - loss 0.98986429 - samples/sec: 33.50 - lr: 0.150000
2021-03-18 16:53:42,782 epoch 9 - iter 36/66 - loss 1.01283205 - samples/sec: 41.79 - lr: 0.150000
2021-03-18 16:53:44,215 epoch 9 - iter 42/66 - loss 1.06156968 - samples/sec: 33.78 - lr: 0.150000
2021-03-18 16:53:45,272 epoch 9 - iter 48/66 - loss 1.05370238 - samples/sec: 45.94 - lr: 0.150000
2021-03-18 16:53:46,710 epoch 9 - iter 54/66 - loss 1.00399608 - samples/sec: 33.67 - lr: 0.150000
2021-03-18 16:53:48,127 epoch 9 - iter 60/66 - loss 0.99233553 - samples/sec: 34.19 - lr: 0.150000
2021-03-18 16:53:49,121 epoch 9 - iter 66/66 - loss 0.98686837 - samples/sec: 48.89 - lr: 0.150000
2021-03-18 16:53:49,132 ----------------------------------------------------------------------------------------------------
2021-03-18 16:53:49,133 EPOCH 9 done: loss 0.9869 - lr 0.1500000
2021-03-18 16:53:49,635 DEV : loss 1.1755317449569702 - score 0.9843
2021-03-18 16:53:49,640 BAD EPOCHS (no improvement): 1
2021-03-18 16:53:49,916 ----------------------------------------------------------------------------------------------------
2021-03-18 16:53:50,938 epoch 10 - iter 6/66 - loss 0.90733910 - samples/sec: 47.06 - lr: 0.150000
2021-03-18 16:53:52,320 epoch 10 - iter 12/66 - loss 0.89421773 - samples/sec: 35.09 - lr: 0.150000
2021-03-18 16:53:53,496 epoch 10 - iter 18/66 - loss 0.89091844 - samples/sec: 41.25 - lr: 0.150000
2021-03-18 16:53:54,728 epoch 10 - iter 24/66 - loss 0.89895525 - samples/sec: 39.36 - lr: 0.150000
2021-03-18 16:53:55,970 epoch 10 - iter 30/66 - loss 0.96504780 - samples/sec: 39.00 - lr: 0.150000
2021-03-18 16:53:57,017 epoch 10 - iter 36/66 - loss 0.96010258 - samples/sec: 46.41 - lr: 0.150000
2021-03-18 16:53:58,295 epoch 10 - iter 42/66 - loss 0.94866563 - samples/sec: 37.91 - lr: 0.150000
2021-03-18 16:53:59,525 epoch 10 - iter 48/66 - loss 0.93957543 - samples/sec: 39.39 - lr: 0.150000
2021-03-18 16:54:00,630 epoch 10 - iter 54/66 - loss 0.91216688 - samples/sec: 43.89 - lr: 0.150000
2021-03-18 16:54:01,733 epoch 10 - iter 60/66 - loss 0.89324793 - samples/sec: 44.01 - lr: 0.150000
2021-03-18 16:54:02,804 epoch 10 - iter 66/66 - loss 0.88773441 - samples/sec: 45.38 - lr: 0.150000
2021-03-18 16:54:02,817 ----------------------------------------------------------------------------------------------------
2021-03-18 16:54:02,817 EPOCH 10 done: loss 0.8877 - lr 0.1500000
2021-03-18 16:54:03,309 DEV : loss 1.230265736579895 - score 0.9829
2021-03-18 16:54:03,315 BAD EPOCHS (no improvement): 2
2021-03-18 16:54:03,576 ----------------------------------------------------------------------------------------------------
2021-03-18 16:54:04,844 epoch 11 - iter 6/66 - loss 0.76279680 - samples/sec: 37.89 - lr: 0.150000
2021-03-18 16:54:05,988 epoch 11 - iter 12/66 - loss 0.76651565 - samples/sec: 42.50 - lr: 0.150000
2021-03-18 16:54:07,185 epoch 11 - iter 18/66 - loss 0.79933763 - samples/sec: 40.57 - lr: 0.150000
2021-03-18 16:54:08,348 epoch 11 - iter 24/66 - loss 0.80230000 - samples/sec: 41.70 - lr: 0.150000
2021-03-18 16:54:09,631 epoch 11 - iter 30/66 - loss 0.78543242 - samples/sec: 37.82 - lr: 0.150000
2021-03-18 16:54:10,657 epoch 11 - iter 36/66 - loss 0.84422537 - samples/sec: 47.35 - lr: 0.150000
2021-03-18 16:54:11,836 epoch 11 - iter 42/66 - loss 0.90841033 - samples/sec: 41.18 - lr: 0.150000
2021-03-18 16:54:13,073 epoch 11 - iter 48/66 - loss 0.95331897 - samples/sec: 39.19 - lr: 0.150000
2021-03-18 16:54:14,123 epoch 11 - iter 54/66 - loss 0.90135089 - samples/sec: 46.27 - lr: 0.150000
2021-03-18 16:54:15,189 epoch 11 - iter 60/66 - loss 0.86897972 - samples/sec: 45.54 - lr: 0.150000
2021-03-18 16:54:16,316 epoch 11 - iter 66/66 - loss 0.86626838 - samples/sec: 43.01 - lr: 0.150000
2021-03-18 16:54:16,328 ----------------------------------------------------------------------------------------------------
2021-03-18 16:54:16,329 EPOCH 11 done: loss 0.8663 - lr 0.1500000
2021-03-18 16:54:16,799 DEV : loss 1.2408227920532227 - score 0.985
2021-03-18 16:54:16,806 BAD EPOCHS (no improvement): 0
2021-03-18 16:54:17,346 ----------------------------------------------------------------------------------------------------
2021-03-18 16:54:18,518 epoch 12 - iter 6/66 - loss 1.18142867 - samples/sec: 41.01 - lr: 0.150000
2021-03-18 16:54:19,614 epoch 12 - iter 12/66 - loss 0.96112688 - samples/sec: 44.31 - lr: 0.150000
2021-03-18 16:54:20,894 epoch 12 - iter 18/66 - loss 0.87070831 - samples/sec: 37.85 - lr: 0.150000
2021-03-18 16:54:22,365 epoch 12 - iter 24/66 - loss 0.73215777 - samples/sec: 32.89 - lr: 0.150000
2021-03-18 16:54:23,678 epoch 12 - iter 30/66 - loss 0.90271990 - samples/sec: 36.91 - lr: 0.150000
2021-03-18 16:54:24,666 epoch 12 - iter 36/66 - loss 0.96330523 - samples/sec: 49.18 - lr: 0.150000
2021-03-18 16:54:25,848 epoch 12 - iter 42/66 - loss 0.99767713 - samples/sec: 41.04 - lr: 0.150000
2021-03-18 16:54:27,021 epoch 12 - iter 48/66 - loss 1.00226765 - samples/sec: 41.44 - lr: 0.150000
2021-03-18 16:54:28,158 epoch 12 - iter 54/66 - loss 0.97695462 - samples/sec: 42.64 - lr: 0.150000
2021-03-18 16:54:29,811 epoch 12 - iter 60/66 - loss 0.98367444 - samples/sec: 29.26 - lr: 0.150000
2021-03-18 16:54:30,868 epoch 12 - iter 66/66 - loss 0.96147669 - samples/sec: 45.96 - lr: 0.150000
2021-03-18 16:54:30,880 ----------------------------------------------------------------------------------------------------
2021-03-18 16:54:30,881 EPOCH 12 done: loss 0.9615 - lr 0.1500000
2021-03-18 16:54:31,348 DEV : loss 1.2238023281097412 - score 0.9843
2021-03-18 16:54:31,356 BAD EPOCHS (no improvement): 1
2021-03-18 16:54:31,629 ----------------------------------------------------------------------------------------------------
2021-03-18 16:54:32,904 epoch 13 - iter 6/66 - loss 0.64698537 - samples/sec: 37.74 - lr: 0.150000
2021-03-18 16:54:34,003 epoch 13 - iter 12/66 - loss 0.96691084 - samples/sec: 44.26 - lr: 0.150000
2021-03-18 16:54:35,018 epoch 13 - iter 18/66 - loss 0.88022433 - samples/sec: 47.84 - lr: 0.150000
2021-03-18 16:54:36,184 epoch 13 - iter 24/66 - loss 0.99130754 - samples/sec: 41.64 - lr: 0.150000
2021-03-18 16:54:37,257 epoch 13 - iter 30/66 - loss 0.90747911 - samples/sec: 45.24 - lr: 0.150000
2021-03-18 16:54:38,285 epoch 13 - iter 36/66 - loss 0.89222043 - samples/sec: 47.27 - lr: 0.150000
2021-03-18 16:54:39,362 epoch 13 - iter 42/66 - loss 0.85837482 - samples/sec: 45.11 - lr: 0.150000
2021-03-18 16:54:40,536 epoch 13 - iter 48/66 - loss 0.84609400 - samples/sec: 41.31 - lr: 0.150000
2021-03-18 16:54:41,751 epoch 13 - iter 54/66 - loss 0.80377340 - samples/sec: 39.88 - lr: 0.150000
2021-03-18 16:54:43,172 epoch 13 - iter 60/66 - loss 0.81570470 - samples/sec: 34.08 - lr: 0.150000
2021-03-18 16:54:44,301 epoch 13 - iter 66/66 - loss 0.82391092 - samples/sec: 42.98 - lr: 0.150000
2021-03-18 16:54:44,313 ----------------------------------------------------------------------------------------------------
2021-03-18 16:54:44,314 EPOCH 13 done: loss 0.8239 - lr 0.1500000
2021-03-18 16:54:44,776 DEV : loss 1.7301753759384155 - score 0.9733
2021-03-18 16:54:44,782 BAD EPOCHS (no improvement): 2
2021-03-18 16:54:45,048 ----------------------------------------------------------------------------------------------------
2021-03-18 16:54:46,050 epoch 14 - iter 6/66 - loss 0.54280003 - samples/sec: 47.98 - lr: 0.150000
2021-03-18 16:54:47,153 epoch 14 - iter 12/66 - loss 0.60888159 - samples/sec: 44.09 - lr: 0.150000
2021-03-18 16:54:48,201 epoch 14 - iter 18/66 - loss 0.80766908 - samples/sec: 46.40 - lr: 0.150000
2021-03-18 16:54:49,345 epoch 14 - iter 24/66 - loss 0.93282175 - samples/sec: 42.46 - lr: 0.150000
2021-03-18 16:54:50,712 epoch 14 - iter 30/66 - loss 0.88509156 - samples/sec: 35.51 - lr: 0.150000
2021-03-18 16:54:51,992 epoch 14 - iter 36/66 - loss 0.90332210 - samples/sec: 37.87 - lr: 0.150000
2021-03-18 16:54:53,212 epoch 14 - iter 42/66 - loss 0.92139224 - samples/sec: 39.75 - lr: 0.150000
2021-03-18 16:54:54,170 epoch 14 - iter 48/66 - loss 0.91474521 - samples/sec: 50.73 - lr: 0.150000
2021-03-18 16:54:55,500 epoch 14 - iter 54/66 - loss 0.89150178 - samples/sec: 36.44 - lr: 0.150000
2021-03-18 16:54:56,983 epoch 14 - iter 60/66 - loss 0.87657042 - samples/sec: 32.63 - lr: 0.150000
2021-03-18 16:54:58,208 epoch 14 - iter 66/66 - loss 0.88035711 - samples/sec: 39.58 - lr: 0.150000
2021-03-18 16:54:58,220 ----------------------------------------------------------------------------------------------------
2021-03-18 16:54:58,220 EPOCH 14 done: loss 0.8804 - lr 0.1500000
2021-03-18 16:54:58,840 DEV : loss 1.1373400688171387 - score 0.9863
2021-03-18 16:54:58,846 BAD EPOCHS (no improvement): 0
2021-03-18 16:54:59,379 ----------------------------------------------------------------------------------------------------
2021-03-18 16:55:00,479 epoch 15 - iter 6/66 - loss 0.84712545 - samples/sec: 43.68 - lr: 0.150000
2021-03-18 16:55:01,775 epoch 15 - iter 12/66 - loss 1.15971935 - samples/sec: 37.40 - lr: 0.150000
2021-03-18 16:55:02,841 epoch 15 - iter 18/66 - loss 0.98722710 - samples/sec: 45.58 - lr: 0.150000
2021-03-18 16:55:04,206 epoch 15 - iter 24/66 - loss 0.84372022 - samples/sec: 35.57 - lr: 0.150000
2021-03-18 16:55:05,353 epoch 15 - iter 30/66 - loss 0.82491956 - samples/sec: 42.28 - lr: 0.150000
2021-03-18 16:55:06,460 epoch 15 - iter 36/66 - loss 0.90843783 - samples/sec: 43.83 - lr: 0.150000
2021-03-18 16:55:07,515 epoch 15 - iter 42/66 - loss 0.88841525 - samples/sec: 46.04 - lr: 0.150000
2021-03-18 16:55:08,693 epoch 15 - iter 48/66 - loss 0.87474623 - samples/sec: 41.25 - lr: 0.150000
2021-03-18 16:55:09,845 epoch 15 - iter 54/66 - loss 0.91408069 - samples/sec: 42.11 - lr: 0.150000
2021-03-18 16:55:11,182 epoch 15 - iter 60/66 - loss 0.87501082 - samples/sec: 36.25 - lr: 0.150000
2021-03-18 16:55:12,326 epoch 15 - iter 66/66 - loss 0.88245991 - samples/sec: 42.45 - lr: 0.150000
2021-03-18 16:55:12,340 ----------------------------------------------------------------------------------------------------
2021-03-18 16:55:12,340 EPOCH 15 done: loss 0.8825 - lr 0.1500000
2021-03-18 16:55:12,809 DEV : loss 1.2977551221847534 - score 0.9843
2021-03-18 16:55:12,815 BAD EPOCHS (no improvement): 1
2021-03-18 16:55:13,158 ----------------------------------------------------------------------------------------------------
2021-03-18 16:55:13,159 Testing using best model ...
2021-03-18 16:55:13,160 loading file resources/taggers/qslink/best-model.pt
2021-03-18 16:55:26,820 	0.992
2021-03-18 16:55:26,820 
Results:
- F-score (micro): 0.992
- F-score (macro): 0.8029
- Accuracy (incl. no class): 0.992

By class:
                                      precision    recall  f1-score   support

                                   O     0.9937    0.9981    0.9959      1589
QSLINK(arg1=landmark,arg2=trajector)     0.8333    0.5000    0.6250        10
QSLINK(arg1=trajector,arg2=landmark)     0.8667    0.7222    0.7879        18

                            accuracy                         0.9920      1617
                           macro avg     0.8979    0.7401    0.8029      1617
                        weighted avg     0.9913    0.9920    0.9913      1617

2021-03-18 16:55:26,821 ----------------------------------------------------------------------------------------------------
