2021-03-16 13:30:00,991 ----------------------------------------------------------------------------------------------------
2021-03-16 13:30:00,992 Model: "SequenceTagger(
  (embeddings): StackedEmbeddings(
    (list_embedding_0): WordEmbeddings('glove')
    (list_embedding_1): FlairEmbeddings(
      (lm): LanguageModel(
        (drop): Dropout(p=0.25, inplace=False)
        (encoder): Embedding(275, 100)
        (rnn): LSTM(100, 1024)
        (decoder): Linear(in_features=1024, out_features=275, bias=True)
      )
    )
    (list_embedding_2): FlairEmbeddings(
      (lm): LanguageModel(
        (drop): Dropout(p=0.25, inplace=False)
        (encoder): Embedding(275, 100)
        (rnn): LSTM(100, 1024)
        (decoder): Linear(in_features=1024, out_features=275, bias=True)
      )
    )
  )
  (word_dropout): WordDropout(p=0.05)
  (locked_dropout): LockedDropout(p=0.5)
  (embedding2nn): Linear(in_features=2148, out_features=2148, bias=True)
  (rnn): LSTM(2148, 128, batch_first=True, bidirectional=True)
  (linear): Linear(in_features=256, out_features=6, bias=True)
  (beta): 1.0
  (weights): None
  (weight_tensor) None
)"
2021-03-16 13:30:00,992 ----------------------------------------------------------------------------------------------------
2021-03-16 13:30:00,993 Corpus: "Corpus: 1000 train + 111 dev + 289 test sentences"
2021-03-16 13:30:00,993 ----------------------------------------------------------------------------------------------------
2021-03-16 13:30:00,994 Parameters:
2021-03-16 13:30:00,995  - learning_rate: "0.1"
2021-03-16 13:30:00,996  - mini_batch_size: "32"
2021-03-16 13:30:00,997  - patience: "3"
2021-03-16 13:30:00,997  - anneal_factor: "0.5"
2021-03-16 13:30:00,998  - max_epochs: "8"
2021-03-16 13:30:00,998  - shuffle: "True"
2021-03-16 13:30:00,999  - train_with_dev: "False"
2021-03-16 13:30:00,999  - batch_growth_annealing: "False"
2021-03-16 13:30:01,000 ----------------------------------------------------------------------------------------------------
2021-03-16 13:30:01,001 Model training base path: "resources/taggers/motion_signal_type"
2021-03-16 13:30:01,001 ----------------------------------------------------------------------------------------------------
2021-03-16 13:30:01,002 Device: cpu
2021-03-16 13:30:01,002 ----------------------------------------------------------------------------------------------------
2021-03-16 13:30:01,013 Embeddings storage mode: cpu
2021-03-16 13:30:01,016 ----------------------------------------------------------------------------------------------------
2021-03-16 13:30:11,609 epoch 1 - iter 3/32 - loss 32.74646171 - samples/sec: 9.06 - lr: 0.100000
2021-03-16 13:30:24,714 epoch 1 - iter 6/32 - loss 17.78712060 - samples/sec: 7.33 - lr: 0.100000
2021-03-16 13:30:36,645 epoch 1 - iter 9/32 - loss 13.10841156 - samples/sec: 8.05 - lr: 0.100000
2021-03-16 13:30:45,638 epoch 1 - iter 12/32 - loss 10.49521208 - samples/sec: 10.68 - lr: 0.100000
2021-03-16 13:30:56,344 epoch 1 - iter 15/32 - loss 8.96334274 - samples/sec: 8.97 - lr: 0.100000
2021-03-16 13:31:06,779 epoch 1 - iter 18/32 - loss 7.93767893 - samples/sec: 9.20 - lr: 0.100000
2021-03-16 13:31:16,534 epoch 1 - iter 21/32 - loss 7.18171291 - samples/sec: 9.84 - lr: 0.100000
2021-03-16 13:31:26,669 epoch 1 - iter 24/32 - loss 6.62555208 - samples/sec: 9.47 - lr: 0.100000
2021-03-16 13:31:38,073 epoch 1 - iter 27/32 - loss 6.15089317 - samples/sec: 8.42 - lr: 0.100000
2021-03-16 13:31:53,596 epoch 1 - iter 30/32 - loss 5.73549384 - samples/sec: 6.18 - lr: 0.100000
2021-03-16 13:31:58,892 ----------------------------------------------------------------------------------------------------
2021-03-16 13:31:58,893 EPOCH 1 done: loss 5.4206 - lr 0.1000000
2021-03-16 13:32:10,781 DEV : loss 2.1902196407318115 - score 0.9772
2021-03-16 13:32:10,797 BAD EPOCHS (no improvement): 0
2021-03-16 13:32:13,409 ----------------------------------------------------------------------------------------------------
2021-03-16 13:32:16,241 epoch 2 - iter 3/32 - loss 2.89075255 - samples/sec: 33.92 - lr: 0.100000
2021-03-16 13:32:18,071 epoch 2 - iter 6/32 - loss 2.90089740 - samples/sec: 52.49 - lr: 0.100000
2021-03-16 13:32:19,930 epoch 2 - iter 9/32 - loss 2.56498079 - samples/sec: 51.65 - lr: 0.100000
2021-03-16 13:32:21,425 epoch 2 - iter 12/32 - loss 2.38449552 - samples/sec: 64.25 - lr: 0.100000
2021-03-16 13:32:23,094 epoch 2 - iter 15/32 - loss 2.21663489 - samples/sec: 57.58 - lr: 0.100000
2021-03-16 13:32:24,905 epoch 2 - iter 18/32 - loss 2.06734296 - samples/sec: 53.02 - lr: 0.100000
2021-03-16 13:32:26,713 epoch 2 - iter 21/32 - loss 2.07229556 - samples/sec: 53.15 - lr: 0.100000
2021-03-16 13:32:28,413 epoch 2 - iter 24/32 - loss 2.08411551 - samples/sec: 56.48 - lr: 0.100000
2021-03-16 13:32:30,157 epoch 2 - iter 27/32 - loss 2.05176680 - samples/sec: 55.12 - lr: 0.100000
2021-03-16 13:32:32,351 epoch 2 - iter 30/32 - loss 2.02817177 - samples/sec: 43.77 - lr: 0.100000
2021-03-16 13:32:33,151 ----------------------------------------------------------------------------------------------------
2021-03-16 13:32:33,152 EPOCH 2 done: loss 2.1014 - lr 0.1000000
2021-03-16 13:32:33,999 DEV : loss 1.515803575515747 - score 0.9838
2021-03-16 13:32:34,014 BAD EPOCHS (no improvement): 0
2021-03-16 13:32:37,154 ----------------------------------------------------------------------------------------------------
2021-03-16 13:32:39,328 epoch 3 - iter 3/32 - loss 1.95728187 - samples/sec: 44.20 - lr: 0.100000
2021-03-16 13:32:41,361 epoch 3 - iter 6/32 - loss 2.43561218 - samples/sec: 47.23 - lr: 0.100000
2021-03-16 13:32:43,145 epoch 3 - iter 9/32 - loss 2.14664862 - samples/sec: 53.85 - lr: 0.100000
2021-03-16 13:32:45,631 epoch 3 - iter 12/32 - loss 2.09573774 - samples/sec: 38.64 - lr: 0.100000
2021-03-16 13:32:47,505 epoch 3 - iter 15/32 - loss 1.94285593 - samples/sec: 51.26 - lr: 0.100000
2021-03-16 13:32:49,098 epoch 3 - iter 18/32 - loss 1.81576849 - samples/sec: 60.29 - lr: 0.100000
2021-03-16 13:32:50,713 epoch 3 - iter 21/32 - loss 1.74255093 - samples/sec: 59.48 - lr: 0.100000
2021-03-16 13:32:52,235 epoch 3 - iter 24/32 - loss 1.70310092 - samples/sec: 63.11 - lr: 0.100000
2021-03-16 13:32:54,147 epoch 3 - iter 27/32 - loss 1.68342018 - samples/sec: 50.24 - lr: 0.100000
2021-03-16 13:32:55,911 epoch 3 - iter 30/32 - loss 1.69922104 - samples/sec: 54.44 - lr: 0.100000
2021-03-16 13:32:56,695 ----------------------------------------------------------------------------------------------------
2021-03-16 13:32:56,696 EPOCH 3 done: loss 1.6704 - lr 0.1000000
2021-03-16 13:32:57,548 DEV : loss 1.3068914413452148 - score 0.9831
2021-03-16 13:32:57,564 BAD EPOCHS (no improvement): 1
2021-03-16 13:32:57,565 ----------------------------------------------------------------------------------------------------
2021-03-16 13:32:59,211 epoch 4 - iter 3/32 - loss 1.65943909 - samples/sec: 58.38 - lr: 0.100000
2021-03-16 13:33:01,035 epoch 4 - iter 6/32 - loss 1.71251732 - samples/sec: 52.66 - lr: 0.100000
2021-03-16 13:33:02,818 epoch 4 - iter 9/32 - loss 1.60339212 - samples/sec: 53.87 - lr: 0.100000
2021-03-16 13:33:04,762 epoch 4 - iter 12/32 - loss 1.58401028 - samples/sec: 49.41 - lr: 0.100000
2021-03-16 13:33:06,385 epoch 4 - iter 15/32 - loss 1.49238493 - samples/sec: 59.17 - lr: 0.100000
2021-03-16 13:33:07,949 epoch 4 - iter 18/32 - loss 1.52806938 - samples/sec: 61.44 - lr: 0.100000
2021-03-16 13:33:10,421 epoch 4 - iter 21/32 - loss 1.52079537 - samples/sec: 38.85 - lr: 0.100000
2021-03-16 13:33:11,986 epoch 4 - iter 24/32 - loss 1.50918160 - samples/sec: 61.38 - lr: 0.100000
2021-03-16 13:33:14,126 epoch 4 - iter 27/32 - loss 1.51270135 - samples/sec: 44.89 - lr: 0.100000
2021-03-16 13:33:16,039 epoch 4 - iter 30/32 - loss 1.48931015 - samples/sec: 50.21 - lr: 0.100000
2021-03-16 13:33:16,828 ----------------------------------------------------------------------------------------------------
2021-03-16 13:33:16,829 EPOCH 4 done: loss 1.5180 - lr 0.1000000
2021-03-16 13:33:17,692 DEV : loss 1.6341662406921387 - score 0.9789
2021-03-16 13:33:17,707 BAD EPOCHS (no improvement): 2
2021-03-16 13:33:17,708 ----------------------------------------------------------------------------------------------------
2021-03-16 13:33:19,285 epoch 5 - iter 3/32 - loss 1.12392225 - samples/sec: 60.94 - lr: 0.100000
2021-03-16 13:33:21,009 epoch 5 - iter 6/32 - loss 1.23170583 - samples/sec: 55.71 - lr: 0.100000
2021-03-16 13:33:22,946 epoch 5 - iter 9/32 - loss 1.24789118 - samples/sec: 49.59 - lr: 0.100000
2021-03-16 13:33:24,625 epoch 5 - iter 12/32 - loss 1.24182128 - samples/sec: 57.23 - lr: 0.100000
2021-03-16 13:33:27,133 epoch 5 - iter 15/32 - loss 1.29550643 - samples/sec: 38.28 - lr: 0.100000
2021-03-16 13:33:28,865 epoch 5 - iter 18/32 - loss 1.33145500 - samples/sec: 55.46 - lr: 0.100000
2021-03-16 13:33:30,791 epoch 5 - iter 21/32 - loss 1.31894442 - samples/sec: 49.88 - lr: 0.100000
2021-03-16 13:33:33,399 epoch 5 - iter 24/32 - loss 1.32573128 - samples/sec: 36.82 - lr: 0.100000
2021-03-16 13:33:35,253 epoch 5 - iter 27/32 - loss 1.33191301 - samples/sec: 51.82 - lr: 0.100000
2021-03-16 13:33:37,059 epoch 5 - iter 30/32 - loss 1.34247342 - samples/sec: 53.19 - lr: 0.100000
2021-03-16 13:33:37,758 ----------------------------------------------------------------------------------------------------
2021-03-16 13:33:37,759 EPOCH 5 done: loss 1.3547 - lr 0.1000000
2021-03-16 13:33:38,604 DEV : loss 1.2726396322250366 - score 0.9806
2021-03-16 13:33:38,620 BAD EPOCHS (no improvement): 3
2021-03-16 13:33:38,621 ----------------------------------------------------------------------------------------------------
2021-03-16 13:33:40,059 epoch 6 - iter 3/32 - loss 0.95958908 - samples/sec: 66.79 - lr: 0.100000
2021-03-16 13:33:41,749 epoch 6 - iter 6/32 - loss 1.35363799 - samples/sec: 56.85 - lr: 0.100000
2021-03-16 13:33:43,644 epoch 6 - iter 9/32 - loss 1.38017607 - samples/sec: 50.68 - lr: 0.100000
2021-03-16 13:33:45,242 epoch 6 - iter 12/32 - loss 1.37648148 - samples/sec: 60.12 - lr: 0.100000
2021-03-16 13:33:47,959 epoch 6 - iter 15/32 - loss 1.54014712 - samples/sec: 35.35 - lr: 0.100000
2021-03-16 13:33:49,742 epoch 6 - iter 18/32 - loss 1.44527244 - samples/sec: 53.87 - lr: 0.100000
2021-03-16 13:33:51,681 epoch 6 - iter 21/32 - loss 1.52570658 - samples/sec: 49.52 - lr: 0.100000
2021-03-16 13:33:53,722 epoch 6 - iter 24/32 - loss 1.54614608 - samples/sec: 47.08 - lr: 0.100000
2021-03-16 13:33:55,393 epoch 6 - iter 27/32 - loss 1.49263740 - samples/sec: 57.49 - lr: 0.100000
2021-03-16 13:33:56,855 epoch 6 - iter 30/32 - loss 1.47313016 - samples/sec: 65.68 - lr: 0.100000
2021-03-16 13:33:57,586 ----------------------------------------------------------------------------------------------------
2021-03-16 13:33:57,586 EPOCH 6 done: loss 1.4616 - lr 0.1000000
2021-03-16 13:33:58,428 DEV : loss 1.097656488418579 - score 0.9851
2021-03-16 13:33:58,444 BAD EPOCHS (no improvement): 0
2021-03-16 13:34:01,564 ----------------------------------------------------------------------------------------------------
2021-03-16 13:34:03,236 epoch 7 - iter 3/32 - loss 1.29903062 - samples/sec: 57.51 - lr: 0.100000
2021-03-16 13:34:04,769 epoch 7 - iter 6/32 - loss 1.35648076 - samples/sec: 62.68 - lr: 0.100000
2021-03-16 13:34:07,877 epoch 7 - iter 9/32 - loss 1.32081842 - samples/sec: 30.89 - lr: 0.100000
2021-03-16 13:34:09,802 epoch 7 - iter 12/32 - loss 1.28586652 - samples/sec: 49.89 - lr: 0.100000
2021-03-16 13:34:12,244 epoch 7 - iter 15/32 - loss 1.27967102 - samples/sec: 39.33 - lr: 0.100000
2021-03-16 13:34:13,924 epoch 7 - iter 18/32 - loss 1.26192660 - samples/sec: 57.18 - lr: 0.100000
2021-03-16 13:34:15,757 epoch 7 - iter 21/32 - loss 1.20782735 - samples/sec: 52.41 - lr: 0.100000
2021-03-16 13:34:17,553 epoch 7 - iter 24/32 - loss 1.25277583 - samples/sec: 53.50 - lr: 0.100000
2021-03-16 13:34:19,180 epoch 7 - iter 27/32 - loss 1.21014344 - samples/sec: 59.03 - lr: 0.100000
2021-03-16 13:34:20,958 epoch 7 - iter 30/32 - loss 1.22340482 - samples/sec: 54.03 - lr: 0.100000
2021-03-16 13:34:21,727 ----------------------------------------------------------------------------------------------------
2021-03-16 13:34:21,728 EPOCH 7 done: loss 1.1971 - lr 0.1000000
2021-03-16 13:34:22,578 DEV : loss 1.2977337837219238 - score 0.982
2021-03-16 13:34:22,593 BAD EPOCHS (no improvement): 1
2021-03-16 13:34:22,594 ----------------------------------------------------------------------------------------------------
2021-03-16 13:34:24,250 epoch 8 - iter 3/32 - loss 1.34048168 - samples/sec: 58.04 - lr: 0.100000
2021-03-16 13:34:25,917 epoch 8 - iter 6/32 - loss 1.24273747 - samples/sec: 57.63 - lr: 0.100000
2021-03-16 13:34:28,159 epoch 8 - iter 9/32 - loss 1.16417140 - samples/sec: 42.83 - lr: 0.100000
2021-03-16 13:34:29,746 epoch 8 - iter 12/32 - loss 1.26369156 - samples/sec: 60.53 - lr: 0.100000
2021-03-16 13:34:31,807 epoch 8 - iter 15/32 - loss 1.31251323 - samples/sec: 46.60 - lr: 0.100000
2021-03-16 13:34:33,613 epoch 8 - iter 18/32 - loss 1.31471488 - samples/sec: 53.19 - lr: 0.100000
2021-03-16 13:34:35,428 epoch 8 - iter 21/32 - loss 1.33267891 - samples/sec: 52.92 - lr: 0.100000
2021-03-16 13:34:37,951 epoch 8 - iter 24/32 - loss 1.25818597 - samples/sec: 38.07 - lr: 0.100000
2021-03-16 13:34:39,437 epoch 8 - iter 27/32 - loss 1.24851147 - samples/sec: 64.63 - lr: 0.100000
2021-03-16 13:34:41,019 epoch 8 - iter 30/32 - loss 1.26574873 - samples/sec: 60.71 - lr: 0.100000
2021-03-16 13:34:41,856 ----------------------------------------------------------------------------------------------------
2021-03-16 13:34:41,857 EPOCH 8 done: loss 1.2620 - lr 0.1000000
2021-03-16 13:34:42,884 DEV : loss 1.0986907482147217 - score 0.9848
2021-03-16 13:34:42,899 BAD EPOCHS (no improvement): 2
2021-03-16 13:34:45,500 ----------------------------------------------------------------------------------------------------
2021-03-16 13:34:45,501 Testing using best model ...
2021-03-16 13:34:45,502 loading file resources/taggers/motion_signal_type/best-model.pt
2021-03-16 13:35:17,763 	0.9864
2021-03-16 13:35:17,764 
Results:
- F-score (micro): 0.9864
- F-score (macro): 0.5598
- Accuracy (incl. no class): 0.9864

By class:
              precision    recall  f1-score   support

           O     0.9885    0.9977    0.9931      7063
        PATH     0.8367    0.5816    0.6862       141
      MANNER     1.0000    0.0000    0.0000        23

    accuracy                         0.9864      7227
   macro avg     0.9417    0.5264    0.5598      7227
weighted avg     0.9856    0.9864    0.9839      7227

2021-03-16 13:35:17,765 ----------------------------------------------------------------------------------------------------
