2021-03-10 23:39:11,289 ----------------------------------------------------------------------------------------------------
2021-03-10 23:39:11,290 Model: "SequenceTagger(
  (embeddings): StackedEmbeddings(
    (list_embedding_0): WordEmbeddings('glove')
  )
  (word_dropout): WordDropout(p=0.05)
  (locked_dropout): LockedDropout(p=0.5)
  (embedding2nn): Linear(in_features=100, out_features=100, bias=True)
  (rnn): LSTM(100, 128, batch_first=True, bidirectional=True)
  (linear): Linear(in_features=256, out_features=12, bias=True)
  (beta): 1.0
  (weights): None
  (weight_tensor) None
)"
2021-03-10 23:39:11,291 ----------------------------------------------------------------------------------------------------
2021-03-10 23:39:11,292 Corpus: "Corpus: 1000 train + 111 dev + 289 test sentences"
2021-03-10 23:39:11,293 ----------------------------------------------------------------------------------------------------
2021-03-10 23:39:11,294 Parameters:
2021-03-10 23:39:11,295  - learning_rate: "0.15"
2021-03-10 23:39:11,295  - mini_batch_size: "8"
2021-03-10 23:39:11,296  - patience: "3"
2021-03-10 23:39:11,296  - anneal_factor: "0.5"
2021-03-10 23:39:11,297  - max_epochs: "15"
2021-03-10 23:39:11,298  - shuffle: "True"
2021-03-10 23:39:11,299  - train_with_dev: "False"
2021-03-10 23:39:11,300  - batch_growth_annealing: "False"
2021-03-10 23:39:11,301 ----------------------------------------------------------------------------------------------------
2021-03-10 23:39:11,302 Model training base path: "resources/taggers/iso_glove"
2021-03-10 23:39:11,304 ----------------------------------------------------------------------------------------------------
2021-03-10 23:39:11,305 Device: cpu
2021-03-10 23:39:11,306 ----------------------------------------------------------------------------------------------------
2021-03-10 23:39:11,307 Embeddings storage mode: cpu
2021-03-10 23:39:11,309 ----------------------------------------------------------------------------------------------------
2021-03-10 23:39:12,472 epoch 1 - iter 12/125 - loss 41.50108782 - samples/sec: 82.65 - lr: 0.150000
2021-03-10 23:39:13,697 epoch 1 - iter 24/125 - loss 34.69000602 - samples/sec: 79.09 - lr: 0.150000
2021-03-10 23:39:14,796 epoch 1 - iter 36/125 - loss 31.12280554 - samples/sec: 87.96 - lr: 0.150000
2021-03-10 23:39:15,943 epoch 1 - iter 48/125 - loss 29.61673848 - samples/sec: 84.22 - lr: 0.150000
2021-03-10 23:39:17,186 epoch 1 - iter 60/125 - loss 27.91880733 - samples/sec: 77.77 - lr: 0.150000
2021-03-10 23:39:18,355 epoch 1 - iter 72/125 - loss 26.40975677 - samples/sec: 82.61 - lr: 0.150000
2021-03-10 23:39:19,576 epoch 1 - iter 84/125 - loss 25.57596736 - samples/sec: 79.14 - lr: 0.150000
2021-03-10 23:39:20,819 epoch 1 - iter 96/125 - loss 24.80455481 - samples/sec: 77.67 - lr: 0.150000
2021-03-10 23:39:22,081 epoch 1 - iter 108/125 - loss 24.12695230 - samples/sec: 76.49 - lr: 0.150000
2021-03-10 23:39:23,651 epoch 1 - iter 120/125 - loss 23.78315175 - samples/sec: 61.50 - lr: 0.150000
2021-03-10 23:39:24,194 ----------------------------------------------------------------------------------------------------
2021-03-10 23:39:24,195 EPOCH 1 done: loss 23.4561 - lr 0.1500000
2021-03-10 23:39:24,702 DEV : loss 15.983437538146973 - score 0.8006
2021-03-10 23:39:24,710 BAD EPOCHS (no improvement): 0
2021-03-10 23:39:29,979 ----------------------------------------------------------------------------------------------------
2021-03-10 23:39:31,199 epoch 2 - iter 12/125 - loss 19.49898636 - samples/sec: 79.61 - lr: 0.150000
2021-03-10 23:39:32,472 epoch 2 - iter 24/125 - loss 18.97990002 - samples/sec: 76.00 - lr: 0.150000
2021-03-10 23:39:33,781 epoch 2 - iter 36/125 - loss 18.20970325 - samples/sec: 73.74 - lr: 0.150000
2021-03-10 23:39:35,010 epoch 2 - iter 48/125 - loss 18.27927372 - samples/sec: 78.61 - lr: 0.150000
2021-03-10 23:39:36,123 epoch 2 - iter 60/125 - loss 17.76152265 - samples/sec: 86.82 - lr: 0.150000
2021-03-10 23:39:37,298 epoch 2 - iter 72/125 - loss 17.65336917 - samples/sec: 82.19 - lr: 0.150000
2021-03-10 23:39:38,442 epoch 2 - iter 84/125 - loss 17.33773213 - samples/sec: 84.47 - lr: 0.150000
2021-03-10 23:39:39,632 epoch 2 - iter 96/125 - loss 17.38285880 - samples/sec: 81.20 - lr: 0.150000
2021-03-10 23:39:40,754 epoch 2 - iter 108/125 - loss 17.04682433 - samples/sec: 86.07 - lr: 0.150000
2021-03-10 23:39:41,854 epoch 2 - iter 120/125 - loss 16.86384455 - samples/sec: 87.83 - lr: 0.150000
2021-03-10 23:39:42,284 ----------------------------------------------------------------------------------------------------
2021-03-10 23:39:42,285 EPOCH 2 done: loss 16.7794 - lr 0.1500000
2021-03-10 23:39:42,786 DEV : loss 13.060294151306152 - score 0.8241
2021-03-10 23:39:42,794 BAD EPOCHS (no improvement): 0
2021-03-10 23:39:48,759 ----------------------------------------------------------------------------------------------------
2021-03-10 23:39:50,041 epoch 3 - iter 12/125 - loss 16.50571052 - samples/sec: 75.13 - lr: 0.150000
2021-03-10 23:39:51,175 epoch 3 - iter 24/125 - loss 16.29706925 - samples/sec: 85.26 - lr: 0.150000
2021-03-10 23:39:52,329 epoch 3 - iter 36/125 - loss 15.52706871 - samples/sec: 83.78 - lr: 0.150000
2021-03-10 23:39:53,476 epoch 3 - iter 48/125 - loss 15.37938435 - samples/sec: 84.17 - lr: 0.150000
2021-03-10 23:39:54,718 epoch 3 - iter 60/125 - loss 15.27588812 - samples/sec: 77.81 - lr: 0.150000
2021-03-10 23:39:56,136 epoch 3 - iter 72/125 - loss 14.94421113 - samples/sec: 68.05 - lr: 0.150000
2021-03-10 23:39:57,196 epoch 3 - iter 84/125 - loss 14.79906805 - samples/sec: 91.15 - lr: 0.150000
2021-03-10 23:39:58,357 epoch 3 - iter 96/125 - loss 14.95307178 - samples/sec: 83.20 - lr: 0.150000
2021-03-10 23:39:59,604 epoch 3 - iter 108/125 - loss 14.94575285 - samples/sec: 77.46 - lr: 0.150000
2021-03-10 23:40:00,972 epoch 3 - iter 120/125 - loss 15.07720450 - samples/sec: 70.51 - lr: 0.150000
2021-03-10 23:40:01,563 ----------------------------------------------------------------------------------------------------
2021-03-10 23:40:01,564 EPOCH 3 done: loss 15.0517 - lr 0.1500000
2021-03-10 23:40:02,033 DEV : loss 13.404589653015137 - score 0.7999
2021-03-10 23:40:02,040 BAD EPOCHS (no improvement): 1
2021-03-10 23:40:05,103 ----------------------------------------------------------------------------------------------------
2021-03-10 23:40:06,450 epoch 4 - iter 12/125 - loss 13.08383544 - samples/sec: 71.36 - lr: 0.150000
2021-03-10 23:40:08,300 epoch 4 - iter 24/125 - loss 13.81109178 - samples/sec: 52.10 - lr: 0.150000
2021-03-10 23:40:09,900 epoch 4 - iter 36/125 - loss 14.10456977 - samples/sec: 60.32 - lr: 0.150000
2021-03-10 23:40:11,126 epoch 4 - iter 48/125 - loss 13.90971063 - samples/sec: 78.79 - lr: 0.150000
2021-03-10 23:40:12,348 epoch 4 - iter 60/125 - loss 14.42939169 - samples/sec: 79.11 - lr: 0.150000
2021-03-10 23:40:13,668 epoch 4 - iter 72/125 - loss 14.19571486 - samples/sec: 73.11 - lr: 0.150000
2021-03-10 23:40:15,133 epoch 4 - iter 84/125 - loss 14.28811475 - samples/sec: 65.89 - lr: 0.150000
2021-03-10 23:40:16,385 epoch 4 - iter 96/125 - loss 14.46852008 - samples/sec: 77.17 - lr: 0.150000
2021-03-10 23:40:17,816 epoch 4 - iter 108/125 - loss 14.12054952 - samples/sec: 67.45 - lr: 0.150000
2021-03-10 23:40:19,391 epoch 4 - iter 120/125 - loss 14.18109448 - samples/sec: 61.21 - lr: 0.150000
2021-03-10 23:40:19,891 ----------------------------------------------------------------------------------------------------
2021-03-10 23:40:19,892 EPOCH 4 done: loss 14.1093 - lr 0.1500000
2021-03-10 23:40:20,344 DEV : loss 11.71171760559082 - score 0.8266
2021-03-10 23:40:20,352 BAD EPOCHS (no improvement): 0
2021-03-10 23:40:26,993 ----------------------------------------------------------------------------------------------------
2021-03-10 23:40:28,421 epoch 5 - iter 12/125 - loss 14.86550641 - samples/sec: 67.35 - lr: 0.150000
2021-03-10 23:40:29,689 epoch 5 - iter 24/125 - loss 14.31447061 - samples/sec: 76.16 - lr: 0.150000
2021-03-10 23:40:30,950 epoch 5 - iter 36/125 - loss 13.81471813 - samples/sec: 76.61 - lr: 0.150000
2021-03-10 23:40:32,252 epoch 5 - iter 48/125 - loss 13.50806288 - samples/sec: 74.11 - lr: 0.150000
2021-03-10 23:40:33,507 epoch 5 - iter 60/125 - loss 13.48010175 - samples/sec: 77.06 - lr: 0.150000
2021-03-10 23:40:34,873 epoch 5 - iter 72/125 - loss 13.83600379 - samples/sec: 70.79 - lr: 0.150000
2021-03-10 23:40:36,076 epoch 5 - iter 84/125 - loss 13.89635957 - samples/sec: 80.46 - lr: 0.150000
2021-03-10 23:40:37,153 epoch 5 - iter 96/125 - loss 13.92957409 - samples/sec: 90.12 - lr: 0.150000
2021-03-10 23:40:38,310 epoch 5 - iter 108/125 - loss 13.89604685 - samples/sec: 83.46 - lr: 0.150000
2021-03-10 23:40:39,479 epoch 5 - iter 120/125 - loss 13.82827178 - samples/sec: 82.74 - lr: 0.150000
2021-03-10 23:40:40,057 ----------------------------------------------------------------------------------------------------
2021-03-10 23:40:40,057 EPOCH 5 done: loss 13.8293 - lr 0.1500000
2021-03-10 23:40:40,555 DEV : loss 10.7854585647583 - score 0.8422
2021-03-10 23:40:40,562 BAD EPOCHS (no improvement): 0
2021-03-10 23:40:46,652 ----------------------------------------------------------------------------------------------------
2021-03-10 23:40:47,829 epoch 6 - iter 12/125 - loss 14.12638299 - samples/sec: 81.66 - lr: 0.150000
2021-03-10 23:40:48,877 epoch 6 - iter 24/125 - loss 13.37942110 - samples/sec: 92.31 - lr: 0.150000
2021-03-10 23:40:50,272 epoch 6 - iter 36/125 - loss 13.33930536 - samples/sec: 69.19 - lr: 0.150000
2021-03-10 23:40:51,399 epoch 6 - iter 48/125 - loss 13.32694679 - samples/sec: 85.89 - lr: 0.150000
2021-03-10 23:40:52,586 epoch 6 - iter 60/125 - loss 13.24121900 - samples/sec: 81.39 - lr: 0.150000
2021-03-10 23:40:53,893 epoch 6 - iter 72/125 - loss 13.18929210 - samples/sec: 73.84 - lr: 0.150000
2021-03-10 23:40:55,123 epoch 6 - iter 84/125 - loss 13.10598745 - samples/sec: 78.68 - lr: 0.150000
2021-03-10 23:40:56,372 epoch 6 - iter 96/125 - loss 13.22526340 - samples/sec: 77.29 - lr: 0.150000
2021-03-10 23:40:57,604 epoch 6 - iter 108/125 - loss 13.18444904 - samples/sec: 78.40 - lr: 0.150000
2021-03-10 23:40:58,800 epoch 6 - iter 120/125 - loss 13.36509244 - samples/sec: 80.78 - lr: 0.150000
2021-03-10 23:40:59,465 ----------------------------------------------------------------------------------------------------
2021-03-10 23:40:59,466 EPOCH 6 done: loss 13.3068 - lr 0.1500000
2021-03-10 23:40:59,935 DEV : loss 10.721978187561035 - score 0.8475
2021-03-10 23:40:59,942 BAD EPOCHS (no improvement): 0
2021-03-10 23:41:06,070 ----------------------------------------------------------------------------------------------------
2021-03-10 23:41:07,303 epoch 7 - iter 12/125 - loss 13.60691420 - samples/sec: 77.94 - lr: 0.150000
2021-03-10 23:41:08,556 epoch 7 - iter 24/125 - loss 13.62936163 - samples/sec: 77.04 - lr: 0.150000
2021-03-10 23:41:09,780 epoch 7 - iter 36/125 - loss 12.92257410 - samples/sec: 78.93 - lr: 0.150000
2021-03-10 23:41:10,977 epoch 7 - iter 48/125 - loss 13.04862286 - samples/sec: 80.69 - lr: 0.150000
2021-03-10 23:41:12,155 epoch 7 - iter 60/125 - loss 13.07368691 - samples/sec: 82.03 - lr: 0.150000
2021-03-10 23:41:13,419 epoch 7 - iter 72/125 - loss 13.05892966 - samples/sec: 76.44 - lr: 0.150000
2021-03-10 23:41:14,599 epoch 7 - iter 84/125 - loss 13.11450546 - samples/sec: 81.90 - lr: 0.150000
2021-03-10 23:41:15,892 epoch 7 - iter 96/125 - loss 13.08566800 - samples/sec: 74.68 - lr: 0.150000
2021-03-10 23:41:17,238 epoch 7 - iter 108/125 - loss 13.14110034 - samples/sec: 71.72 - lr: 0.150000
2021-03-10 23:41:18,380 epoch 7 - iter 120/125 - loss 12.99920007 - samples/sec: 84.65 - lr: 0.150000
2021-03-10 23:41:18,816 ----------------------------------------------------------------------------------------------------
2021-03-10 23:41:18,817 EPOCH 7 done: loss 12.9003 - lr 0.1500000
2021-03-10 23:41:19,293 DEV : loss 10.093023300170898 - score 0.8515
2021-03-10 23:41:19,302 BAD EPOCHS (no improvement): 0
2021-03-10 23:41:25,560 ----------------------------------------------------------------------------------------------------
2021-03-10 23:41:26,808 epoch 8 - iter 12/125 - loss 12.55960492 - samples/sec: 77.06 - lr: 0.150000
2021-03-10 23:41:28,045 epoch 8 - iter 24/125 - loss 12.46576160 - samples/sec: 78.07 - lr: 0.150000
2021-03-10 23:41:29,235 epoch 8 - iter 36/125 - loss 12.33531757 - samples/sec: 81.20 - lr: 0.150000
2021-03-10 23:41:30,454 epoch 8 - iter 48/125 - loss 12.37810947 - samples/sec: 79.18 - lr: 0.150000
2021-03-10 23:41:31,806 epoch 8 - iter 60/125 - loss 12.32803512 - samples/sec: 71.39 - lr: 0.150000
2021-03-10 23:41:33,142 epoch 8 - iter 72/125 - loss 12.70186996 - samples/sec: 72.26 - lr: 0.150000
2021-03-10 23:41:34,419 epoch 8 - iter 84/125 - loss 12.75499069 - samples/sec: 75.60 - lr: 0.150000
2021-03-10 23:41:35,588 epoch 8 - iter 96/125 - loss 12.63947532 - samples/sec: 82.64 - lr: 0.150000
2021-03-10 23:41:36,931 epoch 8 - iter 108/125 - loss 12.71336972 - samples/sec: 71.89 - lr: 0.150000
2021-03-10 23:41:38,051 epoch 8 - iter 120/125 - loss 12.72097779 - samples/sec: 86.31 - lr: 0.150000
2021-03-10 23:41:38,534 ----------------------------------------------------------------------------------------------------
2021-03-10 23:41:38,535 EPOCH 8 done: loss 12.7125 - lr 0.1500000
2021-03-10 23:41:38,980 DEV : loss 9.927887916564941 - score 0.8593
2021-03-10 23:41:38,988 BAD EPOCHS (no improvement): 0
2021-03-10 23:41:45,061 ----------------------------------------------------------------------------------------------------
2021-03-10 23:41:46,262 epoch 9 - iter 12/125 - loss 11.49218953 - samples/sec: 80.04 - lr: 0.150000
2021-03-10 23:41:47,618 epoch 9 - iter 24/125 - loss 11.46659662 - samples/sec: 71.20 - lr: 0.150000
2021-03-10 23:41:48,896 epoch 9 - iter 36/125 - loss 12.03684549 - samples/sec: 75.53 - lr: 0.150000
2021-03-10 23:41:50,047 epoch 9 - iter 48/125 - loss 11.99529005 - samples/sec: 83.97 - lr: 0.150000
2021-03-10 23:41:51,150 epoch 9 - iter 60/125 - loss 12.09670970 - samples/sec: 87.59 - lr: 0.150000
2021-03-10 23:41:52,401 epoch 9 - iter 72/125 - loss 12.05936360 - samples/sec: 77.24 - lr: 0.150000
2021-03-10 23:41:53,519 epoch 9 - iter 84/125 - loss 12.09040475 - samples/sec: 86.39 - lr: 0.150000
2021-03-10 23:41:54,679 epoch 9 - iter 96/125 - loss 12.24888735 - samples/sec: 83.31 - lr: 0.150000
2021-03-10 23:41:55,851 epoch 9 - iter 108/125 - loss 12.30370508 - samples/sec: 82.43 - lr: 0.150000
2021-03-10 23:41:57,101 epoch 9 - iter 120/125 - loss 12.25245290 - samples/sec: 77.24 - lr: 0.150000
2021-03-10 23:41:57,581 ----------------------------------------------------------------------------------------------------
2021-03-10 23:41:57,582 EPOCH 9 done: loss 12.3089 - lr 0.1500000
2021-03-10 23:41:58,034 DEV : loss 9.259193420410156 - score 0.8611
2021-03-10 23:41:58,042 BAD EPOCHS (no improvement): 0
2021-03-10 23:42:04,123 ----------------------------------------------------------------------------------------------------
2021-03-10 23:42:05,384 epoch 10 - iter 12/125 - loss 12.58691049 - samples/sec: 76.26 - lr: 0.150000
2021-03-10 23:42:06,757 epoch 10 - iter 24/125 - loss 13.21799304 - samples/sec: 70.41 - lr: 0.150000
2021-03-10 23:42:08,004 epoch 10 - iter 36/125 - loss 12.89083748 - samples/sec: 77.43 - lr: 0.150000
2021-03-10 23:42:09,246 epoch 10 - iter 48/125 - loss 12.55579468 - samples/sec: 77.77 - lr: 0.150000
2021-03-10 23:42:10,531 epoch 10 - iter 60/125 - loss 12.68333510 - samples/sec: 75.21 - lr: 0.150000
2021-03-10 23:42:11,827 epoch 10 - iter 72/125 - loss 12.67360364 - samples/sec: 74.58 - lr: 0.150000
2021-03-10 23:42:12,944 epoch 10 - iter 84/125 - loss 12.54014437 - samples/sec: 86.55 - lr: 0.150000
2021-03-10 23:42:14,152 epoch 10 - iter 96/125 - loss 12.54941586 - samples/sec: 80.04 - lr: 0.150000
2021-03-10 23:42:15,429 epoch 10 - iter 108/125 - loss 12.35121252 - samples/sec: 75.96 - lr: 0.150000
2021-03-10 23:42:16,570 epoch 10 - iter 120/125 - loss 12.21632670 - samples/sec: 84.65 - lr: 0.150000
2021-03-10 23:42:17,057 ----------------------------------------------------------------------------------------------------
2021-03-10 23:42:17,058 EPOCH 10 done: loss 12.0937 - lr 0.1500000
2021-03-10 23:42:17,513 DEV : loss 9.416369438171387 - score 0.8621
2021-03-10 23:42:17,521 BAD EPOCHS (no improvement): 0
2021-03-10 23:42:23,628 ----------------------------------------------------------------------------------------------------
2021-03-10 23:42:24,848 epoch 11 - iter 12/125 - loss 11.22128805 - samples/sec: 78.80 - lr: 0.150000
2021-03-10 23:42:26,039 epoch 11 - iter 24/125 - loss 11.53036813 - samples/sec: 81.25 - lr: 0.150000
2021-03-10 23:42:27,187 epoch 11 - iter 36/125 - loss 11.63182682 - samples/sec: 84.12 - lr: 0.150000
2021-03-10 23:42:28,372 epoch 11 - iter 48/125 - loss 11.90567156 - samples/sec: 81.59 - lr: 0.150000
2021-03-10 23:42:29,420 epoch 11 - iter 60/125 - loss 11.35134111 - samples/sec: 92.24 - lr: 0.150000
2021-03-10 23:42:30,551 epoch 11 - iter 72/125 - loss 11.35225926 - samples/sec: 85.40 - lr: 0.150000
2021-03-10 23:42:31,786 epoch 11 - iter 84/125 - loss 11.60955234 - samples/sec: 78.23 - lr: 0.150000
2021-03-10 23:42:33,225 epoch 11 - iter 96/125 - loss 11.70447668 - samples/sec: 67.13 - lr: 0.150000
2021-03-10 23:42:34,430 epoch 11 - iter 108/125 - loss 11.85685528 - samples/sec: 80.17 - lr: 0.150000
2021-03-10 23:42:35,743 epoch 11 - iter 120/125 - loss 11.81741340 - samples/sec: 73.49 - lr: 0.150000
2021-03-10 23:42:36,271 ----------------------------------------------------------------------------------------------------
2021-03-10 23:42:36,272 EPOCH 11 done: loss 11.8257 - lr 0.1500000
2021-03-10 23:42:36,726 DEV : loss 8.897700309753418 - score 0.865
2021-03-10 23:42:36,734 BAD EPOCHS (no improvement): 0
2021-03-10 23:42:42,832 ----------------------------------------------------------------------------------------------------
2021-03-10 23:42:44,243 epoch 12 - iter 12/125 - loss 12.77517541 - samples/sec: 68.11 - lr: 0.150000
2021-03-10 23:42:45,393 epoch 12 - iter 24/125 - loss 12.56562680 - samples/sec: 84.08 - lr: 0.150000
2021-03-10 23:42:46,629 epoch 12 - iter 36/125 - loss 12.32899776 - samples/sec: 78.16 - lr: 0.150000
2021-03-10 23:42:47,879 epoch 12 - iter 48/125 - loss 12.24050853 - samples/sec: 77.21 - lr: 0.150000
2021-03-10 23:42:49,079 epoch 12 - iter 60/125 - loss 12.13557522 - samples/sec: 80.48 - lr: 0.150000
2021-03-10 23:42:50,458 epoch 12 - iter 72/125 - loss 11.90333813 - samples/sec: 70.09 - lr: 0.150000
2021-03-10 23:42:51,548 epoch 12 - iter 84/125 - loss 11.82989240 - samples/sec: 88.85 - lr: 0.150000
2021-03-10 23:42:52,756 epoch 12 - iter 96/125 - loss 12.14230929 - samples/sec: 80.01 - lr: 0.150000
2021-03-10 23:42:53,879 epoch 12 - iter 108/125 - loss 11.99302301 - samples/sec: 86.10 - lr: 0.150000
2021-03-10 23:42:55,234 epoch 12 - iter 120/125 - loss 11.89848271 - samples/sec: 71.23 - lr: 0.150000
2021-03-10 23:42:55,853 ----------------------------------------------------------------------------------------------------
2021-03-10 23:42:55,855 EPOCH 12 done: loss 11.9874 - lr 0.1500000
2021-03-10 23:42:56,378 DEV : loss 9.586894035339355 - score 0.8511
2021-03-10 23:42:56,386 BAD EPOCHS (no improvement): 1
2021-03-10 23:42:59,443 ----------------------------------------------------------------------------------------------------
2021-03-10 23:43:00,583 epoch 13 - iter 12/125 - loss 11.51305755 - samples/sec: 84.41 - lr: 0.150000
2021-03-10 23:43:01,821 epoch 13 - iter 24/125 - loss 11.12457426 - samples/sec: 78.03 - lr: 0.150000
2021-03-10 23:43:02,998 epoch 13 - iter 36/125 - loss 11.32339507 - samples/sec: 82.14 - lr: 0.150000
2021-03-10 23:43:04,495 epoch 13 - iter 48/125 - loss 11.34998612 - samples/sec: 64.46 - lr: 0.150000
2021-03-10 23:43:05,691 epoch 13 - iter 60/125 - loss 11.45745740 - samples/sec: 80.77 - lr: 0.150000
2021-03-10 23:43:06,920 epoch 13 - iter 72/125 - loss 11.37760826 - samples/sec: 78.59 - lr: 0.150000
2021-03-10 23:43:08,213 epoch 13 - iter 84/125 - loss 11.43334453 - samples/sec: 74.81 - lr: 0.150000
2021-03-10 23:43:09,516 epoch 13 - iter 96/125 - loss 11.51362238 - samples/sec: 74.08 - lr: 0.150000
2021-03-10 23:43:10,689 epoch 13 - iter 108/125 - loss 11.64095897 - samples/sec: 82.41 - lr: 0.150000
2021-03-10 23:43:12,058 epoch 13 - iter 120/125 - loss 11.71962705 - samples/sec: 70.48 - lr: 0.150000
2021-03-10 23:43:12,558 ----------------------------------------------------------------------------------------------------
2021-03-10 23:43:12,558 EPOCH 13 done: loss 11.6829 - lr 0.1500000
2021-03-10 23:43:13,013 DEV : loss 9.182486534118652 - score 0.8685
2021-03-10 23:43:13,020 BAD EPOCHS (no improvement): 0
2021-03-10 23:43:19,097 ----------------------------------------------------------------------------------------------------
2021-03-10 23:43:20,283 epoch 14 - iter 12/125 - loss 12.42634821 - samples/sec: 81.03 - lr: 0.150000
2021-03-10 23:43:21,696 epoch 14 - iter 24/125 - loss 12.48591528 - samples/sec: 68.32 - lr: 0.150000
2021-03-10 23:43:22,934 epoch 14 - iter 36/125 - loss 11.97743740 - samples/sec: 78.08 - lr: 0.150000
2021-03-10 23:43:24,271 epoch 14 - iter 48/125 - loss 11.97052260 - samples/sec: 72.18 - lr: 0.150000
2021-03-10 23:43:25,590 epoch 14 - iter 60/125 - loss 11.69331752 - samples/sec: 73.20 - lr: 0.150000
2021-03-10 23:43:26,857 epoch 14 - iter 72/125 - loss 11.74271059 - samples/sec: 76.22 - lr: 0.150000
2021-03-10 23:43:28,126 epoch 14 - iter 84/125 - loss 11.68438696 - samples/sec: 76.12 - lr: 0.150000
2021-03-10 23:43:29,313 epoch 14 - iter 96/125 - loss 11.62256752 - samples/sec: 81.32 - lr: 0.150000
2021-03-10 23:43:30,335 epoch 14 - iter 108/125 - loss 11.51423450 - samples/sec: 94.71 - lr: 0.150000
2021-03-10 23:43:31,480 epoch 14 - iter 120/125 - loss 11.64211760 - samples/sec: 84.41 - lr: 0.150000
2021-03-10 23:43:32,021 ----------------------------------------------------------------------------------------------------
2021-03-10 23:43:32,022 EPOCH 14 done: loss 11.6574 - lr 0.1500000
2021-03-10 23:43:32,497 DEV : loss 8.959596633911133 - score 0.8646
2021-03-10 23:43:32,504 BAD EPOCHS (no improvement): 1
2021-03-10 23:43:35,586 ----------------------------------------------------------------------------------------------------
2021-03-10 23:43:36,767 epoch 15 - iter 12/125 - loss 11.34156601 - samples/sec: 81.37 - lr: 0.150000
2021-03-10 23:43:37,983 epoch 15 - iter 24/125 - loss 11.18006368 - samples/sec: 79.55 - lr: 0.150000
2021-03-10 23:43:39,238 epoch 15 - iter 36/125 - loss 11.61291035 - samples/sec: 76.95 - lr: 0.150000
2021-03-10 23:43:40,420 epoch 15 - iter 48/125 - loss 11.22064834 - samples/sec: 81.83 - lr: 0.150000
2021-03-10 23:43:41,659 epoch 15 - iter 60/125 - loss 11.36488857 - samples/sec: 77.96 - lr: 0.150000
2021-03-10 23:43:42,771 epoch 15 - iter 72/125 - loss 11.29748315 - samples/sec: 86.96 - lr: 0.150000
2021-03-10 23:43:43,996 epoch 15 - iter 84/125 - loss 11.16623815 - samples/sec: 78.87 - lr: 0.150000
2021-03-10 23:43:45,174 epoch 15 - iter 96/125 - loss 11.24153152 - samples/sec: 82.05 - lr: 0.150000
2021-03-10 23:43:46,301 epoch 15 - iter 108/125 - loss 11.22644125 - samples/sec: 85.77 - lr: 0.150000
2021-03-10 23:43:47,525 epoch 15 - iter 120/125 - loss 11.30060285 - samples/sec: 78.95 - lr: 0.150000
2021-03-10 23:43:48,144 ----------------------------------------------------------------------------------------------------
2021-03-10 23:43:48,145 EPOCH 15 done: loss 11.3418 - lr 0.1500000
2021-03-10 23:43:48,620 DEV : loss 8.552390098571777 - score 0.8724
2021-03-10 23:43:48,628 BAD EPOCHS (no improvement): 0
2021-03-10 23:43:57,308 ----------------------------------------------------------------------------------------------------
2021-03-10 23:43:57,316 Testing using best model ...
2021-03-10 23:43:57,317 loading file resources/taggers/iso_glove/best-model.pt
2021-03-10 23:43:59,534 	0.8796
2021-03-10 23:43:59,535 
Results:
- F-score (micro): 0.8796
- F-score (macro): 0.6989
- Accuracy (incl. no class): 0.8796

By class:
                 precision    recall  f1-score   support

              O     0.9389    0.9335    0.9362      5561
          PLACE     0.6787    0.7528    0.7138       449
NONMOTION_EVENT     0.6000    0.4783    0.5323        69
        MEASURE     0.7966    0.6438    0.7121        73
 SPATIAL_SIGNAL     0.6923    0.6223    0.6555       188
  MOTION_SIGNAL     0.6190    0.7134    0.6629       164
           PATH     0.5787    0.6519    0.6131       158
 SPATIAL_ENTITY     0.7844    0.7218    0.7518       363
         MOTION     0.6898    0.7376    0.7129       202

       accuracy                         0.8796      7227
      macro avg     0.7087    0.6950    0.6989      7227
   weighted avg     0.8818    0.8796    0.8802      7227

2021-03-10 23:43:59,536 ----------------------------------------------------------------------------------------------------
