2021-03-16 12:57:10,822 ----------------------------------------------------------------------------------------------------
2021-03-16 12:57:10,823 Model: "SequenceTagger(
  (embeddings): StackedEmbeddings(
    (list_embedding_0): WordEmbeddings('glove')
    (list_embedding_1): FlairEmbeddings(
      (lm): LanguageModel(
        (drop): Dropout(p=0.25, inplace=False)
        (encoder): Embedding(275, 100)
        (rnn): LSTM(100, 1024)
        (decoder): Linear(in_features=1024, out_features=275, bias=True)
      )
    )
    (list_embedding_2): FlairEmbeddings(
      (lm): LanguageModel(
        (drop): Dropout(p=0.25, inplace=False)
        (encoder): Embedding(275, 100)
        (rnn): LSTM(100, 1024)
        (decoder): Linear(in_features=1024, out_features=275, bias=True)
      )
    )
  )
  (word_dropout): WordDropout(p=0.05)
  (locked_dropout): LockedDropout(p=0.5)
  (embedding2nn): Linear(in_features=2148, out_features=2148, bias=True)
  (rnn): LSTM(2148, 128, batch_first=True, bidirectional=True)
  (linear): Linear(in_features=256, out_features=8, bias=True)
  (beta): 1.0
  (weights): None
  (weight_tensor) None
)"
2021-03-16 12:57:10,824 ----------------------------------------------------------------------------------------------------
2021-03-16 12:57:10,825 Corpus: "Corpus: 1000 train + 111 dev + 289 test sentences"
2021-03-16 12:57:10,825 ----------------------------------------------------------------------------------------------------
2021-03-16 12:57:10,826 Parameters:
2021-03-16 12:57:10,827  - learning_rate: "0.1"
2021-03-16 12:57:10,828  - mini_batch_size: "32"
2021-03-16 12:57:10,828  - patience: "3"
2021-03-16 12:57:10,829  - anneal_factor: "0.5"
2021-03-16 12:57:10,830  - max_epochs: "8"
2021-03-16 12:57:10,831  - shuffle: "True"
2021-03-16 12:57:10,832  - train_with_dev: "False"
2021-03-16 12:57:10,833  - batch_growth_annealing: "False"
2021-03-16 12:57:10,834 ----------------------------------------------------------------------------------------------------
2021-03-16 12:57:10,835 Model training base path: "resources/taggers/dimensionality"
2021-03-16 12:57:10,835 ----------------------------------------------------------------------------------------------------
2021-03-16 12:57:10,836 Device: cpu
2021-03-16 12:57:10,836 ----------------------------------------------------------------------------------------------------
2021-03-16 12:57:10,838 Embeddings storage mode: cpu
2021-03-16 12:57:10,839 ----------------------------------------------------------------------------------------------------
2021-03-16 12:57:23,500 epoch 1 - iter 3/32 - loss 50.93967819 - samples/sec: 7.58 - lr: 0.100000
2021-03-16 12:57:34,334 epoch 1 - iter 6/32 - loss 30.29965178 - samples/sec: 8.86 - lr: 0.100000
2021-03-16 12:57:46,811 epoch 1 - iter 9/32 - loss 22.99354633 - samples/sec: 7.69 - lr: 0.100000
2021-03-16 12:57:56,492 epoch 1 - iter 12/32 - loss 18.81430344 - samples/sec: 9.92 - lr: 0.100000
2021-03-16 12:58:04,998 epoch 1 - iter 15/32 - loss 16.11674010 - samples/sec: 11.29 - lr: 0.100000
2021-03-16 12:58:16,365 epoch 1 - iter 18/32 - loss 14.77871225 - samples/sec: 8.45 - lr: 0.100000
2021-03-16 12:58:33,014 epoch 1 - iter 21/32 - loss 13.98162785 - samples/sec: 5.77 - lr: 0.100000
2021-03-16 12:58:45,527 epoch 1 - iter 24/32 - loss 13.42043185 - samples/sec: 7.67 - lr: 0.100000
2021-03-16 12:58:55,433 epoch 1 - iter 27/32 - loss 12.77799313 - samples/sec: 9.69 - lr: 0.100000
2021-03-16 12:59:06,528 epoch 1 - iter 30/32 - loss 12.16423240 - samples/sec: 8.65 - lr: 0.100000
2021-03-16 12:59:14,956 ----------------------------------------------------------------------------------------------------
2021-03-16 12:59:14,956 EPOCH 1 done: loss 11.8123 - lr 0.1000000
2021-03-16 12:59:25,720 DEV : loss 6.3584723472595215 - score 0.931
2021-03-16 12:59:25,735 BAD EPOCHS (no improvement): 0
2021-03-16 12:59:28,233 ----------------------------------------------------------------------------------------------------
2021-03-16 12:59:30,077 epoch 2 - iter 3/32 - loss 6.70095428 - samples/sec: 52.12 - lr: 0.100000
2021-03-16 12:59:32,562 epoch 2 - iter 6/32 - loss 6.42941570 - samples/sec: 38.64 - lr: 0.100000
2021-03-16 12:59:34,190 epoch 2 - iter 9/32 - loss 6.32266511 - samples/sec: 59.01 - lr: 0.100000
2021-03-16 12:59:35,899 epoch 2 - iter 12/32 - loss 6.77193673 - samples/sec: 56.22 - lr: 0.100000
2021-03-16 12:59:37,726 epoch 2 - iter 15/32 - loss 6.80495720 - samples/sec: 52.57 - lr: 0.100000
2021-03-16 12:59:39,662 epoch 2 - iter 18/32 - loss 6.81797663 - samples/sec: 49.62 - lr: 0.100000
2021-03-16 12:59:41,216 epoch 2 - iter 21/32 - loss 6.85458701 - samples/sec: 61.80 - lr: 0.100000
2021-03-16 12:59:43,235 epoch 2 - iter 24/32 - loss 6.68443318 - samples/sec: 47.57 - lr: 0.100000
2021-03-16 12:59:45,351 epoch 2 - iter 27/32 - loss 6.53672031 - samples/sec: 45.40 - lr: 0.100000
2021-03-16 12:59:46,930 epoch 2 - iter 30/32 - loss 6.39400560 - samples/sec: 60.85 - lr: 0.100000
2021-03-16 12:59:47,960 ----------------------------------------------------------------------------------------------------
2021-03-16 12:59:47,961 EPOCH 2 done: loss 6.2514 - lr 0.1000000
2021-03-16 12:59:48,791 DEV : loss 6.5249247550964355 - score 0.931
2021-03-16 12:59:48,806 BAD EPOCHS (no improvement): 1
2021-03-16 12:59:48,807 ----------------------------------------------------------------------------------------------------
2021-03-16 12:59:50,707 epoch 3 - iter 3/32 - loss 3.64002633 - samples/sec: 50.56 - lr: 0.100000
2021-03-16 12:59:53,126 epoch 3 - iter 6/32 - loss 5.48268203 - samples/sec: 39.70 - lr: 0.100000
2021-03-16 12:59:54,786 epoch 3 - iter 9/32 - loss 5.84572585 - samples/sec: 57.88 - lr: 0.100000
2021-03-16 12:59:56,726 epoch 3 - iter 12/32 - loss 5.80908287 - samples/sec: 49.50 - lr: 0.100000
2021-03-16 12:59:58,651 epoch 3 - iter 15/32 - loss 5.80057119 - samples/sec: 49.92 - lr: 0.100000
2021-03-16 13:00:00,660 epoch 3 - iter 18/32 - loss 6.09427799 - samples/sec: 47.80 - lr: 0.100000
2021-03-16 13:00:02,280 epoch 3 - iter 21/32 - loss 6.13811845 - samples/sec: 59.29 - lr: 0.100000
2021-03-16 13:00:03,850 epoch 3 - iter 24/32 - loss 6.02874680 - samples/sec: 61.20 - lr: 0.100000
2021-03-16 13:00:05,926 epoch 3 - iter 27/32 - loss 5.87074144 - samples/sec: 46.26 - lr: 0.100000
2021-03-16 13:00:08,045 epoch 3 - iter 30/32 - loss 5.84356860 - samples/sec: 45.32 - lr: 0.100000
2021-03-16 13:00:08,838 ----------------------------------------------------------------------------------------------------
2021-03-16 13:00:08,839 EPOCH 3 done: loss 5.8162 - lr 0.1000000
2021-03-16 13:00:09,611 DEV : loss 4.857173442840576 - score 0.9317
2021-03-16 13:00:09,626 BAD EPOCHS (no improvement): 0
2021-03-16 13:00:12,870 ----------------------------------------------------------------------------------------------------
2021-03-16 13:00:14,677 epoch 4 - iter 3/32 - loss 6.10770146 - samples/sec: 53.18 - lr: 0.100000
2021-03-16 13:00:17,118 epoch 4 - iter 6/32 - loss 6.06000566 - samples/sec: 39.34 - lr: 0.100000
2021-03-16 13:00:19,374 epoch 4 - iter 9/32 - loss 5.97043583 - samples/sec: 42.57 - lr: 0.100000
2021-03-16 13:00:21,054 epoch 4 - iter 12/32 - loss 5.59823557 - samples/sec: 57.18 - lr: 0.100000
2021-03-16 13:00:22,869 epoch 4 - iter 15/32 - loss 5.58832633 - samples/sec: 52.92 - lr: 0.100000
2021-03-16 13:00:25,315 epoch 4 - iter 18/32 - loss 5.39288494 - samples/sec: 39.27 - lr: 0.100000
2021-03-16 13:00:27,082 epoch 4 - iter 21/32 - loss 5.40322252 - samples/sec: 54.35 - lr: 0.100000
2021-03-16 13:00:28,732 epoch 4 - iter 24/32 - loss 5.46573587 - samples/sec: 58.21 - lr: 0.100000
2021-03-16 13:00:30,834 epoch 4 - iter 27/32 - loss 5.49903096 - samples/sec: 45.71 - lr: 0.100000
2021-03-16 13:00:32,403 epoch 4 - iter 30/32 - loss 5.38457416 - samples/sec: 61.23 - lr: 0.100000
2021-03-16 13:00:33,098 ----------------------------------------------------------------------------------------------------
2021-03-16 13:00:33,099 EPOCH 4 done: loss 5.2303 - lr 0.1000000
2021-03-16 13:00:33,868 DEV : loss 5.913686752319336 - score 0.9317
2021-03-16 13:00:33,882 BAD EPOCHS (no improvement): 1
2021-03-16 13:00:33,883 ----------------------------------------------------------------------------------------------------
2021-03-16 13:00:35,918 epoch 5 - iter 3/32 - loss 5.45732721 - samples/sec: 47.22 - lr: 0.100000
2021-03-16 13:00:37,473 epoch 5 - iter 6/32 - loss 5.47467613 - samples/sec: 61.75 - lr: 0.100000
2021-03-16 13:00:39,623 epoch 5 - iter 9/32 - loss 5.02481577 - samples/sec: 44.67 - lr: 0.100000
2021-03-16 13:00:41,504 epoch 5 - iter 12/32 - loss 5.20067302 - samples/sec: 51.08 - lr: 0.100000
2021-03-16 13:00:43,353 epoch 5 - iter 15/32 - loss 5.06066585 - samples/sec: 51.94 - lr: 0.100000
2021-03-16 13:00:45,067 epoch 5 - iter 18/32 - loss 5.23893665 - samples/sec: 56.04 - lr: 0.100000
2021-03-16 13:00:47,500 epoch 5 - iter 21/32 - loss 5.20623828 - samples/sec: 39.47 - lr: 0.100000
2021-03-16 13:00:49,242 epoch 5 - iter 24/32 - loss 5.07171840 - samples/sec: 55.17 - lr: 0.100000
2021-03-16 13:00:50,951 epoch 5 - iter 27/32 - loss 5.15315488 - samples/sec: 56.21 - lr: 0.100000
2021-03-16 13:00:52,888 epoch 5 - iter 30/32 - loss 5.12000542 - samples/sec: 49.57 - lr: 0.100000
2021-03-16 13:00:53,752 ----------------------------------------------------------------------------------------------------
2021-03-16 13:00:53,753 EPOCH 5 done: loss 5.0631 - lr 0.1000000
2021-03-16 13:00:54,515 DEV : loss 6.130339622497559 - score 0.931
2021-03-16 13:00:54,529 BAD EPOCHS (no improvement): 2
2021-03-16 13:00:54,530 ----------------------------------------------------------------------------------------------------
2021-03-16 13:00:56,748 epoch 6 - iter 3/32 - loss 5.96550639 - samples/sec: 43.30 - lr: 0.100000
2021-03-16 13:00:58,409 epoch 6 - iter 6/32 - loss 5.53524752 - samples/sec: 57.86 - lr: 0.100000
2021-03-16 13:01:00,226 epoch 6 - iter 9/32 - loss 5.06966713 - samples/sec: 52.85 - lr: 0.100000
2021-03-16 13:01:01,959 epoch 6 - iter 12/32 - loss 5.15633440 - samples/sec: 55.42 - lr: 0.100000
2021-03-16 13:01:03,920 epoch 6 - iter 15/32 - loss 5.24939880 - samples/sec: 48.98 - lr: 0.100000
2021-03-16 13:01:05,829 epoch 6 - iter 18/32 - loss 5.15704748 - samples/sec: 50.33 - lr: 0.100000
2021-03-16 13:01:07,694 epoch 6 - iter 21/32 - loss 5.00589560 - samples/sec: 51.49 - lr: 0.100000
2021-03-16 13:01:09,687 epoch 6 - iter 24/32 - loss 5.00176602 - samples/sec: 48.19 - lr: 0.100000
2021-03-16 13:01:12,383 epoch 6 - iter 27/32 - loss 4.98195310 - samples/sec: 35.62 - lr: 0.100000
2021-03-16 13:01:14,012 epoch 6 - iter 30/32 - loss 5.02201356 - samples/sec: 58.97 - lr: 0.100000
2021-03-16 13:01:14,958 ----------------------------------------------------------------------------------------------------
2021-03-16 13:01:14,959 EPOCH 6 done: loss 4.8467 - lr 0.1000000
2021-03-16 13:01:15,731 DEV : loss 5.828322410583496 - score 0.931
2021-03-16 13:01:15,746 BAD EPOCHS (no improvement): 3
2021-03-16 13:01:15,747 ----------------------------------------------------------------------------------------------------
2021-03-16 13:01:17,489 epoch 7 - iter 3/32 - loss 5.12886572 - samples/sec: 55.17 - lr: 0.100000
2021-03-16 13:01:19,097 epoch 7 - iter 6/32 - loss 4.62429468 - samples/sec: 59.74 - lr: 0.100000
2021-03-16 13:01:21,523 epoch 7 - iter 9/32 - loss 4.48571049 - samples/sec: 39.58 - lr: 0.100000
2021-03-16 13:01:23,472 epoch 7 - iter 12/32 - loss 4.04783388 - samples/sec: 49.29 - lr: 0.100000
2021-03-16 13:01:25,160 epoch 7 - iter 15/32 - loss 4.27134059 - samples/sec: 56.92 - lr: 0.100000
2021-03-16 13:01:27,090 epoch 7 - iter 18/32 - loss 4.72051605 - samples/sec: 49.76 - lr: 0.100000
2021-03-16 13:01:29,445 epoch 7 - iter 21/32 - loss 4.79738601 - samples/sec: 40.78 - lr: 0.100000
2021-03-16 13:01:31,529 epoch 7 - iter 24/32 - loss 4.74226967 - samples/sec: 46.10 - lr: 0.100000
2021-03-16 13:01:33,682 epoch 7 - iter 27/32 - loss 4.72773228 - samples/sec: 44.60 - lr: 0.100000
2021-03-16 13:01:36,308 epoch 7 - iter 30/32 - loss 4.77783981 - samples/sec: 36.57 - lr: 0.100000
2021-03-16 13:01:37,178 ----------------------------------------------------------------------------------------------------
2021-03-16 13:01:37,179 EPOCH 7 done: loss 4.7903 - lr 0.1000000
2021-03-16 13:01:37,947 DEV : loss 4.495827674865723 - score 0.9358
2021-03-16 13:01:37,961 BAD EPOCHS (no improvement): 0
2021-03-16 13:01:41,219 ----------------------------------------------------------------------------------------------------
2021-03-16 13:01:42,840 epoch 8 - iter 3/32 - loss 4.02040648 - samples/sec: 59.26 - lr: 0.100000
2021-03-16 13:01:45,472 epoch 8 - iter 6/32 - loss 4.52259306 - samples/sec: 36.50 - lr: 0.100000
2021-03-16 13:01:47,244 epoch 8 - iter 9/32 - loss 4.53135228 - samples/sec: 54.19 - lr: 0.100000
2021-03-16 13:01:49,388 epoch 8 - iter 12/32 - loss 4.33921462 - samples/sec: 44.80 - lr: 0.100000
2021-03-16 13:01:51,408 epoch 8 - iter 15/32 - loss 4.69260290 - samples/sec: 47.55 - lr: 0.100000
2021-03-16 13:01:53,283 epoch 8 - iter 18/32 - loss 4.59094465 - samples/sec: 51.22 - lr: 0.100000
2021-03-16 13:01:55,575 epoch 8 - iter 21/32 - loss 4.47532325 - samples/sec: 41.90 - lr: 0.100000
2021-03-16 13:01:57,237 epoch 8 - iter 24/32 - loss 4.49573060 - samples/sec: 57.79 - lr: 0.100000
2021-03-16 13:01:59,327 epoch 8 - iter 27/32 - loss 4.59756577 - samples/sec: 45.95 - lr: 0.100000
2021-03-16 13:02:01,174 epoch 8 - iter 30/32 - loss 4.65951893 - samples/sec: 52.02 - lr: 0.100000
2021-03-16 13:02:01,862 ----------------------------------------------------------------------------------------------------
2021-03-16 13:02:01,862 EPOCH 8 done: loss 4.6574 - lr 0.1000000
2021-03-16 13:02:02,636 DEV : loss 4.599837303161621 - score 0.931
2021-03-16 13:02:02,650 BAD EPOCHS (no improvement): 1
2021-03-16 13:02:05,161 ----------------------------------------------------------------------------------------------------
2021-03-16 13:02:05,162 Testing using best model ...
2021-03-16 13:02:05,163 loading file resources/taggers/dimensionality/best-model.pt
2021-03-16 13:02:37,116 	0.9574
2021-03-16 13:02:37,117 
Results:
- F-score (micro): 0.9574
- F-score (macro): 0.1957
- Accuracy (incl. no class): 0.9574

By class:
              precision    recall  f1-score   support

           O     0.9582    0.9994    0.9784      6923
       POINT     1.0000    0.0000    0.0000        82
        LINE     1.0000    0.0000    0.0000        16
        AREA     0.0000    0.0000    0.0000       141
      VOLUME     1.0000    0.0000    0.0000        65

    accuracy                         0.9574      7227
   macro avg     0.7916    0.1999    0.1957      7227
weighted avg     0.9404    0.9574    0.9372      7227

2021-03-16 13:02:37,117 ----------------------------------------------------------------------------------------------------
