2021-03-16 13:19:12,006 ----------------------------------------------------------------------------------------------------
2021-03-16 13:19:12,007 Model: "SequenceTagger(
  (embeddings): StackedEmbeddings(
    (list_embedding_0): WordEmbeddings('glove')
    (list_embedding_1): FlairEmbeddings(
      (lm): LanguageModel(
        (drop): Dropout(p=0.25, inplace=False)
        (encoder): Embedding(275, 100)
        (rnn): LSTM(100, 1024)
        (decoder): Linear(in_features=1024, out_features=275, bias=True)
      )
    )
    (list_embedding_2): FlairEmbeddings(
      (lm): LanguageModel(
        (drop): Dropout(p=0.25, inplace=False)
        (encoder): Embedding(275, 100)
        (rnn): LSTM(100, 1024)
        (decoder): Linear(in_features=1024, out_features=275, bias=True)
      )
    )
  )
  (word_dropout): WordDropout(p=0.05)
  (locked_dropout): LockedDropout(p=0.5)
  (embedding2nn): Linear(in_features=2148, out_features=2148, bias=True)
  (rnn): LSTM(2148, 128, batch_first=True, bidirectional=True)
  (linear): Linear(in_features=256, out_features=7, bias=True)
  (beta): 1.0
  (weights): None
  (weight_tensor) None
)"
2021-03-16 13:19:12,008 ----------------------------------------------------------------------------------------------------
2021-03-16 13:19:12,008 Corpus: "Corpus: 1000 train + 111 dev + 289 test sentences"
2021-03-16 13:19:12,009 ----------------------------------------------------------------------------------------------------
2021-03-16 13:19:12,009 Parameters:
2021-03-16 13:19:12,010  - learning_rate: "0.1"
2021-03-16 13:19:12,011  - mini_batch_size: "32"
2021-03-16 13:19:12,012  - patience: "3"
2021-03-16 13:19:12,013  - anneal_factor: "0.5"
2021-03-16 13:19:12,014  - max_epochs: "8"
2021-03-16 13:19:12,015  - shuffle: "True"
2021-03-16 13:19:12,016  - train_with_dev: "False"
2021-03-16 13:19:12,017  - batch_growth_annealing: "False"
2021-03-16 13:19:12,028 ----------------------------------------------------------------------------------------------------
2021-03-16 13:19:12,029 Model training base path: "resources/taggers/motion_sense"
2021-03-16 13:19:12,030 ----------------------------------------------------------------------------------------------------
2021-03-16 13:19:12,031 Device: cpu
2021-03-16 13:19:12,031 ----------------------------------------------------------------------------------------------------
2021-03-16 13:19:12,032 Embeddings storage mode: cpu
2021-03-16 13:19:12,033 ----------------------------------------------------------------------------------------------------
2021-03-16 13:19:22,569 epoch 1 - iter 3/32 - loss 29.89678987 - samples/sec: 9.11 - lr: 0.100000
2021-03-16 13:19:32,827 epoch 1 - iter 6/32 - loss 17.27337317 - samples/sec: 9.36 - lr: 0.100000
2021-03-16 13:19:50,775 epoch 1 - iter 9/32 - loss 12.88323082 - samples/sec: 5.35 - lr: 0.100000
2021-03-16 13:20:02,540 epoch 1 - iter 12/32 - loss 10.54019370 - samples/sec: 8.16 - lr: 0.100000
2021-03-16 13:20:11,457 epoch 1 - iter 15/32 - loss 9.00847845 - samples/sec: 10.77 - lr: 0.100000
2021-03-16 13:20:22,669 epoch 1 - iter 18/32 - loss 8.02133783 - samples/sec: 8.56 - lr: 0.100000
2021-03-16 13:20:33,784 epoch 1 - iter 21/32 - loss 7.29498787 - samples/sec: 8.64 - lr: 0.100000
2021-03-16 13:20:46,286 epoch 1 - iter 24/32 - loss 6.65216316 - samples/sec: 7.68 - lr: 0.100000
2021-03-16 13:20:56,966 epoch 1 - iter 27/32 - loss 6.17926688 - samples/sec: 8.99 - lr: 0.100000
2021-03-16 13:21:09,021 epoch 1 - iter 30/32 - loss 5.77978508 - samples/sec: 7.96 - lr: 0.100000
2021-03-16 13:21:14,423 ----------------------------------------------------------------------------------------------------
2021-03-16 13:21:14,424 EPOCH 1 done: loss 5.6092 - lr 0.1000000
2021-03-16 13:21:25,376 DEV : loss 1.7802910804748535 - score 0.9754
2021-03-16 13:21:25,391 BAD EPOCHS (no improvement): 0
2021-03-16 13:21:27,972 ----------------------------------------------------------------------------------------------------
2021-03-16 13:21:30,039 epoch 2 - iter 3/32 - loss 3.00008416 - samples/sec: 46.48 - lr: 0.100000
2021-03-16 13:21:32,712 epoch 2 - iter 6/32 - loss 2.52284680 - samples/sec: 35.93 - lr: 0.100000
2021-03-16 13:21:34,595 epoch 2 - iter 9/32 - loss 2.27367707 - samples/sec: 50.99 - lr: 0.100000
2021-03-16 13:21:36,310 epoch 2 - iter 12/32 - loss 2.07937837 - samples/sec: 56.03 - lr: 0.100000
2021-03-16 13:21:38,127 epoch 2 - iter 15/32 - loss 2.13574537 - samples/sec: 52.86 - lr: 0.100000
2021-03-16 13:21:39,771 epoch 2 - iter 18/32 - loss 2.14988520 - samples/sec: 58.42 - lr: 0.100000
2021-03-16 13:21:41,517 epoch 2 - iter 21/32 - loss 2.17144301 - samples/sec: 55.01 - lr: 0.100000
2021-03-16 13:21:43,221 epoch 2 - iter 24/32 - loss 2.08145082 - samples/sec: 56.40 - lr: 0.100000
2021-03-16 13:21:45,285 epoch 2 - iter 27/32 - loss 1.99023963 - samples/sec: 46.52 - lr: 0.100000
2021-03-16 13:21:46,998 epoch 2 - iter 30/32 - loss 1.97350471 - samples/sec: 56.08 - lr: 0.100000
2021-03-16 13:21:48,022 ----------------------------------------------------------------------------------------------------
2021-03-16 13:21:48,023 EPOCH 2 done: loss 1.9802 - lr 0.1000000
2021-03-16 13:21:48,804 DEV : loss 1.7640080451965332 - score 0.9697
2021-03-16 13:21:48,819 BAD EPOCHS (no improvement): 1
2021-03-16 13:21:48,821 ----------------------------------------------------------------------------------------------------
2021-03-16 13:21:50,514 epoch 3 - iter 3/32 - loss 1.81756850 - samples/sec: 56.75 - lr: 0.100000
2021-03-16 13:21:52,196 epoch 3 - iter 6/32 - loss 1.64512189 - samples/sec: 57.12 - lr: 0.100000
2021-03-16 13:21:53,878 epoch 3 - iter 9/32 - loss 1.76851041 - samples/sec: 57.12 - lr: 0.100000
2021-03-16 13:21:55,882 epoch 3 - iter 12/32 - loss 1.68406969 - samples/sec: 47.91 - lr: 0.100000
2021-03-16 13:21:57,861 epoch 3 - iter 15/32 - loss 1.74137308 - samples/sec: 48.55 - lr: 0.100000
2021-03-16 13:21:59,678 epoch 3 - iter 18/32 - loss 1.67830675 - samples/sec: 52.87 - lr: 0.100000
2021-03-16 13:22:01,668 epoch 3 - iter 21/32 - loss 1.67959104 - samples/sec: 48.27 - lr: 0.100000
2021-03-16 13:22:03,308 epoch 3 - iter 24/32 - loss 1.68548033 - samples/sec: 58.55 - lr: 0.100000
2021-03-16 13:22:04,971 epoch 3 - iter 27/32 - loss 1.63026054 - samples/sec: 57.78 - lr: 0.100000
2021-03-16 13:22:07,736 epoch 3 - iter 30/32 - loss 1.67538719 - samples/sec: 34.73 - lr: 0.100000
2021-03-16 13:22:08,373 ----------------------------------------------------------------------------------------------------
2021-03-16 13:22:08,373 EPOCH 3 done: loss 1.6684 - lr 0.1000000
2021-03-16 13:22:09,152 DEV : loss 1.1719920635223389 - score 0.9836
2021-03-16 13:22:09,170 BAD EPOCHS (no improvement): 0
2021-03-16 13:22:12,367 ----------------------------------------------------------------------------------------------------
2021-03-16 13:22:14,131 epoch 4 - iter 3/32 - loss 1.07761431 - samples/sec: 54.45 - lr: 0.100000
2021-03-16 13:22:15,850 epoch 4 - iter 6/32 - loss 1.54525989 - samples/sec: 55.90 - lr: 0.100000
2021-03-16 13:22:17,542 epoch 4 - iter 9/32 - loss 1.64620574 - samples/sec: 56.75 - lr: 0.100000
2021-03-16 13:22:19,379 epoch 4 - iter 12/32 - loss 1.61733698 - samples/sec: 52.28 - lr: 0.100000
2021-03-16 13:22:20,849 epoch 4 - iter 15/32 - loss 1.60757949 - samples/sec: 65.35 - lr: 0.100000
2021-03-16 13:22:22,627 epoch 4 - iter 18/32 - loss 1.55924455 - samples/sec: 54.03 - lr: 0.100000
2021-03-16 13:22:24,606 epoch 4 - iter 21/32 - loss 1.51004001 - samples/sec: 48.52 - lr: 0.100000
2021-03-16 13:22:26,552 epoch 4 - iter 24/32 - loss 1.48748506 - samples/sec: 49.38 - lr: 0.100000
2021-03-16 13:22:28,632 epoch 4 - iter 27/32 - loss 1.46414045 - samples/sec: 46.16 - lr: 0.100000
2021-03-16 13:22:30,913 epoch 4 - iter 30/32 - loss 1.54104665 - samples/sec: 42.10 - lr: 0.100000
2021-03-16 13:22:31,827 ----------------------------------------------------------------------------------------------------
2021-03-16 13:22:31,828 EPOCH 4 done: loss 1.5099 - lr 0.1000000
2021-03-16 13:22:32,605 DEV : loss 1.0863847732543945 - score 0.9829
2021-03-16 13:22:32,620 BAD EPOCHS (no improvement): 1
2021-03-16 13:22:32,621 ----------------------------------------------------------------------------------------------------
2021-03-16 13:22:35,262 epoch 5 - iter 3/32 - loss 1.68138806 - samples/sec: 36.38 - lr: 0.100000
2021-03-16 13:22:36,823 epoch 5 - iter 6/32 - loss 1.41180420 - samples/sec: 61.51 - lr: 0.100000
2021-03-16 13:22:38,735 epoch 5 - iter 9/32 - loss 1.60227712 - samples/sec: 50.27 - lr: 0.100000
2021-03-16 13:22:40,888 epoch 5 - iter 12/32 - loss 1.65689579 - samples/sec: 44.60 - lr: 0.100000
2021-03-16 13:22:42,892 epoch 5 - iter 15/32 - loss 1.60449262 - samples/sec: 47.94 - lr: 0.100000
2021-03-16 13:22:44,626 epoch 5 - iter 18/32 - loss 1.62565423 - samples/sec: 55.39 - lr: 0.100000
2021-03-16 13:22:46,405 epoch 5 - iter 21/32 - loss 1.58942380 - samples/sec: 54.01 - lr: 0.100000
2021-03-16 13:22:48,146 epoch 5 - iter 24/32 - loss 1.55594368 - samples/sec: 55.16 - lr: 0.100000
2021-03-16 13:22:50,349 epoch 5 - iter 27/32 - loss 1.53402744 - samples/sec: 43.60 - lr: 0.100000
2021-03-16 13:22:51,916 epoch 5 - iter 30/32 - loss 1.50613581 - samples/sec: 61.31 - lr: 0.100000
2021-03-16 13:22:52,687 ----------------------------------------------------------------------------------------------------
2021-03-16 13:22:52,688 EPOCH 5 done: loss 1.5096 - lr 0.1000000
2021-03-16 13:22:53,457 DEV : loss 1.0145354270935059 - score 0.9865
2021-03-16 13:22:53,476 BAD EPOCHS (no improvement): 0
2021-03-16 13:22:56,665 ----------------------------------------------------------------------------------------------------
2021-03-16 13:22:58,856 epoch 6 - iter 3/32 - loss 1.17311442 - samples/sec: 43.86 - lr: 0.100000
2021-03-16 13:23:01,549 epoch 6 - iter 6/32 - loss 1.14600529 - samples/sec: 35.67 - lr: 0.100000
2021-03-16 13:23:03,472 epoch 6 - iter 9/32 - loss 1.18963238 - samples/sec: 49.94 - lr: 0.100000
2021-03-16 13:23:05,333 epoch 6 - iter 12/32 - loss 1.23037461 - samples/sec: 51.62 - lr: 0.100000
2021-03-16 13:23:06,964 epoch 6 - iter 15/32 - loss 1.29209654 - samples/sec: 58.90 - lr: 0.100000
2021-03-16 13:23:08,957 epoch 6 - iter 18/32 - loss 1.27393598 - samples/sec: 48.19 - lr: 0.100000
2021-03-16 13:23:10,732 epoch 6 - iter 21/32 - loss 1.34137558 - samples/sec: 54.13 - lr: 0.100000
2021-03-16 13:23:12,595 epoch 6 - iter 24/32 - loss 1.37742373 - samples/sec: 51.57 - lr: 0.100000
2021-03-16 13:23:14,404 epoch 6 - iter 27/32 - loss 1.39355640 - samples/sec: 53.09 - lr: 0.100000
2021-03-16 13:23:17,118 epoch 6 - iter 30/32 - loss 1.36618419 - samples/sec: 35.39 - lr: 0.100000
2021-03-16 13:23:17,966 ----------------------------------------------------------------------------------------------------
2021-03-16 13:23:17,967 EPOCH 6 done: loss 1.3764 - lr 0.1000000
2021-03-16 13:23:18,744 DEV : loss 1.1047073602676392 - score 0.9833
2021-03-16 13:23:18,760 BAD EPOCHS (no improvement): 1
2021-03-16 13:23:18,761 ----------------------------------------------------------------------------------------------------
2021-03-16 13:23:20,708 epoch 7 - iter 3/32 - loss 1.16815726 - samples/sec: 49.35 - lr: 0.100000
2021-03-16 13:23:22,524 epoch 7 - iter 6/32 - loss 1.37924890 - samples/sec: 52.89 - lr: 0.100000
2021-03-16 13:23:24,374 epoch 7 - iter 9/32 - loss 1.39732231 - samples/sec: 51.92 - lr: 0.100000
2021-03-16 13:23:25,966 epoch 7 - iter 12/32 - loss 1.31576964 - samples/sec: 60.32 - lr: 0.100000
2021-03-16 13:23:27,609 epoch 7 - iter 15/32 - loss 1.26396852 - samples/sec: 58.46 - lr: 0.100000
2021-03-16 13:23:29,470 epoch 7 - iter 18/32 - loss 1.33779790 - samples/sec: 51.62 - lr: 0.100000
2021-03-16 13:23:31,248 epoch 7 - iter 21/32 - loss 1.41365560 - samples/sec: 54.02 - lr: 0.100000
2021-03-16 13:23:34,095 epoch 7 - iter 24/32 - loss 1.38914902 - samples/sec: 33.73 - lr: 0.100000
2021-03-16 13:23:35,828 epoch 7 - iter 27/32 - loss 1.38588724 - samples/sec: 55.43 - lr: 0.100000
2021-03-16 13:23:38,106 epoch 7 - iter 30/32 - loss 1.41215845 - samples/sec: 42.15 - lr: 0.100000
2021-03-16 13:23:38,959 ----------------------------------------------------------------------------------------------------
2021-03-16 13:23:38,960 EPOCH 7 done: loss 1.4448 - lr 0.1000000
2021-03-16 13:23:39,953 DEV : loss 1.2365965843200684 - score 0.9804
2021-03-16 13:23:39,970 BAD EPOCHS (no improvement): 2
2021-03-16 13:23:39,972 ----------------------------------------------------------------------------------------------------
2021-03-16 13:23:41,909 epoch 8 - iter 3/32 - loss 1.44392006 - samples/sec: 49.60 - lr: 0.100000
2021-03-16 13:23:43,675 epoch 8 - iter 6/32 - loss 1.41382539 - samples/sec: 54.37 - lr: 0.100000
2021-03-16 13:23:45,086 epoch 8 - iter 9/32 - loss 1.46358056 - samples/sec: 68.10 - lr: 0.100000
2021-03-16 13:23:46,713 epoch 8 - iter 12/32 - loss 1.38681149 - samples/sec: 59.03 - lr: 0.100000
2021-03-16 13:23:48,782 epoch 8 - iter 15/32 - loss 1.36272442 - samples/sec: 46.42 - lr: 0.100000
2021-03-16 13:23:50,836 epoch 8 - iter 18/32 - loss 1.35880805 - samples/sec: 46.76 - lr: 0.100000
2021-03-16 13:23:52,662 epoch 8 - iter 21/32 - loss 1.33809889 - samples/sec: 52.62 - lr: 0.100000
2021-03-16 13:23:54,386 epoch 8 - iter 24/32 - loss 1.36699831 - samples/sec: 55.69 - lr: 0.100000
2021-03-16 13:23:56,888 epoch 8 - iter 27/32 - loss 1.35196230 - samples/sec: 38.39 - lr: 0.100000
2021-03-16 13:23:58,704 epoch 8 - iter 30/32 - loss 1.33165077 - samples/sec: 52.88 - lr: 0.100000
2021-03-16 13:23:59,681 ----------------------------------------------------------------------------------------------------
2021-03-16 13:23:59,682 EPOCH 8 done: loss 1.3258 - lr 0.1000000
2021-03-16 13:24:00,445 DEV : loss 1.2192946672439575 - score 0.9804
2021-03-16 13:24:00,460 BAD EPOCHS (no improvement): 3
2021-03-16 13:24:03,071 ----------------------------------------------------------------------------------------------------
2021-03-16 13:24:03,072 Testing using best model ...
2021-03-16 13:24:03,073 loading file resources/taggers/motion_sense/best-model.pt
2021-03-16 13:24:34,799 	0.9863
2021-03-16 13:24:34,800 
Results:
- F-score (micro): 0.9863
- F-score (macro): 0.4335
- Accuracy (incl. no class): 0.9863

By class:
                  precision    recall  f1-score   support

               O     0.9904    0.9962    0.9933      7025
         LITERAL     0.8075    0.6842    0.7407       190
         FICTIVE     1.0000    0.0000    0.0000        10
INTRINSIC_CHANGE     1.0000    0.0000    0.0000         2

        accuracy                         0.9863      7227
       macro avg     0.9495    0.4201    0.4335      7227
    weighted avg     0.9856    0.9863    0.9850      7227

2021-03-16 13:24:34,800 ----------------------------------------------------------------------------------------------------
