2021-03-18 17:14:24,083 ----------------------------------------------------------------------------------------------------
2021-03-18 17:14:24,084 Model: "SequenceTagger(
  (embeddings): StackedEmbeddings(
    (list_embedding_0): FlairEmbeddings(
      (lm): LanguageModel(
        (drop): Dropout(p=0.25, inplace=False)
        (encoder): Embedding(275, 100)
        (rnn): LSTM(100, 1024)
        (decoder): Linear(in_features=1024, out_features=275, bias=True)
      )
    )
    (list_embedding_1): FlairEmbeddings(
      (lm): LanguageModel(
        (drop): Dropout(p=0.25, inplace=False)
        (encoder): Embedding(275, 100)
        (rnn): LSTM(100, 1024)
        (decoder): Linear(in_features=1024, out_features=275, bias=True)
      )
    )
  )
  (word_dropout): WordDropout(p=0.05)
  (locked_dropout): LockedDropout(p=0.5)
  (embedding2nn): Linear(in_features=2048, out_features=2048, bias=True)
  (rnn): LSTM(2048, 128, batch_first=True, bidirectional=True)
  (linear): Linear(in_features=256, out_features=6, bias=True)
  (beta): 1.0
  (weights): None
  (weight_tensor) None
)"
2021-03-18 17:14:24,084 ----------------------------------------------------------------------------------------------------
2021-03-18 17:14:24,085 Corpus: "Corpus: 527 train + 59 dev + 65 test sentences"
2021-03-18 17:14:24,086 ----------------------------------------------------------------------------------------------------
2021-03-18 17:14:24,087 Parameters:
2021-03-18 17:14:24,088  - learning_rate: "0.15"
2021-03-18 17:14:24,088  - mini_batch_size: "8"
2021-03-18 17:14:24,089  - patience: "3"
2021-03-18 17:14:24,089  - anneal_factor: "0.5"
2021-03-18 17:14:24,090  - max_epochs: "8"
2021-03-18 17:14:24,091  - shuffle: "True"
2021-03-18 17:14:24,091  - train_with_dev: "False"
2021-03-18 17:14:24,092  - batch_growth_annealing: "False"
2021-03-18 17:14:24,092 ----------------------------------------------------------------------------------------------------
2021-03-18 17:14:24,094 Model training base path: "resources/taggers/olink"
2021-03-18 17:14:24,094 ----------------------------------------------------------------------------------------------------
2021-03-18 17:14:24,095 Device: cpu
2021-03-18 17:14:24,096 ----------------------------------------------------------------------------------------------------
2021-03-18 17:14:24,096 Embeddings storage mode: cpu
2021-03-18 17:14:24,098 ----------------------------------------------------------------------------------------------------
2021-03-18 17:14:35,053 epoch 1 - iter 6/66 - loss 10.75822786 - samples/sec: 4.38 - lr: 0.150000
2021-03-18 17:14:45,400 epoch 1 - iter 12/66 - loss 5.75518596 - samples/sec: 4.65 - lr: 0.150000
2021-03-18 17:14:55,468 epoch 1 - iter 18/66 - loss 4.24690591 - samples/sec: 4.77 - lr: 0.150000
2021-03-18 17:15:06,585 epoch 1 - iter 24/66 - loss 3.39127103 - samples/sec: 4.32 - lr: 0.150000
2021-03-18 17:15:17,696 epoch 1 - iter 30/66 - loss 2.83299555 - samples/sec: 4.33 - lr: 0.150000
2021-03-18 17:15:27,794 epoch 1 - iter 36/66 - loss 2.40101273 - samples/sec: 4.76 - lr: 0.150000
2021-03-18 17:15:36,954 epoch 1 - iter 42/66 - loss 2.13599665 - samples/sec: 5.25 - lr: 0.150000
2021-03-18 17:15:46,353 epoch 1 - iter 48/66 - loss 1.91116911 - samples/sec: 5.12 - lr: 0.150000
2021-03-18 17:15:58,225 epoch 1 - iter 54/66 - loss 1.73487600 - samples/sec: 4.05 - lr: 0.150000
2021-03-18 17:16:06,977 epoch 1 - iter 60/66 - loss 1.59796100 - samples/sec: 5.49 - lr: 0.150000
2021-03-18 17:16:18,507 epoch 1 - iter 66/66 - loss 1.48575459 - samples/sec: 4.17 - lr: 0.150000
2021-03-18 17:16:18,519 ----------------------------------------------------------------------------------------------------
2021-03-18 17:16:18,519 EPOCH 1 done: loss 1.4858 - lr 0.1500000
2021-03-18 17:16:29,887 DEV : loss 0.10901127010583878 - score 0.9993
2021-03-18 17:16:29,894 BAD EPOCHS (no improvement): 0
2021-03-18 17:16:30,420 ----------------------------------------------------------------------------------------------------
2021-03-18 17:16:31,825 epoch 2 - iter 6/66 - loss 0.45234064 - samples/sec: 34.23 - lr: 0.150000
2021-03-18 17:16:33,115 epoch 2 - iter 12/66 - loss 0.38495127 - samples/sec: 37.57 - lr: 0.150000
2021-03-18 17:16:34,270 epoch 2 - iter 18/66 - loss 0.49828553 - samples/sec: 42.03 - lr: 0.150000
2021-03-18 17:16:35,439 epoch 2 - iter 24/66 - loss 0.62996628 - samples/sec: 41.54 - lr: 0.150000
2021-03-18 17:16:36,300 epoch 2 - iter 30/66 - loss 0.56575430 - samples/sec: 56.61 - lr: 0.150000
2021-03-18 17:16:37,289 epoch 2 - iter 36/66 - loss 0.52942946 - samples/sec: 49.10 - lr: 0.150000
2021-03-18 17:16:38,798 epoch 2 - iter 42/66 - loss 0.53228578 - samples/sec: 32.13 - lr: 0.150000
2021-03-18 17:16:40,052 epoch 2 - iter 48/66 - loss 0.47449269 - samples/sec: 38.72 - lr: 0.150000
2021-03-18 17:16:41,334 epoch 2 - iter 54/66 - loss 0.48815854 - samples/sec: 37.80 - lr: 0.150000
2021-03-18 17:16:42,621 epoch 2 - iter 60/66 - loss 0.47029171 - samples/sec: 37.63 - lr: 0.150000
2021-03-18 17:16:43,665 epoch 2 - iter 66/66 - loss 0.46906243 - samples/sec: 46.55 - lr: 0.150000
2021-03-18 17:16:43,677 ----------------------------------------------------------------------------------------------------
2021-03-18 17:16:43,678 EPOCH 2 done: loss 0.4691 - lr 0.1500000
2021-03-18 17:16:44,104 DEV : loss 0.10084601491689682 - score 0.9993
2021-03-18 17:16:44,111 BAD EPOCHS (no improvement): 0
2021-03-18 17:16:44,628 ----------------------------------------------------------------------------------------------------
2021-03-18 17:16:45,964 epoch 3 - iter 6/66 - loss 0.32171106 - samples/sec: 35.98 - lr: 0.150000
2021-03-18 17:16:47,075 epoch 3 - iter 12/66 - loss 0.30466708 - samples/sec: 43.68 - lr: 0.150000
2021-03-18 17:16:48,308 epoch 3 - iter 18/66 - loss 0.35761833 - samples/sec: 39.33 - lr: 0.150000
2021-03-18 17:16:49,461 epoch 3 - iter 24/66 - loss 0.38417602 - samples/sec: 42.05 - lr: 0.150000
2021-03-18 17:16:50,592 epoch 3 - iter 30/66 - loss 0.38471663 - samples/sec: 42.94 - lr: 0.150000
2021-03-18 17:16:51,699 epoch 3 - iter 36/66 - loss 0.34858997 - samples/sec: 43.92 - lr: 0.150000
2021-03-18 17:16:52,922 epoch 3 - iter 42/66 - loss 0.41125372 - samples/sec: 39.66 - lr: 0.150000
2021-03-18 17:16:53,979 epoch 3 - iter 48/66 - loss 0.42539781 - samples/sec: 45.98 - lr: 0.150000
2021-03-18 17:16:55,067 epoch 3 - iter 54/66 - loss 0.43097304 - samples/sec: 44.59 - lr: 0.150000
2021-03-18 17:16:56,191 epoch 3 - iter 60/66 - loss 0.40955149 - samples/sec: 43.20 - lr: 0.150000
2021-03-18 17:16:57,459 epoch 3 - iter 66/66 - loss 0.39862172 - samples/sec: 38.24 - lr: 0.150000
2021-03-18 17:16:57,474 ----------------------------------------------------------------------------------------------------
2021-03-18 17:16:57,474 EPOCH 3 done: loss 0.3986 - lr 0.1500000
2021-03-18 17:16:58,031 DEV : loss 0.0970059260725975 - score 0.9993
2021-03-18 17:16:58,038 BAD EPOCHS (no improvement): 0
2021-03-18 17:16:58,581 ----------------------------------------------------------------------------------------------------
2021-03-18 17:16:59,720 epoch 4 - iter 6/66 - loss 0.50444881 - samples/sec: 42.30 - lr: 0.150000
2021-03-18 17:17:00,972 epoch 4 - iter 12/66 - loss 0.29285773 - samples/sec: 38.71 - lr: 0.150000
2021-03-18 17:17:02,285 epoch 4 - iter 18/66 - loss 0.30809768 - samples/sec: 36.90 - lr: 0.150000
2021-03-18 17:17:03,643 epoch 4 - iter 24/66 - loss 0.27419519 - samples/sec: 35.67 - lr: 0.150000
2021-03-18 17:17:04,730 epoch 4 - iter 30/66 - loss 0.27461964 - samples/sec: 44.76 - lr: 0.150000
2021-03-18 17:17:06,313 epoch 4 - iter 36/66 - loss 0.23569041 - samples/sec: 30.68 - lr: 0.150000
2021-03-18 17:17:07,547 epoch 4 - iter 42/66 - loss 0.24051470 - samples/sec: 39.26 - lr: 0.150000
2021-03-18 17:17:08,717 epoch 4 - iter 48/66 - loss 0.28436171 - samples/sec: 41.49 - lr: 0.150000
2021-03-18 17:17:09,811 epoch 4 - iter 54/66 - loss 0.28625037 - samples/sec: 44.51 - lr: 0.150000
2021-03-18 17:17:10,957 epoch 4 - iter 60/66 - loss 0.31468753 - samples/sec: 42.40 - lr: 0.150000
2021-03-18 17:17:12,306 epoch 4 - iter 66/66 - loss 0.33629112 - samples/sec: 35.97 - lr: 0.150000
2021-03-18 17:17:12,318 ----------------------------------------------------------------------------------------------------
2021-03-18 17:17:12,319 EPOCH 4 done: loss 0.3363 - lr 0.1500000
2021-03-18 17:17:12,972 DEV : loss 0.11282479763031006 - score 0.9993
2021-03-18 17:17:12,980 BAD EPOCHS (no improvement): 1
2021-03-18 17:17:13,254 ----------------------------------------------------------------------------------------------------
2021-03-18 17:17:14,362 epoch 5 - iter 6/66 - loss 0.12659717 - samples/sec: 43.39 - lr: 0.150000
2021-03-18 17:17:15,483 epoch 5 - iter 12/66 - loss 0.19085391 - samples/sec: 43.31 - lr: 0.150000
2021-03-18 17:17:16,612 epoch 5 - iter 18/66 - loss 0.48269701 - samples/sec: 42.95 - lr: 0.150000
2021-03-18 17:17:17,778 epoch 5 - iter 24/66 - loss 0.37934438 - samples/sec: 41.62 - lr: 0.150000
2021-03-18 17:17:19,126 epoch 5 - iter 30/66 - loss 0.32848616 - samples/sec: 35.94 - lr: 0.150000
2021-03-18 17:17:20,574 epoch 5 - iter 36/66 - loss 0.32572749 - samples/sec: 33.43 - lr: 0.150000
2021-03-18 17:17:21,709 epoch 5 - iter 42/66 - loss 0.32113380 - samples/sec: 42.78 - lr: 0.150000
2021-03-18 17:17:22,924 epoch 5 - iter 48/66 - loss 0.30660779 - samples/sec: 39.91 - lr: 0.150000
2021-03-18 17:17:24,278 epoch 5 - iter 54/66 - loss 0.36914033 - samples/sec: 35.77 - lr: 0.150000
2021-03-18 17:17:25,606 epoch 5 - iter 60/66 - loss 0.35596144 - samples/sec: 36.52 - lr: 0.150000
2021-03-18 17:17:26,757 epoch 5 - iter 66/66 - loss 0.35572791 - samples/sec: 42.20 - lr: 0.150000
2021-03-18 17:17:26,770 ----------------------------------------------------------------------------------------------------
2021-03-18 17:17:26,771 EPOCH 5 done: loss 0.3557 - lr 0.1500000
2021-03-18 17:17:27,199 DEV : loss 0.24818448722362518 - score 0.9986
2021-03-18 17:17:27,205 BAD EPOCHS (no improvement): 2
2021-03-18 17:17:27,486 ----------------------------------------------------------------------------------------------------
2021-03-18 17:17:28,797 epoch 6 - iter 6/66 - loss 0.34070039 - samples/sec: 36.65 - lr: 0.150000
2021-03-18 17:17:30,054 epoch 6 - iter 12/66 - loss 0.39061805 - samples/sec: 38.62 - lr: 0.150000
2021-03-18 17:17:31,218 epoch 6 - iter 18/66 - loss 0.35427854 - samples/sec: 41.69 - lr: 0.150000
2021-03-18 17:17:32,404 epoch 6 - iter 24/66 - loss 0.34693307 - samples/sec: 40.90 - lr: 0.150000
2021-03-18 17:17:33,788 epoch 6 - iter 30/66 - loss 0.35326862 - samples/sec: 35.01 - lr: 0.150000
2021-03-18 17:17:34,864 epoch 6 - iter 36/66 - loss 0.35789175 - samples/sec: 45.17 - lr: 0.150000
2021-03-18 17:17:36,071 epoch 6 - iter 42/66 - loss 0.32771473 - samples/sec: 40.20 - lr: 0.150000
2021-03-18 17:17:37,414 epoch 6 - iter 48/66 - loss 0.30430841 - samples/sec: 36.06 - lr: 0.150000
2021-03-18 17:17:38,637 epoch 6 - iter 54/66 - loss 0.32164152 - samples/sec: 39.74 - lr: 0.150000
2021-03-18 17:17:39,929 epoch 6 - iter 60/66 - loss 0.32411358 - samples/sec: 37.55 - lr: 0.150000
2021-03-18 17:17:41,123 epoch 6 - iter 66/66 - loss 0.31226491 - samples/sec: 40.60 - lr: 0.150000
2021-03-18 17:17:41,135 ----------------------------------------------------------------------------------------------------
2021-03-18 17:17:41,136 EPOCH 6 done: loss 0.3123 - lr 0.1500000
2021-03-18 17:17:41,560 DEV : loss 0.09138309955596924 - score 0.9993
2021-03-18 17:17:41,567 BAD EPOCHS (no improvement): 0
2021-03-18 17:17:42,120 ----------------------------------------------------------------------------------------------------
2021-03-18 17:17:43,461 epoch 7 - iter 6/66 - loss 0.43021878 - samples/sec: 35.85 - lr: 0.150000
2021-03-18 17:17:44,928 epoch 7 - iter 12/66 - loss 0.33549201 - samples/sec: 33.01 - lr: 0.150000
2021-03-18 17:17:46,198 epoch 7 - iter 18/66 - loss 0.41621455 - samples/sec: 38.14 - lr: 0.150000
2021-03-18 17:17:47,314 epoch 7 - iter 24/66 - loss 0.33932930 - samples/sec: 43.52 - lr: 0.150000
2021-03-18 17:17:48,402 epoch 7 - iter 30/66 - loss 0.33578256 - samples/sec: 44.64 - lr: 0.150000
2021-03-18 17:17:49,795 epoch 7 - iter 36/66 - loss 0.35263552 - samples/sec: 34.78 - lr: 0.150000
2021-03-18 17:17:50,933 epoch 7 - iter 42/66 - loss 0.34885189 - samples/sec: 42.63 - lr: 0.150000
2021-03-18 17:17:52,096 epoch 7 - iter 48/66 - loss 0.31337785 - samples/sec: 41.68 - lr: 0.150000
2021-03-18 17:17:53,334 epoch 7 - iter 54/66 - loss 0.29453171 - samples/sec: 39.17 - lr: 0.150000
2021-03-18 17:17:54,794 epoch 7 - iter 60/66 - loss 0.32055936 - samples/sec: 33.15 - lr: 0.150000
2021-03-18 17:17:56,585 epoch 7 - iter 66/66 - loss 0.32432513 - samples/sec: 26.99 - lr: 0.150000
2021-03-18 17:17:56,598 ----------------------------------------------------------------------------------------------------
2021-03-18 17:17:56,598 EPOCH 7 done: loss 0.3243 - lr 0.1500000
2021-03-18 17:17:57,132 DEV : loss 0.08368328958749771 - score 0.9993
2021-03-18 17:17:57,139 BAD EPOCHS (no improvement): 0
2021-03-18 17:17:57,686 ----------------------------------------------------------------------------------------------------
2021-03-18 17:17:58,962 epoch 8 - iter 6/66 - loss 0.21245559 - samples/sec: 37.66 - lr: 0.150000
2021-03-18 17:18:00,180 epoch 8 - iter 12/66 - loss 0.13013752 - samples/sec: 39.82 - lr: 0.150000
2021-03-18 17:18:01,229 epoch 8 - iter 18/66 - loss 0.22737355 - samples/sec: 46.29 - lr: 0.150000
2021-03-18 17:18:02,391 epoch 8 - iter 24/66 - loss 0.25922853 - samples/sec: 41.78 - lr: 0.150000
2021-03-18 17:18:03,478 epoch 8 - iter 30/66 - loss 0.26994961 - samples/sec: 44.62 - lr: 0.150000
2021-03-18 17:18:04,627 epoch 8 - iter 36/66 - loss 0.24324821 - samples/sec: 42.25 - lr: 0.150000
2021-03-18 17:18:06,196 epoch 8 - iter 42/66 - loss 0.26538973 - samples/sec: 30.84 - lr: 0.150000
2021-03-18 17:18:07,600 epoch 8 - iter 48/66 - loss 0.28302050 - samples/sec: 34.49 - lr: 0.150000
2021-03-18 17:18:08,878 epoch 8 - iter 54/66 - loss 0.27623993 - samples/sec: 37.90 - lr: 0.150000
2021-03-18 17:18:10,258 epoch 8 - iter 60/66 - loss 0.32547697 - samples/sec: 35.09 - lr: 0.150000
2021-03-18 17:18:11,488 epoch 8 - iter 66/66 - loss 0.32264459 - samples/sec: 39.42 - lr: 0.150000
2021-03-18 17:18:11,500 ----------------------------------------------------------------------------------------------------
2021-03-18 17:18:11,500 EPOCH 8 done: loss 0.3226 - lr 0.1500000
2021-03-18 17:18:12,101 DEV : loss 0.12198654562234879 - score 0.9993
2021-03-18 17:18:12,107 BAD EPOCHS (no improvement): 1
2021-03-18 17:18:12,641 ----------------------------------------------------------------------------------------------------
2021-03-18 17:18:12,642 Testing using best model ...
2021-03-18 17:18:12,644 loading file resources/taggers/olink/best-model.pt
2021-03-18 17:18:28,373 	0.9974
2021-03-18 17:18:28,374 
Results:
- F-score (micro): 0.9974
- F-score (macro): 0.3329
- Accuracy (incl. no class): 0.9974

By class:
                                     precision    recall  f1-score   support

                                  O     0.9974    1.0000    0.9987      1561
OLINK(arg1=trajector,arg2=landmark)     1.0000    0.0000    0.0000         2
OLINK(arg1=landmark,arg2=trajector)     1.0000    0.0000    0.0000         2

                           accuracy                         0.9974      1565
                          macro avg     0.9991    0.3333    0.3329      1565
                       weighted avg     0.9975    0.9974    0.9962      1565

2021-03-18 17:18:28,374 ----------------------------------------------------------------------------------------------------
